-- The C compiler identification is GNU 11.4.0
-- The CXX compiler identification is GNU 11.4.0
-- Detecting C compiler ABI info
-- Detecting C compiler ABI info - done
-- Check for working C compiler: /usr/bin/cc - skipped
-- Detecting C compile features
-- Detecting C compile features - done
-- Detecting CXX compiler ABI info
-- Detecting CXX compiler ABI info - done
-- Check for working CXX compiler: /usr/bin/c++ - skipped
-- Detecting CXX compile features
-- Detecting CXX compile features - done
-- Found ament_cmake: 1.3.11 (/opt/ros/humble/share/ament_cmake/cmake)
-- Found Python3: /usr/bin/python3 (found version "3.10.12") found components: Interpreter 
-- Found rclcpp: 16.0.11 (/opt/ros/humble/share/rclcpp/cmake)
-- Found rosidl_generator_c: 3.1.6 (/opt/ros/humble/share/rosidl_generator_c/cmake)
-- Found rosidl_adapter: 3.1.6 (/opt/ros/humble/share/rosidl_adapter/cmake)
-- Found rosidl_generator_cpp: 3.1.6 (/opt/ros/humble/share/rosidl_generator_cpp/cmake)
-- Using all available rosidl_typesupport_c: rosidl_typesupport_fastrtps_c;rosidl_typesupport_introspection_c
-- Using all available rosidl_typesupport_cpp: rosidl_typesupport_fastrtps_cpp;rosidl_typesupport_introspection_cpp
-- Found rmw_implementation_cmake: 6.1.2 (/opt/ros/humble/share/rmw_implementation_cmake/cmake)
-- Found rmw_cyclonedds_cpp: 1.3.4 (/opt/ros/humble/share/rmw_cyclonedds_cpp/cmake)
-- Using RMW implementation 'rmw_cyclonedds_cpp' as default
-- Looking for pthread.h
-- Looking for pthread.h - found
-- Performing Test CMAKE_HAVE_LIBC_PTHREAD
-- Performing Test CMAKE_HAVE_LIBC_PTHREAD - Success
-- Found Threads: TRUE  
-- Found object_detection_msgs: 0.0.0 (/mpc/new/Elastic-Tracker/install/object_detection_msgs/share/object_detection_msgs/cmake)
-- Found nav_msgs: 4.2.4 (/opt/ros/humble/share/nav_msgs/cmake)
-- Found message_filters: 4.3.5 (/opt/ros/humble/share/message_filters/cmake)
-- Found eigen3_cmake_module: 0.1.1 (/opt/ros/humble/share/eigen3_cmake_module/cmake)
-- Found Eigen3: TRUE (found version "3.4.0") 
-- Found ament_lint_auto: 0.12.11 (/opt/ros/humble/share/ament_lint_auto/cmake)
-- Configuring done
-- Generating done
-- Build files have been written to: /mpc/new/Elastic-Tracker/build/target_ekf
[ 25%] [32mBuilding CXX object CMakeFiles/target_ekf_node.dir/src/target_ekf_node.cpp.o[0m
[ 50%] [32mBuilding CXX object CMakeFiles/target_ekf_sim_node.dir/src/target_ekf_sim_node.cpp.o[0m
[ 75%] [32m[1mLinking CXX executable target_ekf_sim_node[0m
[ 75%] Built target target_ekf_sim_node
[100%] [32m[1mLinking CXX executable target_ekf_node[0m
[100%] Built target target_ekf_node
-- Install configuration: ""
-- Installing: /mpc/new/Elastic-Tracker/install/target_ekf/lib/target_ekf/target_ekf_node
-- Set runtime path of "/mpc/new/Elastic-Tracker/install/target_ekf/lib/target_ekf/target_ekf_node" to ""
-- Installing: /mpc/new/Elastic-Tracker/install/target_ekf/lib/target_ekf/target_ekf_sim_node
-- Set runtime path of "/mpc/new/Elastic-Tracker/install/target_ekf/lib/target_ekf/target_ekf_sim_node" to ""
-- Installing: /mpc/new/Elastic-Tracker/install/target_ekf/share/ament_index/resource_index/package_run_dependencies/target_ekf
-- Installing: /mpc/new/Elastic-Tracker/install/target_ekf/share/ament_index/resource_index/parent_prefix_path/target_ekf
-- Installing: /mpc/new/Elastic-Tracker/install/target_ekf/share/target_ekf/environment/ament_prefix_path.sh
-- Installing: /mpc/new/Elastic-Tracker/install/target_ekf/share/target_ekf/environment/ament_prefix_path.dsv
-- Installing: /mpc/new/Elastic-Tracker/install/target_ekf/share/target_ekf/environment/path.sh
-- Installing: /mpc/new/Elastic-Tracker/install/target_ekf/share/target_ekf/environment/path.dsv
-- Installing: /mpc/new/Elastic-Tracker/install/target_ekf/share/target_ekf/local_setup.bash
-- Installing: /mpc/new/Elastic-Tracker/install/target_ekf/share/target_ekf/local_setup.sh
-- Installing: /mpc/new/Elastic-Tracker/install/target_ekf/share/target_ekf/local_setup.zsh
-- Installing: /mpc/new/Elastic-Tracker/install/target_ekf/share/target_ekf/local_setup.dsv
-- Installing: /mpc/new/Elastic-Tracker/install/target_ekf/share/target_ekf/package.dsv
-- Installing: /mpc/new/Elastic-Tracker/install/target_ekf/share/ament_index/resource_index/packages/target_ekf
-- Installing: /mpc/new/Elastic-Tracker/install/target_ekf/share/target_ekf/cmake/target_ekfConfig.cmake
-- Installing: /mpc/new/Elastic-Tracker/install/target_ekf/share/target_ekf/cmake/target_ekfConfig-version.cmake
-- Installing: /mpc/new/Elastic-Tracker/install/target_ekf/share/target_ekf/package.xml
