[0.010s] Invoking command in '/mpc/new/Elastic-Tracker/build/target_ekf': AMENT_PREFIX_PATH=/mpc/new/Elastic-Tracker/install/object_detection_msgs:${AMENT_PREFIX_PATH} CMAKE_PREFIX_PATH=/mpc/new/Elastic-Tracker/install/object_detection_msgs:/opt/ros/humble LD_LIBRARY_PATH=/mpc/new/Elastic-Tracker/install/object_detection_msgs/lib:${LD_LIBRARY_PATH} PYTHONPATH=/mpc/new/Elastic-Tracker/install/object_detection_msgs/local/lib/python3.10/dist-packages:${PYTHONPATH} /usr/bin/cmake /mpc/new/Elastic-Tracker/src/detection/target_ekf -DCMAKE_INSTALL_PREFIX=/mpc/new/Elastic-Tracker/install/target_ekf
[0.074s] -- The C compiler identification is GNU 11.4.0
[0.120s] -- The CXX compiler identification is GNU 11.4.0
[0.128s] -- Detecting C compiler ABI info
[0.185s] -- Detecting C compiler ABI info - done
[0.192s] -- Check for working C compiler: /usr/bin/cc - skipped
[0.192s] -- Detecting C compile features
[0.193s] -- Detecting C compile features - done
[0.196s] -- Detecting CXX compiler ABI info
[0.263s] -- Detecting CXX compiler ABI info - done
[0.271s] -- Check for working CXX compiler: /usr/bin/c++ - skipped
[0.271s] -- Detecting CXX compile features
[0.272s] -- Detecting CXX compile features - done
[0.276s] -- Found ament_cmake: 1.3.11 (/opt/ros/humble/share/ament_cmake/cmake)
[0.445s] -- Found Python3: /usr/bin/python3 (found version "3.10.12") found components: Interpreter 
[0.534s] -- Found rclcpp: 16.0.11 (/opt/ros/humble/share/rclcpp/cmake)
[0.580s] -- Found rosidl_generator_c: 3.1.6 (/opt/ros/humble/share/rosidl_generator_c/cmake)
[0.586s] -- Found rosidl_adapter: 3.1.6 (/opt/ros/humble/share/rosidl_adapter/cmake)
[0.595s] -- Found rosidl_generator_cpp: 3.1.6 (/opt/ros/humble/share/rosidl_generator_cpp/cmake)
[0.608s] -- Using all available rosidl_typesupport_c: rosidl_typesupport_fastrtps_c;rosidl_typesupport_introspection_c
[0.626s] -- Using all available rosidl_typesupport_cpp: rosidl_typesupport_fastrtps_cpp;rosidl_typesupport_introspection_cpp
[0.675s] -- Found rmw_implementation_cmake: 6.1.2 (/opt/ros/humble/share/rmw_implementation_cmake/cmake)
[0.678s] -- Found rmw_cyclonedds_cpp: 1.3.4 (/opt/ros/humble/share/rmw_cyclonedds_cpp/cmake)
[0.699s] -- Using RMW implementation 'rmw_cyclonedds_cpp' as default
[0.710s] -- Looking for pthread.h
[0.765s] -- Looking for pthread.h - found
[0.765s] -- Performing Test CMAKE_HAVE_LIBC_PTHREAD
[0.827s] -- Performing Test CMAKE_HAVE_LIBC_PTHREAD - Success
[0.828s] -- Found Threads: TRUE  
[0.887s] -- Found object_detection_msgs: 0.0.0 (/mpc/new/Elastic-Tracker/install/object_detection_msgs/share/object_detection_msgs/cmake)
[0.901s] -- Found nav_msgs: 4.2.4 (/opt/ros/humble/share/nav_msgs/cmake)
[0.935s] -- Found message_filters: 4.3.5 (/opt/ros/humble/share/message_filters/cmake)
[0.940s] -- Found eigen3_cmake_module: 0.1.1 (/opt/ros/humble/share/eigen3_cmake_module/cmake)
[0.950s] -- Found Eigen3: TRUE (found version "3.4.0") 
[0.955s] -- Found ament_lint_auto: 0.12.11 (/opt/ros/humble/share/ament_lint_auto/cmake)
[1.027s] -- Configuring done
[1.039s] -- Generating done
[1.044s] -- Build files have been written to: /mpc/new/Elastic-Tracker/build/target_ekf
[1.052s] Invoked command in '/mpc/new/Elastic-Tracker/build/target_ekf' returned '0': AMENT_PREFIX_PATH=/mpc/new/Elastic-Tracker/install/object_detection_msgs:${AMENT_PREFIX_PATH} CMAKE_PREFIX_PATH=/mpc/new/Elastic-Tracker/install/object_detection_msgs:/opt/ros/humble LD_LIBRARY_PATH=/mpc/new/Elastic-Tracker/install/object_detection_msgs/lib:${LD_LIBRARY_PATH} PYTHONPATH=/mpc/new/Elastic-Tracker/install/object_detection_msgs/local/lib/python3.10/dist-packages:${PYTHONPATH} /usr/bin/cmake /mpc/new/Elastic-Tracker/src/detection/target_ekf -DCMAKE_INSTALL_PREFIX=/mpc/new/Elastic-Tracker/install/target_ekf
[1.053s] Invoking command in '/mpc/new/Elastic-Tracker/build/target_ekf': AMENT_PREFIX_PATH=/mpc/new/Elastic-Tracker/install/object_detection_msgs:${AMENT_PREFIX_PATH} CMAKE_PREFIX_PATH=/mpc/new/Elastic-Tracker/install/object_detection_msgs:/opt/ros/humble LD_LIBRARY_PATH=/mpc/new/Elastic-Tracker/install/object_detection_msgs/lib:${LD_LIBRARY_PATH} PYTHONPATH=/mpc/new/Elastic-Tracker/install/object_detection_msgs/local/lib/python3.10/dist-packages:${PYTHONPATH} /usr/bin/cmake --build /mpc/new/Elastic-Tracker/build/target_ekf -- -j12 -l12
[1.092s] [ 25%] [32mBuilding CXX object CMakeFiles/target_ekf_node.dir/src/target_ekf_node.cpp.o[0m
[1.093s] [ 50%] [32mBuilding CXX object CMakeFiles/target_ekf_sim_node.dir/src/target_ekf_sim_node.cpp.o[0m
[17.374s] [ 75%] [32m[1mLinking CXX executable target_ekf_sim_node[0m
[17.992s] [ 75%] Built target target_ekf_sim_node
[20.907s] [100%] [32m[1mLinking CXX executable target_ekf_node[0m
[21.743s] [100%] Built target target_ekf_node
[21.754s] Invoked command in '/mpc/new/Elastic-Tracker/build/target_ekf' returned '0': AMENT_PREFIX_PATH=/mpc/new/Elastic-Tracker/install/object_detection_msgs:${AMENT_PREFIX_PATH} CMAKE_PREFIX_PATH=/mpc/new/Elastic-Tracker/install/object_detection_msgs:/opt/ros/humble LD_LIBRARY_PATH=/mpc/new/Elastic-Tracker/install/object_detection_msgs/lib:${LD_LIBRARY_PATH} PYTHONPATH=/mpc/new/Elastic-Tracker/install/object_detection_msgs/local/lib/python3.10/dist-packages:${PYTHONPATH} /usr/bin/cmake --build /mpc/new/Elastic-Tracker/build/target_ekf -- -j12 -l12
[21.763s] Invoking command in '/mpc/new/Elastic-Tracker/build/target_ekf': AMENT_PREFIX_PATH=/mpc/new/Elastic-Tracker/install/object_detection_msgs:${AMENT_PREFIX_PATH} CMAKE_PREFIX_PATH=/mpc/new/Elastic-Tracker/install/object_detection_msgs:/opt/ros/humble LD_LIBRARY_PATH=/mpc/new/Elastic-Tracker/install/object_detection_msgs/lib:${LD_LIBRARY_PATH} PYTHONPATH=/mpc/new/Elastic-Tracker/install/object_detection_msgs/local/lib/python3.10/dist-packages:${PYTHONPATH} /usr/bin/cmake --install /mpc/new/Elastic-Tracker/build/target_ekf
[21.772s] -- Install configuration: ""
[21.772s] -- Installing: /mpc/new/Elastic-Tracker/install/target_ekf/lib/target_ekf/target_ekf_node
[21.780s] -- Set runtime path of "/mpc/new/Elastic-Tracker/install/target_ekf/lib/target_ekf/target_ekf_node" to ""
[21.780s] -- Installing: /mpc/new/Elastic-Tracker/install/target_ekf/lib/target_ekf/target_ekf_sim_node
[21.787s] -- Set runtime path of "/mpc/new/Elastic-Tracker/install/target_ekf/lib/target_ekf/target_ekf_sim_node" to ""
[21.787s] -- Installing: /mpc/new/Elastic-Tracker/install/target_ekf/share/ament_index/resource_index/package_run_dependencies/target_ekf
[21.787s] -- Installing: /mpc/new/Elastic-Tracker/install/target_ekf/share/ament_index/resource_index/parent_prefix_path/target_ekf
[21.787s] -- Installing: /mpc/new/Elastic-Tracker/install/target_ekf/share/target_ekf/environment/ament_prefix_path.sh
[21.787s] -- Installing: /mpc/new/Elastic-Tracker/install/target_ekf/share/target_ekf/environment/ament_prefix_path.dsv
[21.788s] -- Installing: /mpc/new/Elastic-Tracker/install/target_ekf/share/target_ekf/environment/path.sh
[21.788s] -- Installing: /mpc/new/Elastic-Tracker/install/target_ekf/share/target_ekf/environment/path.dsv
[21.788s] -- Installing: /mpc/new/Elastic-Tracker/install/target_ekf/share/target_ekf/local_setup.bash
[21.788s] -- Installing: /mpc/new/Elastic-Tracker/install/target_ekf/share/target_ekf/local_setup.sh
[21.788s] -- Installing: /mpc/new/Elastic-Tracker/install/target_ekf/share/target_ekf/local_setup.zsh
[21.788s] -- Installing: /mpc/new/Elastic-Tracker/install/target_ekf/share/target_ekf/local_setup.dsv
[21.789s] -- Installing: /mpc/new/Elastic-Tracker/install/target_ekf/share/target_ekf/package.dsv
[21.789s] -- Installing: /mpc/new/Elastic-Tracker/install/target_ekf/share/ament_index/resource_index/packages/target_ekf
[21.789s] -- Installing: /mpc/new/Elastic-Tracker/install/target_ekf/share/target_ekf/cmake/target_ekfConfig.cmake
[21.789s] -- Installing: /mpc/new/Elastic-Tracker/install/target_ekf/share/target_ekf/cmake/target_ekfConfig-version.cmake
[21.789s] -- Installing: /mpc/new/Elastic-Tracker/install/target_ekf/share/target_ekf/package.xml
[21.792s] Invoked command in '/mpc/new/Elastic-Tracker/build/target_ekf' returned '0': AMENT_PREFIX_PATH=/mpc/new/Elastic-Tracker/install/object_detection_msgs:${AMENT_PREFIX_PATH} CMAKE_PREFIX_PATH=/mpc/new/Elastic-Tracker/install/object_detection_msgs:/opt/ros/humble LD_LIBRARY_PATH=/mpc/new/Elastic-Tracker/install/object_detection_msgs/lib:${LD_LIBRARY_PATH} PYTHONPATH=/mpc/new/Elastic-Tracker/install/object_detection_msgs/local/lib/python3.10/dist-packages:${PYTHONPATH} /usr/bin/cmake --install /mpc/new/Elastic-Tracker/build/target_ekf
