[0.020s] Invoking command in '/mpc/new/Elastic-Tracker/src/detection/build/object_detection_msgs': CMAKE_PREFIX_PATH=${CMAKE_PREFIX_PATH}:/opt/ros/humble /usr/bin/cmake --build /mpc/new/Elastic-Tracker/src/detection/build/object_detection_msgs -- -j12 -l12
[0.080s] [  1%] Built target object_detection_msgs__cpp
[0.129s] [  1%] Built target ament_cmake_python_copy_object_detection_msgs
[0.156s] [ 12%] Built target object_detection_msgs__rosidl_typesupport_introspection_cpp
[0.601s] running egg_info
[0.601s] writing object_detection_msgs.egg-info/PKG-INFO
[0.601s] writing dependency_links to object_detection_msgs.egg-info/dependency_links.txt
[0.602s] writing top-level names to object_detection_msgs.egg-info/top_level.txt
[0.604s] reading manifest file 'object_detection_msgs.egg-info/SOURCES.txt'
[0.605s] writing manifest file 'object_detection_msgs.egg-info/SOURCES.txt'
[0.650s] [ 12%] Built target ament_cmake_python_build_object_detection_msgs_egg
[0.687s] [ 28%] Built target object_detection_msgs__rosidl_typesupport_fastrtps_cpp
[0.688s] [ 34%] Built target object_detection_msgs__rosidl_typesupport_cpp
[0.713s] [ 46%] Built target object_detection_msgs__rosidl_generator_c
[0.742s] [ 57%] Built target object_detection_msgs__rosidl_typesupport_fastrtps_c
[0.769s] [ 68%] Built target object_detection_msgs__rosidl_typesupport_c
[0.800s] [ 79%] Built target object_detection_msgs__rosidl_typesupport_introspection_c
[0.830s] [ 79%] Built target object_detection_msgs
[0.853s] [ 80%] Built target object_detection_msgs__py
[0.897s] [ 90%] Built target object_detection_msgs__rosidl_generator_py
[0.939s] [ 93%] Built target object_detection_msgs__rosidl_typesupport_fastrtps_c__pyext
[0.968s] [ 96%] Built target object_detection_msgs__rosidl_typesupport_c__pyext
[0.993s] [100%] Built target object_detection_msgs__rosidl_typesupport_introspection_c__pyext
[1.004s] Invoked command in '/mpc/new/Elastic-Tracker/src/detection/build/object_detection_msgs' returned '0': CMAKE_PREFIX_PATH=${CMAKE_PREFIX_PATH}:/opt/ros/humble /usr/bin/cmake --build /mpc/new/Elastic-Tracker/src/detection/build/object_detection_msgs -- -j12 -l12
[1.018s] Invoking command in '/mpc/new/Elastic-Tracker/src/detection/build/object_detection_msgs': CMAKE_PREFIX_PATH=${CMAKE_PREFIX_PATH}:/opt/ros/humble /usr/bin/cmake --install /mpc/new/Elastic-Tracker/src/detection/build/object_detection_msgs
[1.026s] -- Install configuration: ""
[1.026s] -- Up-to-date: /mpc/new/Elastic-Tracker/src/detection/install/object_detection_msgs/share/ament_index/resource_index/rosidl_interfaces/object_detection_msgs
[1.027s] -- Up-to-date: /mpc/new/Elastic-Tracker/src/detection/install/object_detection_msgs/include/object_detection_msgs/object_detection_msgs
[1.027s] -- Up-to-date: /mpc/new/Elastic-Tracker/src/detection/install/object_detection_msgs/include/object_detection_msgs/object_detection_msgs/msg
[1.027s] -- Up-to-date: /mpc/new/Elastic-Tracker/src/detection/install/object_detection_msgs/include/object_detection_msgs/object_detection_msgs/msg/bounding_box.h
[1.027s] -- Up-to-date: /mpc/new/Elastic-Tracker/src/detection/install/object_detection_msgs/include/object_detection_msgs/object_detection_msgs/msg/bounding_boxes.h
[1.027s] -- Up-to-date: /mpc/new/Elastic-Tracker/src/detection/install/object_detection_msgs/include/object_detection_msgs/object_detection_msgs/msg/motor_angle.h
[1.027s] -- Up-to-date: /mpc/new/Elastic-Tracker/src/detection/install/object_detection_msgs/include/object_detection_msgs/object_detection_msgs/msg/object_count.h
[1.027s] -- Up-to-date: /mpc/new/Elastic-Tracker/src/detection/install/object_detection_msgs/include/object_detection_msgs/object_detection_msgs/msg/detail
[1.027s] -- Up-to-date: /mpc/new/Elastic-Tracker/src/detection/install/object_detection_msgs/include/object_detection_msgs/object_detection_msgs/msg/detail/bounding_box__type_support.h
[1.027s] -- Up-to-date: /mpc/new/Elastic-Tracker/src/detection/install/object_detection_msgs/include/object_detection_msgs/object_detection_msgs/msg/detail/object_count__functions.c
[1.028s] -- Up-to-date: /mpc/new/Elastic-Tracker/src/detection/install/object_detection_msgs/include/object_detection_msgs/object_detection_msgs/msg/detail/object_count__functions.h
[1.028s] -- Up-to-date: /mpc/new/Elastic-Tracker/src/detection/install/object_detection_msgs/include/object_detection_msgs/object_detection_msgs/msg/detail/car_position__struct.h
[1.028s] -- Up-to-date: /mpc/new/Elastic-Tracker/src/detection/install/object_detection_msgs/include/object_detection_msgs/object_detection_msgs/msg/detail/car_position__type_support.h
[1.028s] -- Up-to-date: /mpc/new/Elastic-Tracker/src/detection/install/object_detection_msgs/include/object_detection_msgs/object_detection_msgs/msg/detail/motor_angle__functions.c
[1.028s] -- Up-to-date: /mpc/new/Elastic-Tracker/src/detection/install/object_detection_msgs/include/object_detection_msgs/object_detection_msgs/msg/detail/car_position__functions.c
[1.028s] -- Up-to-date: /mpc/new/Elastic-Tracker/src/detection/install/object_detection_msgs/include/object_detection_msgs/object_detection_msgs/msg/detail/car_position__functions.h
[1.028s] -- Up-to-date: /mpc/new/Elastic-Tracker/src/detection/install/object_detection_msgs/include/object_detection_msgs/object_detection_msgs/msg/detail/motor_angle__functions.h
[1.028s] -- Up-to-date: /mpc/new/Elastic-Tracker/src/detection/install/object_detection_msgs/include/object_detection_msgs/object_detection_msgs/msg/detail/object_count__struct.h
[1.028s] -- Up-to-date: /mpc/new/Elastic-Tracker/src/detection/install/object_detection_msgs/include/object_detection_msgs/object_detection_msgs/msg/detail/bounding_boxes__functions.c
[1.028s] -- Up-to-date: /mpc/new/Elastic-Tracker/src/detection/install/object_detection_msgs/include/object_detection_msgs/object_detection_msgs/msg/detail/object_count__type_support.h
[1.029s] -- Up-to-date: /mpc/new/Elastic-Tracker/src/detection/install/object_detection_msgs/include/object_detection_msgs/object_detection_msgs/msg/detail/bounding_boxes__struct.h
[1.029s] -- Up-to-date: /mpc/new/Elastic-Tracker/src/detection/install/object_detection_msgs/include/object_detection_msgs/object_detection_msgs/msg/detail/motor_angle__struct.h
[1.029s] -- Up-to-date: /mpc/new/Elastic-Tracker/src/detection/install/object_detection_msgs/include/object_detection_msgs/object_detection_msgs/msg/detail/bounding_boxes__functions.h
[1.029s] -- Up-to-date: /mpc/new/Elastic-Tracker/src/detection/install/object_detection_msgs/include/object_detection_msgs/object_detection_msgs/msg/detail/bounding_boxes__type_support.h
[1.029s] -- Up-to-date: /mpc/new/Elastic-Tracker/src/detection/install/object_detection_msgs/include/object_detection_msgs/object_detection_msgs/msg/detail/bounding_box__functions.h
[1.029s] -- Up-to-date: /mpc/new/Elastic-Tracker/src/detection/install/object_detection_msgs/include/object_detection_msgs/object_detection_msgs/msg/detail/bounding_box__struct.h
[1.029s] -- Up-to-date: /mpc/new/Elastic-Tracker/src/detection/install/object_detection_msgs/include/object_detection_msgs/object_detection_msgs/msg/detail/bounding_box__functions.c
[1.029s] -- Up-to-date: /mpc/new/Elastic-Tracker/src/detection/install/object_detection_msgs/include/object_detection_msgs/object_detection_msgs/msg/detail/motor_angle__type_support.h
[1.029s] -- Up-to-date: /mpc/new/Elastic-Tracker/src/detection/install/object_detection_msgs/include/object_detection_msgs/object_detection_msgs/msg/car_position.h
[1.029s] -- Up-to-date: /mpc/new/Elastic-Tracker/src/detection/install/object_detection_msgs/include/object_detection_msgs/object_detection_msgs/msg/rosidl_generator_c__visibility_control.h
[1.029s] -- Up-to-date: /mpc/new/Elastic-Tracker/src/detection/install/object_detection_msgs/share/object_detection_msgs/environment/library_path.sh
[1.030s] -- Up-to-date: /mpc/new/Elastic-Tracker/src/detection/install/object_detection_msgs/share/object_detection_msgs/environment/library_path.dsv
[1.031s] -- Up-to-date: /mpc/new/Elastic-Tracker/src/detection/install/object_detection_msgs/lib/libobject_detection_msgs__rosidl_generator_c.so
[1.031s] -- Up-to-date: /mpc/new/Elastic-Tracker/src/detection/install/object_detection_msgs/include/object_detection_msgs/object_detection_msgs
[1.031s] -- Up-to-date: /mpc/new/Elastic-Tracker/src/detection/install/object_detection_msgs/include/object_detection_msgs/object_detection_msgs/msg
[1.032s] -- Up-to-date: /mpc/new/Elastic-Tracker/src/detection/install/object_detection_msgs/include/object_detection_msgs/object_detection_msgs/msg/detail
[1.032s] -- Up-to-date: /mpc/new/Elastic-Tracker/src/detection/install/object_detection_msgs/include/object_detection_msgs/object_detection_msgs/msg/detail/object_count__rosidl_typesupport_fastrtps_c.h
[1.032s] -- Up-to-date: /mpc/new/Elastic-Tracker/src/detection/install/object_detection_msgs/include/object_detection_msgs/object_detection_msgs/msg/detail/bounding_boxes__rosidl_typesupport_fastrtps_c.h
[1.032s] -- Up-to-date: /mpc/new/Elastic-Tracker/src/detection/install/object_detection_msgs/include/object_detection_msgs/object_detection_msgs/msg/detail/car_position__rosidl_typesupport_fastrtps_c.h
[1.032s] -- Up-to-date: /mpc/new/Elastic-Tracker/src/detection/install/object_detection_msgs/include/object_detection_msgs/object_detection_msgs/msg/detail/motor_angle__rosidl_typesupport_fastrtps_c.h
[1.032s] -- Up-to-date: /mpc/new/Elastic-Tracker/src/detection/install/object_detection_msgs/include/object_detection_msgs/object_detection_msgs/msg/detail/bounding_box__rosidl_typesupport_fastrtps_c.h
[1.032s] -- Up-to-date: /mpc/new/Elastic-Tracker/src/detection/install/object_detection_msgs/include/object_detection_msgs/object_detection_msgs/msg/rosidl_typesupport_fastrtps_c__visibility_control.h
[1.032s] -- Up-to-date: /mpc/new/Elastic-Tracker/src/detection/install/object_detection_msgs/lib/libobject_detection_msgs__rosidl_typesupport_fastrtps_c.so
[1.032s] -- Up-to-date: /mpc/new/Elastic-Tracker/src/detection/install/object_detection_msgs/include/object_detection_msgs/object_detection_msgs
[1.033s] -- Up-to-date: /mpc/new/Elastic-Tracker/src/detection/install/object_detection_msgs/include/object_detection_msgs/object_detection_msgs/msg
[1.033s] -- Up-to-date: /mpc/new/Elastic-Tracker/src/detection/install/object_detection_msgs/include/object_detection_msgs/object_detection_msgs/msg/rosidl_typesupport_introspection_c__visibility_control.h
[1.033s] -- Up-to-date: /mpc/new/Elastic-Tracker/src/detection/install/object_detection_msgs/include/object_detection_msgs/object_detection_msgs/msg/detail
[1.033s] -- Up-to-date: /mpc/new/Elastic-Tracker/src/detection/install/object_detection_msgs/include/object_detection_msgs/object_detection_msgs/msg/detail/bounding_box__type_support.c
[1.033s] -- Up-to-date: /mpc/new/Elastic-Tracker/src/detection/install/object_detection_msgs/include/object_detection_msgs/object_detection_msgs/msg/detail/object_count__type_support.c
[1.033s] -- Up-to-date: /mpc/new/Elastic-Tracker/src/detection/install/object_detection_msgs/include/object_detection_msgs/object_detection_msgs/msg/detail/car_position__type_support.c
[1.033s] -- Up-to-date: /mpc/new/Elastic-Tracker/src/detection/install/object_detection_msgs/include/object_detection_msgs/object_detection_msgs/msg/detail/motor_angle__type_support.c
[1.033s] -- Up-to-date: /mpc/new/Elastic-Tracker/src/detection/install/object_detection_msgs/include/object_detection_msgs/object_detection_msgs/msg/detail/object_count__rosidl_typesupport_introspection_c.h
[1.033s] -- Up-to-date: /mpc/new/Elastic-Tracker/src/detection/install/object_detection_msgs/include/object_detection_msgs/object_detection_msgs/msg/detail/car_position__rosidl_typesupport_introspection_c.h
[1.034s] -- Up-to-date: /mpc/new/Elastic-Tracker/src/detection/install/object_detection_msgs/include/object_detection_msgs/object_detection_msgs/msg/detail/bounding_boxes__rosidl_typesupport_introspection_c.h
[1.034s] -- Up-to-date: /mpc/new/Elastic-Tracker/src/detection/install/object_detection_msgs/include/object_detection_msgs/object_detection_msgs/msg/detail/motor_angle__rosidl_typesupport_introspection_c.h
[1.034s] -- Up-to-date: /mpc/new/Elastic-Tracker/src/detection/install/object_detection_msgs/include/object_detection_msgs/object_detection_msgs/msg/detail/bounding_boxes__type_support.c
[1.034s] -- Up-to-date: /mpc/new/Elastic-Tracker/src/detection/install/object_detection_msgs/include/object_detection_msgs/object_detection_msgs/msg/detail/bounding_box__rosidl_typesupport_introspection_c.h
[1.034s] -- Up-to-date: /mpc/new/Elastic-Tracker/src/detection/install/object_detection_msgs/lib/libobject_detection_msgs__rosidl_typesupport_introspection_c.so
[1.034s] -- Up-to-date: /mpc/new/Elastic-Tracker/src/detection/install/object_detection_msgs/lib/libobject_detection_msgs__rosidl_typesupport_c.so
[1.034s] -- Up-to-date: /mpc/new/Elastic-Tracker/src/detection/install/object_detection_msgs/include/object_detection_msgs/object_detection_msgs
[1.034s] -- Up-to-date: /mpc/new/Elastic-Tracker/src/detection/install/object_detection_msgs/include/object_detection_msgs/object_detection_msgs/msg
[1.034s] -- Up-to-date: /mpc/new/Elastic-Tracker/src/detection/install/object_detection_msgs/include/object_detection_msgs/object_detection_msgs/msg/object_count.hpp
[1.034s] -- Up-to-date: /mpc/new/Elastic-Tracker/src/detection/install/object_detection_msgs/include/object_detection_msgs/object_detection_msgs/msg/bounding_boxes.hpp
[1.035s] -- Up-to-date: /mpc/new/Elastic-Tracker/src/detection/install/object_detection_msgs/include/object_detection_msgs/object_detection_msgs/msg/car_position.hpp
[1.035s] -- Up-to-date: /mpc/new/Elastic-Tracker/src/detection/install/object_detection_msgs/include/object_detection_msgs/object_detection_msgs/msg/detail
[1.035s] -- Up-to-date: /mpc/new/Elastic-Tracker/src/detection/install/object_detection_msgs/include/object_detection_msgs/object_detection_msgs/msg/detail/car_position__traits.hpp
[1.035s] -- Up-to-date: /mpc/new/Elastic-Tracker/src/detection/install/object_detection_msgs/include/object_detection_msgs/object_detection_msgs/msg/detail/motor_angle__struct.hpp
[1.035s] -- Up-to-date: /mpc/new/Elastic-Tracker/src/detection/install/object_detection_msgs/include/object_detection_msgs/object_detection_msgs/msg/detail/bounding_box__builder.hpp
[1.035s] -- Up-to-date: /mpc/new/Elastic-Tracker/src/detection/install/object_detection_msgs/include/object_detection_msgs/object_detection_msgs/msg/detail/object_count__type_support.hpp
[1.035s] -- Up-to-date: /mpc/new/Elastic-Tracker/src/detection/install/object_detection_msgs/include/object_detection_msgs/object_detection_msgs/msg/detail/motor_angle__type_support.hpp
[1.035s] -- Up-to-date: /mpc/new/Elastic-Tracker/src/detection/install/object_detection_msgs/include/object_detection_msgs/object_detection_msgs/msg/detail/bounding_boxes__type_support.hpp
[1.035s] -- Up-to-date: /mpc/new/Elastic-Tracker/src/detection/install/object_detection_msgs/include/object_detection_msgs/object_detection_msgs/msg/detail/bounding_box__struct.hpp
[1.036s] -- Up-to-date: /mpc/new/Elastic-Tracker/src/detection/install/object_detection_msgs/include/object_detection_msgs/object_detection_msgs/msg/detail/motor_angle__builder.hpp
[1.036s] -- Up-to-date: /mpc/new/Elastic-Tracker/src/detection/install/object_detection_msgs/include/object_detection_msgs/object_detection_msgs/msg/detail/bounding_boxes__traits.hpp
[1.036s] -- Up-to-date: /mpc/new/Elastic-Tracker/src/detection/install/object_detection_msgs/include/object_detection_msgs/object_detection_msgs/msg/detail/motor_angle__traits.hpp
[1.036s] -- Up-to-date: /mpc/new/Elastic-Tracker/src/detection/install/object_detection_msgs/include/object_detection_msgs/object_detection_msgs/msg/detail/car_position__struct.hpp
[1.037s] -- Up-to-date: /mpc/new/Elastic-Tracker/src/detection/install/object_detection_msgs/include/object_detection_msgs/object_detection_msgs/msg/detail/bounding_boxes__builder.hpp
[1.037s] -- Up-to-date: /mpc/new/Elastic-Tracker/src/detection/install/object_detection_msgs/include/object_detection_msgs/object_detection_msgs/msg/detail/bounding_box__traits.hpp
[1.037s] -- Up-to-date: /mpc/new/Elastic-Tracker/src/detection/install/object_detection_msgs/include/object_detection_msgs/object_detection_msgs/msg/detail/car_position__builder.hpp
[1.037s] -- Up-to-date: /mpc/new/Elastic-Tracker/src/detection/install/object_detection_msgs/include/object_detection_msgs/object_detection_msgs/msg/detail/object_count__struct.hpp
[1.037s] -- Up-to-date: /mpc/new/Elastic-Tracker/src/detection/install/object_detection_msgs/include/object_detection_msgs/object_detection_msgs/msg/detail/bounding_box__type_support.hpp
[1.037s] -- Up-to-date: /mpc/new/Elastic-Tracker/src/detection/install/object_detection_msgs/include/object_detection_msgs/object_detection_msgs/msg/detail/object_count__builder.hpp
[1.037s] -- Up-to-date: /mpc/new/Elastic-Tracker/src/detection/install/object_detection_msgs/include/object_detection_msgs/object_detection_msgs/msg/detail/car_position__type_support.hpp
[1.037s] -- Up-to-date: /mpc/new/Elastic-Tracker/src/detection/install/object_detection_msgs/include/object_detection_msgs/object_detection_msgs/msg/detail/bounding_boxes__struct.hpp
[1.037s] -- Up-to-date: /mpc/new/Elastic-Tracker/src/detection/install/object_detection_msgs/include/object_detection_msgs/object_detection_msgs/msg/detail/object_count__traits.hpp
[1.038s] -- Up-to-date: /mpc/new/Elastic-Tracker/src/detection/install/object_detection_msgs/include/object_detection_msgs/object_detection_msgs/msg/motor_angle.hpp
[1.038s] -- Up-to-date: /mpc/new/Elastic-Tracker/src/detection/install/object_detection_msgs/include/object_detection_msgs/object_detection_msgs/msg/bounding_box.hpp
[1.038s] -- Up-to-date: /mpc/new/Elastic-Tracker/src/detection/install/object_detection_msgs/include/object_detection_msgs/object_detection_msgs/msg/rosidl_generator_cpp__visibility_control.hpp
[1.038s] -- Up-to-date: /mpc/new/Elastic-Tracker/src/detection/install/object_detection_msgs/include/object_detection_msgs/object_detection_msgs
[1.038s] -- Up-to-date: /mpc/new/Elastic-Tracker/src/detection/install/object_detection_msgs/include/object_detection_msgs/object_detection_msgs/msg
[1.038s] -- Up-to-date: /mpc/new/Elastic-Tracker/src/detection/install/object_detection_msgs/include/object_detection_msgs/object_detection_msgs/msg/detail
[1.038s] -- Up-to-date: /mpc/new/Elastic-Tracker/src/detection/install/object_detection_msgs/include/object_detection_msgs/object_detection_msgs/msg/detail/motor_angle__rosidl_typesupport_fastrtps_cpp.hpp
[1.038s] -- Up-to-date: /mpc/new/Elastic-Tracker/src/detection/install/object_detection_msgs/include/object_detection_msgs/object_detection_msgs/msg/detail/bounding_boxes__rosidl_typesupport_fastrtps_cpp.hpp
[1.039s] -- Up-to-date: /mpc/new/Elastic-Tracker/src/detection/install/object_detection_msgs/include/object_detection_msgs/object_detection_msgs/msg/detail/dds_fastrtps
[1.039s] -- Up-to-date: /mpc/new/Elastic-Tracker/src/detection/install/object_detection_msgs/include/object_detection_msgs/object_detection_msgs/msg/detail/car_position__rosidl_typesupport_fastrtps_cpp.hpp
[1.039s] -- Up-to-date: /mpc/new/Elastic-Tracker/src/detection/install/object_detection_msgs/include/object_detection_msgs/object_detection_msgs/msg/detail/object_count__rosidl_typesupport_fastrtps_cpp.hpp
[1.039s] -- Up-to-date: /mpc/new/Elastic-Tracker/src/detection/install/object_detection_msgs/include/object_detection_msgs/object_detection_msgs/msg/detail/bounding_box__rosidl_typesupport_fastrtps_cpp.hpp
[1.039s] -- Up-to-date: /mpc/new/Elastic-Tracker/src/detection/install/object_detection_msgs/include/object_detection_msgs/object_detection_msgs/msg/rosidl_typesupport_fastrtps_cpp__visibility_control.h
[1.039s] -- Up-to-date: /mpc/new/Elastic-Tracker/src/detection/install/object_detection_msgs/lib/libobject_detection_msgs__rosidl_typesupport_fastrtps_cpp.so
[1.039s] -- Up-to-date: /mpc/new/Elastic-Tracker/src/detection/install/object_detection_msgs/include/object_detection_msgs/object_detection_msgs
[1.039s] -- Up-to-date: /mpc/new/Elastic-Tracker/src/detection/install/object_detection_msgs/include/object_detection_msgs/object_detection_msgs/msg
[1.039s] -- Up-to-date: /mpc/new/Elastic-Tracker/src/detection/install/object_detection_msgs/include/object_detection_msgs/object_detection_msgs/msg/detail
[1.040s] -- Up-to-date: /mpc/new/Elastic-Tracker/src/detection/install/object_detection_msgs/include/object_detection_msgs/object_detection_msgs/msg/detail/motor_angle__rosidl_typesupport_introspection_cpp.hpp
[1.040s] -- Up-to-date: /mpc/new/Elastic-Tracker/src/detection/install/object_detection_msgs/include/object_detection_msgs/object_detection_msgs/msg/detail/bounding_box__rosidl_typesupport_introspection_cpp.hpp
[1.040s] -- Up-to-date: /mpc/new/Elastic-Tracker/src/detection/install/object_detection_msgs/include/object_detection_msgs/object_detection_msgs/msg/detail/object_count__rosidl_typesupport_introspection_cpp.hpp
[1.040s] -- Up-to-date: /mpc/new/Elastic-Tracker/src/detection/install/object_detection_msgs/include/object_detection_msgs/object_detection_msgs/msg/detail/bounding_boxes__rosidl_typesupport_introspection_cpp.hpp
[1.040s] -- Up-to-date: /mpc/new/Elastic-Tracker/src/detection/install/object_detection_msgs/include/object_detection_msgs/object_detection_msgs/msg/detail/car_position__rosidl_typesupport_introspection_cpp.hpp
[1.040s] -- Up-to-date: /mpc/new/Elastic-Tracker/src/detection/install/object_detection_msgs/include/object_detection_msgs/object_detection_msgs/msg/detail/car_position__type_support.cpp
[1.040s] -- Up-to-date: /mpc/new/Elastic-Tracker/src/detection/install/object_detection_msgs/include/object_detection_msgs/object_detection_msgs/msg/detail/bounding_boxes__type_support.cpp
[1.040s] -- Up-to-date: /mpc/new/Elastic-Tracker/src/detection/install/object_detection_msgs/include/object_detection_msgs/object_detection_msgs/msg/detail/object_count__type_support.cpp
[1.041s] -- Up-to-date: /mpc/new/Elastic-Tracker/src/detection/install/object_detection_msgs/include/object_detection_msgs/object_detection_msgs/msg/detail/bounding_box__type_support.cpp
[1.041s] -- Up-to-date: /mpc/new/Elastic-Tracker/src/detection/install/object_detection_msgs/include/object_detection_msgs/object_detection_msgs/msg/detail/motor_angle__type_support.cpp
[1.041s] -- Up-to-date: /mpc/new/Elastic-Tracker/src/detection/install/object_detection_msgs/lib/libobject_detection_msgs__rosidl_typesupport_introspection_cpp.so
[1.041s] -- Up-to-date: /mpc/new/Elastic-Tracker/src/detection/install/object_detection_msgs/lib/libobject_detection_msgs__rosidl_typesupport_cpp.so
[1.041s] -- Up-to-date: /mpc/new/Elastic-Tracker/src/detection/install/object_detection_msgs/share/object_detection_msgs/environment/pythonpath.sh
[1.041s] -- Up-to-date: /mpc/new/Elastic-Tracker/src/detection/install/object_detection_msgs/share/object_detection_msgs/environment/pythonpath.dsv
[1.041s] -- Up-to-date: /mpc/new/Elastic-Tracker/src/detection/install/object_detection_msgs/local/lib/python3.10/dist-packages/object_detection_msgs-0.0.0-py3.10.egg-info
[1.041s] -- Installing: /mpc/new/Elastic-Tracker/src/detection/install/object_detection_msgs/local/lib/python3.10/dist-packages/object_detection_msgs-0.0.0-py3.10.egg-info/dependency_links.txt
[1.041s] -- Installing: /mpc/new/Elastic-Tracker/src/detection/install/object_detection_msgs/local/lib/python3.10/dist-packages/object_detection_msgs-0.0.0-py3.10.egg-info/top_level.txt
[1.042s] -- Installing: /mpc/new/Elastic-Tracker/src/detection/install/object_detection_msgs/local/lib/python3.10/dist-packages/object_detection_msgs-0.0.0-py3.10.egg-info/PKG-INFO
[1.042s] -- Installing: /mpc/new/Elastic-Tracker/src/detection/install/object_detection_msgs/local/lib/python3.10/dist-packages/object_detection_msgs-0.0.0-py3.10.egg-info/SOURCES.txt
[1.042s] -- Up-to-date: /mpc/new/Elastic-Tracker/src/detection/install/object_detection_msgs/local/lib/python3.10/dist-packages/object_detection_msgs
[1.042s] -- Up-to-date: /mpc/new/Elastic-Tracker/src/detection/install/object_detection_msgs/local/lib/python3.10/dist-packages/object_detection_msgs/libobject_detection_msgs__rosidl_generator_py.so
[1.042s] -- Up-to-date: /mpc/new/Elastic-Tracker/src/detection/install/object_detection_msgs/local/lib/python3.10/dist-packages/object_detection_msgs/_object_detection_msgs_s.ep.rosidl_typesupport_introspection_c.c
[1.042s] -- Up-to-date: /mpc/new/Elastic-Tracker/src/detection/install/object_detection_msgs/local/lib/python3.10/dist-packages/object_detection_msgs/_object_detection_msgs_s.ep.rosidl_typesupport_fastrtps_c.c
[1.042s] -- Up-to-date: /mpc/new/Elastic-Tracker/src/detection/install/object_detection_msgs/local/lib/python3.10/dist-packages/object_detection_msgs/__init__.py
[1.042s] -- Up-to-date: /mpc/new/Elastic-Tracker/src/detection/install/object_detection_msgs/local/lib/python3.10/dist-packages/object_detection_msgs/_object_detection_msgs_s.ep.rosidl_typesupport_c.c
[1.042s] -- Up-to-date: /mpc/new/Elastic-Tracker/src/detection/install/object_detection_msgs/local/lib/python3.10/dist-packages/object_detection_msgs/object_detection_msgs_s__rosidl_typesupport_c.cpython-310-x86_64-linux-gnu.so
[1.043s] -- Up-to-date: /mpc/new/Elastic-Tracker/src/detection/install/object_detection_msgs/local/lib/python3.10/dist-packages/object_detection_msgs/object_detection_msgs_s__rosidl_typesupport_fastrtps_c.cpython-310-x86_64-linux-gnu.so
[1.043s] -- Up-to-date: /mpc/new/Elastic-Tracker/src/detection/install/object_detection_msgs/local/lib/python3.10/dist-packages/object_detection_msgs/object_detection_msgs_s__rosidl_typesupport_introspection_c.cpython-310-x86_64-linux-gnu.so
[1.043s] -- Up-to-date: /mpc/new/Elastic-Tracker/src/detection/install/object_detection_msgs/local/lib/python3.10/dist-packages/object_detection_msgs/msg
[1.043s] -- Up-to-date: /mpc/new/Elastic-Tracker/src/detection/install/object_detection_msgs/local/lib/python3.10/dist-packages/object_detection_msgs/msg/_bounding_boxes_s.c
[1.043s] -- Up-to-date: /mpc/new/Elastic-Tracker/src/detection/install/object_detection_msgs/local/lib/python3.10/dist-packages/object_detection_msgs/msg/_bounding_boxes.py
[1.043s] -- Up-to-date: /mpc/new/Elastic-Tracker/src/detection/install/object_detection_msgs/local/lib/python3.10/dist-packages/object_detection_msgs/msg/_bounding_box.py
[1.043s] -- Up-to-date: /mpc/new/Elastic-Tracker/src/detection/install/object_detection_msgs/local/lib/python3.10/dist-packages/object_detection_msgs/msg/_object_count.py
[1.043s] -- Up-to-date: /mpc/new/Elastic-Tracker/src/detection/install/object_detection_msgs/local/lib/python3.10/dist-packages/object_detection_msgs/msg/_object_count_s.c
[1.044s] -- Up-to-date: /mpc/new/Elastic-Tracker/src/detection/install/object_detection_msgs/local/lib/python3.10/dist-packages/object_detection_msgs/msg/_car_position.py
[1.044s] -- Up-to-date: /mpc/new/Elastic-Tracker/src/detection/install/object_detection_msgs/local/lib/python3.10/dist-packages/object_detection_msgs/msg/__init__.py
[1.044s] -- Up-to-date: /mpc/new/Elastic-Tracker/src/detection/install/object_detection_msgs/local/lib/python3.10/dist-packages/object_detection_msgs/msg/_motor_angle.py
[1.044s] -- Up-to-date: /mpc/new/Elastic-Tracker/src/detection/install/object_detection_msgs/local/lib/python3.10/dist-packages/object_detection_msgs/msg/_bounding_box_s.c
[1.045s] -- Up-to-date: /mpc/new/Elastic-Tracker/src/detection/install/object_detection_msgs/local/lib/python3.10/dist-packages/object_detection_msgs/msg/_motor_angle_s.c
[1.045s] -- Up-to-date: /mpc/new/Elastic-Tracker/src/detection/install/object_detection_msgs/local/lib/python3.10/dist-packages/object_detection_msgs/msg/_car_position_s.c
[1.100s] Listing '/mpc/new/Elastic-Tracker/src/detection/install/object_detection_msgs/local/lib/python3.10/dist-packages/object_detection_msgs'...
[1.100s] Listing '/mpc/new/Elastic-Tracker/src/detection/install/object_detection_msgs/local/lib/python3.10/dist-packages/object_detection_msgs/msg'...
[1.107s] -- Up-to-date: /mpc/new/Elastic-Tracker/src/detection/install/object_detection_msgs/local/lib/python3.10/dist-packages/object_detection_msgs/object_detection_msgs_s__rosidl_typesupport_fastrtps_c.cpython-310-x86_64-linux-gnu.so
[1.107s] -- Up-to-date: /mpc/new/Elastic-Tracker/src/detection/install/object_detection_msgs/local/lib/python3.10/dist-packages/object_detection_msgs/object_detection_msgs_s__rosidl_typesupport_introspection_c.cpython-310-x86_64-linux-gnu.so
[1.107s] -- Up-to-date: /mpc/new/Elastic-Tracker/src/detection/install/object_detection_msgs/local/lib/python3.10/dist-packages/object_detection_msgs/object_detection_msgs_s__rosidl_typesupport_c.cpython-310-x86_64-linux-gnu.so
[1.108s] -- Up-to-date: /mpc/new/Elastic-Tracker/src/detection/install/object_detection_msgs/lib/libobject_detection_msgs__rosidl_generator_py.so
[1.108s] -- Up-to-date: /mpc/new/Elastic-Tracker/src/detection/install/object_detection_msgs/share/object_detection_msgs/msg/BoundingBox.idl
[1.108s] -- Up-to-date: /mpc/new/Elastic-Tracker/src/detection/install/object_detection_msgs/share/object_detection_msgs/msg/BoundingBoxes.idl
[1.108s] -- Up-to-date: /mpc/new/Elastic-Tracker/src/detection/install/object_detection_msgs/share/object_detection_msgs/msg/ObjectCount.idl
[1.108s] -- Up-to-date: /mpc/new/Elastic-Tracker/src/detection/install/object_detection_msgs/share/object_detection_msgs/msg/CarPosition.idl
[1.109s] -- Up-to-date: /mpc/new/Elastic-Tracker/src/detection/install/object_detection_msgs/share/object_detection_msgs/msg/MotorAngle.idl
[1.109s] -- Up-to-date: /mpc/new/Elastic-Tracker/src/detection/install/object_detection_msgs/share/object_detection_msgs/msg/BoundingBox.msg
[1.109s] -- Up-to-date: /mpc/new/Elastic-Tracker/src/detection/install/object_detection_msgs/share/object_detection_msgs/msg/BoundingBoxes.msg
[1.109s] -- Up-to-date: /mpc/new/Elastic-Tracker/src/detection/install/object_detection_msgs/share/object_detection_msgs/msg/ObjectCount.msg
[1.109s] -- Up-to-date: /mpc/new/Elastic-Tracker/src/detection/install/object_detection_msgs/share/object_detection_msgs/msg/CarPosition.msg
[1.109s] -- Up-to-date: /mpc/new/Elastic-Tracker/src/detection/install/object_detection_msgs/share/object_detection_msgs/msg/MotorAngle.msg
[1.110s] -- Up-to-date: /mpc/new/Elastic-Tracker/src/detection/install/object_detection_msgs/share/object_detection_msgs/msg
[1.110s] -- Up-to-date: /mpc/new/Elastic-Tracker/src/detection/install/object_detection_msgs/share/object_detection_msgs/msg/ObjectCount.msg
[1.110s] -- Up-to-date: /mpc/new/Elastic-Tracker/src/detection/install/object_detection_msgs/share/object_detection_msgs/msg/BoundingBox.msg
[1.110s] -- Up-to-date: /mpc/new/Elastic-Tracker/src/detection/install/object_detection_msgs/share/object_detection_msgs/msg/BoundingBoxes.msg
[1.110s] -- Up-to-date: /mpc/new/Elastic-Tracker/src/detection/install/object_detection_msgs/share/object_detection_msgs/msg/CarPosition.msg
[1.110s] -- Up-to-date: /mpc/new/Elastic-Tracker/src/detection/install/object_detection_msgs/share/object_detection_msgs/msg/MotorAngle.msg
[1.111s] -- Up-to-date: /mpc/new/Elastic-Tracker/src/detection/install/object_detection_msgs/share/ament_index/resource_index/package_run_dependencies/object_detection_msgs
[1.111s] -- Up-to-date: /mpc/new/Elastic-Tracker/src/detection/install/object_detection_msgs/share/ament_index/resource_index/parent_prefix_path/object_detection_msgs
[1.111s] -- Up-to-date: /mpc/new/Elastic-Tracker/src/detection/install/object_detection_msgs/share/object_detection_msgs/environment/ament_prefix_path.sh
[1.111s] -- Up-to-date: /mpc/new/Elastic-Tracker/src/detection/install/object_detection_msgs/share/object_detection_msgs/environment/ament_prefix_path.dsv
[1.111s] -- Up-to-date: /mpc/new/Elastic-Tracker/src/detection/install/object_detection_msgs/share/object_detection_msgs/environment/path.sh
[1.111s] -- Up-to-date: /mpc/new/Elastic-Tracker/src/detection/install/object_detection_msgs/share/object_detection_msgs/environment/path.dsv
[1.111s] -- Up-to-date: /mpc/new/Elastic-Tracker/src/detection/install/object_detection_msgs/share/object_detection_msgs/local_setup.bash
[1.112s] -- Up-to-date: /mpc/new/Elastic-Tracker/src/detection/install/object_detection_msgs/share/object_detection_msgs/local_setup.sh
[1.112s] -- Up-to-date: /mpc/new/Elastic-Tracker/src/detection/install/object_detection_msgs/share/object_detection_msgs/local_setup.zsh
[1.112s] -- Up-to-date: /mpc/new/Elastic-Tracker/src/detection/install/object_detection_msgs/share/object_detection_msgs/local_setup.dsv
[1.112s] -- Installing: /mpc/new/Elastic-Tracker/src/detection/install/object_detection_msgs/share/object_detection_msgs/package.dsv
[1.112s] -- Up-to-date: /mpc/new/Elastic-Tracker/src/detection/install/object_detection_msgs/share/ament_index/resource_index/packages/object_detection_msgs
[1.112s] -- Up-to-date: /mpc/new/Elastic-Tracker/src/detection/install/object_detection_msgs/share/object_detection_msgs/cmake/export_object_detection_msgs__rosidl_generator_cExport.cmake
[1.112s] -- Up-to-date: /mpc/new/Elastic-Tracker/src/detection/install/object_detection_msgs/share/object_detection_msgs/cmake/export_object_detection_msgs__rosidl_generator_cExport-noconfig.cmake
[1.112s] -- Up-to-date: /mpc/new/Elastic-Tracker/src/detection/install/object_detection_msgs/share/object_detection_msgs/cmake/export_object_detection_msgs__rosidl_typesupport_fastrtps_cExport.cmake
[1.112s] -- Up-to-date: /mpc/new/Elastic-Tracker/src/detection/install/object_detection_msgs/share/object_detection_msgs/cmake/export_object_detection_msgs__rosidl_typesupport_fastrtps_cExport-noconfig.cmake
[1.113s] -- Up-to-date: /mpc/new/Elastic-Tracker/src/detection/install/object_detection_msgs/share/object_detection_msgs/cmake/object_detection_msgs__rosidl_typesupport_introspection_cExport.cmake
[1.113s] -- Up-to-date: /mpc/new/Elastic-Tracker/src/detection/install/object_detection_msgs/share/object_detection_msgs/cmake/object_detection_msgs__rosidl_typesupport_introspection_cExport-noconfig.cmake
[1.113s] -- Up-to-date: /mpc/new/Elastic-Tracker/src/detection/install/object_detection_msgs/share/object_detection_msgs/cmake/object_detection_msgs__rosidl_typesupport_cExport.cmake
[1.113s] -- Up-to-date: /mpc/new/Elastic-Tracker/src/detection/install/object_detection_msgs/share/object_detection_msgs/cmake/object_detection_msgs__rosidl_typesupport_cExport-noconfig.cmake
[1.113s] -- Up-to-date: /mpc/new/Elastic-Tracker/src/detection/install/object_detection_msgs/share/object_detection_msgs/cmake/export_object_detection_msgs__rosidl_generator_cppExport.cmake
[1.114s] -- Up-to-date: /mpc/new/Elastic-Tracker/src/detection/install/object_detection_msgs/share/object_detection_msgs/cmake/export_object_detection_msgs__rosidl_typesupport_fastrtps_cppExport.cmake
[1.114s] -- Up-to-date: /mpc/new/Elastic-Tracker/src/detection/install/object_detection_msgs/share/object_detection_msgs/cmake/export_object_detection_msgs__rosidl_typesupport_fastrtps_cppExport-noconfig.cmake
[1.114s] -- Up-to-date: /mpc/new/Elastic-Tracker/src/detection/install/object_detection_msgs/share/object_detection_msgs/cmake/object_detection_msgs__rosidl_typesupport_introspection_cppExport.cmake
[1.115s] -- Up-to-date: /mpc/new/Elastic-Tracker/src/detection/install/object_detection_msgs/share/object_detection_msgs/cmake/object_detection_msgs__rosidl_typesupport_introspection_cppExport-noconfig.cmake
[1.115s] -- Up-to-date: /mpc/new/Elastic-Tracker/src/detection/install/object_detection_msgs/share/object_detection_msgs/cmake/object_detection_msgs__rosidl_typesupport_cppExport.cmake
[1.115s] -- Up-to-date: /mpc/new/Elastic-Tracker/src/detection/install/object_detection_msgs/share/object_detection_msgs/cmake/object_detection_msgs__rosidl_typesupport_cppExport-noconfig.cmake
[1.115s] -- Up-to-date: /mpc/new/Elastic-Tracker/src/detection/install/object_detection_msgs/share/object_detection_msgs/cmake/export_object_detection_msgs__rosidl_generator_pyExport.cmake
[1.116s] -- Up-to-date: /mpc/new/Elastic-Tracker/src/detection/install/object_detection_msgs/share/object_detection_msgs/cmake/export_object_detection_msgs__rosidl_generator_pyExport-noconfig.cmake
[1.116s] -- Up-to-date: /mpc/new/Elastic-Tracker/src/detection/install/object_detection_msgs/share/object_detection_msgs/cmake/rosidl_cmake-extras.cmake
[1.116s] -- Up-to-date: /mpc/new/Elastic-Tracker/src/detection/install/object_detection_msgs/share/object_detection_msgs/cmake/ament_cmake_export_dependencies-extras.cmake
[1.116s] -- Up-to-date: /mpc/new/Elastic-Tracker/src/detection/install/object_detection_msgs/share/object_detection_msgs/cmake/ament_cmake_export_include_directories-extras.cmake
[1.116s] -- Up-to-date: /mpc/new/Elastic-Tracker/src/detection/install/object_detection_msgs/share/object_detection_msgs/cmake/ament_cmake_export_libraries-extras.cmake
[1.116s] -- Up-to-date: /mpc/new/Elastic-Tracker/src/detection/install/object_detection_msgs/share/object_detection_msgs/cmake/ament_cmake_export_targets-extras.cmake
[1.119s] -- Up-to-date: /mpc/new/Elastic-Tracker/src/detection/install/object_detection_msgs/share/object_detection_msgs/cmake/rosidl_cmake_export_typesupport_targets-extras.cmake
[1.119s] -- Up-to-date: /mpc/new/Elastic-Tracker/src/detection/install/object_detection_msgs/share/object_detection_msgs/cmake/rosidl_cmake_export_typesupport_libraries-extras.cmake
[1.119s] -- Up-to-date: /mpc/new/Elastic-Tracker/src/detection/install/object_detection_msgs/share/object_detection_msgs/cmake/object_detection_msgsConfig.cmake
[1.119s] -- Up-to-date: /mpc/new/Elastic-Tracker/src/detection/install/object_detection_msgs/share/object_detection_msgs/cmake/object_detection_msgsConfig-version.cmake
[1.119s] -- Up-to-date: /mpc/new/Elastic-Tracker/src/detection/install/object_detection_msgs/share/object_detection_msgs/package.xml
[1.120s] Invoked command in '/mpc/new/Elastic-Tracker/src/detection/build/object_detection_msgs' returned '0': CMAKE_PREFIX_PATH=${CMAKE_PREFIX_PATH}:/opt/ros/humble /usr/bin/cmake --install /mpc/new/Elastic-Tracker/src/detection/build/object_detection_msgs
