[0.010s] Invoking command in '/mpc/new/Elastic-Tracker/build/decomp_ros_msgs': CMAKE_PREFIX_PATH=/opt/ros/humble /usr/bin/cmake /mpc/new/Elastic-Tracker/src/planning/DecompROS/decomp_ros_msgs -DCMAKE_INSTALL_PREFIX=/mpc/new/Elastic-Tracker/install/decomp_ros_msgs
[0.051s] -- The C compiler identification is GNU 11.4.0
[0.095s] -- The CXX compiler identification is GNU 11.4.0
[0.101s] -- Detecting C compiler ABI info
[0.158s] -- Detecting C compiler ABI info - done
[0.165s] -- Check for working C compiler: /usr/bin/cc - skipped
[0.165s] -- Detecting C compile features
[0.166s] -- Detecting C compile features - done
[0.169s] -- Detecting CXX compiler ABI info
[0.240s] -- Detecting CXX compiler ABI info - done
[0.248s] -- Check for working CXX compiler: /usr/bin/c++ - skipped
[0.249s] -- Detecting CXX compile features
[0.249s] -- Detecting CXX compile features - done
[0.253s] -- Found ament_cmake: 1.3.11 (/opt/ros/humble/share/ament_cmake/cmake)
[0.423s] -- Found Python3: /usr/bin/python3 (found version "3.10.12") found components: Interpreter 
[0.515s] -- Found rosidl_default_generators: 1.2.0 (/opt/ros/humble/share/rosidl_default_generators/cmake)
[0.518s] -- Using all available rosidl_typesupport_c: rosidl_typesupport_fastrtps_c;rosidl_typesupport_introspection_c
[0.526s] -- Found rosidl_adapter: 3.1.6 (/opt/ros/humble/share/rosidl_adapter/cmake)
[0.569s] -- Using all available rosidl_typesupport_cpp: rosidl_typesupport_fastrtps_cpp;rosidl_typesupport_introspection_cpp
[0.607s] -- Found std_msgs: 4.2.4 (/opt/ros/humble/share/std_msgs/cmake)
[0.639s] -- Found geometry_msgs: 4.2.4 (/opt/ros/humble/share/geometry_msgs/cmake)
[0.979s] -- Found ament_cmake_ros: 0.10.0 (/opt/ros/humble/share/ament_cmake_ros/cmake)
[1.225s] -- Using all available rosidl_typesupport_c: rosidl_typesupport_fastrtps_c;rosidl_typesupport_introspection_c
[1.570s] -- Using all available rosidl_typesupport_cpp: rosidl_typesupport_fastrtps_cpp;rosidl_typesupport_introspection_cpp
[1.596s] -- Found PythonInterp: /usr/bin/python3 (found suitable version "3.10.12", minimum required is "3.6") 
[1.598s] -- Found python_cmake_module: 0.10.0 (/opt/ros/humble/share/python_cmake_module/cmake)
[1.627s] -- Found PythonLibs: /usr/lib/x86_64-linux-gnu/libpython3.10.so (found suitable version "3.10.12", minimum required is "3.5") 
[1.627s] -- Using PYTHON_EXECUTABLE: /usr/bin/python3
[1.627s] -- Using PYTHON_INCLUDE_DIRS: /usr/include/python3.10
[1.627s] -- Using PYTHON_LIBRARIES: /usr/lib/x86_64-linux-gnu/libpython3.10.so
[1.652s] -- Found PythonExtra: .so  
[1.714s] -- Configuring done
[1.748s] -- Generating done
[1.760s] -- Build files have been written to: /mpc/new/Elastic-Tracker/build/decomp_ros_msgs
[1.766s] Invoked command in '/mpc/new/Elastic-Tracker/build/decomp_ros_msgs' returned '0': CMAKE_PREFIX_PATH=/opt/ros/humble /usr/bin/cmake /mpc/new/Elastic-Tracker/src/planning/DecompROS/decomp_ros_msgs -DCMAKE_INSTALL_PREFIX=/mpc/new/Elastic-Tracker/install/decomp_ros_msgs
[1.767s] Invoking command in '/mpc/new/Elastic-Tracker/build/decomp_ros_msgs': CMAKE_PREFIX_PATH=/opt/ros/humble /usr/bin/cmake --build /mpc/new/Elastic-Tracker/build/decomp_ros_msgs -- -j12 -l12
[1.801s] [  1%] [34m[1mGenerating C code for ROS interfaces[0m
[1.810s] [  3%] [34m[1mGenerating C++ code for ROS interfaces[0m
[1.816s] [  3%] Built target ament_cmake_python_copy_decomp_ros_msgs
[2.063s] running egg_info
[2.064s] creating decomp_ros_msgs.egg-info
[2.064s] writing decomp_ros_msgs.egg-info/PKG-INFO
[2.064s] writing dependency_links to decomp_ros_msgs.egg-info/dependency_links.txt
[2.064s] writing top-level names to decomp_ros_msgs.egg-info/top_level.txt
[2.065s] writing manifest file 'decomp_ros_msgs.egg-info/SOURCES.txt'
[2.066s] reading manifest file 'decomp_ros_msgs.egg-info/SOURCES.txt'
[2.067s] writing manifest file 'decomp_ros_msgs.egg-info/SOURCES.txt'
[2.091s] [  3%] Built target ament_cmake_python_build_decomp_ros_msgs_egg
[2.202s] [ 10%] [32mBuilding C object CMakeFiles/decomp_ros_msgs__rosidl_generator_c.dir/rosidl_generator_c/decomp_ros_msgs/msg/detail/ellipsoid__functions.c.o[0m
[2.202s] [ 10%] [32mBuilding C object CMakeFiles/decomp_ros_msgs__rosidl_generator_c.dir/rosidl_generator_c/decomp_ros_msgs/msg/detail/polyhedron_array__functions.c.o[0m
[2.202s] [ 10%] [32mBuilding C object CMakeFiles/decomp_ros_msgs__rosidl_generator_c.dir/rosidl_generator_c/decomp_ros_msgs/msg/detail/polyhedron__functions.c.o[0m
[2.202s] [ 10%] [32mBuilding C object CMakeFiles/decomp_ros_msgs__rosidl_generator_c.dir/rosidl_generator_c/decomp_ros_msgs/msg/detail/ellipsoid_array__functions.c.o[0m
[2.240s] [ 10%] Built target decomp_ros_msgs__cpp
[2.248s] [ 12%] [34m[1mGenerating C++ type support dispatch for ROS interfaces[0m
[2.249s] [ 16%] [34m[1mGenerating C++ introspection for ROS interfaces[0m
[2.249s] [ 16%] [34m[1mGenerating C++ type support for eProsima Fast-RTPS[0m
[2.255s] [ 18%] [32m[1mLinking C shared library libdecomp_ros_msgs__rosidl_generator_c.so[0m
[2.284s] [ 18%] Built target decomp_ros_msgs__rosidl_generator_c
[2.292s] [ 23%] [34m[1mGenerating C type support dispatch for ROS interfaces[0m
[2.292s] [ 23%] [34m[1mGenerating C introspection for ROS interfaces[0m
[2.292s] [ 23%] [34m[1mGenerating C type support for eProsima Fast-RTPS[0m
[2.538s] [ 25%] [32mBuilding CXX object CMakeFiles/decomp_ros_msgs__rosidl_typesupport_cpp.dir/rosidl_typesupport_cpp/decomp_ros_msgs/msg/polyhedron_array__type_support.cpp.o[0m
[2.539s] [ 29%] [32mBuilding CXX object CMakeFiles/decomp_ros_msgs__rosidl_typesupport_cpp.dir/rosidl_typesupport_cpp/decomp_ros_msgs/msg/ellipsoid__type_support.cpp.o[0m
[2.539s] [ 29%] [32mBuilding CXX object CMakeFiles/decomp_ros_msgs__rosidl_typesupport_cpp.dir/rosidl_typesupport_cpp/decomp_ros_msgs/msg/ellipsoid_array__type_support.cpp.o[0m
[2.539s] [ 30%] [32mBuilding CXX object CMakeFiles/decomp_ros_msgs__rosidl_typesupport_cpp.dir/rosidl_typesupport_cpp/decomp_ros_msgs/msg/polyhedron__type_support.cpp.o[0m
[2.580s] [ 34%] [32mBuilding CXX object CMakeFiles/decomp_ros_msgs__rosidl_typesupport_introspection_cpp.dir/rosidl_typesupport_introspection_cpp/decomp_ros_msgs/msg/detail/polyhedron_array__type_support.cpp.o[0m
[2.580s] [ 34%] [32mBuilding CXX object CMakeFiles/decomp_ros_msgs__rosidl_typesupport_introspection_cpp.dir/rosidl_typesupport_introspection_cpp/decomp_ros_msgs/msg/detail/ellipsoid_array__type_support.cpp.o[0m
[2.580s] [ 36%] [32mBuilding CXX object CMakeFiles/decomp_ros_msgs__rosidl_typesupport_introspection_cpp.dir/rosidl_typesupport_introspection_cpp/decomp_ros_msgs/msg/detail/ellipsoid__type_support.cpp.o[0m
[2.589s] [ 38%] [32mBuilding CXX object CMakeFiles/decomp_ros_msgs__rosidl_typesupport_introspection_cpp.dir/rosidl_typesupport_introspection_cpp/decomp_ros_msgs/msg/detail/polyhedron__type_support.cpp.o[0m
[2.681s] [ 40%] [32mBuilding CXX object CMakeFiles/decomp_ros_msgs__rosidl_typesupport_fastrtps_cpp.dir/rosidl_typesupport_fastrtps_cpp/decomp_ros_msgs/msg/detail/dds_fastrtps/ellipsoid__type_support.cpp.o[0m
[2.713s] [ 41%] [32mBuilding C object CMakeFiles/decomp_ros_msgs__rosidl_typesupport_introspection_c.dir/rosidl_typesupport_introspection_c/decomp_ros_msgs/msg/detail/ellipsoid__type_support.c.o[0m
[2.772s] [ 43%] [32mBuilding C object CMakeFiles/decomp_ros_msgs__rosidl_typesupport_introspection_c.dir/rosidl_typesupport_introspection_c/decomp_ros_msgs/msg/detail/ellipsoid_array__type_support.c.o[0m
[2.781s] [ 45%] [32mBuilding CXX object CMakeFiles/decomp_ros_msgs__rosidl_typesupport_c.dir/rosidl_typesupport_c/decomp_ros_msgs/msg/ellipsoid__type_support.cpp.o[0m
[2.823s] [ 47%] [32mBuilding CXX object CMakeFiles/decomp_ros_msgs__rosidl_typesupport_c.dir/rosidl_typesupport_c/decomp_ros_msgs/msg/ellipsoid_array__type_support.cpp.o[0m
[2.825s] [ 49%] [32mBuilding C object CMakeFiles/decomp_ros_msgs__rosidl_typesupport_introspection_c.dir/rosidl_typesupport_introspection_c/decomp_ros_msgs/msg/detail/polyhedron__type_support.c.o[0m
[2.866s] [ 50%] [32mBuilding CXX object CMakeFiles/decomp_ros_msgs__rosidl_typesupport_c.dir/rosidl_typesupport_c/decomp_ros_msgs/msg/polyhedron__type_support.cpp.o[0m
[2.883s] [ 52%] [32mBuilding C object CMakeFiles/decomp_ros_msgs__rosidl_typesupport_introspection_c.dir/rosidl_typesupport_introspection_c/decomp_ros_msgs/msg/detail/polyhedron_array__type_support.c.o[0m
[2.905s] [ 54%] [32mBuilding CXX object CMakeFiles/decomp_ros_msgs__rosidl_typesupport_c.dir/rosidl_typesupport_c/decomp_ros_msgs/msg/polyhedron_array__type_support.cpp.o[0m
[2.932s] [ 56%] [32mBuilding CXX object CMakeFiles/decomp_ros_msgs__rosidl_typesupport_fastrtps_cpp.dir/rosidl_typesupport_fastrtps_cpp/decomp_ros_msgs/msg/detail/dds_fastrtps/ellipsoid_array__type_support.cpp.o[0m
[2.937s] [ 58%] [32mBuilding CXX object CMakeFiles/decomp_ros_msgs__rosidl_typesupport_fastrtps_cpp.dir/rosidl_typesupport_fastrtps_cpp/decomp_ros_msgs/msg/detail/dds_fastrtps/polyhedron__type_support.cpp.o[0m
[2.937s] [ 61%] [32mBuilding CXX object CMakeFiles/decomp_ros_msgs__rosidl_typesupport_fastrtps_cpp.dir/rosidl_typesupport_fastrtps_cpp/decomp_ros_msgs/msg/detail/dds_fastrtps/polyhedron_array__type_support.cpp.o[0m
[2.937s] [ 61%] [32m[1mLinking C shared library libdecomp_ros_msgs__rosidl_typesupport_introspection_c.so[0m
[2.945s] [ 63%] [32m[1mLinking CXX shared library libdecomp_ros_msgs__rosidl_typesupport_cpp.so[0m
[2.948s] [ 65%] [32m[1mLinking CXX shared library libdecomp_ros_msgs__rosidl_typesupport_c.so[0m
[2.956s] [ 67%] [32mBuilding CXX object CMakeFiles/decomp_ros_msgs__rosidl_typesupport_fastrtps_c.dir/rosidl_typesupport_fastrtps_c/decomp_ros_msgs/msg/detail/ellipsoid__type_support_c.cpp.o[0m
[2.986s] [ 67%] Built target decomp_ros_msgs__rosidl_typesupport_introspection_c
[2.995s] [ 69%] [32mBuilding CXX object CMakeFiles/decomp_ros_msgs__rosidl_typesupport_fastrtps_c.dir/rosidl_typesupport_fastrtps_c/decomp_ros_msgs/msg/detail/ellipsoid_array__type_support_c.cpp.o[0m
[3.002s] [ 69%] Built target decomp_ros_msgs__rosidl_typesupport_c
[3.013s] [ 70%] [32mBuilding CXX object CMakeFiles/decomp_ros_msgs__rosidl_typesupport_fastrtps_c.dir/rosidl_typesupport_fastrtps_c/decomp_ros_msgs/msg/detail/polyhedron__type_support_c.cpp.o[0m
[3.022s] [ 70%] Built target decomp_ros_msgs__rosidl_typesupport_cpp
[3.032s] [ 72%] [32mBuilding CXX object CMakeFiles/decomp_ros_msgs__rosidl_typesupport_fastrtps_c.dir/rosidl_typesupport_fastrtps_c/decomp_ros_msgs/msg/detail/polyhedron_array__type_support_c.cpp.o[0m
[3.232s] [ 74%] [32m[1mLinking CXX shared library libdecomp_ros_msgs__rosidl_typesupport_introspection_cpp.so[0m
[3.310s] [ 74%] Built target decomp_ros_msgs__rosidl_typesupport_introspection_cpp
[3.474s] [ 76%] [32m[1mLinking CXX shared library libdecomp_ros_msgs__rosidl_typesupport_fastrtps_c.so[0m
[3.544s] [ 76%] Built target decomp_ros_msgs__rosidl_typesupport_fastrtps_c
[3.572s] [ 78%] [32m[1mLinking CXX shared library libdecomp_ros_msgs__rosidl_typesupport_fastrtps_cpp.so[0m
[3.641s] [ 78%] Built target decomp_ros_msgs__rosidl_typesupport_fastrtps_cpp
[3.656s] [ 78%] Built target decomp_ros_msgs
[3.672s] [ 80%] [34m[1mGenerating Python code for ROS interfaces[0m
[4.215s] [ 80%] Built target decomp_ros_msgs__py
[4.231s] [ 87%] [32mBuilding C object CMakeFiles/decomp_ros_msgs__rosidl_generator_py.dir/rosidl_generator_py/decomp_ros_msgs/msg/_polyhedron_array_s.c.o[0m
[4.231s] [ 87%] [32mBuilding C object CMakeFiles/decomp_ros_msgs__rosidl_generator_py.dir/rosidl_generator_py/decomp_ros_msgs/msg/_ellipsoid_array_s.c.o[0m
[4.231s] [ 87%] [32mBuilding C object CMakeFiles/decomp_ros_msgs__rosidl_generator_py.dir/rosidl_generator_py/decomp_ros_msgs/msg/_polyhedron_s.c.o[0m
[4.231s] [ 87%] [32mBuilding C object CMakeFiles/decomp_ros_msgs__rosidl_generator_py.dir/rosidl_generator_py/decomp_ros_msgs/msg/_ellipsoid_s.c.o[0m
[4.324s] [ 89%] [32m[1mLinking C shared library rosidl_generator_py/decomp_ros_msgs/libdecomp_ros_msgs__rosidl_generator_py.so[0m
[4.357s] [ 89%] Built target decomp_ros_msgs__rosidl_generator_py
[4.373s] [ 94%] [32mBuilding C object CMakeFiles/decomp_ros_msgs__rosidl_typesupport_introspection_c__pyext.dir/rosidl_generator_py/decomp_ros_msgs/_decomp_ros_msgs_s.ep.rosidl_typesupport_introspection_c.c.o[0m
[4.373s] [ 94%] [32mBuilding C object CMakeFiles/decomp_ros_msgs__rosidl_typesupport_c__pyext.dir/rosidl_generator_py/decomp_ros_msgs/_decomp_ros_msgs_s.ep.rosidl_typesupport_c.c.o[0m
[4.373s] [ 94%] [32mBuilding C object CMakeFiles/decomp_ros_msgs__rosidl_typesupport_fastrtps_c__pyext.dir/rosidl_generator_py/decomp_ros_msgs/_decomp_ros_msgs_s.ep.rosidl_typesupport_fastrtps_c.c.o[0m
[4.465s] [100%] [32m[1mLinking C shared library rosidl_generator_py/decomp_ros_msgs/decomp_ros_msgs_s__rosidl_typesupport_c.cpython-310-x86_64-linux-gnu.so[0m
[4.465s] [100%] [32m[1mLinking C shared library rosidl_generator_py/decomp_ros_msgs/decomp_ros_msgs_s__rosidl_typesupport_fastrtps_c.cpython-310-x86_64-linux-gnu.so[0m
[4.465s] [100%] [32m[1mLinking C shared library rosidl_generator_py/decomp_ros_msgs/decomp_ros_msgs_s__rosidl_typesupport_introspection_c.cpython-310-x86_64-linux-gnu.so[0m
[4.496s] [100%] Built target decomp_ros_msgs__rosidl_typesupport_introspection_c__pyext
[4.496s] [100%] Built target decomp_ros_msgs__rosidl_typesupport_fastrtps_c__pyext
[4.496s] [100%] Built target decomp_ros_msgs__rosidl_typesupport_c__pyext
[4.504s] Invoked command in '/mpc/new/Elastic-Tracker/build/decomp_ros_msgs' returned '0': CMAKE_PREFIX_PATH=/opt/ros/humble /usr/bin/cmake --build /mpc/new/Elastic-Tracker/build/decomp_ros_msgs -- -j12 -l12
[4.506s] Invoking command in '/mpc/new/Elastic-Tracker/build/decomp_ros_msgs': CMAKE_PREFIX_PATH=/opt/ros/humble /usr/bin/cmake --install /mpc/new/Elastic-Tracker/build/decomp_ros_msgs
[4.512s] -- Install configuration: ""
[4.512s] -- Installing: /mpc/new/Elastic-Tracker/install/decomp_ros_msgs/share/ament_index/resource_index/rosidl_interfaces/decomp_ros_msgs
[4.512s] -- Installing: /mpc/new/Elastic-Tracker/install/decomp_ros_msgs/include/decomp_ros_msgs/decomp_ros_msgs
[4.513s] -- Installing: /mpc/new/Elastic-Tracker/install/decomp_ros_msgs/include/decomp_ros_msgs/decomp_ros_msgs/msg
[4.513s] -- Installing: /mpc/new/Elastic-Tracker/install/decomp_ros_msgs/include/decomp_ros_msgs/decomp_ros_msgs/msg/ellipsoid_array.h
[4.513s] -- Installing: /mpc/new/Elastic-Tracker/install/decomp_ros_msgs/include/decomp_ros_msgs/decomp_ros_msgs/msg/polyhedron.h
[4.513s] -- Installing: /mpc/new/Elastic-Tracker/install/decomp_ros_msgs/include/decomp_ros_msgs/decomp_ros_msgs/msg/ellipsoid.h
[4.513s] -- Installing: /mpc/new/Elastic-Tracker/install/decomp_ros_msgs/include/decomp_ros_msgs/decomp_ros_msgs/msg/detail
[4.513s] -- Installing: /mpc/new/Elastic-Tracker/install/decomp_ros_msgs/include/decomp_ros_msgs/decomp_ros_msgs/msg/detail/polyhedron_array__functions.h
[4.513s] -- Installing: /mpc/new/Elastic-Tracker/install/decomp_ros_msgs/include/decomp_ros_msgs/decomp_ros_msgs/msg/detail/ellipsoid__functions.c
[4.513s] -- Installing: /mpc/new/Elastic-Tracker/install/decomp_ros_msgs/include/decomp_ros_msgs/decomp_ros_msgs/msg/detail/ellipsoid_array__type_support.h
[4.513s] -- Installing: /mpc/new/Elastic-Tracker/install/decomp_ros_msgs/include/decomp_ros_msgs/decomp_ros_msgs/msg/detail/polyhedron__functions.c
[4.513s] -- Installing: /mpc/new/Elastic-Tracker/install/decomp_ros_msgs/include/decomp_ros_msgs/decomp_ros_msgs/msg/detail/ellipsoid__functions.h
[4.514s] -- Installing: /mpc/new/Elastic-Tracker/install/decomp_ros_msgs/include/decomp_ros_msgs/decomp_ros_msgs/msg/detail/polyhedron__struct.h
[4.514s] -- Installing: /mpc/new/Elastic-Tracker/install/decomp_ros_msgs/include/decomp_ros_msgs/decomp_ros_msgs/msg/detail/ellipsoid_array__struct.h
[4.514s] -- Installing: /mpc/new/Elastic-Tracker/install/decomp_ros_msgs/include/decomp_ros_msgs/decomp_ros_msgs/msg/detail/polyhedron_array__struct.h
[4.514s] -- Installing: /mpc/new/Elastic-Tracker/install/decomp_ros_msgs/include/decomp_ros_msgs/decomp_ros_msgs/msg/detail/ellipsoid_array__functions.c
[4.514s] -- Installing: /mpc/new/Elastic-Tracker/install/decomp_ros_msgs/include/decomp_ros_msgs/decomp_ros_msgs/msg/detail/polyhedron_array__type_support.h
[4.514s] -- Installing: /mpc/new/Elastic-Tracker/install/decomp_ros_msgs/include/decomp_ros_msgs/decomp_ros_msgs/msg/detail/ellipsoid__type_support.h
[4.514s] -- Installing: /mpc/new/Elastic-Tracker/install/decomp_ros_msgs/include/decomp_ros_msgs/decomp_ros_msgs/msg/detail/ellipsoid__struct.h
[4.514s] -- Installing: /mpc/new/Elastic-Tracker/install/decomp_ros_msgs/include/decomp_ros_msgs/decomp_ros_msgs/msg/detail/polyhedron__type_support.h
[4.514s] -- Installing: /mpc/new/Elastic-Tracker/install/decomp_ros_msgs/include/decomp_ros_msgs/decomp_ros_msgs/msg/detail/polyhedron_array__functions.c
[4.514s] -- Installing: /mpc/new/Elastic-Tracker/install/decomp_ros_msgs/include/decomp_ros_msgs/decomp_ros_msgs/msg/detail/ellipsoid_array__functions.h
[4.514s] -- Installing: /mpc/new/Elastic-Tracker/install/decomp_ros_msgs/include/decomp_ros_msgs/decomp_ros_msgs/msg/detail/polyhedron__functions.h
[4.515s] -- Installing: /mpc/new/Elastic-Tracker/install/decomp_ros_msgs/include/decomp_ros_msgs/decomp_ros_msgs/msg/rosidl_generator_c__visibility_control.h
[4.515s] -- Installing: /mpc/new/Elastic-Tracker/install/decomp_ros_msgs/include/decomp_ros_msgs/decomp_ros_msgs/msg/polyhedron_array.h
[4.515s] -- Installing: /mpc/new/Elastic-Tracker/install/decomp_ros_msgs/share/decomp_ros_msgs/environment/library_path.sh
[4.515s] -- Installing: /mpc/new/Elastic-Tracker/install/decomp_ros_msgs/share/decomp_ros_msgs/environment/library_path.dsv
[4.515s] -- Installing: /mpc/new/Elastic-Tracker/install/decomp_ros_msgs/lib/libdecomp_ros_msgs__rosidl_generator_c.so
[4.515s] -- Set runtime path of "/mpc/new/Elastic-Tracker/install/decomp_ros_msgs/lib/libdecomp_ros_msgs__rosidl_generator_c.so" to ""
[4.515s] -- Up-to-date: /mpc/new/Elastic-Tracker/install/decomp_ros_msgs/include/decomp_ros_msgs/decomp_ros_msgs
[4.515s] -- Up-to-date: /mpc/new/Elastic-Tracker/install/decomp_ros_msgs/include/decomp_ros_msgs/decomp_ros_msgs/msg
[4.515s] -- Up-to-date: /mpc/new/Elastic-Tracker/install/decomp_ros_msgs/include/decomp_ros_msgs/decomp_ros_msgs/msg/detail
[4.515s] -- Installing: /mpc/new/Elastic-Tracker/install/decomp_ros_msgs/include/decomp_ros_msgs/decomp_ros_msgs/msg/detail/ellipsoid__rosidl_typesupport_fastrtps_c.h
[4.516s] -- Installing: /mpc/new/Elastic-Tracker/install/decomp_ros_msgs/include/decomp_ros_msgs/decomp_ros_msgs/msg/detail/ellipsoid_array__rosidl_typesupport_fastrtps_c.h
[4.516s] -- Installing: /mpc/new/Elastic-Tracker/install/decomp_ros_msgs/include/decomp_ros_msgs/decomp_ros_msgs/msg/detail/polyhedron__rosidl_typesupport_fastrtps_c.h
[4.516s] -- Installing: /mpc/new/Elastic-Tracker/install/decomp_ros_msgs/include/decomp_ros_msgs/decomp_ros_msgs/msg/detail/polyhedron_array__rosidl_typesupport_fastrtps_c.h
[4.516s] -- Installing: /mpc/new/Elastic-Tracker/install/decomp_ros_msgs/include/decomp_ros_msgs/decomp_ros_msgs/msg/rosidl_typesupport_fastrtps_c__visibility_control.h
[4.516s] -- Installing: /mpc/new/Elastic-Tracker/install/decomp_ros_msgs/lib/libdecomp_ros_msgs__rosidl_typesupport_fastrtps_c.so
[4.516s] -- Set runtime path of "/mpc/new/Elastic-Tracker/install/decomp_ros_msgs/lib/libdecomp_ros_msgs__rosidl_typesupport_fastrtps_c.so" to ""
[4.516s] -- Up-to-date: /mpc/new/Elastic-Tracker/install/decomp_ros_msgs/include/decomp_ros_msgs/decomp_ros_msgs
[4.517s] -- Up-to-date: /mpc/new/Elastic-Tracker/install/decomp_ros_msgs/include/decomp_ros_msgs/decomp_ros_msgs/msg
[4.517s] -- Installing: /mpc/new/Elastic-Tracker/install/decomp_ros_msgs/include/decomp_ros_msgs/decomp_ros_msgs/msg/rosidl_typesupport_introspection_c__visibility_control.h
[4.517s] -- Up-to-date: /mpc/new/Elastic-Tracker/install/decomp_ros_msgs/include/decomp_ros_msgs/decomp_ros_msgs/msg/detail
[4.517s] -- Installing: /mpc/new/Elastic-Tracker/install/decomp_ros_msgs/include/decomp_ros_msgs/decomp_ros_msgs/msg/detail/polyhedron__type_support.c
[4.517s] -- Installing: /mpc/new/Elastic-Tracker/install/decomp_ros_msgs/include/decomp_ros_msgs/decomp_ros_msgs/msg/detail/polyhedron_array__type_support.c
[4.517s] -- Installing: /mpc/new/Elastic-Tracker/install/decomp_ros_msgs/include/decomp_ros_msgs/decomp_ros_msgs/msg/detail/ellipsoid__type_support.c
[4.517s] -- Installing: /mpc/new/Elastic-Tracker/install/decomp_ros_msgs/include/decomp_ros_msgs/decomp_ros_msgs/msg/detail/ellipsoid__rosidl_typesupport_introspection_c.h
[4.517s] -- Installing: /mpc/new/Elastic-Tracker/install/decomp_ros_msgs/include/decomp_ros_msgs/decomp_ros_msgs/msg/detail/ellipsoid_array__rosidl_typesupport_introspection_c.h
[4.517s] -- Installing: /mpc/new/Elastic-Tracker/install/decomp_ros_msgs/include/decomp_ros_msgs/decomp_ros_msgs/msg/detail/polyhedron__rosidl_typesupport_introspection_c.h
[4.517s] -- Installing: /mpc/new/Elastic-Tracker/install/decomp_ros_msgs/include/decomp_ros_msgs/decomp_ros_msgs/msg/detail/ellipsoid_array__type_support.c
[4.518s] -- Installing: /mpc/new/Elastic-Tracker/install/decomp_ros_msgs/include/decomp_ros_msgs/decomp_ros_msgs/msg/detail/polyhedron_array__rosidl_typesupport_introspection_c.h
[4.518s] -- Installing: /mpc/new/Elastic-Tracker/install/decomp_ros_msgs/lib/libdecomp_ros_msgs__rosidl_typesupport_introspection_c.so
[4.518s] -- Set runtime path of "/mpc/new/Elastic-Tracker/install/decomp_ros_msgs/lib/libdecomp_ros_msgs__rosidl_typesupport_introspection_c.so" to ""
[4.518s] -- Installing: /mpc/new/Elastic-Tracker/install/decomp_ros_msgs/lib/libdecomp_ros_msgs__rosidl_typesupport_c.so
[4.518s] -- Set runtime path of "/mpc/new/Elastic-Tracker/install/decomp_ros_msgs/lib/libdecomp_ros_msgs__rosidl_typesupport_c.so" to ""
[4.518s] -- Up-to-date: /mpc/new/Elastic-Tracker/install/decomp_ros_msgs/include/decomp_ros_msgs/decomp_ros_msgs
[4.518s] -- Up-to-date: /mpc/new/Elastic-Tracker/install/decomp_ros_msgs/include/decomp_ros_msgs/decomp_ros_msgs/msg
[4.518s] -- Installing: /mpc/new/Elastic-Tracker/install/decomp_ros_msgs/include/decomp_ros_msgs/decomp_ros_msgs/msg/ellipsoid_array.hpp
[4.518s] -- Installing: /mpc/new/Elastic-Tracker/install/decomp_ros_msgs/include/decomp_ros_msgs/decomp_ros_msgs/msg/polyhedron.hpp
[4.518s] -- Installing: /mpc/new/Elastic-Tracker/install/decomp_ros_msgs/include/decomp_ros_msgs/decomp_ros_msgs/msg/polyhedron_array.hpp
[4.518s] -- Installing: /mpc/new/Elastic-Tracker/install/decomp_ros_msgs/include/decomp_ros_msgs/decomp_ros_msgs/msg/ellipsoid.hpp
[4.518s] -- Up-to-date: /mpc/new/Elastic-Tracker/install/decomp_ros_msgs/include/decomp_ros_msgs/decomp_ros_msgs/msg/detail
[4.518s] -- Installing: /mpc/new/Elastic-Tracker/install/decomp_ros_msgs/include/decomp_ros_msgs/decomp_ros_msgs/msg/detail/polyhedron__traits.hpp
[4.518s] -- Installing: /mpc/new/Elastic-Tracker/install/decomp_ros_msgs/include/decomp_ros_msgs/decomp_ros_msgs/msg/detail/ellipsoid_array__type_support.hpp
[4.519s] -- Installing: /mpc/new/Elastic-Tracker/install/decomp_ros_msgs/include/decomp_ros_msgs/decomp_ros_msgs/msg/detail/ellipsoid_array__traits.hpp
[4.519s] -- Installing: /mpc/new/Elastic-Tracker/install/decomp_ros_msgs/include/decomp_ros_msgs/decomp_ros_msgs/msg/detail/ellipsoid_array__builder.hpp
[4.519s] -- Installing: /mpc/new/Elastic-Tracker/install/decomp_ros_msgs/include/decomp_ros_msgs/decomp_ros_msgs/msg/detail/ellipsoid__struct.hpp
[4.519s] -- Installing: /mpc/new/Elastic-Tracker/install/decomp_ros_msgs/include/decomp_ros_msgs/decomp_ros_msgs/msg/detail/ellipsoid__type_support.hpp
[4.519s] -- Installing: /mpc/new/Elastic-Tracker/install/decomp_ros_msgs/include/decomp_ros_msgs/decomp_ros_msgs/msg/detail/ellipsoid__traits.hpp
[4.519s] -- Installing: /mpc/new/Elastic-Tracker/install/decomp_ros_msgs/include/decomp_ros_msgs/decomp_ros_msgs/msg/detail/polyhedron_array__type_support.hpp
[4.519s] -- Installing: /mpc/new/Elastic-Tracker/install/decomp_ros_msgs/include/decomp_ros_msgs/decomp_ros_msgs/msg/detail/polyhedron__struct.hpp
[4.519s] -- Installing: /mpc/new/Elastic-Tracker/install/decomp_ros_msgs/include/decomp_ros_msgs/decomp_ros_msgs/msg/detail/polyhedron__builder.hpp
[4.519s] -- Installing: /mpc/new/Elastic-Tracker/install/decomp_ros_msgs/include/decomp_ros_msgs/decomp_ros_msgs/msg/detail/ellipsoid_array__struct.hpp
[4.519s] -- Installing: /mpc/new/Elastic-Tracker/install/decomp_ros_msgs/include/decomp_ros_msgs/decomp_ros_msgs/msg/detail/polyhedron_array__struct.hpp
[4.519s] -- Installing: /mpc/new/Elastic-Tracker/install/decomp_ros_msgs/include/decomp_ros_msgs/decomp_ros_msgs/msg/detail/polyhedron_array__builder.hpp
[4.519s] -- Installing: /mpc/new/Elastic-Tracker/install/decomp_ros_msgs/include/decomp_ros_msgs/decomp_ros_msgs/msg/detail/ellipsoid__builder.hpp
[4.520s] -- Installing: /mpc/new/Elastic-Tracker/install/decomp_ros_msgs/include/decomp_ros_msgs/decomp_ros_msgs/msg/detail/polyhedron__type_support.hpp
[4.520s] -- Installing: /mpc/new/Elastic-Tracker/install/decomp_ros_msgs/include/decomp_ros_msgs/decomp_ros_msgs/msg/detail/polyhedron_array__traits.hpp
[4.520s] -- Installing: /mpc/new/Elastic-Tracker/install/decomp_ros_msgs/include/decomp_ros_msgs/decomp_ros_msgs/msg/rosidl_generator_cpp__visibility_control.hpp
[4.520s] -- Up-to-date: /mpc/new/Elastic-Tracker/install/decomp_ros_msgs/include/decomp_ros_msgs/decomp_ros_msgs
[4.520s] -- Up-to-date: /mpc/new/Elastic-Tracker/install/decomp_ros_msgs/include/decomp_ros_msgs/decomp_ros_msgs/msg
[4.520s] -- Up-to-date: /mpc/new/Elastic-Tracker/install/decomp_ros_msgs/include/decomp_ros_msgs/decomp_ros_msgs/msg/detail
[4.520s] -- Installing: /mpc/new/Elastic-Tracker/install/decomp_ros_msgs/include/decomp_ros_msgs/decomp_ros_msgs/msg/detail/polyhedron__rosidl_typesupport_fastrtps_cpp.hpp
[4.520s] -- Installing: /mpc/new/Elastic-Tracker/install/decomp_ros_msgs/include/decomp_ros_msgs/decomp_ros_msgs/msg/detail/ellipsoid__rosidl_typesupport_fastrtps_cpp.hpp
[4.520s] -- Installing: /mpc/new/Elastic-Tracker/install/decomp_ros_msgs/include/decomp_ros_msgs/decomp_ros_msgs/msg/detail/polyhedron_array__rosidl_typesupport_fastrtps_cpp.hpp
[4.520s] -- Installing: /mpc/new/Elastic-Tracker/install/decomp_ros_msgs/include/decomp_ros_msgs/decomp_ros_msgs/msg/detail/dds_fastrtps
[4.520s] -- Installing: /mpc/new/Elastic-Tracker/install/decomp_ros_msgs/include/decomp_ros_msgs/decomp_ros_msgs/msg/detail/ellipsoid_array__rosidl_typesupport_fastrtps_cpp.hpp
[4.520s] -- Installing: /mpc/new/Elastic-Tracker/install/decomp_ros_msgs/include/decomp_ros_msgs/decomp_ros_msgs/msg/rosidl_typesupport_fastrtps_cpp__visibility_control.h
[4.520s] -- Installing: /mpc/new/Elastic-Tracker/install/decomp_ros_msgs/lib/libdecomp_ros_msgs__rosidl_typesupport_fastrtps_cpp.so
[4.520s] -- Set runtime path of "/mpc/new/Elastic-Tracker/install/decomp_ros_msgs/lib/libdecomp_ros_msgs__rosidl_typesupport_fastrtps_cpp.so" to ""
[4.521s] -- Up-to-date: /mpc/new/Elastic-Tracker/install/decomp_ros_msgs/include/decomp_ros_msgs/decomp_ros_msgs
[4.521s] -- Up-to-date: /mpc/new/Elastic-Tracker/install/decomp_ros_msgs/include/decomp_ros_msgs/decomp_ros_msgs/msg
[4.521s] -- Up-to-date: /mpc/new/Elastic-Tracker/install/decomp_ros_msgs/include/decomp_ros_msgs/decomp_ros_msgs/msg/detail
[4.521s] -- Installing: /mpc/new/Elastic-Tracker/install/decomp_ros_msgs/include/decomp_ros_msgs/decomp_ros_msgs/msg/detail/polyhedron__rosidl_typesupport_introspection_cpp.hpp
[4.521s] -- Installing: /mpc/new/Elastic-Tracker/install/decomp_ros_msgs/include/decomp_ros_msgs/decomp_ros_msgs/msg/detail/ellipsoid__rosidl_typesupport_introspection_cpp.hpp
[4.521s] -- Installing: /mpc/new/Elastic-Tracker/install/decomp_ros_msgs/include/decomp_ros_msgs/decomp_ros_msgs/msg/detail/polyhedron_array__rosidl_typesupport_introspection_cpp.hpp
[4.521s] -- Installing: /mpc/new/Elastic-Tracker/install/decomp_ros_msgs/include/decomp_ros_msgs/decomp_ros_msgs/msg/detail/ellipsoid__type_support.cpp
[4.521s] -- Installing: /mpc/new/Elastic-Tracker/install/decomp_ros_msgs/include/decomp_ros_msgs/decomp_ros_msgs/msg/detail/polyhedron__type_support.cpp
[4.521s] -- Installing: /mpc/new/Elastic-Tracker/install/decomp_ros_msgs/include/decomp_ros_msgs/decomp_ros_msgs/msg/detail/ellipsoid_array__rosidl_typesupport_introspection_cpp.hpp
[4.521s] -- Installing: /mpc/new/Elastic-Tracker/install/decomp_ros_msgs/include/decomp_ros_msgs/decomp_ros_msgs/msg/detail/ellipsoid_array__type_support.cpp
[4.521s] -- Installing: /mpc/new/Elastic-Tracker/install/decomp_ros_msgs/include/decomp_ros_msgs/decomp_ros_msgs/msg/detail/polyhedron_array__type_support.cpp
[4.521s] -- Installing: /mpc/new/Elastic-Tracker/install/decomp_ros_msgs/lib/libdecomp_ros_msgs__rosidl_typesupport_introspection_cpp.so
[4.522s] -- Set runtime path of "/mpc/new/Elastic-Tracker/install/decomp_ros_msgs/lib/libdecomp_ros_msgs__rosidl_typesupport_introspection_cpp.so" to ""
[4.522s] -- Installing: /mpc/new/Elastic-Tracker/install/decomp_ros_msgs/lib/libdecomp_ros_msgs__rosidl_typesupport_cpp.so
[4.522s] -- Set runtime path of "/mpc/new/Elastic-Tracker/install/decomp_ros_msgs/lib/libdecomp_ros_msgs__rosidl_typesupport_cpp.so" to ""
[4.522s] -- Installing: /mpc/new/Elastic-Tracker/install/decomp_ros_msgs/share/decomp_ros_msgs/environment/pythonpath.sh
[4.522s] -- Installing: /mpc/new/Elastic-Tracker/install/decomp_ros_msgs/share/decomp_ros_msgs/environment/pythonpath.dsv
[4.522s] -- Installing: /mpc/new/Elastic-Tracker/install/decomp_ros_msgs/local/lib/python3.10/dist-packages/decomp_ros_msgs-0.0.0-py3.10.egg-info
[4.522s] -- Installing: /mpc/new/Elastic-Tracker/install/decomp_ros_msgs/local/lib/python3.10/dist-packages/decomp_ros_msgs-0.0.0-py3.10.egg-info/dependency_links.txt
[4.522s] -- Installing: /mpc/new/Elastic-Tracker/install/decomp_ros_msgs/local/lib/python3.10/dist-packages/decomp_ros_msgs-0.0.0-py3.10.egg-info/top_level.txt
[4.522s] -- Installing: /mpc/new/Elastic-Tracker/install/decomp_ros_msgs/local/lib/python3.10/dist-packages/decomp_ros_msgs-0.0.0-py3.10.egg-info/PKG-INFO
[4.523s] -- Installing: /mpc/new/Elastic-Tracker/install/decomp_ros_msgs/local/lib/python3.10/dist-packages/decomp_ros_msgs-0.0.0-py3.10.egg-info/SOURCES.txt
[4.523s] -- Installing: /mpc/new/Elastic-Tracker/install/decomp_ros_msgs/local/lib/python3.10/dist-packages/decomp_ros_msgs
[4.523s] -- Installing: /mpc/new/Elastic-Tracker/install/decomp_ros_msgs/local/lib/python3.10/dist-packages/decomp_ros_msgs/decomp_ros_msgs_s__rosidl_typesupport_introspection_c.cpython-310-x86_64-linux-gnu.so
[4.523s] -- Installing: /mpc/new/Elastic-Tracker/install/decomp_ros_msgs/local/lib/python3.10/dist-packages/decomp_ros_msgs/_decomp_ros_msgs_s.ep.rosidl_typesupport_c.c
[4.523s] -- Installing: /mpc/new/Elastic-Tracker/install/decomp_ros_msgs/local/lib/python3.10/dist-packages/decomp_ros_msgs/libdecomp_ros_msgs__rosidl_generator_py.so
[4.523s] -- Installing: /mpc/new/Elastic-Tracker/install/decomp_ros_msgs/local/lib/python3.10/dist-packages/decomp_ros_msgs/__init__.py
[4.523s] -- Installing: /mpc/new/Elastic-Tracker/install/decomp_ros_msgs/local/lib/python3.10/dist-packages/decomp_ros_msgs/decomp_ros_msgs_s__rosidl_typesupport_fastrtps_c.cpython-310-x86_64-linux-gnu.so
[4.523s] -- Installing: /mpc/new/Elastic-Tracker/install/decomp_ros_msgs/local/lib/python3.10/dist-packages/decomp_ros_msgs/decomp_ros_msgs_s__rosidl_typesupport_c.cpython-310-x86_64-linux-gnu.so
[4.523s] -- Installing: /mpc/new/Elastic-Tracker/install/decomp_ros_msgs/local/lib/python3.10/dist-packages/decomp_ros_msgs/_decomp_ros_msgs_s.ep.rosidl_typesupport_introspection_c.c
[4.523s] -- Installing: /mpc/new/Elastic-Tracker/install/decomp_ros_msgs/local/lib/python3.10/dist-packages/decomp_ros_msgs/_decomp_ros_msgs_s.ep.rosidl_typesupport_fastrtps_c.c
[4.524s] -- Installing: /mpc/new/Elastic-Tracker/install/decomp_ros_msgs/local/lib/python3.10/dist-packages/decomp_ros_msgs/msg
[4.524s] -- Installing: /mpc/new/Elastic-Tracker/install/decomp_ros_msgs/local/lib/python3.10/dist-packages/decomp_ros_msgs/msg/_ellipsoid_array_s.c
[4.524s] -- Installing: /mpc/new/Elastic-Tracker/install/decomp_ros_msgs/local/lib/python3.10/dist-packages/decomp_ros_msgs/msg/_polyhedron_array_s.c
[4.524s] -- Installing: /mpc/new/Elastic-Tracker/install/decomp_ros_msgs/local/lib/python3.10/dist-packages/decomp_ros_msgs/msg/_ellipsoid_array.py
[4.524s] -- Installing: /mpc/new/Elastic-Tracker/install/decomp_ros_msgs/local/lib/python3.10/dist-packages/decomp_ros_msgs/msg/_polyhedron.py
[4.524s] -- Installing: /mpc/new/Elastic-Tracker/install/decomp_ros_msgs/local/lib/python3.10/dist-packages/decomp_ros_msgs/msg/_ellipsoid_s.c
[4.524s] -- Installing: /mpc/new/Elastic-Tracker/install/decomp_ros_msgs/local/lib/python3.10/dist-packages/decomp_ros_msgs/msg/__init__.py
[4.524s] -- Installing: /mpc/new/Elastic-Tracker/install/decomp_ros_msgs/local/lib/python3.10/dist-packages/decomp_ros_msgs/msg/_polyhedron_array.py
[4.524s] -- Installing: /mpc/new/Elastic-Tracker/install/decomp_ros_msgs/local/lib/python3.10/dist-packages/decomp_ros_msgs/msg/_polyhedron_s.c
[4.524s] -- Installing: /mpc/new/Elastic-Tracker/install/decomp_ros_msgs/local/lib/python3.10/dist-packages/decomp_ros_msgs/msg/_ellipsoid.py
[4.560s] Listing '/mpc/new/Elastic-Tracker/install/decomp_ros_msgs/local/lib/python3.10/dist-packages/decomp_ros_msgs'...
[4.560s] Compiling '/mpc/new/Elastic-Tracker/install/decomp_ros_msgs/local/lib/python3.10/dist-packages/decomp_ros_msgs/__init__.py'...
[4.560s] Listing '/mpc/new/Elastic-Tracker/install/decomp_ros_msgs/local/lib/python3.10/dist-packages/decomp_ros_msgs/msg'...
[4.560s] Compiling '/mpc/new/Elastic-Tracker/install/decomp_ros_msgs/local/lib/python3.10/dist-packages/decomp_ros_msgs/msg/__init__.py'...
[4.560s] Compiling '/mpc/new/Elastic-Tracker/install/decomp_ros_msgs/local/lib/python3.10/dist-packages/decomp_ros_msgs/msg/_ellipsoid.py'...
[4.560s] Compiling '/mpc/new/Elastic-Tracker/install/decomp_ros_msgs/local/lib/python3.10/dist-packages/decomp_ros_msgs/msg/_ellipsoid_array.py'...
[4.560s] Compiling '/mpc/new/Elastic-Tracker/install/decomp_ros_msgs/local/lib/python3.10/dist-packages/decomp_ros_msgs/msg/_polyhedron.py'...
[4.560s] Compiling '/mpc/new/Elastic-Tracker/install/decomp_ros_msgs/local/lib/python3.10/dist-packages/decomp_ros_msgs/msg/_polyhedron_array.py'...
[4.564s] -- Installing: /mpc/new/Elastic-Tracker/install/decomp_ros_msgs/local/lib/python3.10/dist-packages/decomp_ros_msgs/decomp_ros_msgs_s__rosidl_typesupport_fastrtps_c.cpython-310-x86_64-linux-gnu.so
[4.564s] -- Set runtime path of "/mpc/new/Elastic-Tracker/install/decomp_ros_msgs/local/lib/python3.10/dist-packages/decomp_ros_msgs/decomp_ros_msgs_s__rosidl_typesupport_fastrtps_c.cpython-310-x86_64-linux-gnu.so" to ""
[4.564s] -- Installing: /mpc/new/Elastic-Tracker/install/decomp_ros_msgs/local/lib/python3.10/dist-packages/decomp_ros_msgs/decomp_ros_msgs_s__rosidl_typesupport_introspection_c.cpython-310-x86_64-linux-gnu.so
[4.565s] -- Set runtime path of "/mpc/new/Elastic-Tracker/install/decomp_ros_msgs/local/lib/python3.10/dist-packages/decomp_ros_msgs/decomp_ros_msgs_s__rosidl_typesupport_introspection_c.cpython-310-x86_64-linux-gnu.so" to ""
[4.565s] -- Installing: /mpc/new/Elastic-Tracker/install/decomp_ros_msgs/local/lib/python3.10/dist-packages/decomp_ros_msgs/decomp_ros_msgs_s__rosidl_typesupport_c.cpython-310-x86_64-linux-gnu.so
[4.565s] -- Set runtime path of "/mpc/new/Elastic-Tracker/install/decomp_ros_msgs/local/lib/python3.10/dist-packages/decomp_ros_msgs/decomp_ros_msgs_s__rosidl_typesupport_c.cpython-310-x86_64-linux-gnu.so" to ""
[4.565s] -- Installing: /mpc/new/Elastic-Tracker/install/decomp_ros_msgs/lib/libdecomp_ros_msgs__rosidl_generator_py.so
[4.565s] -- Set runtime path of "/mpc/new/Elastic-Tracker/install/decomp_ros_msgs/lib/libdecomp_ros_msgs__rosidl_generator_py.so" to ""
[4.565s] -- Installing: /mpc/new/Elastic-Tracker/install/decomp_ros_msgs/share/decomp_ros_msgs/msg/Ellipsoid.idl
[4.566s] -- Installing: /mpc/new/Elastic-Tracker/install/decomp_ros_msgs/share/decomp_ros_msgs/msg/EllipsoidArray.idl
[4.566s] -- Installing: /mpc/new/Elastic-Tracker/install/decomp_ros_msgs/share/decomp_ros_msgs/msg/Polyhedron.idl
[4.566s] -- Installing: /mpc/new/Elastic-Tracker/install/decomp_ros_msgs/share/decomp_ros_msgs/msg/PolyhedronArray.idl
[4.566s] -- Installing: /mpc/new/Elastic-Tracker/install/decomp_ros_msgs/share/decomp_ros_msgs/msg/Ellipsoid.msg
[4.566s] -- Installing: /mpc/new/Elastic-Tracker/install/decomp_ros_msgs/share/decomp_ros_msgs/msg/EllipsoidArray.msg
[4.566s] -- Installing: /mpc/new/Elastic-Tracker/install/decomp_ros_msgs/share/decomp_ros_msgs/msg/Polyhedron.msg
[4.566s] -- Installing: /mpc/new/Elastic-Tracker/install/decomp_ros_msgs/share/decomp_ros_msgs/msg/PolyhedronArray.msg
[4.566s] -- Up-to-date: /mpc/new/Elastic-Tracker/install/decomp_ros_msgs/share/decomp_ros_msgs/msg
[4.566s] -- Up-to-date: /mpc/new/Elastic-Tracker/install/decomp_ros_msgs/share/decomp_ros_msgs/msg/PolyhedronArray.msg
[4.567s] -- Up-to-date: /mpc/new/Elastic-Tracker/install/decomp_ros_msgs/share/decomp_ros_msgs/msg/EllipsoidArray.msg
[4.567s] -- Up-to-date: /mpc/new/Elastic-Tracker/install/decomp_ros_msgs/share/decomp_ros_msgs/msg/Polyhedron.msg
[4.567s] -- Up-to-date: /mpc/new/Elastic-Tracker/install/decomp_ros_msgs/share/decomp_ros_msgs/msg/Ellipsoid.msg
[4.567s] -- Installing: /mpc/new/Elastic-Tracker/install/decomp_ros_msgs/share/ament_index/resource_index/package_run_dependencies/decomp_ros_msgs
[4.567s] -- Installing: /mpc/new/Elastic-Tracker/install/decomp_ros_msgs/share/ament_index/resource_index/parent_prefix_path/decomp_ros_msgs
[4.567s] -- Installing: /mpc/new/Elastic-Tracker/install/decomp_ros_msgs/share/decomp_ros_msgs/environment/ament_prefix_path.sh
[4.567s] -- Installing: /mpc/new/Elastic-Tracker/install/decomp_ros_msgs/share/decomp_ros_msgs/environment/ament_prefix_path.dsv
[4.567s] -- Installing: /mpc/new/Elastic-Tracker/install/decomp_ros_msgs/share/decomp_ros_msgs/environment/path.sh
[4.567s] -- Installing: /mpc/new/Elastic-Tracker/install/decomp_ros_msgs/share/decomp_ros_msgs/environment/path.dsv
[4.567s] -- Installing: /mpc/new/Elastic-Tracker/install/decomp_ros_msgs/share/decomp_ros_msgs/local_setup.bash
[4.567s] -- Installing: /mpc/new/Elastic-Tracker/install/decomp_ros_msgs/share/decomp_ros_msgs/local_setup.sh
[4.567s] -- Installing: /mpc/new/Elastic-Tracker/install/decomp_ros_msgs/share/decomp_ros_msgs/local_setup.zsh
[4.567s] -- Installing: /mpc/new/Elastic-Tracker/install/decomp_ros_msgs/share/decomp_ros_msgs/local_setup.dsv
[4.567s] -- Installing: /mpc/new/Elastic-Tracker/install/decomp_ros_msgs/share/decomp_ros_msgs/package.dsv
[4.568s] -- Installing: /mpc/new/Elastic-Tracker/install/decomp_ros_msgs/share/ament_index/resource_index/packages/decomp_ros_msgs
[4.568s] -- Installing: /mpc/new/Elastic-Tracker/install/decomp_ros_msgs/share/decomp_ros_msgs/cmake/export_decomp_ros_msgs__rosidl_generator_cExport.cmake
[4.568s] -- Installing: /mpc/new/Elastic-Tracker/install/decomp_ros_msgs/share/decomp_ros_msgs/cmake/export_decomp_ros_msgs__rosidl_generator_cExport-noconfig.cmake
[4.568s] -- Installing: /mpc/new/Elastic-Tracker/install/decomp_ros_msgs/share/decomp_ros_msgs/cmake/export_decomp_ros_msgs__rosidl_typesupport_fastrtps_cExport.cmake
[4.568s] -- Installing: /mpc/new/Elastic-Tracker/install/decomp_ros_msgs/share/decomp_ros_msgs/cmake/export_decomp_ros_msgs__rosidl_typesupport_fastrtps_cExport-noconfig.cmake
[4.568s] -- Installing: /mpc/new/Elastic-Tracker/install/decomp_ros_msgs/share/decomp_ros_msgs/cmake/decomp_ros_msgs__rosidl_typesupport_introspection_cExport.cmake
[4.568s] -- Installing: /mpc/new/Elastic-Tracker/install/decomp_ros_msgs/share/decomp_ros_msgs/cmake/decomp_ros_msgs__rosidl_typesupport_introspection_cExport-noconfig.cmake
[4.568s] -- Installing: /mpc/new/Elastic-Tracker/install/decomp_ros_msgs/share/decomp_ros_msgs/cmake/decomp_ros_msgs__rosidl_typesupport_cExport.cmake
[4.569s] -- Installing: /mpc/new/Elastic-Tracker/install/decomp_ros_msgs/share/decomp_ros_msgs/cmake/decomp_ros_msgs__rosidl_typesupport_cExport-noconfig.cmake
[4.569s] -- Installing: /mpc/new/Elastic-Tracker/install/decomp_ros_msgs/share/decomp_ros_msgs/cmake/export_decomp_ros_msgs__rosidl_generator_cppExport.cmake
[4.569s] -- Installing: /mpc/new/Elastic-Tracker/install/decomp_ros_msgs/share/decomp_ros_msgs/cmake/export_decomp_ros_msgs__rosidl_typesupport_fastrtps_cppExport.cmake
[4.569s] -- Installing: /mpc/new/Elastic-Tracker/install/decomp_ros_msgs/share/decomp_ros_msgs/cmake/export_decomp_ros_msgs__rosidl_typesupport_fastrtps_cppExport-noconfig.cmake
[4.569s] -- Installing: /mpc/new/Elastic-Tracker/install/decomp_ros_msgs/share/decomp_ros_msgs/cmake/decomp_ros_msgs__rosidl_typesupport_introspection_cppExport.cmake
[4.569s] -- Installing: /mpc/new/Elastic-Tracker/install/decomp_ros_msgs/share/decomp_ros_msgs/cmake/decomp_ros_msgs__rosidl_typesupport_introspection_cppExport-noconfig.cmake
[4.569s] -- Installing: /mpc/new/Elastic-Tracker/install/decomp_ros_msgs/share/decomp_ros_msgs/cmake/decomp_ros_msgs__rosidl_typesupport_cppExport.cmake
[4.569s] -- Installing: /mpc/new/Elastic-Tracker/install/decomp_ros_msgs/share/decomp_ros_msgs/cmake/decomp_ros_msgs__rosidl_typesupport_cppExport-noconfig.cmake
[4.569s] -- Installing: /mpc/new/Elastic-Tracker/install/decomp_ros_msgs/share/decomp_ros_msgs/cmake/export_decomp_ros_msgs__rosidl_generator_pyExport.cmake
[4.570s] -- Installing: /mpc/new/Elastic-Tracker/install/decomp_ros_msgs/share/decomp_ros_msgs/cmake/export_decomp_ros_msgs__rosidl_generator_pyExport-noconfig.cmake
[4.570s] -- Installing: /mpc/new/Elastic-Tracker/install/decomp_ros_msgs/share/decomp_ros_msgs/cmake/rosidl_cmake-extras.cmake
[4.570s] -- Installing: /mpc/new/Elastic-Tracker/install/decomp_ros_msgs/share/decomp_ros_msgs/cmake/ament_cmake_export_dependencies-extras.cmake
[4.570s] -- Installing: /mpc/new/Elastic-Tracker/install/decomp_ros_msgs/share/decomp_ros_msgs/cmake/ament_cmake_export_include_directories-extras.cmake
[4.570s] -- Installing: /mpc/new/Elastic-Tracker/install/decomp_ros_msgs/share/decomp_ros_msgs/cmake/ament_cmake_export_libraries-extras.cmake
[4.570s] -- Installing: /mpc/new/Elastic-Tracker/install/decomp_ros_msgs/share/decomp_ros_msgs/cmake/ament_cmake_export_targets-extras.cmake
[4.570s] -- Installing: /mpc/new/Elastic-Tracker/install/decomp_ros_msgs/share/decomp_ros_msgs/cmake/rosidl_cmake_export_typesupport_targets-extras.cmake
[4.570s] -- Installing: /mpc/new/Elastic-Tracker/install/decomp_ros_msgs/share/decomp_ros_msgs/cmake/rosidl_cmake_export_typesupport_libraries-extras.cmake
[4.570s] -- Installing: /mpc/new/Elastic-Tracker/install/decomp_ros_msgs/share/decomp_ros_msgs/cmake/decomp_ros_msgsConfig.cmake
[4.570s] -- Installing: /mpc/new/Elastic-Tracker/install/decomp_ros_msgs/share/decomp_ros_msgs/cmake/decomp_ros_msgsConfig-version.cmake
[4.571s] -- Installing: /mpc/new/Elastic-Tracker/install/decomp_ros_msgs/share/decomp_ros_msgs/package.xml
[4.573s] Invoked command in '/mpc/new/Elastic-Tracker/build/decomp_ros_msgs' returned '0': CMAKE_PREFIX_PATH=/opt/ros/humble /usr/bin/cmake --install /mpc/new/Elastic-Tracker/build/decomp_ros_msgs
