-- Install configuration: ""
-- Up-to-date: /mpc/new/Elastic-Tracker/install/decomp_basis/include
-- Up-to-date: /mpc/new/Elastic-Tracker/install/decomp_basis/include/decomp_basis
-- Up-to-date: /mpc/new/Elastic-Tracker/install/decomp_basis/include/decomp_basis/data_utils.h
-- Up-to-date: /mpc/new/Elastic-Tracker/install/decomp_basis/include/decomp_basis/data_type.h
-- Up-to-date: /mpc/new/Elastic-Tracker/install/decomp_basis/share/ament_index/resource_index/package_run_dependencies/decomp_basis
-- Up-to-date: /mpc/new/Elastic-Tracker/install/decomp_basis/share/ament_index/resource_index/parent_prefix_path/decomp_basis
-- Up-to-date: /mpc/new/Elastic-Tracker/install/decomp_basis/share/decomp_basis/environment/ament_prefix_path.sh
-- Up-to-date: /mpc/new/Elastic-Tracker/install/decomp_basis/share/decomp_basis/environment/ament_prefix_path.dsv
-- Up-to-date: /mpc/new/Elastic-Tracker/install/decomp_basis/share/decomp_basis/environment/path.sh
-- Up-to-date: /mpc/new/Elastic-Tracker/install/decomp_basis/share/decomp_basis/environment/path.dsv
-- Up-to-date: /mpc/new/Elastic-Tracker/install/decomp_basis/share/decomp_basis/local_setup.bash
-- Up-to-date: /mpc/new/Elastic-Tracker/install/decomp_basis/share/decomp_basis/local_setup.sh
-- Up-to-date: /mpc/new/Elastic-Tracker/install/decomp_basis/share/decomp_basis/local_setup.zsh
-- Up-to-date: /mpc/new/Elastic-Tracker/install/decomp_basis/share/decomp_basis/local_setup.dsv
-- Installing: /mpc/new/Elastic-Tracker/install/decomp_basis/share/decomp_basis/package.dsv
-- Up-to-date: /mpc/new/Elastic-Tracker/install/decomp_basis/share/ament_index/resource_index/packages/decomp_basis
-- Up-to-date: /mpc/new/Elastic-Tracker/install/decomp_basis/share/decomp_basis/cmake/ament_cmake_export_include_directories-extras.cmake
-- Up-to-date: /mpc/new/Elastic-Tracker/install/decomp_basis/share/decomp_basis/cmake/decomp_basisConfig.cmake
-- Up-to-date: /mpc/new/Elastic-Tracker/install/decomp_basis/share/decomp_basis/cmake/decomp_basisConfig-version.cmake
-- Up-to-date: /mpc/new/Elastic-Tracker/install/decomp_basis/share/decomp_basis/package.xml
