[0.008s] Invoking command in '/mpc/new/Elastic-Tracker/build/decomp_geometry': CMAKE_PREFIX_PATH=/mpc/new/Elastic-Tracker/install/decomp_basis:/mpc/new/Elastic-Tracker/install/target_ekf:/mpc/new/Elastic-Tracker/install/mapping:/mpc/new/Elastic-Tracker/install/quadrotor_msgs:/mpc/new/Elastic-Tracker/install/object_detection_msgs:/mpc/new/Elastic-Tracker/install/decomp_geometry:/opt/ros/humble /usr/bin/cmake /mpc/new/Elastic-Tracker/src/planning/DecompROS/decomp_geoemtry -DCMAKE_INSTALL_PREFIX=/mpc/new/Elastic-Tracker/install/decomp_geometry
[0.053s] -- The C compiler identification is GNU 11.4.0
[0.100s] -- The CXX compiler identification is GNU 11.4.0
[0.106s] -- Detecting C compiler ABI info
[0.165s] -- Detecting C compiler ABI info - done
[0.172s] -- Check for working C compiler: /usr/bin/cc - skipped
[0.173s] -- Detecting C compile features
[0.173s] -- Detecting C compile features - done
[0.176s] -- Detecting CXX compiler ABI info
[0.244s] -- Detecting CXX compiler ABI info - done
[0.252s] -- Check for working CXX compiler: /usr/bin/c++ - skipped
[0.253s] -- Detecting CXX compile features
[0.253s] -- Detecting CXX compile features - done
[0.257s] -- Found ament_cmake: 1.3.11 (/opt/ros/humble/share/ament_cmake/cmake)
[0.429s] -- Found Python3: /usr/bin/python3 (found version "3.10.12") found components: Interpreter 
[0.523s] -- Found decomp_basis: 0.0.0 (/mpc/new/Elastic-Tracker/install/decomp_basis/share/decomp_basis/cmake)
[0.598s] -- Configuring done
[0.600s] -- Generating done
[0.601s] -- Build files have been written to: /mpc/new/Elastic-Tracker/build/decomp_geometry
[0.605s] Invoked command in '/mpc/new/Elastic-Tracker/build/decomp_geometry' returned '0': CMAKE_PREFIX_PATH=/mpc/new/Elastic-Tracker/install/decomp_basis:/mpc/new/Elastic-Tracker/install/target_ekf:/mpc/new/Elastic-Tracker/install/mapping:/mpc/new/Elastic-Tracker/install/quadrotor_msgs:/mpc/new/Elastic-Tracker/install/object_detection_msgs:/mpc/new/Elastic-Tracker/install/decomp_geometry:/opt/ros/humble /usr/bin/cmake /mpc/new/Elastic-Tracker/src/planning/DecompROS/decomp_geoemtry -DCMAKE_INSTALL_PREFIX=/mpc/new/Elastic-Tracker/install/decomp_geometry
[0.606s] Invoking command in '/mpc/new/Elastic-Tracker/build/decomp_geometry': CMAKE_PREFIX_PATH=/mpc/new/Elastic-Tracker/install/decomp_basis:/mpc/new/Elastic-Tracker/install/target_ekf:/mpc/new/Elastic-Tracker/install/mapping:/mpc/new/Elastic-Tracker/install/quadrotor_msgs:/mpc/new/Elastic-Tracker/install/object_detection_msgs:/mpc/new/Elastic-Tracker/install/decomp_geometry:/opt/ros/humble /usr/bin/cmake --build /mpc/new/Elastic-Tracker/build/decomp_geometry -- -j12 -l12
[0.638s] Invoked command in '/mpc/new/Elastic-Tracker/build/decomp_geometry' returned '0': CMAKE_PREFIX_PATH=/mpc/new/Elastic-Tracker/install/decomp_basis:/mpc/new/Elastic-Tracker/install/target_ekf:/mpc/new/Elastic-Tracker/install/mapping:/mpc/new/Elastic-Tracker/install/quadrotor_msgs:/mpc/new/Elastic-Tracker/install/object_detection_msgs:/mpc/new/Elastic-Tracker/install/decomp_geometry:/opt/ros/humble /usr/bin/cmake --build /mpc/new/Elastic-Tracker/build/decomp_geometry -- -j12 -l12
[0.639s] Invoking command in '/mpc/new/Elastic-Tracker/build/decomp_geometry': CMAKE_PREFIX_PATH=/mpc/new/Elastic-Tracker/install/decomp_basis:/mpc/new/Elastic-Tracker/install/target_ekf:/mpc/new/Elastic-Tracker/install/mapping:/mpc/new/Elastic-Tracker/install/quadrotor_msgs:/mpc/new/Elastic-Tracker/install/object_detection_msgs:/mpc/new/Elastic-Tracker/install/decomp_geometry:/opt/ros/humble /usr/bin/cmake --install /mpc/new/Elastic-Tracker/build/decomp_geometry
[0.645s] -- Install configuration: ""
[0.645s] -- Installing: /mpc/new/Elastic-Tracker/install/decomp_geometry/include
[0.645s] -- Installing: /mpc/new/Elastic-Tracker/install/decomp_geometry/include/decomp_geometry
[0.645s] -- Installing: /mpc/new/Elastic-Tracker/install/decomp_geometry/include/decomp_geometry/polyhedron.h
[0.646s] -- Installing: /mpc/new/Elastic-Tracker/install/decomp_geometry/include/decomp_geometry/ellipsoid.h
[0.646s] -- Installing: /mpc/new/Elastic-Tracker/install/decomp_geometry/include/decomp_geometry/geometric_utils.h
[0.646s] -- Installing: /mpc/new/Elastic-Tracker/install/decomp_geometry/share/ament_index/resource_index/package_run_dependencies/decomp_geometry
[0.646s] -- Installing: /mpc/new/Elastic-Tracker/install/decomp_geometry/share/ament_index/resource_index/parent_prefix_path/decomp_geometry
[0.646s] -- Installing: /mpc/new/Elastic-Tracker/install/decomp_geometry/share/decomp_geometry/environment/ament_prefix_path.sh
[0.646s] -- Installing: /mpc/new/Elastic-Tracker/install/decomp_geometry/share/decomp_geometry/environment/ament_prefix_path.dsv
[0.646s] -- Installing: /mpc/new/Elastic-Tracker/install/decomp_geometry/share/decomp_geometry/environment/path.sh
[0.646s] -- Installing: /mpc/new/Elastic-Tracker/install/decomp_geometry/share/decomp_geometry/environment/path.dsv
[0.647s] -- Installing: /mpc/new/Elastic-Tracker/install/decomp_geometry/share/decomp_geometry/local_setup.bash
[0.647s] -- Installing: /mpc/new/Elastic-Tracker/install/decomp_geometry/share/decomp_geometry/local_setup.sh
[0.647s] -- Installing: /mpc/new/Elastic-Tracker/install/decomp_geometry/share/decomp_geometry/local_setup.zsh
[0.647s] -- Installing: /mpc/new/Elastic-Tracker/install/decomp_geometry/share/decomp_geometry/local_setup.dsv
[0.647s] -- Installing: /mpc/new/Elastic-Tracker/install/decomp_geometry/share/decomp_geometry/package.dsv
[0.647s] -- Installing: /mpc/new/Elastic-Tracker/install/decomp_geometry/share/ament_index/resource_index/packages/decomp_geometry
[0.647s] -- Installing: /mpc/new/Elastic-Tracker/install/decomp_geometry/share/decomp_geometry/cmake/ament_cmake_export_include_directories-extras.cmake
[0.647s] -- Installing: /mpc/new/Elastic-Tracker/install/decomp_geometry/share/decomp_geometry/cmake/ament_cmake_export_dependencies-extras.cmake
[0.647s] -- Installing: /mpc/new/Elastic-Tracker/install/decomp_geometry/share/decomp_geometry/cmake/decomp_geometryConfig.cmake
[0.647s] -- Installing: /mpc/new/Elastic-Tracker/install/decomp_geometry/share/decomp_geometry/cmake/decomp_geometryConfig-version.cmake
[0.648s] -- Installing: /mpc/new/Elastic-Tracker/install/decomp_geometry/share/decomp_geometry/package.xml
[0.649s] Invoked command in '/mpc/new/Elastic-Tracker/build/decomp_geometry' returned '0': CMAKE_PREFIX_PATH=/mpc/new/Elastic-Tracker/install/decomp_basis:/mpc/new/Elastic-Tracker/install/target_ekf:/mpc/new/Elastic-Tracker/install/mapping:/mpc/new/Elastic-Tracker/install/quadrotor_msgs:/mpc/new/Elastic-Tracker/install/object_detection_msgs:/mpc/new/Elastic-Tracker/install/decomp_geometry:/opt/ros/humble /usr/bin/cmake --install /mpc/new/Elastic-Tracker/build/decomp_geometry
