[0.012s] Invoking command in '/mpc/new/Elastic-Tracker/build/mapping': AMENT_PREFIX_PATH=/mpc/new/Elastic-Tracker/install/quadrotor_msgs:/mpc/new/Elastic-Tracker/install/object_detection_msgs:${AMENT_PREFIX_PATH} CMAKE_PREFIX_PATH=/mpc/new/Elastic-Tracker/install/quadrotor_msgs:/mpc/new/Elastic-Tracker/install/object_detection_msgs:/opt/ros/humble LD_LIBRARY_PATH=/mpc/new/Elastic-Tracker/install/quadrotor_msgs/lib:/mpc/new/Elastic-Tracker/install/object_detection_msgs/lib:${LD_LIBRARY_PATH} PYTHONPATH=/mpc/new/Elastic-Tracker/install/quadrotor_msgs/local/lib/python3.10/dist-packages:/mpc/new/Elastic-Tracker/install/object_detection_msgs/local/lib/python3.10/dist-packages:${PYTHONPATH} /usr/bin/cmake /mpc/new/Elastic-Tracker/src/mapping -DCMAKE_INSTALL_PREFIX=/mpc/new/Elastic-Tracker/install/mapping
[0.056s] -- The C compiler identification is GNU 11.4.0
[0.099s] -- The CXX compiler identification is GNU 11.4.0
[0.105s] -- Detecting C compiler ABI info
[0.159s] -- Detecting C compiler ABI info - done
[0.166s] -- Check for working C compiler: /usr/bin/cc - skipped
[0.166s] -- Detecting C compile features
[0.167s] -- Detecting C compile features - done
[0.170s] -- Detecting CXX compiler ABI info
[0.238s] -- Detecting CXX compiler ABI info - done
[0.246s] -- Check for working CXX compiler: /usr/bin/c++ - skipped
[0.246s] -- Detecting CXX compile features
[0.247s] -- Detecting CXX compile features - done
[0.250s] -- Found ament_cmake: 1.3.11 (/opt/ros/humble/share/ament_cmake/cmake)
[0.419s] -- Found Python3: /usr/bin/python3 (found version "3.10.12") found components: Interpreter 
[0.530s] -- Found rclcpp: 16.0.11 (/opt/ros/humble/share/rclcpp/cmake)
[0.587s] -- Found rosidl_generator_c: 3.1.6 (/opt/ros/humble/share/rosidl_generator_c/cmake)
[0.594s] -- Found rosidl_adapter: 3.1.6 (/opt/ros/humble/share/rosidl_adapter/cmake)
[0.603s] -- Found rosidl_generator_cpp: 3.1.6 (/opt/ros/humble/share/rosidl_generator_cpp/cmake)
[0.618s] -- Using all available rosidl_typesupport_c: rosidl_typesupport_fastrtps_c;rosidl_typesupport_introspection_c
[0.637s] -- Using all available rosidl_typesupport_cpp: rosidl_typesupport_fastrtps_cpp;rosidl_typesupport_introspection_cpp
[0.688s] -- Found rmw_implementation_cmake: 6.1.2 (/opt/ros/humble/share/rmw_implementation_cmake/cmake)
[0.691s] -- Found rmw_cyclonedds_cpp: 1.3.4 (/opt/ros/humble/share/rmw_cyclonedds_cpp/cmake)
[0.715s] -- Using RMW implementation 'rmw_cyclonedds_cpp' as default
[0.726s] -- Looking for pthread.h
[0.786s] -- Looking for pthread.h - found
[0.786s] -- Performing Test CMAKE_HAVE_LIBC_PTHREAD
[0.849s] -- Performing Test CMAKE_HAVE_LIBC_PTHREAD - Success
[0.850s] -- Found Threads: TRUE  
[0.913s] -- Found rclcpp_components: 16.0.11 (/opt/ros/humble/share/rclcpp_components/cmake)
[0.944s] -- Found quadrotor_msgs: 0.0.0 (/mpc/new/Elastic-Tracker/install/quadrotor_msgs/share/quadrotor_msgs/cmake)
[1.001s] -- Found object_detection_msgs: 0.0.0 (/mpc/new/Elastic-Tracker/install/object_detection_msgs/share/object_detection_msgs/cmake)
[1.017s] -- Found tf2_ros: 0.25.9 (/opt/ros/humble/share/tf2_ros/cmake)
[1.098s] -- Found cv_bridge: 3.2.1 (/opt/ros/humble/share/cv_bridge/cmake)
[1.140s] -- Checking for module 'eigen3'
[1.148s] --   Found eigen3, version 3.4.0
[1.166s] -- Found Eigen: /usr/include/eigen3 (Required is at least version "3.1") 
[1.166s] -- Eigen found (include: /usr/include/eigen3, version: 3.4.0)
[1.193s] -- Found Boost: /usr/lib/x86_64-linux-gnu/cmake/Boost-1.74.0/BoostConfig.cmake (found suitable version "1.74.0", minimum required is "1.65.0") found components: system filesystem date_time iostreams serialization 
[1.229s] -- Checking for module 'libusb-1.0'
[1.236s] --   Found libusb-1.0, version 1.0.25
[1.255s] -- Found libusb: /usr/lib/x86_64-linux-gnu/libusb-1.0.so  
[1.256s] -- Found OpenNI: /usr/lib/libOpenNI.so;libusb::libusb (found version "1.5.4.0") 
[1.256s] -- OpenNI found (version: 1.5.4.0, include: /usr/include/ni, lib: /usr/lib/libOpenNI.so;libusb::libusb)
[1.288s] -- Found OpenNI2: /usr/lib/x86_64-linux-gnu/libOpenNI2.so;libusb::libusb (found version "2.2.0.33") 
[1.288s] -- OpenNI2 found (version: 2.2.0.33, include: /usr/include/openni2, lib: /usr/lib/x86_64-linux-gnu/libOpenNI2.so;libusb::libusb)
[1.288s] [0m** WARNING ** io features related to pcap will be disabled[0m
[1.288s] [0m** WARNING ** io features related to png will be disabled[0m
[1.322s] -- Found GLEW: /usr/lib/x86_64-linux-gnu/libGLEW.so  
[1.329s] -- Found OpenGL: /usr/lib/x86_64-linux-gnu/libOpenGL.so  found components: OpenGL GLX 
[1.468s] -- Found MPI_C: /usr/lib/x86_64-linux-gnu/libmpi.so (found version "3.1") 
[1.469s] -- Found MPI: TRUE (found version "3.1") found components: C 
[1.472s] -- Found JsonCpp: /usr/lib/x86_64-linux-gnu/libjsoncpp.so (found suitable version "1.9.5", minimum required is "0.7.0") 
[1.482s] -- Found ZLIB: /usr/lib/x86_64-linux-gnu/libz.so (found version "1.2.11") 
[1.498s] -- Found PNG: /usr/lib/x86_64-linux-gnu/libpng.so (found version "1.6.37") 
[1.510s] -- Found Eigen3: /usr/include/eigen3 (found version "3.4.0") 
[1.571s] -- Found X11: /usr/include   
[1.571s] -- Looking for XOpenDisplay in /usr/lib/x86_64-linux-gnu/libX11.so;/usr/lib/x86_64-linux-gnu/libXext.so
[1.632s] -- Looking for XOpenDisplay in /usr/lib/x86_64-linux-gnu/libX11.so;/usr/lib/x86_64-linux-gnu/libXext.so - found
[1.632s] -- Looking for gethostbyname
[1.691s] -- Looking for gethostbyname - found
[1.691s] -- Looking for connect
[1.749s] -- Looking for connect - found
[1.749s] -- Looking for remove
[1.807s] -- Looking for remove - found
[1.807s] -- Looking for shmat
[1.865s] -- Looking for shmat - found
[1.865s] -- Looking for IceConnectionNumber in ICE
[1.924s] -- Looking for IceConnectionNumber in ICE - found
[1.983s] -- Found EXPAT: /usr/lib/x86_64-linux-gnu/libexpat.so (found version "2.4.7") 
[1.985s] -- Found double-conversion: /usr/lib/x86_64-linux-gnu/libdouble-conversion.so  
[1.987s] -- Found LZ4: /usr/lib/x86_64-linux-gnu/liblz4.so (found version "1.9.3") 
[1.988s] -- Found LZMA: /usr/lib/x86_64-linux-gnu/liblzma.so (found version "5.2.5") 
[2.000s] -- Found JPEG: /usr/lib/x86_64-linux-gnu/libjpeg.so (found version "80") 
[2.004s] -- Found TIFF: /usr/lib/x86_64-linux-gnu/libtiff.so (found version "4.3.0")  
[2.007s] -- Found Freetype: /usr/lib/x86_64-linux-gnu/libfreetype.so (found version "2.11.1") 
[2.013s] -- Found utf8cpp: /usr/include/utf8cpp  
[2.042s] -- Eigen found (include: /usr/include/eigen3, version: 3.4.0)
[2.042s] -- looking for PCL_COMMON
[2.042s] -- Found PCL_COMMON: /usr/lib/x86_64-linux-gnu/libpcl_common.so  
[2.043s] -- looking for PCL_OCTREE
[2.043s] -- Found PCL_OCTREE: /usr/lib/x86_64-linux-gnu/libpcl_octree.so  
[2.043s] -- looking for PCL_IO
[2.044s] -- Found PCL_IO: /usr/lib/x86_64-linux-gnu/libpcl_io.so  
[2.044s] -- Found PCL: pcl_common;pcl_octree;pcl_io;Boost::system;Boost::filesystem;Boost::date_time;Boost::iostreams;Boost::serialization;/usr/lib/libOpenNI.so;libusb::libusb;/usr/lib/x86_64-linux-gnu/libOpenNI2.so;libusb::libusb;VTK::ChartsCore;VTK::CommonColor;VTK::CommonComputationalGeometry;VTK::CommonCore;VTK::CommonDataModel;VTK::CommonExecutionModel;VTK::CommonMath;VTK::CommonMisc;VTK::CommonTransforms;VTK::FiltersCore;VTK::FiltersExtraction;VTK::FiltersGeneral;VTK::FiltersGeometry;VTK::FiltersModeling;VTK::FiltersSources;VTK::ImagingCore;VTK::ImagingSources;VTK::InteractionImage;VTK::InteractionStyle;VTK::InteractionWidgets;VTK::IOCore;VTK::IOGeometry;VTK::IOImage;VTK::IOLegacy;VTK::IOPLY;VTK::RenderingAnnotation;VTK::RenderingCore;VTK::RenderingContext2D;VTK::RenderingLOD;VTK::RenderingFreeType;VTK::ViewsCore;VTK::ViewsContext2D;VTK::RenderingOpenGL2;VTK::GUISupportQt  
[2.047s] -- Found pcl_conversions: 2.4.5 (/opt/ros/humble/share/pcl_conversions/cmake)
[2.080s] -- Found pluginlib: 5.1.0 (/opt/ros/humble/share/pluginlib/cmake)
[2.114s] [31mCMake Error at /opt/ros/humble/share/rclcpp_components/cmake/rclcpp_components_register_nodes.cmake:29 (message):
[2.115s]   rclcpp_components_register_nodes() first argument 'TARGET' is not a target
[2.115s] Call Stack (most recent call first):
[2.115s]   CMakeLists.txt:53 (rclcpp_components_register_nodes)
[2.115s] 
[2.115s] [0m
[2.115s] -- Configuring incomplete, errors occurred!
[2.115s] See also "/mpc/new/Elastic-Tracker/build/mapping/CMakeFiles/CMakeOutput.log".
[2.128s] Invoked command in '/mpc/new/Elastic-Tracker/build/mapping' returned '1': AMENT_PREFIX_PATH=/mpc/new/Elastic-Tracker/install/quadrotor_msgs:/mpc/new/Elastic-Tracker/install/object_detection_msgs:${AMENT_PREFIX_PATH} CMAKE_PREFIX_PATH=/mpc/new/Elastic-Tracker/install/quadrotor_msgs:/mpc/new/Elastic-Tracker/install/object_detection_msgs:/opt/ros/humble LD_LIBRARY_PATH=/mpc/new/Elastic-Tracker/install/quadrotor_msgs/lib:/mpc/new/Elastic-Tracker/install/object_detection_msgs/lib:${LD_LIBRARY_PATH} PYTHONPATH=/mpc/new/Elastic-Tracker/install/quadrotor_msgs/local/lib/python3.10/dist-packages:/mpc/new/Elastic-Tracker/install/object_detection_msgs/local/lib/python3.10/dist-packages:${PYTHONPATH} /usr/bin/cmake /mpc/new/Elastic-Tracker/src/mapping -DCMAKE_INSTALL_PREFIX=/mpc/new/Elastic-Tracker/install/mapping
