[0.166s] DEBUG:colcon:Command line arguments: ['/usr/bin/colcon', 'build']
[0.167s] DEBUG:colcon:Parsed command line arguments: Namespace(log_base=None, log_level=None, verb_name='build', build_base='build', install_base='install', merge_install=False, symlink_install=False, test_result_base=None, continue_on_error=False, executor='parallel', parallel_workers=12, event_handlers=None, ignore_user_meta=False, metas=['./colcon.meta'], base_paths=['.'], packages_ignore=None, packages_ignore_regex=None, paths=None, packages_up_to=None, packages_up_to_regex=None, packages_above=None, packages_above_and_dependencies=None, packages_above_depth=None, packages_select_by_dep=None, packages_skip_by_dep=None, packages_skip_up_to=None, packages_select_build_failed=False, packages_skip_build_finished=False, packages_select_test_failures=False, packages_skip_test_passed=False, packages_select=None, packages_skip=None, packages_select_regex=None, packages_skip_regex=None, packages_start=None, packages_end=None, cmake_args=None, cmake_target=None, cmake_target_skip_unavailable=False, cmake_clean_cache=False, cmake_clean_first=False, cmake_force_configure=False, ament_cmake_args=None, catkin_cmake_args=None, catkin_skip_building_tests=False, mixin_files=None, mixin=None, verb_parser=<colcon_mixin.mixin.mixin_argument.MixinArgumentDecorator object at 0x7f7f9fc082b0>, verb_extension=<colcon_core.verb.build.BuildVerb object at 0x7f7f9fbdfbe0>, main=<bound method BuildVerb.main of <colcon_core.verb.build.BuildVerb object at 0x7f7f9fbdfbe0>>, mixin_verb=('build',))
[0.421s] Level 1:colcon.colcon_core.package_discovery:discover_packages(colcon_meta) check parameters
[0.422s] INFO:colcon.colcon_metadata.package_discovery.colcon_meta:Using configuration from '/root/.colcon/metadata/default/Gazebo.meta'
[0.423s] INFO:colcon.colcon_metadata.package_discovery.colcon_meta:Using configuration from '/root/.colcon/metadata/default/fastrtps.meta'
[0.423s] Level 1:colcon.colcon_core.package_discovery:discover_packages(recursive) check parameters
[0.423s] Level 1:colcon.colcon_core.package_discovery:discover_packages(ignore) check parameters
[0.423s] Level 1:colcon.colcon_core.package_discovery:discover_packages(path) check parameters
[0.423s] Level 1:colcon.colcon_core.package_discovery:discover_packages(colcon_meta) discover
[0.423s] Level 1:colcon.colcon_core.package_discovery:discover_packages(recursive) discover
[0.423s] INFO:colcon.colcon_core.package_discovery:Crawling recursively for packages in '/mpc/new/Elastic-Tracker'
[0.423s] Level 1:colcon.colcon_core.package_identification:_identify(.) by extensions ['ignore', 'ignore_ament_install']
[0.423s] Level 1:colcon.colcon_core.package_identification:_identify(.) by extension 'ignore'
[0.423s] Level 1:colcon.colcon_core.package_identification:_identify(.) by extension 'ignore_ament_install'
[0.423s] Level 1:colcon.colcon_core.package_identification:_identify(.) by extensions ['colcon_pkg']
[0.423s] Level 1:colcon.colcon_core.package_identification:_identify(.) by extension 'colcon_pkg'
[0.423s] Level 1:colcon.colcon_core.package_identification:_identify(.) by extensions ['colcon_meta']
[0.423s] Level 1:colcon.colcon_core.package_identification:_identify(.) by extension 'colcon_meta'
[0.423s] Level 1:colcon.colcon_core.package_identification:_identify(.) by extensions ['ros']
[0.423s] Level 1:colcon.colcon_core.package_identification:_identify(.) by extension 'ros'
[0.477s] Level 1:colcon.colcon_core.package_identification:_identify(.) by extensions ['cmake', 'python']
[0.477s] Level 1:colcon.colcon_core.package_identification:_identify(.) by extension 'cmake'
[0.477s] Level 1:colcon.colcon_core.package_identification:_identify(.) by extension 'python'
[0.477s] Level 1:colcon.colcon_core.package_identification:_identify(.) by extensions ['python_setup_py']
[0.477s] Level 1:colcon.colcon_core.package_identification:_identify(.) by extension 'python_setup_py'
[0.478s] Level 1:colcon.colcon_core.package_identification:_identify(build) by extensions ['ignore', 'ignore_ament_install']
[0.478s] Level 1:colcon.colcon_core.package_identification:_identify(build) by extension 'ignore'
[0.478s] Level 1:colcon.colcon_core.package_identification:_identify(build) ignored
[0.478s] Level 1:colcon.colcon_core.package_identification:_identify(figs) by extensions ['ignore', 'ignore_ament_install']
[0.478s] Level 1:colcon.colcon_core.package_identification:_identify(figs) by extension 'ignore'
[0.478s] Level 1:colcon.colcon_core.package_identification:_identify(figs) by extension 'ignore_ament_install'
[0.479s] Level 1:colcon.colcon_core.package_identification:_identify(figs) by extensions ['colcon_pkg']
[0.479s] Level 1:colcon.colcon_core.package_identification:_identify(figs) by extension 'colcon_pkg'
[0.479s] Level 1:colcon.colcon_core.package_identification:_identify(figs) by extensions ['colcon_meta']
[0.479s] Level 1:colcon.colcon_core.package_identification:_identify(figs) by extension 'colcon_meta'
[0.479s] Level 1:colcon.colcon_core.package_identification:_identify(figs) by extensions ['ros']
[0.479s] Level 1:colcon.colcon_core.package_identification:_identify(figs) by extension 'ros'
[0.479s] Level 1:colcon.colcon_core.package_identification:_identify(figs) by extensions ['cmake', 'python']
[0.479s] Level 1:colcon.colcon_core.package_identification:_identify(figs) by extension 'cmake'
[0.479s] Level 1:colcon.colcon_core.package_identification:_identify(figs) by extension 'python'
[0.479s] Level 1:colcon.colcon_core.package_identification:_identify(figs) by extensions ['python_setup_py']
[0.479s] Level 1:colcon.colcon_core.package_identification:_identify(figs) by extension 'python_setup_py'
[0.480s] Level 1:colcon.colcon_core.package_identification:_identify(install) by extensions ['ignore', 'ignore_ament_install']
[0.480s] Level 1:colcon.colcon_core.package_identification:_identify(install) by extension 'ignore'
[0.480s] Level 1:colcon.colcon_core.package_identification:_identify(install) ignored
[0.480s] Level 1:colcon.colcon_core.package_identification:_identify(log) by extensions ['ignore', 'ignore_ament_install']
[0.481s] Level 1:colcon.colcon_core.package_identification:_identify(log) by extension 'ignore'
[0.481s] Level 1:colcon.colcon_core.package_identification:_identify(log) ignored
[0.481s] Level 1:colcon.colcon_core.package_identification:_identify(sh_utils) by extensions ['ignore', 'ignore_ament_install']
[0.481s] Level 1:colcon.colcon_core.package_identification:_identify(sh_utils) by extension 'ignore'
[0.481s] Level 1:colcon.colcon_core.package_identification:_identify(sh_utils) by extension 'ignore_ament_install'
[0.481s] Level 1:colcon.colcon_core.package_identification:_identify(sh_utils) by extensions ['colcon_pkg']
[0.481s] Level 1:colcon.colcon_core.package_identification:_identify(sh_utils) by extension 'colcon_pkg'
[0.481s] Level 1:colcon.colcon_core.package_identification:_identify(sh_utils) by extensions ['colcon_meta']
[0.481s] Level 1:colcon.colcon_core.package_identification:_identify(sh_utils) by extension 'colcon_meta'
[0.482s] Level 1:colcon.colcon_core.package_identification:_identify(sh_utils) by extensions ['ros']
[0.482s] Level 1:colcon.colcon_core.package_identification:_identify(sh_utils) by extension 'ros'
[0.482s] Level 1:colcon.colcon_core.package_identification:_identify(sh_utils) by extensions ['cmake', 'python']
[0.482s] Level 1:colcon.colcon_core.package_identification:_identify(sh_utils) by extension 'cmake'
[0.482s] Level 1:colcon.colcon_core.package_identification:_identify(sh_utils) by extension 'python'
[0.482s] Level 1:colcon.colcon_core.package_identification:_identify(sh_utils) by extensions ['python_setup_py']
[0.482s] Level 1:colcon.colcon_core.package_identification:_identify(sh_utils) by extension 'python_setup_py'
[0.482s] Level 1:colcon.colcon_core.package_identification:_identify(src) by extensions ['ignore', 'ignore_ament_install']
[0.482s] Level 1:colcon.colcon_core.package_identification:_identify(src) by extension 'ignore'
[0.483s] Level 1:colcon.colcon_core.package_identification:_identify(src) by extension 'ignore_ament_install'
[0.483s] Level 1:colcon.colcon_core.package_identification:_identify(src) by extensions ['colcon_pkg']
[0.483s] Level 1:colcon.colcon_core.package_identification:_identify(src) by extension 'colcon_pkg'
[0.483s] Level 1:colcon.colcon_core.package_identification:_identify(src) by extensions ['colcon_meta']
[0.483s] Level 1:colcon.colcon_core.package_identification:_identify(src) by extension 'colcon_meta'
[0.483s] Level 1:colcon.colcon_core.package_identification:_identify(src) by extensions ['ros']
[0.483s] Level 1:colcon.colcon_core.package_identification:_identify(src) by extension 'ros'
[0.483s] Level 1:colcon.colcon_core.package_identification:_identify(src) by extensions ['cmake', 'python']
[0.483s] Level 1:colcon.colcon_core.package_identification:_identify(src) by extension 'cmake'
[0.483s] Level 1:colcon.colcon_core.package_identification:_identify(src) by extension 'python'
[0.483s] Level 1:colcon.colcon_core.package_identification:_identify(src) by extensions ['python_setup_py']
[0.484s] Level 1:colcon.colcon_core.package_identification:_identify(src) by extension 'python_setup_py'
[0.484s] Level 1:colcon.colcon_core.package_identification:_identify(src/detection) by extensions ['ignore', 'ignore_ament_install']
[0.484s] Level 1:colcon.colcon_core.package_identification:_identify(src/detection) by extension 'ignore'
[0.484s] Level 1:colcon.colcon_core.package_identification:_identify(src/detection) by extension 'ignore_ament_install'
[0.484s] Level 1:colcon.colcon_core.package_identification:_identify(src/detection) by extensions ['colcon_pkg']
[0.484s] Level 1:colcon.colcon_core.package_identification:_identify(src/detection) by extension 'colcon_pkg'
[0.484s] Level 1:colcon.colcon_core.package_identification:_identify(src/detection) by extensions ['colcon_meta']
[0.484s] Level 1:colcon.colcon_core.package_identification:_identify(src/detection) by extension 'colcon_meta'
[0.484s] Level 1:colcon.colcon_core.package_identification:_identify(src/detection) by extensions ['ros']
[0.484s] Level 1:colcon.colcon_core.package_identification:_identify(src/detection) by extension 'ros'
[0.485s] Level 1:colcon.colcon_core.package_identification:_identify(src/detection) by extensions ['cmake', 'python']
[0.485s] Level 1:colcon.colcon_core.package_identification:_identify(src/detection) by extension 'cmake'
[0.485s] Level 1:colcon.colcon_core.package_identification:_identify(src/detection) by extension 'python'
[0.485s] Level 1:colcon.colcon_core.package_identification:_identify(src/detection) by extensions ['python_setup_py']
[0.485s] Level 1:colcon.colcon_core.package_identification:_identify(src/detection) by extension 'python_setup_py'
[0.485s] Level 1:colcon.colcon_core.package_identification:_identify(src/detection/build) by extensions ['ignore', 'ignore_ament_install']
[0.485s] Level 1:colcon.colcon_core.package_identification:_identify(src/detection/build) by extension 'ignore'
[0.486s] Level 1:colcon.colcon_core.package_identification:_identify(src/detection/build) ignored
[0.486s] Level 1:colcon.colcon_core.package_identification:_identify(src/detection/install) by extensions ['ignore', 'ignore_ament_install']
[0.486s] Level 1:colcon.colcon_core.package_identification:_identify(src/detection/install) by extension 'ignore'
[0.486s] Level 1:colcon.colcon_core.package_identification:_identify(src/detection/install) ignored
[0.486s] Level 1:colcon.colcon_core.package_identification:_identify(src/detection/log) by extensions ['ignore', 'ignore_ament_install']
[0.486s] Level 1:colcon.colcon_core.package_identification:_identify(src/detection/log) by extension 'ignore'
[0.486s] Level 1:colcon.colcon_core.package_identification:_identify(src/detection/log) ignored
[0.486s] Level 1:colcon.colcon_core.package_identification:_identify(src/detection/object_detection_msgs) by extensions ['ignore', 'ignore_ament_install']
[0.486s] Level 1:colcon.colcon_core.package_identification:_identify(src/detection/object_detection_msgs) by extension 'ignore'
[0.486s] Level 1:colcon.colcon_core.package_identification:_identify(src/detection/object_detection_msgs) by extension 'ignore_ament_install'
[0.487s] Level 1:colcon.colcon_core.package_identification:_identify(src/detection/object_detection_msgs) by extensions ['colcon_pkg']
[0.487s] Level 1:colcon.colcon_core.package_identification:_identify(src/detection/object_detection_msgs) by extension 'colcon_pkg'
[0.487s] Level 1:colcon.colcon_core.package_identification:_identify(src/detection/object_detection_msgs) by extensions ['colcon_meta']
[0.487s] Level 1:colcon.colcon_core.package_identification:_identify(src/detection/object_detection_msgs) by extension 'colcon_meta'
[0.487s] Level 1:colcon.colcon_core.package_identification:_identify(src/detection/object_detection_msgs) by extensions ['ros']
[0.487s] Level 1:colcon.colcon_core.package_identification:_identify(src/detection/object_detection_msgs) by extension 'ros'
[0.498s] DEBUG:colcon.colcon_core.package_identification:Package 'src/detection/object_detection_msgs' with type 'ros.ament_cmake' and name 'object_detection_msgs'
[0.499s] Level 1:colcon.colcon_core.package_identification:_identify(src/detection/target_ekf) by extensions ['ignore', 'ignore_ament_install']
[0.499s] Level 1:colcon.colcon_core.package_identification:_identify(src/detection/target_ekf) by extension 'ignore'
[0.499s] Level 1:colcon.colcon_core.package_identification:_identify(src/detection/target_ekf) by extension 'ignore_ament_install'
[0.499s] Level 1:colcon.colcon_core.package_identification:_identify(src/detection/target_ekf) by extensions ['colcon_pkg']
[0.499s] Level 1:colcon.colcon_core.package_identification:_identify(src/detection/target_ekf) by extension 'colcon_pkg'
[0.499s] Level 1:colcon.colcon_core.package_identification:_identify(src/detection/target_ekf) by extensions ['colcon_meta']
[0.499s] Level 1:colcon.colcon_core.package_identification:_identify(src/detection/target_ekf) by extension 'colcon_meta'
[0.499s] Level 1:colcon.colcon_core.package_identification:_identify(src/detection/target_ekf) by extensions ['ros']
[0.499s] Level 1:colcon.colcon_core.package_identification:_identify(src/detection/target_ekf) by extension 'ros'
[0.501s] DEBUG:colcon.colcon_core.package_identification:Package 'src/detection/target_ekf' with type 'ros.ament_cmake' and name 'target_ekf'
[0.501s] Level 1:colcon.colcon_core.package_identification:_identify(src/mapping) by extensions ['ignore', 'ignore_ament_install']
[0.501s] Level 1:colcon.colcon_core.package_identification:_identify(src/mapping) by extension 'ignore'
[0.501s] Level 1:colcon.colcon_core.package_identification:_identify(src/mapping) by extension 'ignore_ament_install'
[0.501s] Level 1:colcon.colcon_core.package_identification:_identify(src/mapping) by extensions ['colcon_pkg']
[0.501s] Level 1:colcon.colcon_core.package_identification:_identify(src/mapping) by extension 'colcon_pkg'
[0.501s] Level 1:colcon.colcon_core.package_identification:_identify(src/mapping) by extensions ['colcon_meta']
[0.501s] Level 1:colcon.colcon_core.package_identification:_identify(src/mapping) by extension 'colcon_meta'
[0.501s] Level 1:colcon.colcon_core.package_identification:_identify(src/mapping) by extensions ['ros']
[0.501s] Level 1:colcon.colcon_core.package_identification:_identify(src/mapping) by extension 'ros'
[0.502s] DEBUG:colcon.colcon_core.package_identification:Package 'src/mapping' with type 'ros.ament_cmake' and name 'mapping'
[0.502s] Level 1:colcon.colcon_core.package_identification:_identify(src/planning) by extensions ['ignore', 'ignore_ament_install']
[0.502s] Level 1:colcon.colcon_core.package_identification:_identify(src/planning) by extension 'ignore'
[0.503s] Level 1:colcon.colcon_core.package_identification:_identify(src/planning) ignored
[0.503s] Level 1:colcon.colcon_core.package_identification:_identify(src/quadrotor_msgs) by extensions ['ignore', 'ignore_ament_install']
[0.503s] Level 1:colcon.colcon_core.package_identification:_identify(src/quadrotor_msgs) by extension 'ignore'
[0.503s] Level 1:colcon.colcon_core.package_identification:_identify(src/quadrotor_msgs) by extension 'ignore_ament_install'
[0.503s] Level 1:colcon.colcon_core.package_identification:_identify(src/quadrotor_msgs) by extensions ['colcon_pkg']
[0.503s] Level 1:colcon.colcon_core.package_identification:_identify(src/quadrotor_msgs) by extension 'colcon_pkg'
[0.503s] Level 1:colcon.colcon_core.package_identification:_identify(src/quadrotor_msgs) by extensions ['colcon_meta']
[0.503s] Level 1:colcon.colcon_core.package_identification:_identify(src/quadrotor_msgs) by extension 'colcon_meta'
[0.503s] Level 1:colcon.colcon_core.package_identification:_identify(src/quadrotor_msgs) by extensions ['ros']
[0.503s] Level 1:colcon.colcon_core.package_identification:_identify(src/quadrotor_msgs) by extension 'ros'
[0.505s] DEBUG:colcon.colcon_core.package_identification:Package 'src/quadrotor_msgs' with type 'ros.ament_cmake' and name 'quadrotor_msgs'
[0.505s] Level 1:colcon.colcon_core.package_identification:_identify(src/uav_simulator) by extensions ['ignore', 'ignore_ament_install']
[0.505s] Level 1:colcon.colcon_core.package_identification:_identify(src/uav_simulator) by extension 'ignore'
[0.505s] Level 1:colcon.colcon_core.package_identification:_identify(src/uav_simulator) ignored
[0.505s] Level 1:colcon.colcon_core.package_discovery:discover_packages(recursive) using defaults
[0.505s] Level 1:colcon.colcon_core.package_discovery:discover_packages(ignore) discover
[0.505s] Level 1:colcon.colcon_core.package_discovery:discover_packages(ignore) using defaults
[0.505s] Level 1:colcon.colcon_core.package_discovery:discover_packages(path) discover
[0.505s] Level 1:colcon.colcon_core.package_discovery:discover_packages(path) using defaults
[0.538s] Level 5:colcon.colcon_core.verb:set package 'object_detection_msgs' build argument 'cmake_args' from command line to 'None'
[0.539s] Level 5:colcon.colcon_core.verb:set package 'object_detection_msgs' build argument 'cmake_target' from command line to 'None'
[0.539s] Level 5:colcon.colcon_core.verb:set package 'object_detection_msgs' build argument 'cmake_target_skip_unavailable' from command line to 'False'
[0.539s] Level 5:colcon.colcon_core.verb:set package 'object_detection_msgs' build argument 'cmake_clean_cache' from command line to 'False'
[0.539s] Level 5:colcon.colcon_core.verb:set package 'object_detection_msgs' build argument 'cmake_clean_first' from command line to 'False'
[0.539s] Level 5:colcon.colcon_core.verb:set package 'object_detection_msgs' build argument 'cmake_force_configure' from command line to 'False'
[0.539s] Level 5:colcon.colcon_core.verb:set package 'object_detection_msgs' build argument 'ament_cmake_args' from command line to 'None'
[0.539s] Level 5:colcon.colcon_core.verb:set package 'object_detection_msgs' build argument 'catkin_cmake_args' from command line to 'None'
[0.539s] Level 5:colcon.colcon_core.verb:set package 'object_detection_msgs' build argument 'catkin_skip_building_tests' from command line to 'False'
[0.539s] DEBUG:colcon.colcon_core.verb:Building package 'object_detection_msgs' with the following arguments: {'ament_cmake_args': None, 'build_base': '/mpc/new/Elastic-Tracker/build/object_detection_msgs', 'catkin_cmake_args': None, 'catkin_skip_building_tests': False, 'cmake_args': None, 'cmake_clean_cache': False, 'cmake_clean_first': False, 'cmake_force_configure': False, 'cmake_target': None, 'cmake_target_skip_unavailable': False, 'install_base': '/mpc/new/Elastic-Tracker/install/object_detection_msgs', 'merge_install': False, 'path': '/mpc/new/Elastic-Tracker/src/detection/object_detection_msgs', 'symlink_install': False, 'test_result_base': None}
[0.539s] Level 5:colcon.colcon_core.verb:set package 'quadrotor_msgs' build argument 'cmake_args' from command line to 'None'
[0.540s] Level 5:colcon.colcon_core.verb:set package 'quadrotor_msgs' build argument 'cmake_target' from command line to 'None'
[0.540s] Level 5:colcon.colcon_core.verb:set package 'quadrotor_msgs' build argument 'cmake_target_skip_unavailable' from command line to 'False'
[0.540s] Level 5:colcon.colcon_core.verb:set package 'quadrotor_msgs' build argument 'cmake_clean_cache' from command line to 'False'
[0.540s] Level 5:colcon.colcon_core.verb:set package 'quadrotor_msgs' build argument 'cmake_clean_first' from command line to 'False'
[0.540s] Level 5:colcon.colcon_core.verb:set package 'quadrotor_msgs' build argument 'cmake_force_configure' from command line to 'False'
[0.540s] Level 5:colcon.colcon_core.verb:set package 'quadrotor_msgs' build argument 'ament_cmake_args' from command line to 'None'
[0.540s] Level 5:colcon.colcon_core.verb:set package 'quadrotor_msgs' build argument 'catkin_cmake_args' from command line to 'None'
[0.540s] Level 5:colcon.colcon_core.verb:set package 'quadrotor_msgs' build argument 'catkin_skip_building_tests' from command line to 'False'
[0.540s] DEBUG:colcon.colcon_core.verb:Building package 'quadrotor_msgs' with the following arguments: {'ament_cmake_args': None, 'build_base': '/mpc/new/Elastic-Tracker/build/quadrotor_msgs', 'catkin_cmake_args': None, 'catkin_skip_building_tests': False, 'cmake_args': None, 'cmake_clean_cache': False, 'cmake_clean_first': False, 'cmake_force_configure': False, 'cmake_target': None, 'cmake_target_skip_unavailable': False, 'install_base': '/mpc/new/Elastic-Tracker/install/quadrotor_msgs', 'merge_install': False, 'path': '/mpc/new/Elastic-Tracker/src/quadrotor_msgs', 'symlink_install': False, 'test_result_base': None}
[0.541s] Level 5:colcon.colcon_core.verb:set package 'mapping' build argument 'cmake_args' from command line to 'None'
[0.541s] Level 5:colcon.colcon_core.verb:set package 'mapping' build argument 'cmake_target' from command line to 'None'
[0.541s] Level 5:colcon.colcon_core.verb:set package 'mapping' build argument 'cmake_target_skip_unavailable' from command line to 'False'
[0.541s] Level 5:colcon.colcon_core.verb:set package 'mapping' build argument 'cmake_clean_cache' from command line to 'False'
[0.541s] Level 5:colcon.colcon_core.verb:set package 'mapping' build argument 'cmake_clean_first' from command line to 'False'
[0.541s] Level 5:colcon.colcon_core.verb:set package 'mapping' build argument 'cmake_force_configure' from command line to 'False'
[0.541s] Level 5:colcon.colcon_core.verb:set package 'mapping' build argument 'ament_cmake_args' from command line to 'None'
[0.541s] Level 5:colcon.colcon_core.verb:set package 'mapping' build argument 'catkin_cmake_args' from command line to 'None'
[0.541s] Level 5:colcon.colcon_core.verb:set package 'mapping' build argument 'catkin_skip_building_tests' from command line to 'False'
[0.541s] DEBUG:colcon.colcon_core.verb:Building package 'mapping' with the following arguments: {'ament_cmake_args': None, 'build_base': '/mpc/new/Elastic-Tracker/build/mapping', 'catkin_cmake_args': None, 'catkin_skip_building_tests': False, 'cmake_args': None, 'cmake_clean_cache': False, 'cmake_clean_first': False, 'cmake_force_configure': False, 'cmake_target': None, 'cmake_target_skip_unavailable': False, 'install_base': '/mpc/new/Elastic-Tracker/install/mapping', 'merge_install': False, 'path': '/mpc/new/Elastic-Tracker/src/mapping', 'symlink_install': False, 'test_result_base': None}
[0.542s] Level 5:colcon.colcon_core.verb:set package 'target_ekf' build argument 'cmake_args' from command line to 'None'
[0.542s] Level 5:colcon.colcon_core.verb:set package 'target_ekf' build argument 'cmake_target' from command line to 'None'
[0.542s] Level 5:colcon.colcon_core.verb:set package 'target_ekf' build argument 'cmake_target_skip_unavailable' from command line to 'False'
[0.542s] Level 5:colcon.colcon_core.verb:set package 'target_ekf' build argument 'cmake_clean_cache' from command line to 'False'
[0.542s] Level 5:colcon.colcon_core.verb:set package 'target_ekf' build argument 'cmake_clean_first' from command line to 'False'
[0.542s] Level 5:colcon.colcon_core.verb:set package 'target_ekf' build argument 'cmake_force_configure' from command line to 'False'
[0.542s] Level 5:colcon.colcon_core.verb:set package 'target_ekf' build argument 'ament_cmake_args' from command line to 'None'
[0.543s] Level 5:colcon.colcon_core.verb:set package 'target_ekf' build argument 'catkin_cmake_args' from command line to 'None'
[0.543s] Level 5:colcon.colcon_core.verb:set package 'target_ekf' build argument 'catkin_skip_building_tests' from command line to 'False'
[0.543s] DEBUG:colcon.colcon_core.verb:Building package 'target_ekf' with the following arguments: {'ament_cmake_args': None, 'build_base': '/mpc/new/Elastic-Tracker/build/target_ekf', 'catkin_cmake_args': None, 'catkin_skip_building_tests': False, 'cmake_args': None, 'cmake_clean_cache': False, 'cmake_clean_first': False, 'cmake_force_configure': False, 'cmake_target': None, 'cmake_target_skip_unavailable': False, 'install_base': '/mpc/new/Elastic-Tracker/install/target_ekf', 'merge_install': False, 'path': '/mpc/new/Elastic-Tracker/src/detection/target_ekf', 'symlink_install': False, 'test_result_base': None}
[0.543s] INFO:colcon.colcon_core.executor:Executing jobs using 'parallel' executor
[0.544s] DEBUG:colcon.colcon_parallel_executor.executor.parallel:run_until_complete
[0.545s] INFO:colcon.colcon_ros.task.ament_cmake.build:Building ROS package in '/mpc/new/Elastic-Tracker/src/detection/object_detection_msgs' with build type 'ament_cmake'
[0.545s] INFO:colcon.colcon_cmake.task.cmake.build:Building CMake package in '/mpc/new/Elastic-Tracker/src/detection/object_detection_msgs'
[0.548s] INFO:colcon.colcon_core.plugin_system:Skipping extension 'colcon_core.shell.bat': Not used on non-Windows systems
[0.548s] INFO:colcon.colcon_core.shell:Skip shell extension 'powershell' for command environment: Not usable outside of PowerShell
[0.548s] DEBUG:colcon.colcon_core.shell:Skip shell extension 'dsv' for command environment
[0.555s] INFO:colcon.colcon_ros.task.ament_cmake.build:Building ROS package in '/mpc/new/Elastic-Tracker/src/quadrotor_msgs' with build type 'ament_cmake'
[0.555s] INFO:colcon.colcon_cmake.task.cmake.build:Building CMake package in '/mpc/new/Elastic-Tracker/src/quadrotor_msgs'
[0.555s] INFO:colcon.colcon_core.shell:Skip shell extension 'powershell' for command environment: Not usable outside of PowerShell
[0.555s] DEBUG:colcon.colcon_core.shell:Skip shell extension 'dsv' for command environment
[0.570s] DEBUG:colcon.colcon_core.event_handler.log_command:Invoking command in '/mpc/new/Elastic-Tracker/build/object_detection_msgs': CMAKE_PREFIX_PATH=${CMAKE_PREFIX_PATH}:/opt/ros/humble /usr/bin/cmake --build /mpc/new/Elastic-Tracker/build/object_detection_msgs -- -j12 -l12
[0.574s] DEBUG:colcon.colcon_core.event_handler.log_command:Invoking command in '/mpc/new/Elastic-Tracker/build/quadrotor_msgs': CMAKE_PREFIX_PATH=${CMAKE_PREFIX_PATH}:/opt/ros/humble /usr/bin/cmake --build /mpc/new/Elastic-Tracker/build/quadrotor_msgs -- -j12 -l12
[1.212s] DEBUG:colcon.colcon_core.event_handler.log_command:Invoked command in '/mpc/new/Elastic-Tracker/build/quadrotor_msgs' returned '0': CMAKE_PREFIX_PATH=${CMAKE_PREFIX_PATH}:/opt/ros/humble /usr/bin/cmake --build /mpc/new/Elastic-Tracker/build/quadrotor_msgs -- -j12 -l12
[1.223s] DEBUG:colcon.colcon_core.event_handler.log_command:Invoking command in '/mpc/new/Elastic-Tracker/build/quadrotor_msgs': CMAKE_PREFIX_PATH=${CMAKE_PREFIX_PATH}:/opt/ros/humble /usr/bin/cmake --install /mpc/new/Elastic-Tracker/build/quadrotor_msgs
[1.260s] DEBUG:colcon.colcon_core.event_handler.log_command:Invoked command in '/mpc/new/Elastic-Tracker/build/object_detection_msgs' returned '0': CMAKE_PREFIX_PATH=${CMAKE_PREFIX_PATH}:/opt/ros/humble /usr/bin/cmake --build /mpc/new/Elastic-Tracker/build/object_detection_msgs -- -j12 -l12
[1.261s] DEBUG:colcon.colcon_core.event_handler.log_command:Invoking command in '/mpc/new/Elastic-Tracker/build/object_detection_msgs': CMAKE_PREFIX_PATH=${CMAKE_PREFIX_PATH}:/opt/ros/humble /usr/bin/cmake --install /mpc/new/Elastic-Tracker/build/object_detection_msgs
[1.326s] Level 1:colcon.colcon_core.environment:create_environment_scripts_only(quadrotor_msgs)
[1.329s] DEBUG:colcon.colcon_core.event_handler.log_command:Invoked command in '/mpc/new/Elastic-Tracker/build/quadrotor_msgs' returned '0': CMAKE_PREFIX_PATH=${CMAKE_PREFIX_PATH}:/opt/ros/humble /usr/bin/cmake --install /mpc/new/Elastic-Tracker/build/quadrotor_msgs
[1.336s] Level 1:colcon.colcon_core.environment:checking '/mpc/new/Elastic-Tracker/install/quadrotor_msgs' for CMake module files
[1.337s] Level 1:colcon.colcon_core.environment:checking '/mpc/new/Elastic-Tracker/install/quadrotor_msgs' for CMake config files
[1.340s] Level 1:colcon.colcon_core.shell:create_environment_hook('quadrotor_msgs', 'cmake_prefix_path')
[1.340s] INFO:colcon.colcon_core.shell:Creating environment hook '/mpc/new/Elastic-Tracker/install/quadrotor_msgs/share/quadrotor_msgs/hook/cmake_prefix_path.ps1'
[1.341s] INFO:colcon.colcon_core.shell:Creating environment descriptor '/mpc/new/Elastic-Tracker/install/quadrotor_msgs/share/quadrotor_msgs/hook/cmake_prefix_path.dsv'
[1.341s] INFO:colcon.colcon_core.shell:Creating environment hook '/mpc/new/Elastic-Tracker/install/quadrotor_msgs/share/quadrotor_msgs/hook/cmake_prefix_path.sh'
[1.342s] Level 1:colcon.colcon_core.environment:checking '/mpc/new/Elastic-Tracker/install/quadrotor_msgs/lib'
[1.342s] Level 1:colcon.colcon_core.shell:create_environment_hook('quadrotor_msgs', 'ld_library_path_lib')
[1.343s] INFO:colcon.colcon_core.shell:Creating environment hook '/mpc/new/Elastic-Tracker/install/quadrotor_msgs/share/quadrotor_msgs/hook/ld_library_path_lib.ps1'
[1.343s] INFO:colcon.colcon_core.shell:Creating environment descriptor '/mpc/new/Elastic-Tracker/install/quadrotor_msgs/share/quadrotor_msgs/hook/ld_library_path_lib.dsv'
[1.344s] INFO:colcon.colcon_core.shell:Creating environment hook '/mpc/new/Elastic-Tracker/install/quadrotor_msgs/share/quadrotor_msgs/hook/ld_library_path_lib.sh'
[1.344s] Level 1:colcon.colcon_core.environment:checking '/mpc/new/Elastic-Tracker/install/quadrotor_msgs/bin'
[1.344s] Level 1:colcon.colcon_core.environment:checking '/mpc/new/Elastic-Tracker/install/quadrotor_msgs/lib/pkgconfig/quadrotor_msgs.pc'
[1.346s] Level 1:colcon.colcon_core.environment:checking '/mpc/new/Elastic-Tracker/install/quadrotor_msgs/lib/python3.10/site-packages'
[1.346s] Level 1:colcon.colcon_core.environment:checking '/mpc/new/Elastic-Tracker/install/quadrotor_msgs/bin'
[1.347s] INFO:colcon.colcon_core.shell:Creating package script '/mpc/new/Elastic-Tracker/install/quadrotor_msgs/share/quadrotor_msgs/package.ps1'
[1.348s] INFO:colcon.colcon_core.shell:Creating package descriptor '/mpc/new/Elastic-Tracker/install/quadrotor_msgs/share/quadrotor_msgs/package.dsv'
[1.349s] INFO:colcon.colcon_core.shell:Creating package script '/mpc/new/Elastic-Tracker/install/quadrotor_msgs/share/quadrotor_msgs/package.sh'
[1.350s] INFO:colcon.colcon_core.shell:Creating package script '/mpc/new/Elastic-Tracker/install/quadrotor_msgs/share/quadrotor_msgs/package.bash'
[1.351s] INFO:colcon.colcon_core.shell:Creating package script '/mpc/new/Elastic-Tracker/install/quadrotor_msgs/share/quadrotor_msgs/package.zsh'
[1.353s] Level 1:colcon.colcon_core.environment:create_file_with_runtime_dependencies(/mpc/new/Elastic-Tracker/install/quadrotor_msgs/share/colcon-core/packages/quadrotor_msgs)
[1.354s] Level 1:colcon.colcon_core.environment:create_environment_scripts_only(quadrotor_msgs)
[1.355s] Level 1:colcon.colcon_core.environment:checking '/mpc/new/Elastic-Tracker/install/quadrotor_msgs' for CMake module files
[1.356s] Level 1:colcon.colcon_core.environment:checking '/mpc/new/Elastic-Tracker/install/quadrotor_msgs' for CMake config files
[1.357s] Level 1:colcon.colcon_core.shell:create_environment_hook('quadrotor_msgs', 'cmake_prefix_path')
[1.357s] INFO:colcon.colcon_core.shell:Creating environment hook '/mpc/new/Elastic-Tracker/install/quadrotor_msgs/share/quadrotor_msgs/hook/cmake_prefix_path.ps1'
[1.358s] INFO:colcon.colcon_core.shell:Creating environment descriptor '/mpc/new/Elastic-Tracker/install/quadrotor_msgs/share/quadrotor_msgs/hook/cmake_prefix_path.dsv'
[1.358s] INFO:colcon.colcon_core.shell:Creating environment hook '/mpc/new/Elastic-Tracker/install/quadrotor_msgs/share/quadrotor_msgs/hook/cmake_prefix_path.sh'
[1.359s] Level 1:colcon.colcon_core.environment:checking '/mpc/new/Elastic-Tracker/install/quadrotor_msgs/lib'
[1.359s] Level 1:colcon.colcon_core.shell:create_environment_hook('quadrotor_msgs', 'ld_library_path_lib')
[1.359s] INFO:colcon.colcon_core.shell:Creating environment hook '/mpc/new/Elastic-Tracker/install/quadrotor_msgs/share/quadrotor_msgs/hook/ld_library_path_lib.ps1'
[1.360s] INFO:colcon.colcon_core.shell:Creating environment descriptor '/mpc/new/Elastic-Tracker/install/quadrotor_msgs/share/quadrotor_msgs/hook/ld_library_path_lib.dsv'
[1.360s] INFO:colcon.colcon_core.shell:Creating environment hook '/mpc/new/Elastic-Tracker/install/quadrotor_msgs/share/quadrotor_msgs/hook/ld_library_path_lib.sh'
[1.360s] Level 1:colcon.colcon_core.environment:checking '/mpc/new/Elastic-Tracker/install/quadrotor_msgs/bin'
[1.361s] Level 1:colcon.colcon_core.environment:checking '/mpc/new/Elastic-Tracker/install/quadrotor_msgs/lib/pkgconfig/quadrotor_msgs.pc'
[1.361s] Level 1:colcon.colcon_core.environment:checking '/mpc/new/Elastic-Tracker/install/quadrotor_msgs/lib/python3.10/site-packages'
[1.361s] Level 1:colcon.colcon_core.environment:checking '/mpc/new/Elastic-Tracker/install/quadrotor_msgs/bin'
[1.362s] INFO:colcon.colcon_core.shell:Creating package script '/mpc/new/Elastic-Tracker/install/quadrotor_msgs/share/quadrotor_msgs/package.ps1'
[1.362s] INFO:colcon.colcon_core.shell:Creating package descriptor '/mpc/new/Elastic-Tracker/install/quadrotor_msgs/share/quadrotor_msgs/package.dsv'
[1.363s] INFO:colcon.colcon_core.shell:Creating package script '/mpc/new/Elastic-Tracker/install/quadrotor_msgs/share/quadrotor_msgs/package.sh'
[1.363s] INFO:colcon.colcon_core.shell:Creating package script '/mpc/new/Elastic-Tracker/install/quadrotor_msgs/share/quadrotor_msgs/package.bash'
[1.364s] INFO:colcon.colcon_core.shell:Creating package script '/mpc/new/Elastic-Tracker/install/quadrotor_msgs/share/quadrotor_msgs/package.zsh'
[1.365s] Level 1:colcon.colcon_core.environment:create_file_with_runtime_dependencies(/mpc/new/Elastic-Tracker/install/quadrotor_msgs/share/colcon-core/packages/quadrotor_msgs)
[1.366s] Level 1:colcon.colcon_core.environment:create_environment_scripts_only(object_detection_msgs)
[1.366s] Level 1:colcon.colcon_core.environment:checking '/mpc/new/Elastic-Tracker/install/object_detection_msgs' for CMake module files
[1.367s] DEBUG:colcon.colcon_core.event_handler.log_command:Invoked command in '/mpc/new/Elastic-Tracker/build/object_detection_msgs' returned '0': CMAKE_PREFIX_PATH=${CMAKE_PREFIX_PATH}:/opt/ros/humble /usr/bin/cmake --install /mpc/new/Elastic-Tracker/build/object_detection_msgs
[1.368s] Level 1:colcon.colcon_core.environment:checking '/mpc/new/Elastic-Tracker/install/object_detection_msgs' for CMake config files
[1.369s] Level 1:colcon.colcon_core.shell:create_environment_hook('object_detection_msgs', 'cmake_prefix_path')
[1.369s] INFO:colcon.colcon_core.shell:Creating environment hook '/mpc/new/Elastic-Tracker/install/object_detection_msgs/share/object_detection_msgs/hook/cmake_prefix_path.ps1'
[1.370s] INFO:colcon.colcon_core.shell:Creating environment descriptor '/mpc/new/Elastic-Tracker/install/object_detection_msgs/share/object_detection_msgs/hook/cmake_prefix_path.dsv'
[1.371s] INFO:colcon.colcon_core.shell:Creating environment hook '/mpc/new/Elastic-Tracker/install/object_detection_msgs/share/object_detection_msgs/hook/cmake_prefix_path.sh'
[1.372s] Level 1:colcon.colcon_core.environment:checking '/mpc/new/Elastic-Tracker/install/object_detection_msgs/lib'
[1.372s] Level 1:colcon.colcon_core.shell:create_environment_hook('object_detection_msgs', 'ld_library_path_lib')
[1.373s] INFO:colcon.colcon_core.shell:Creating environment hook '/mpc/new/Elastic-Tracker/install/object_detection_msgs/share/object_detection_msgs/hook/ld_library_path_lib.ps1'
[1.373s] INFO:colcon.colcon_core.shell:Creating environment descriptor '/mpc/new/Elastic-Tracker/install/object_detection_msgs/share/object_detection_msgs/hook/ld_library_path_lib.dsv'
[1.374s] INFO:colcon.colcon_core.shell:Creating environment hook '/mpc/new/Elastic-Tracker/install/object_detection_msgs/share/object_detection_msgs/hook/ld_library_path_lib.sh'
[1.375s] Level 1:colcon.colcon_core.environment:checking '/mpc/new/Elastic-Tracker/install/object_detection_msgs/bin'
[1.375s] Level 1:colcon.colcon_core.environment:checking '/mpc/new/Elastic-Tracker/install/object_detection_msgs/lib/pkgconfig/object_detection_msgs.pc'
[1.375s] Level 1:colcon.colcon_core.environment:checking '/mpc/new/Elastic-Tracker/install/object_detection_msgs/lib/python3.10/site-packages'
[1.376s] Level 1:colcon.colcon_core.environment:checking '/mpc/new/Elastic-Tracker/install/object_detection_msgs/bin'
[1.376s] INFO:colcon.colcon_core.shell:Creating package script '/mpc/new/Elastic-Tracker/install/object_detection_msgs/share/object_detection_msgs/package.ps1'
[1.377s] INFO:colcon.colcon_core.shell:Creating package descriptor '/mpc/new/Elastic-Tracker/install/object_detection_msgs/share/object_detection_msgs/package.dsv'
[1.378s] INFO:colcon.colcon_core.shell:Creating package script '/mpc/new/Elastic-Tracker/install/object_detection_msgs/share/object_detection_msgs/package.sh'
[1.379s] INFO:colcon.colcon_core.shell:Creating package script '/mpc/new/Elastic-Tracker/install/object_detection_msgs/share/object_detection_msgs/package.bash'
[1.379s] INFO:colcon.colcon_core.shell:Creating package script '/mpc/new/Elastic-Tracker/install/object_detection_msgs/share/object_detection_msgs/package.zsh'
[1.380s] Level 1:colcon.colcon_core.environment:create_file_with_runtime_dependencies(/mpc/new/Elastic-Tracker/install/object_detection_msgs/share/colcon-core/packages/object_detection_msgs)
[1.381s] Level 1:colcon.colcon_core.environment:create_environment_scripts_only(object_detection_msgs)
[1.381s] Level 1:colcon.colcon_core.environment:checking '/mpc/new/Elastic-Tracker/install/object_detection_msgs' for CMake module files
[1.383s] Level 1:colcon.colcon_core.environment:checking '/mpc/new/Elastic-Tracker/install/object_detection_msgs' for CMake config files
[1.383s] Level 1:colcon.colcon_core.shell:create_environment_hook('object_detection_msgs', 'cmake_prefix_path')
[1.384s] INFO:colcon.colcon_core.shell:Creating environment hook '/mpc/new/Elastic-Tracker/install/object_detection_msgs/share/object_detection_msgs/hook/cmake_prefix_path.ps1'
[1.384s] INFO:colcon.colcon_core.shell:Creating environment descriptor '/mpc/new/Elastic-Tracker/install/object_detection_msgs/share/object_detection_msgs/hook/cmake_prefix_path.dsv'
[1.385s] INFO:colcon.colcon_core.shell:Creating environment hook '/mpc/new/Elastic-Tracker/install/object_detection_msgs/share/object_detection_msgs/hook/cmake_prefix_path.sh'
[1.386s] Level 1:colcon.colcon_core.environment:checking '/mpc/new/Elastic-Tracker/install/object_detection_msgs/lib'
[1.386s] Level 1:colcon.colcon_core.shell:create_environment_hook('object_detection_msgs', 'ld_library_path_lib')
[1.387s] INFO:colcon.colcon_core.shell:Creating environment hook '/mpc/new/Elastic-Tracker/install/object_detection_msgs/share/object_detection_msgs/hook/ld_library_path_lib.ps1'
[1.387s] INFO:colcon.colcon_core.shell:Creating environment descriptor '/mpc/new/Elastic-Tracker/install/object_detection_msgs/share/object_detection_msgs/hook/ld_library_path_lib.dsv'
[1.388s] INFO:colcon.colcon_core.shell:Creating environment hook '/mpc/new/Elastic-Tracker/install/object_detection_msgs/share/object_detection_msgs/hook/ld_library_path_lib.sh'
[1.388s] Level 1:colcon.colcon_core.environment:checking '/mpc/new/Elastic-Tracker/install/object_detection_msgs/bin'
[1.389s] Level 1:colcon.colcon_core.environment:checking '/mpc/new/Elastic-Tracker/install/object_detection_msgs/lib/pkgconfig/object_detection_msgs.pc'
[1.389s] Level 1:colcon.colcon_core.environment:checking '/mpc/new/Elastic-Tracker/install/object_detection_msgs/lib/python3.10/site-packages'
[1.389s] Level 1:colcon.colcon_core.environment:checking '/mpc/new/Elastic-Tracker/install/object_detection_msgs/bin'
[1.390s] INFO:colcon.colcon_core.shell:Creating package script '/mpc/new/Elastic-Tracker/install/object_detection_msgs/share/object_detection_msgs/package.ps1'
[1.391s] INFO:colcon.colcon_core.shell:Creating package descriptor '/mpc/new/Elastic-Tracker/install/object_detection_msgs/share/object_detection_msgs/package.dsv'
[1.392s] INFO:colcon.colcon_core.shell:Creating package script '/mpc/new/Elastic-Tracker/install/object_detection_msgs/share/object_detection_msgs/package.sh'
[1.393s] INFO:colcon.colcon_core.shell:Creating package script '/mpc/new/Elastic-Tracker/install/object_detection_msgs/share/object_detection_msgs/package.bash'
[1.393s] INFO:colcon.colcon_core.shell:Creating package script '/mpc/new/Elastic-Tracker/install/object_detection_msgs/share/object_detection_msgs/package.zsh'
[1.394s] Level 1:colcon.colcon_core.environment:create_file_with_runtime_dependencies(/mpc/new/Elastic-Tracker/install/object_detection_msgs/share/colcon-core/packages/object_detection_msgs)
[1.394s] INFO:colcon.colcon_ros.task.ament_cmake.build:Building ROS package in '/mpc/new/Elastic-Tracker/src/mapping' with build type 'ament_cmake'
[1.394s] INFO:colcon.colcon_cmake.task.cmake.build:Building CMake package in '/mpc/new/Elastic-Tracker/src/mapping'
[1.395s] INFO:colcon.colcon_core.shell:Skip shell extension 'powershell' for command environment: Not usable outside of PowerShell
[1.395s] DEBUG:colcon.colcon_core.shell:Skip shell extension 'dsv' for command environment
[1.403s] INFO:colcon.colcon_ros.task.ament_cmake.build:Building ROS package in '/mpc/new/Elastic-Tracker/src/detection/target_ekf' with build type 'ament_cmake'
[1.403s] INFO:colcon.colcon_cmake.task.cmake.build:Building CMake package in '/mpc/new/Elastic-Tracker/src/detection/target_ekf'
[1.403s] INFO:colcon.colcon_core.shell:Skip shell extension 'powershell' for command environment: Not usable outside of PowerShell
[1.403s] DEBUG:colcon.colcon_core.shell:Skip shell extension 'dsv' for command environment
[1.421s] DEBUG:colcon.colcon_core.event_handler.log_command:Invoking command in '/mpc/new/Elastic-Tracker/build/mapping': CMAKE_PREFIX_PATH=/mpc/new/Elastic-Tracker/install/quadrotor_msgs:/mpc/new/Elastic-Tracker/install/object_detection_msgs:/mpc/new/Elastic-Tracker/src/mapping/install/mapping:/mpc/new/Elastic-Tracker/install/target_ekf:/mpc/new/Elastic-Tracker/install/mapping:/mpc/new/Elastic-Tracker/install/decomp_ros_msgs:/mpc/new/Elastic-Tracker/install/decomp_geometry:/mpc/new/Elastic-Tracker/install/decomp_basis:/opt/ros/humble LD_LIBRARY_PATH=/mpc/new/Elastic-Tracker/install/quadrotor_msgs/lib:/mpc/new/Elastic-Tracker/install/object_detection_msgs/lib:/mpc/new/Elastic-Tracker/src/mapping/install/mapping/lib:/mpc/new/Elastic-Tracker/install/mapping/lib:/mpc/new/Elastic-Tracker/install/decomp_ros_msgs/lib:/usr/local/lib:/usr/local/lib:/opt/ros/humble/opt/rviz_ogre_vendor/lib:/opt/ros/humble/lib/x86_64-linux-gnu:/opt/ros/humble/lib:/usr/lib:/new/px4-offboard_ws/src/acados/lib:/mpc/new/acados/lib /usr/bin/cmake --build /mpc/new/Elastic-Tracker/build/mapping -- -j12 -l12
[1.424s] DEBUG:colcon.colcon_core.event_handler.log_command:Invoking command in '/mpc/new/Elastic-Tracker/build/target_ekf': CMAKE_PREFIX_PATH=/mpc/new/Elastic-Tracker/install/object_detection_msgs:/mpc/new/Elastic-Tracker/src/mapping/install/mapping:/mpc/new/Elastic-Tracker/install/target_ekf:/mpc/new/Elastic-Tracker/install/mapping:/mpc/new/Elastic-Tracker/install/quadrotor_msgs:/mpc/new/Elastic-Tracker/install/decomp_ros_msgs:/mpc/new/Elastic-Tracker/install/decomp_geometry:/mpc/new/Elastic-Tracker/install/decomp_basis:/opt/ros/humble LD_LIBRARY_PATH=/mpc/new/Elastic-Tracker/install/object_detection_msgs/lib:/mpc/new/Elastic-Tracker/src/mapping/install/mapping/lib:/mpc/new/Elastic-Tracker/install/mapping/lib:/mpc/new/Elastic-Tracker/install/quadrotor_msgs/lib:/mpc/new/Elastic-Tracker/install/decomp_ros_msgs/lib:/usr/local/lib:/usr/local/lib:/opt/ros/humble/opt/rviz_ogre_vendor/lib:/opt/ros/humble/lib/x86_64-linux-gnu:/opt/ros/humble/lib:/usr/lib:/new/px4-offboard_ws/src/acados/lib:/mpc/new/acados/lib /usr/bin/cmake --build /mpc/new/Elastic-Tracker/build/target_ekf -- -j12 -l12
[1.588s] DEBUG:colcon.colcon_core.event_handler.log_command:Invoked command in '/mpc/new/Elastic-Tracker/build/mapping' returned '0': CMAKE_PREFIX_PATH=/mpc/new/Elastic-Tracker/install/quadrotor_msgs:/mpc/new/Elastic-Tracker/install/object_detection_msgs:/mpc/new/Elastic-Tracker/src/mapping/install/mapping:/mpc/new/Elastic-Tracker/install/target_ekf:/mpc/new/Elastic-Tracker/install/mapping:/mpc/new/Elastic-Tracker/install/decomp_ros_msgs:/mpc/new/Elastic-Tracker/install/decomp_geometry:/mpc/new/Elastic-Tracker/install/decomp_basis:/opt/ros/humble LD_LIBRARY_PATH=/mpc/new/Elastic-Tracker/install/quadrotor_msgs/lib:/mpc/new/Elastic-Tracker/install/object_detection_msgs/lib:/mpc/new/Elastic-Tracker/src/mapping/install/mapping/lib:/mpc/new/Elastic-Tracker/install/mapping/lib:/mpc/new/Elastic-Tracker/install/decomp_ros_msgs/lib:/usr/local/lib:/usr/local/lib:/opt/ros/humble/opt/rviz_ogre_vendor/lib:/opt/ros/humble/lib/x86_64-linux-gnu:/opt/ros/humble/lib:/usr/lib:/new/px4-offboard_ws/src/acados/lib:/mpc/new/acados/lib /usr/bin/cmake --build /mpc/new/Elastic-Tracker/build/mapping -- -j12 -l12
[1.595s] DEBUG:colcon.colcon_core.event_handler.log_command:Invoking command in '/mpc/new/Elastic-Tracker/build/mapping': CMAKE_PREFIX_PATH=/mpc/new/Elastic-Tracker/install/quadrotor_msgs:/mpc/new/Elastic-Tracker/install/object_detection_msgs:/mpc/new/Elastic-Tracker/src/mapping/install/mapping:/mpc/new/Elastic-Tracker/install/target_ekf:/mpc/new/Elastic-Tracker/install/mapping:/mpc/new/Elastic-Tracker/install/decomp_ros_msgs:/mpc/new/Elastic-Tracker/install/decomp_geometry:/mpc/new/Elastic-Tracker/install/decomp_basis:/opt/ros/humble LD_LIBRARY_PATH=/mpc/new/Elastic-Tracker/install/quadrotor_msgs/lib:/mpc/new/Elastic-Tracker/install/object_detection_msgs/lib:/mpc/new/Elastic-Tracker/src/mapping/install/mapping/lib:/mpc/new/Elastic-Tracker/install/mapping/lib:/mpc/new/Elastic-Tracker/install/decomp_ros_msgs/lib:/usr/local/lib:/usr/local/lib:/opt/ros/humble/opt/rviz_ogre_vendor/lib:/opt/ros/humble/lib/x86_64-linux-gnu:/opt/ros/humble/lib:/usr/lib:/new/px4-offboard_ws/src/acados/lib:/mpc/new/acados/lib /usr/bin/cmake --install /mpc/new/Elastic-Tracker/build/mapping
[1.613s] Level 1:colcon.colcon_core.environment:create_environment_scripts_only(mapping)
[1.613s] Level 1:colcon.colcon_core.environment:checking '/mpc/new/Elastic-Tracker/install/mapping' for CMake module files
[1.614s] DEBUG:colcon.colcon_core.event_handler.log_command:Invoked command in '/mpc/new/Elastic-Tracker/build/mapping' returned '0': CMAKE_PREFIX_PATH=/mpc/new/Elastic-Tracker/install/quadrotor_msgs:/mpc/new/Elastic-Tracker/install/object_detection_msgs:/mpc/new/Elastic-Tracker/src/mapping/install/mapping:/mpc/new/Elastic-Tracker/install/target_ekf:/mpc/new/Elastic-Tracker/install/mapping:/mpc/new/Elastic-Tracker/install/decomp_ros_msgs:/mpc/new/Elastic-Tracker/install/decomp_geometry:/mpc/new/Elastic-Tracker/install/decomp_basis:/opt/ros/humble LD_LIBRARY_PATH=/mpc/new/Elastic-Tracker/install/quadrotor_msgs/lib:/mpc/new/Elastic-Tracker/install/object_detection_msgs/lib:/mpc/new/Elastic-Tracker/src/mapping/install/mapping/lib:/mpc/new/Elastic-Tracker/install/mapping/lib:/mpc/new/Elastic-Tracker/install/decomp_ros_msgs/lib:/usr/local/lib:/usr/local/lib:/opt/ros/humble/opt/rviz_ogre_vendor/lib:/opt/ros/humble/lib/x86_64-linux-gnu:/opt/ros/humble/lib:/usr/lib:/new/px4-offboard_ws/src/acados/lib:/mpc/new/acados/lib /usr/bin/cmake --install /mpc/new/Elastic-Tracker/build/mapping
[1.614s] Level 1:colcon.colcon_core.environment:checking '/mpc/new/Elastic-Tracker/install/mapping' for CMake config files
[1.614s] Level 1:colcon.colcon_core.shell:create_environment_hook('mapping', 'cmake_prefix_path')
[1.615s] INFO:colcon.colcon_core.shell:Creating environment hook '/mpc/new/Elastic-Tracker/install/mapping/share/mapping/hook/cmake_prefix_path.ps1'
[1.615s] INFO:colcon.colcon_core.shell:Creating environment descriptor '/mpc/new/Elastic-Tracker/install/mapping/share/mapping/hook/cmake_prefix_path.dsv'
[1.616s] INFO:colcon.colcon_core.shell:Creating environment hook '/mpc/new/Elastic-Tracker/install/mapping/share/mapping/hook/cmake_prefix_path.sh'
[1.616s] Level 1:colcon.colcon_core.environment:checking '/mpc/new/Elastic-Tracker/install/mapping/lib'
[1.616s] Level 1:colcon.colcon_core.shell:create_environment_hook('mapping', 'ld_library_path_lib')
[1.616s] INFO:colcon.colcon_core.shell:Creating environment hook '/mpc/new/Elastic-Tracker/install/mapping/share/mapping/hook/ld_library_path_lib.ps1'
[1.617s] INFO:colcon.colcon_core.shell:Creating environment descriptor '/mpc/new/Elastic-Tracker/install/mapping/share/mapping/hook/ld_library_path_lib.dsv'
[1.617s] INFO:colcon.colcon_core.shell:Creating environment hook '/mpc/new/Elastic-Tracker/install/mapping/share/mapping/hook/ld_library_path_lib.sh'
[1.618s] Level 1:colcon.colcon_core.environment:checking '/mpc/new/Elastic-Tracker/install/mapping/bin'
[1.618s] Level 1:colcon.colcon_core.environment:checking '/mpc/new/Elastic-Tracker/install/mapping/lib/pkgconfig/mapping.pc'
[1.618s] Level 1:colcon.colcon_core.environment:checking '/mpc/new/Elastic-Tracker/install/mapping/lib/python3.10/site-packages'
[1.618s] Level 1:colcon.colcon_core.environment:checking '/mpc/new/Elastic-Tracker/install/mapping/bin'
[1.619s] INFO:colcon.colcon_core.shell:Creating package script '/mpc/new/Elastic-Tracker/install/mapping/share/mapping/package.ps1'
[1.619s] INFO:colcon.colcon_core.shell:Creating package descriptor '/mpc/new/Elastic-Tracker/install/mapping/share/mapping/package.dsv'
[1.619s] INFO:colcon.colcon_core.shell:Creating package script '/mpc/new/Elastic-Tracker/install/mapping/share/mapping/package.sh'
[1.620s] INFO:colcon.colcon_core.shell:Creating package script '/mpc/new/Elastic-Tracker/install/mapping/share/mapping/package.bash'
[1.620s] INFO:colcon.colcon_core.shell:Creating package script '/mpc/new/Elastic-Tracker/install/mapping/share/mapping/package.zsh'
[1.621s] Level 1:colcon.colcon_core.environment:create_file_with_runtime_dependencies(/mpc/new/Elastic-Tracker/install/mapping/share/colcon-core/packages/mapping)
[1.621s] Level 1:colcon.colcon_core.environment:create_environment_scripts_only(mapping)
[1.621s] Level 1:colcon.colcon_core.environment:checking '/mpc/new/Elastic-Tracker/install/mapping' for CMake module files
[1.622s] Level 1:colcon.colcon_core.environment:checking '/mpc/new/Elastic-Tracker/install/mapping' for CMake config files
[1.623s] Level 1:colcon.colcon_core.shell:create_environment_hook('mapping', 'cmake_prefix_path')
[1.623s] INFO:colcon.colcon_core.shell:Creating environment hook '/mpc/new/Elastic-Tracker/install/mapping/share/mapping/hook/cmake_prefix_path.ps1'
[1.623s] INFO:colcon.colcon_core.shell:Creating environment descriptor '/mpc/new/Elastic-Tracker/install/mapping/share/mapping/hook/cmake_prefix_path.dsv'
[1.623s] INFO:colcon.colcon_core.shell:Creating environment hook '/mpc/new/Elastic-Tracker/install/mapping/share/mapping/hook/cmake_prefix_path.sh'
[1.624s] Level 1:colcon.colcon_core.environment:checking '/mpc/new/Elastic-Tracker/install/mapping/lib'
[1.624s] Level 1:colcon.colcon_core.shell:create_environment_hook('mapping', 'ld_library_path_lib')
[1.624s] INFO:colcon.colcon_core.shell:Creating environment hook '/mpc/new/Elastic-Tracker/install/mapping/share/mapping/hook/ld_library_path_lib.ps1'
[1.625s] INFO:colcon.colcon_core.shell:Creating environment descriptor '/mpc/new/Elastic-Tracker/install/mapping/share/mapping/hook/ld_library_path_lib.dsv'
[1.625s] INFO:colcon.colcon_core.shell:Creating environment hook '/mpc/new/Elastic-Tracker/install/mapping/share/mapping/hook/ld_library_path_lib.sh'
[1.625s] Level 1:colcon.colcon_core.environment:checking '/mpc/new/Elastic-Tracker/install/mapping/bin'
[1.626s] Level 1:colcon.colcon_core.environment:checking '/mpc/new/Elastic-Tracker/install/mapping/lib/pkgconfig/mapping.pc'
[1.626s] Level 1:colcon.colcon_core.environment:checking '/mpc/new/Elastic-Tracker/install/mapping/lib/python3.10/site-packages'
[1.626s] Level 1:colcon.colcon_core.environment:checking '/mpc/new/Elastic-Tracker/install/mapping/bin'
[1.626s] INFO:colcon.colcon_core.shell:Creating package script '/mpc/new/Elastic-Tracker/install/mapping/share/mapping/package.ps1'
[1.627s] INFO:colcon.colcon_core.shell:Creating package descriptor '/mpc/new/Elastic-Tracker/install/mapping/share/mapping/package.dsv'
[1.628s] INFO:colcon.colcon_core.shell:Creating package script '/mpc/new/Elastic-Tracker/install/mapping/share/mapping/package.sh'
[1.628s] INFO:colcon.colcon_core.shell:Creating package script '/mpc/new/Elastic-Tracker/install/mapping/share/mapping/package.bash'
[1.629s] INFO:colcon.colcon_core.shell:Creating package script '/mpc/new/Elastic-Tracker/install/mapping/share/mapping/package.zsh'
[1.629s] Level 1:colcon.colcon_core.environment:create_file_with_runtime_dependencies(/mpc/new/Elastic-Tracker/install/mapping/share/colcon-core/packages/mapping)
[23.855s] DEBUG:colcon.colcon_core.event_handler.log_command:Invoked command in '/mpc/new/Elastic-Tracker/build/target_ekf' returned '0': CMAKE_PREFIX_PATH=/mpc/new/Elastic-Tracker/install/object_detection_msgs:/mpc/new/Elastic-Tracker/src/mapping/install/mapping:/mpc/new/Elastic-Tracker/install/target_ekf:/mpc/new/Elastic-Tracker/install/mapping:/mpc/new/Elastic-Tracker/install/quadrotor_msgs:/mpc/new/Elastic-Tracker/install/decomp_ros_msgs:/mpc/new/Elastic-Tracker/install/decomp_geometry:/mpc/new/Elastic-Tracker/install/decomp_basis:/opt/ros/humble LD_LIBRARY_PATH=/mpc/new/Elastic-Tracker/install/object_detection_msgs/lib:/mpc/new/Elastic-Tracker/src/mapping/install/mapping/lib:/mpc/new/Elastic-Tracker/install/mapping/lib:/mpc/new/Elastic-Tracker/install/quadrotor_msgs/lib:/mpc/new/Elastic-Tracker/install/decomp_ros_msgs/lib:/usr/local/lib:/usr/local/lib:/opt/ros/humble/opt/rviz_ogre_vendor/lib:/opt/ros/humble/lib/x86_64-linux-gnu:/opt/ros/humble/lib:/usr/lib:/new/px4-offboard_ws/src/acados/lib:/mpc/new/acados/lib /usr/bin/cmake --build /mpc/new/Elastic-Tracker/build/target_ekf -- -j12 -l12
[23.858s] DEBUG:colcon.colcon_core.event_handler.log_command:Invoking command in '/mpc/new/Elastic-Tracker/build/target_ekf': CMAKE_PREFIX_PATH=/mpc/new/Elastic-Tracker/install/object_detection_msgs:/mpc/new/Elastic-Tracker/src/mapping/install/mapping:/mpc/new/Elastic-Tracker/install/target_ekf:/mpc/new/Elastic-Tracker/install/mapping:/mpc/new/Elastic-Tracker/install/quadrotor_msgs:/mpc/new/Elastic-Tracker/install/decomp_ros_msgs:/mpc/new/Elastic-Tracker/install/decomp_geometry:/mpc/new/Elastic-Tracker/install/decomp_basis:/opt/ros/humble LD_LIBRARY_PATH=/mpc/new/Elastic-Tracker/install/object_detection_msgs/lib:/mpc/new/Elastic-Tracker/src/mapping/install/mapping/lib:/mpc/new/Elastic-Tracker/install/mapping/lib:/mpc/new/Elastic-Tracker/install/quadrotor_msgs/lib:/mpc/new/Elastic-Tracker/install/decomp_ros_msgs/lib:/usr/local/lib:/usr/local/lib:/opt/ros/humble/opt/rviz_ogre_vendor/lib:/opt/ros/humble/lib/x86_64-linux-gnu:/opt/ros/humble/lib:/usr/lib:/new/px4-offboard_ws/src/acados/lib:/mpc/new/acados/lib /usr/bin/cmake --install /mpc/new/Elastic-Tracker/build/target_ekf
[23.874s] Level 1:colcon.colcon_core.environment:create_environment_scripts_only(target_ekf)
[23.874s] Level 1:colcon.colcon_core.environment:checking '/mpc/new/Elastic-Tracker/install/target_ekf' for CMake module files
[23.874s] DEBUG:colcon.colcon_core.event_handler.log_command:Invoked command in '/mpc/new/Elastic-Tracker/build/target_ekf' returned '0': CMAKE_PREFIX_PATH=/mpc/new/Elastic-Tracker/install/object_detection_msgs:/mpc/new/Elastic-Tracker/src/mapping/install/mapping:/mpc/new/Elastic-Tracker/install/target_ekf:/mpc/new/Elastic-Tracker/install/mapping:/mpc/new/Elastic-Tracker/install/quadrotor_msgs:/mpc/new/Elastic-Tracker/install/decomp_ros_msgs:/mpc/new/Elastic-Tracker/install/decomp_geometry:/mpc/new/Elastic-Tracker/install/decomp_basis:/opt/ros/humble LD_LIBRARY_PATH=/mpc/new/Elastic-Tracker/install/object_detection_msgs/lib:/mpc/new/Elastic-Tracker/src/mapping/install/mapping/lib:/mpc/new/Elastic-Tracker/install/mapping/lib:/mpc/new/Elastic-Tracker/install/quadrotor_msgs/lib:/mpc/new/Elastic-Tracker/install/decomp_ros_msgs/lib:/usr/local/lib:/usr/local/lib:/opt/ros/humble/opt/rviz_ogre_vendor/lib:/opt/ros/humble/lib/x86_64-linux-gnu:/opt/ros/humble/lib:/usr/lib:/new/px4-offboard_ws/src/acados/lib:/mpc/new/acados/lib /usr/bin/cmake --install /mpc/new/Elastic-Tracker/build/target_ekf
[23.875s] Level 1:colcon.colcon_core.environment:checking '/mpc/new/Elastic-Tracker/install/target_ekf' for CMake config files
[23.875s] Level 1:colcon.colcon_core.shell:create_environment_hook('target_ekf', 'cmake_prefix_path')
[23.875s] INFO:colcon.colcon_core.shell:Creating environment hook '/mpc/new/Elastic-Tracker/install/target_ekf/share/target_ekf/hook/cmake_prefix_path.ps1'
[23.876s] INFO:colcon.colcon_core.shell:Creating environment descriptor '/mpc/new/Elastic-Tracker/install/target_ekf/share/target_ekf/hook/cmake_prefix_path.dsv'
[23.876s] INFO:colcon.colcon_core.shell:Creating environment hook '/mpc/new/Elastic-Tracker/install/target_ekf/share/target_ekf/hook/cmake_prefix_path.sh'
[23.876s] Level 1:colcon.colcon_core.environment:checking '/mpc/new/Elastic-Tracker/install/target_ekf/lib'
[23.876s] Level 1:colcon.colcon_core.environment:checking '/mpc/new/Elastic-Tracker/install/target_ekf/bin'
[23.877s] Level 1:colcon.colcon_core.environment:checking '/mpc/new/Elastic-Tracker/install/target_ekf/lib/pkgconfig/target_ekf.pc'
[23.877s] Level 1:colcon.colcon_core.environment:checking '/mpc/new/Elastic-Tracker/install/target_ekf/lib/python3.10/site-packages'
[23.877s] Level 1:colcon.colcon_core.environment:checking '/mpc/new/Elastic-Tracker/install/target_ekf/bin'
[23.877s] INFO:colcon.colcon_core.shell:Creating package script '/mpc/new/Elastic-Tracker/install/target_ekf/share/target_ekf/package.ps1'
[23.878s] INFO:colcon.colcon_core.shell:Creating package descriptor '/mpc/new/Elastic-Tracker/install/target_ekf/share/target_ekf/package.dsv'
[23.878s] INFO:colcon.colcon_core.shell:Creating package script '/mpc/new/Elastic-Tracker/install/target_ekf/share/target_ekf/package.sh'
[23.878s] INFO:colcon.colcon_core.shell:Creating package script '/mpc/new/Elastic-Tracker/install/target_ekf/share/target_ekf/package.bash'
[23.879s] INFO:colcon.colcon_core.shell:Creating package script '/mpc/new/Elastic-Tracker/install/target_ekf/share/target_ekf/package.zsh'
[23.879s] Level 1:colcon.colcon_core.environment:create_file_with_runtime_dependencies(/mpc/new/Elastic-Tracker/install/target_ekf/share/colcon-core/packages/target_ekf)
[23.880s] Level 1:colcon.colcon_core.environment:create_environment_scripts_only(target_ekf)
[23.880s] Level 1:colcon.colcon_core.environment:checking '/mpc/new/Elastic-Tracker/install/target_ekf' for CMake module files
[23.880s] Level 1:colcon.colcon_core.environment:checking '/mpc/new/Elastic-Tracker/install/target_ekf' for CMake config files
[23.880s] Level 1:colcon.colcon_core.shell:create_environment_hook('target_ekf', 'cmake_prefix_path')
[23.881s] INFO:colcon.colcon_core.shell:Creating environment hook '/mpc/new/Elastic-Tracker/install/target_ekf/share/target_ekf/hook/cmake_prefix_path.ps1'
[23.881s] INFO:colcon.colcon_core.shell:Creating environment descriptor '/mpc/new/Elastic-Tracker/install/target_ekf/share/target_ekf/hook/cmake_prefix_path.dsv'
[23.882s] INFO:colcon.colcon_core.shell:Creating environment hook '/mpc/new/Elastic-Tracker/install/target_ekf/share/target_ekf/hook/cmake_prefix_path.sh'
[23.882s] Level 1:colcon.colcon_core.environment:checking '/mpc/new/Elastic-Tracker/install/target_ekf/lib'
[23.882s] Level 1:colcon.colcon_core.environment:checking '/mpc/new/Elastic-Tracker/install/target_ekf/bin'
[23.882s] Level 1:colcon.colcon_core.environment:checking '/mpc/new/Elastic-Tracker/install/target_ekf/lib/pkgconfig/target_ekf.pc'
[23.883s] Level 1:colcon.colcon_core.environment:checking '/mpc/new/Elastic-Tracker/install/target_ekf/lib/python3.10/site-packages'
[23.883s] Level 1:colcon.colcon_core.environment:checking '/mpc/new/Elastic-Tracker/install/target_ekf/bin'
[23.884s] INFO:colcon.colcon_core.shell:Creating package script '/mpc/new/Elastic-Tracker/install/target_ekf/share/target_ekf/package.ps1'
[23.884s] INFO:colcon.colcon_core.shell:Creating package descriptor '/mpc/new/Elastic-Tracker/install/target_ekf/share/target_ekf/package.dsv'
[23.885s] INFO:colcon.colcon_core.shell:Creating package script '/mpc/new/Elastic-Tracker/install/target_ekf/share/target_ekf/package.sh'
[23.885s] INFO:colcon.colcon_core.shell:Creating package script '/mpc/new/Elastic-Tracker/install/target_ekf/share/target_ekf/package.bash'
[23.886s] INFO:colcon.colcon_core.shell:Creating package script '/mpc/new/Elastic-Tracker/install/target_ekf/share/target_ekf/package.zsh'
[23.887s] Level 1:colcon.colcon_core.environment:create_file_with_runtime_dependencies(/mpc/new/Elastic-Tracker/install/target_ekf/share/colcon-core/packages/target_ekf)
[23.887s] DEBUG:colcon.colcon_parallel_executor.executor.parallel:closing loop
[23.887s] DEBUG:colcon.colcon_parallel_executor.executor.parallel:loop closed
[23.887s] DEBUG:colcon.colcon_parallel_executor.executor.parallel:run_until_complete finished with '0'
[23.888s] DEBUG:colcon.colcon_core.event_reactor:joining thread
[23.895s] INFO:colcon.colcon_core.plugin_system:Skipping extension 'colcon_notification.desktop_notification.notify_send': Could not find 'notify-send'
[23.895s] INFO:colcon.colcon_core.plugin_system:Skipping extension 'colcon_notification.desktop_notification.terminal_notifier': Not used on non-Darwin systems
[23.895s] INFO:colcon.colcon_core.plugin_system:Skipping extension 'colcon_notification.desktop_notification.win32': Not used on non-Windows systems
[23.895s] INFO:colcon.colcon_notification.desktop_notification:Sending desktop notification using 'notify2'
[23.911s] DEBUG:colcon.colcon_notification.desktop_notification.notify2:Failed to initialize notify2: org.freedesktop.DBus.Error.Spawn.ExecFailed: /usr/bin/dbus-launch terminated abnormally without any error message
[23.912s] DEBUG:colcon.colcon_core.event_reactor:joined thread
[23.915s] INFO:colcon.colcon_core.shell:Creating prefix script '/mpc/new/Elastic-Tracker/install/local_setup.ps1'
[23.917s] INFO:colcon.colcon_core.shell:Creating prefix util module '/mpc/new/Elastic-Tracker/install/_local_setup_util_ps1.py'
[23.920s] INFO:colcon.colcon_core.shell:Creating prefix chain script '/mpc/new/Elastic-Tracker/install/setup.ps1'
[23.922s] INFO:colcon.colcon_core.shell:Creating prefix script '/mpc/new/Elastic-Tracker/install/local_setup.sh'
[23.923s] INFO:colcon.colcon_core.shell:Creating prefix util module '/mpc/new/Elastic-Tracker/install/_local_setup_util_sh.py'
[23.923s] INFO:colcon.colcon_core.shell:Creating prefix chain script '/mpc/new/Elastic-Tracker/install/setup.sh'
[23.925s] INFO:colcon.colcon_core.shell:Creating prefix script '/mpc/new/Elastic-Tracker/install/local_setup.bash'
[23.926s] INFO:colcon.colcon_core.shell:Creating prefix chain script '/mpc/new/Elastic-Tracker/install/setup.bash'
[23.928s] INFO:colcon.colcon_core.shell:Creating prefix script '/mpc/new/Elastic-Tracker/install/local_setup.zsh'
[23.928s] INFO:colcon.colcon_core.shell:Creating prefix chain script '/mpc/new/Elastic-Tracker/install/setup.zsh'
