[0.009s] Invoking command in '/mpc/new/Elastic-Tracker/build/decomp_ros_msgs': CMAKE_PREFIX_PATH=/opt/ros/humble /usr/bin/cmake /mpc/new/Elastic-Tracker/src/planning/DecompROS/decomp_ros_msgs -DCMAKE_INSTALL_PREFIX=/mpc/new/Elastic-Tracker/install/decomp_ros_msgs
[0.052s] -- The C compiler identification is GNU 11.4.0
[0.095s] -- The CXX compiler identification is GNU 11.4.0
[0.101s] -- Detecting C compiler ABI info
[0.158s] -- Detecting C compiler ABI info - done
[0.165s] -- Check for working C compiler: /usr/bin/cc - skipped
[0.166s] -- Detecting C compile features
[0.166s] -- Detecting C compile features - done
[0.169s] -- Detecting CXX compiler ABI info
[0.238s] -- Detecting CXX compiler ABI info - done
[0.246s] -- Check for working CXX compiler: /usr/bin/c++ - skipped
[0.246s] -- Detecting CXX compile features
[0.247s] -- Detecting CXX compile features - done
[0.250s] -- Found ament_cmake: 1.3.11 (/opt/ros/humble/share/ament_cmake/cmake)
[0.415s] -- Found Python3: /usr/bin/python3 (found version "3.10.12") found components: Interpreter 
[0.512s] -- Found rosidl_default_generators: 1.2.0 (/opt/ros/humble/share/rosidl_default_generators/cmake)
[0.516s] -- Using all available rosidl_typesupport_c: rosidl_typesupport_fastrtps_c;rosidl_typesupport_introspection_c
[0.525s] -- Found rosidl_adapter: 3.1.6 (/opt/ros/humble/share/rosidl_adapter/cmake)
[0.568s] -- Using all available rosidl_typesupport_cpp: rosidl_typesupport_fastrtps_cpp;rosidl_typesupport_introspection_cpp
[0.607s] -- Found std_msgs: 4.2.4 (/opt/ros/humble/share/std_msgs/cmake)
[0.637s] -- Found geometry_msgs: 4.2.4 (/opt/ros/humble/share/geometry_msgs/cmake)
[0.975s] -- Found ament_cmake_ros: 0.10.0 (/opt/ros/humble/share/ament_cmake_ros/cmake)
[1.224s] -- Using all available rosidl_typesupport_c: rosidl_typesupport_fastrtps_c;rosidl_typesupport_introspection_c
[1.537s] -- Using all available rosidl_typesupport_cpp: rosidl_typesupport_fastrtps_cpp;rosidl_typesupport_introspection_cpp
[1.562s] -- Found PythonInterp: /usr/bin/python3 (found suitable version "3.10.12", minimum required is "3.6") 
[1.564s] -- Found python_cmake_module: 0.10.0 (/opt/ros/humble/share/python_cmake_module/cmake)
[1.590s] -- Found PythonLibs: /usr/lib/x86_64-linux-gnu/libpython3.10.so (found suitable version "3.10.12", minimum required is "3.5") 
[1.591s] -- Using PYTHON_EXECUTABLE: /usr/bin/python3
[1.591s] -- Using PYTHON_INCLUDE_DIRS: /usr/include/python3.10
[1.591s] -- Using PYTHON_LIBRARIES: /usr/lib/x86_64-linux-gnu/libpython3.10.so
[1.615s] -- Found PythonExtra: .so  
[1.678s] -- Configuring done
[1.713s] -- Generating done
[1.726s] -- Build files have been written to: /mpc/new/Elastic-Tracker/build/decomp_ros_msgs
[1.733s] Invoked command in '/mpc/new/Elastic-Tracker/build/decomp_ros_msgs' returned '0': CMAKE_PREFIX_PATH=/opt/ros/humble /usr/bin/cmake /mpc/new/Elastic-Tracker/src/planning/DecompROS/decomp_ros_msgs -DCMAKE_INSTALL_PREFIX=/mpc/new/Elastic-Tracker/install/decomp_ros_msgs
[1.733s] Invoking command in '/mpc/new/Elastic-Tracker/build/decomp_ros_msgs': CMAKE_PREFIX_PATH=/opt/ros/humble /usr/bin/cmake --build /mpc/new/Elastic-Tracker/build/decomp_ros_msgs -- -j12 -l12
[1.766s] [  1%] [34m[1mGenerating C code for ROS interfaces[0m
[1.774s] [  3%] [34m[1mGenerating C++ code for ROS interfaces[0m
[1.780s] [  3%] Built target ament_cmake_python_copy_decomp_ros_msgs
[2.024s] running egg_info
[2.024s] creating decomp_ros_msgs.egg-info
[2.024s] writing decomp_ros_msgs.egg-info/PKG-INFO
[2.024s] writing dependency_links to decomp_ros_msgs.egg-info/dependency_links.txt
[2.024s] writing top-level names to decomp_ros_msgs.egg-info/top_level.txt
[2.025s] writing manifest file 'decomp_ros_msgs.egg-info/SOURCES.txt'
[2.026s] reading manifest file 'decomp_ros_msgs.egg-info/SOURCES.txt'
[2.027s] writing manifest file 'decomp_ros_msgs.egg-info/SOURCES.txt'
[2.049s] [  3%] Built target ament_cmake_python_build_decomp_ros_msgs_egg
[2.158s] [  3%] Built target decomp_ros_msgs__cpp
[2.165s] [  5%] [34m[1mGenerating C++ type support for eProsima Fast-RTPS[0m
[2.165s] [  7%] [34m[1mGenerating C++ introspection for ROS interfaces[0m
[2.165s] [  9%] [34m[1mGenerating C++ type support dispatch for ROS interfaces[0m
[2.172s] [ 14%] [32mBuilding C object CMakeFiles/decomp_ros_msgs__rosidl_generator_c.dir/rosidl_generator_c/decomp_ros_msgs/msg/detail/polyhedron__functions.c.o[0m
[2.172s] [ 14%] [32mBuilding C object CMakeFiles/decomp_ros_msgs__rosidl_generator_c.dir/rosidl_generator_c/decomp_ros_msgs/msg/detail/ellipsoid__functions.c.o[0m
[2.172s] [ 14%] [32mBuilding C object CMakeFiles/decomp_ros_msgs__rosidl_generator_c.dir/rosidl_generator_c/decomp_ros_msgs/msg/detail/ellipsoid_array__functions.c.o[0m
[2.174s] [ 16%] [32mBuilding C object CMakeFiles/decomp_ros_msgs__rosidl_generator_c.dir/rosidl_generator_c/decomp_ros_msgs/msg/detail/polyhedron_array__functions.c.o[0m
[2.230s] [ 18%] [32m[1mLinking C shared library libdecomp_ros_msgs__rosidl_generator_c.so[0m
[2.259s] [ 18%] Built target decomp_ros_msgs__rosidl_generator_c
[2.267s] [ 23%] [34m[1mGenerating C type support dispatch for ROS interfaces[0m
[2.267s] [ 23%] [34m[1mGenerating C introspection for ROS interfaces[0m
[2.267s] [ 23%] [34m[1mGenerating C type support for eProsima Fast-RTPS[0m
[2.479s] [ 25%] [32mBuilding CXX object CMakeFiles/decomp_ros_msgs__rosidl_typesupport_cpp.dir/rosidl_typesupport_cpp/decomp_ros_msgs/msg/polyhedron__type_support.cpp.o[0m
[2.480s] [ 29%] [32mBuilding CXX object CMakeFiles/decomp_ros_msgs__rosidl_typesupport_cpp.dir/rosidl_typesupport_cpp/decomp_ros_msgs/msg/ellipsoid__type_support.cpp.o[0m
[2.480s] [ 29%] [32mBuilding CXX object CMakeFiles/decomp_ros_msgs__rosidl_typesupport_cpp.dir/rosidl_typesupport_cpp/decomp_ros_msgs/msg/polyhedron_array__type_support.cpp.o[0m
[2.480s] [ 30%] [32mBuilding CXX object CMakeFiles/decomp_ros_msgs__rosidl_typesupport_cpp.dir/rosidl_typesupport_cpp/decomp_ros_msgs/msg/ellipsoid_array__type_support.cpp.o[0m
[2.553s] [ 36%] [32mBuilding CXX object CMakeFiles/decomp_ros_msgs__rosidl_typesupport_introspection_cpp.dir/rosidl_typesupport_introspection_cpp/decomp_ros_msgs/msg/detail/ellipsoid_array__type_support.cpp.o[0m
[2.553s] [ 36%] [32mBuilding CXX object CMakeFiles/decomp_ros_msgs__rosidl_typesupport_introspection_cpp.dir/rosidl_typesupport_introspection_cpp/decomp_ros_msgs/msg/detail/polyhedron__type_support.cpp.o[0m
[2.554s] [ 34%] [32mBuilding CXX object CMakeFiles/decomp_ros_msgs__rosidl_typesupport_introspection_cpp.dir/rosidl_typesupport_introspection_cpp/decomp_ros_msgs/msg/detail/ellipsoid__type_support.cpp.o[0m
[2.554s] [ 38%] [32mBuilding CXX object CMakeFiles/decomp_ros_msgs__rosidl_typesupport_introspection_cpp.dir/rosidl_typesupport_introspection_cpp/decomp_ros_msgs/msg/detail/polyhedron_array__type_support.cpp.o[0m
[2.578s] [ 40%] [32mBuilding CXX object CMakeFiles/decomp_ros_msgs__rosidl_typesupport_c.dir/rosidl_typesupport_c/decomp_ros_msgs/msg/ellipsoid__type_support.cpp.o[0m
[2.617s] [ 41%] [32mBuilding CXX object CMakeFiles/decomp_ros_msgs__rosidl_typesupport_c.dir/rosidl_typesupport_c/decomp_ros_msgs/msg/ellipsoid_array__type_support.cpp.o[0m
[2.656s] [ 43%] [32mBuilding CXX object CMakeFiles/decomp_ros_msgs__rosidl_typesupport_fastrtps_cpp.dir/rosidl_typesupport_fastrtps_cpp/decomp_ros_msgs/msg/detail/dds_fastrtps/ellipsoid__type_support.cpp.o[0m
[2.662s] [ 45%] [32mBuilding CXX object CMakeFiles/decomp_ros_msgs__rosidl_typesupport_c.dir/rosidl_typesupport_c/decomp_ros_msgs/msg/polyhedron__type_support.cpp.o[0m
[2.701s] [ 47%] [32mBuilding CXX object CMakeFiles/decomp_ros_msgs__rosidl_typesupport_c.dir/rosidl_typesupport_c/decomp_ros_msgs/msg/polyhedron_array__type_support.cpp.o[0m
[2.740s] [ 49%] [32m[1mLinking CXX shared library libdecomp_ros_msgs__rosidl_typesupport_c.so[0m
[2.760s] [ 50%] [32mBuilding C object CMakeFiles/decomp_ros_msgs__rosidl_typesupport_introspection_c.dir/rosidl_typesupport_introspection_c/decomp_ros_msgs/msg/detail/ellipsoid__type_support.c.o[0m
[2.772s] [ 52%] [32mBuilding CXX object CMakeFiles/decomp_ros_msgs__rosidl_typesupport_fastrtps_c.dir/rosidl_typesupport_fastrtps_c/decomp_ros_msgs/msg/detail/ellipsoid__type_support_c.cpp.o[0m
[2.794s] [ 52%] Built target decomp_ros_msgs__rosidl_typesupport_c
[2.804s] [ 54%] [32mBuilding C object CMakeFiles/decomp_ros_msgs__rosidl_typesupport_introspection_c.dir/rosidl_typesupport_introspection_c/decomp_ros_msgs/msg/detail/ellipsoid_array__type_support.c.o[0m
[2.811s] [ 56%] [32mBuilding C object CMakeFiles/decomp_ros_msgs__rosidl_typesupport_introspection_c.dir/rosidl_typesupport_introspection_c/decomp_ros_msgs/msg/detail/polyhedron__type_support.c.o[0m
[2.854s] [ 58%] [32mBuilding C object CMakeFiles/decomp_ros_msgs__rosidl_typesupport_introspection_c.dir/rosidl_typesupport_introspection_c/decomp_ros_msgs/msg/detail/polyhedron_array__type_support.c.o[0m
[2.858s] [ 60%] [32mBuilding CXX object CMakeFiles/decomp_ros_msgs__rosidl_typesupport_fastrtps_cpp.dir/rosidl_typesupport_fastrtps_cpp/decomp_ros_msgs/msg/detail/dds_fastrtps/ellipsoid_array__type_support.cpp.o[0m
[2.862s] [ 61%] [32mBuilding CXX object CMakeFiles/decomp_ros_msgs__rosidl_typesupport_fastrtps_cpp.dir/rosidl_typesupport_fastrtps_cpp/decomp_ros_msgs/msg/detail/dds_fastrtps/polyhedron__type_support.cpp.o[0m
[2.865s] [ 63%] [32mBuilding CXX object CMakeFiles/decomp_ros_msgs__rosidl_typesupport_fastrtps_cpp.dir/rosidl_typesupport_fastrtps_cpp/decomp_ros_msgs/msg/detail/dds_fastrtps/polyhedron_array__type_support.cpp.o[0m
[2.872s] [ 65%] [32mBuilding CXX object CMakeFiles/decomp_ros_msgs__rosidl_typesupport_fastrtps_c.dir/rosidl_typesupport_fastrtps_c/decomp_ros_msgs/msg/detail/ellipsoid_array__type_support_c.cpp.o[0m
[2.902s] [ 67%] [32m[1mLinking CXX shared library libdecomp_ros_msgs__rosidl_typesupport_cpp.so[0m
[2.906s] [ 69%] [32m[1mLinking C shared library libdecomp_ros_msgs__rosidl_typesupport_introspection_c.so[0m
[2.952s] [ 69%] Built target decomp_ros_msgs__rosidl_typesupport_introspection_c
[2.962s] [ 70%] [32mBuilding CXX object CMakeFiles/decomp_ros_msgs__rosidl_typesupport_fastrtps_c.dir/rosidl_typesupport_fastrtps_c/decomp_ros_msgs/msg/detail/polyhedron__type_support_c.cpp.o[0m
[2.972s] [ 70%] Built target decomp_ros_msgs__rosidl_typesupport_cpp
[2.984s] [ 72%] [32mBuilding CXX object CMakeFiles/decomp_ros_msgs__rosidl_typesupport_fastrtps_c.dir/rosidl_typesupport_fastrtps_c/decomp_ros_msgs/msg/detail/polyhedron_array__type_support_c.cpp.o[0m
[3.232s] [ 74%] [32m[1mLinking CXX shared library libdecomp_ros_msgs__rosidl_typesupport_introspection_cpp.so[0m
[3.309s] [ 74%] Built target decomp_ros_msgs__rosidl_typesupport_introspection_cpp
[3.473s] [ 76%] [32m[1mLinking CXX shared library libdecomp_ros_msgs__rosidl_typesupport_fastrtps_c.so[0m
[3.490s] [ 78%] [32m[1mLinking CXX shared library libdecomp_ros_msgs__rosidl_typesupport_fastrtps_cpp.so[0m
[3.541s] [ 78%] Built target decomp_ros_msgs__rosidl_typesupport_fastrtps_c
[3.561s] [ 78%] Built target decomp_ros_msgs__rosidl_typesupport_fastrtps_cpp
[3.577s] [ 78%] Built target decomp_ros_msgs
[3.592s] [ 80%] [34m[1mGenerating Python code for ROS interfaces[0m
[4.108s] [ 80%] Built target decomp_ros_msgs__py
[4.123s] [ 85%] [32mBuilding C object CMakeFiles/decomp_ros_msgs__rosidl_generator_py.dir/rosidl_generator_py/decomp_ros_msgs/msg/_polyhedron_array_s.c.o[0m
[4.123s] [ 85%] [32mBuilding C object CMakeFiles/decomp_ros_msgs__rosidl_generator_py.dir/rosidl_generator_py/decomp_ros_msgs/msg/_ellipsoid_array_s.c.o[0m
[4.123s] [ 85%] [32mBuilding C object CMakeFiles/decomp_ros_msgs__rosidl_generator_py.dir/rosidl_generator_py/decomp_ros_msgs/msg/_ellipsoid_s.c.o[0m
[4.123s] [ 87%] [32mBuilding C object CMakeFiles/decomp_ros_msgs__rosidl_generator_py.dir/rosidl_generator_py/decomp_ros_msgs/msg/_polyhedron_s.c.o[0m
[4.219s] [ 89%] [32m[1mLinking C shared library rosidl_generator_py/decomp_ros_msgs/libdecomp_ros_msgs__rosidl_generator_py.so[0m
[4.256s] [ 89%] Built target decomp_ros_msgs__rosidl_generator_py
[4.271s] [ 94%] [32mBuilding C object CMakeFiles/decomp_ros_msgs__rosidl_typesupport_introspection_c__pyext.dir/rosidl_generator_py/decomp_ros_msgs/_decomp_ros_msgs_s.ep.rosidl_typesupport_introspection_c.c.o[0m
[4.271s] [ 94%] [32mBuilding C object CMakeFiles/decomp_ros_msgs__rosidl_typesupport_fastrtps_c__pyext.dir/rosidl_generator_py/decomp_ros_msgs/_decomp_ros_msgs_s.ep.rosidl_typesupport_fastrtps_c.c.o[0m
[4.271s] [ 94%] [32mBuilding C object CMakeFiles/decomp_ros_msgs__rosidl_typesupport_c__pyext.dir/rosidl_generator_py/decomp_ros_msgs/_decomp_ros_msgs_s.ep.rosidl_typesupport_c.c.o[0m
[4.363s] [100%] [32m[1mLinking C shared library rosidl_generator_py/decomp_ros_msgs/decomp_ros_msgs_s__rosidl_typesupport_c.cpython-310-x86_64-linux-gnu.so[0m
[4.363s] [100%] [32m[1mLinking C shared library rosidl_generator_py/decomp_ros_msgs/decomp_ros_msgs_s__rosidl_typesupport_introspection_c.cpython-310-x86_64-linux-gnu.so[0m
[4.363s] [100%] [32m[1mLinking C shared library rosidl_generator_py/decomp_ros_msgs/decomp_ros_msgs_s__rosidl_typesupport_fastrtps_c.cpython-310-x86_64-linux-gnu.so[0m
[4.395s] [100%] Built target decomp_ros_msgs__rosidl_typesupport_fastrtps_c__pyext
[4.395s] [100%] Built target decomp_ros_msgs__rosidl_typesupport_c__pyext
[4.395s] [100%] Built target decomp_ros_msgs__rosidl_typesupport_introspection_c__pyext
[4.404s] Invoked command in '/mpc/new/Elastic-Tracker/build/decomp_ros_msgs' returned '0': CMAKE_PREFIX_PATH=/opt/ros/humble /usr/bin/cmake --build /mpc/new/Elastic-Tracker/build/decomp_ros_msgs -- -j12 -l12
[4.411s] Invoking command in '/mpc/new/Elastic-Tracker/build/decomp_ros_msgs': CMAKE_PREFIX_PATH=/opt/ros/humble /usr/bin/cmake --install /mpc/new/Elastic-Tracker/build/decomp_ros_msgs
[4.417s] -- Install configuration: ""
[4.418s] -- Installing: /mpc/new/Elastic-Tracker/install/decomp_ros_msgs/share/ament_index/resource_index/rosidl_interfaces/decomp_ros_msgs
[4.418s] -- Installing: /mpc/new/Elastic-Tracker/install/decomp_ros_msgs/include/decomp_ros_msgs/decomp_ros_msgs
[4.418s] -- Installing: /mpc/new/Elastic-Tracker/install/decomp_ros_msgs/include/decomp_ros_msgs/decomp_ros_msgs/msg
[4.418s] -- Installing: /mpc/new/Elastic-Tracker/install/decomp_ros_msgs/include/decomp_ros_msgs/decomp_ros_msgs/msg/ellipsoid_array.h
[4.418s] -- Installing: /mpc/new/Elastic-Tracker/install/decomp_ros_msgs/include/decomp_ros_msgs/decomp_ros_msgs/msg/polyhedron.h
[4.418s] -- Installing: /mpc/new/Elastic-Tracker/install/decomp_ros_msgs/include/decomp_ros_msgs/decomp_ros_msgs/msg/ellipsoid.h
[4.418s] -- Installing: /mpc/new/Elastic-Tracker/install/decomp_ros_msgs/include/decomp_ros_msgs/decomp_ros_msgs/msg/detail
[4.418s] -- Installing: /mpc/new/Elastic-Tracker/install/decomp_ros_msgs/include/decomp_ros_msgs/decomp_ros_msgs/msg/detail/polyhedron_array__functions.h
[4.418s] -- Installing: /mpc/new/Elastic-Tracker/install/decomp_ros_msgs/include/decomp_ros_msgs/decomp_ros_msgs/msg/detail/ellipsoid__functions.c
[4.418s] -- Installing: /mpc/new/Elastic-Tracker/install/decomp_ros_msgs/include/decomp_ros_msgs/decomp_ros_msgs/msg/detail/ellipsoid_array__type_support.h
[4.418s] -- Installing: /mpc/new/Elastic-Tracker/install/decomp_ros_msgs/include/decomp_ros_msgs/decomp_ros_msgs/msg/detail/polyhedron__functions.c
[4.418s] -- Installing: /mpc/new/Elastic-Tracker/install/decomp_ros_msgs/include/decomp_ros_msgs/decomp_ros_msgs/msg/detail/ellipsoid__functions.h
[4.419s] -- Installing: /mpc/new/Elastic-Tracker/install/decomp_ros_msgs/include/decomp_ros_msgs/decomp_ros_msgs/msg/detail/polyhedron__struct.h
[4.419s] -- Installing: /mpc/new/Elastic-Tracker/install/decomp_ros_msgs/include/decomp_ros_msgs/decomp_ros_msgs/msg/detail/ellipsoid_array__struct.h
[4.419s] -- Installing: /mpc/new/Elastic-Tracker/install/decomp_ros_msgs/include/decomp_ros_msgs/decomp_ros_msgs/msg/detail/polyhedron_array__struct.h
[4.419s] -- Installing: /mpc/new/Elastic-Tracker/install/decomp_ros_msgs/include/decomp_ros_msgs/decomp_ros_msgs/msg/detail/ellipsoid_array__functions.c
[4.419s] -- Installing: /mpc/new/Elastic-Tracker/install/decomp_ros_msgs/include/decomp_ros_msgs/decomp_ros_msgs/msg/detail/polyhedron_array__type_support.h
[4.419s] -- Installing: /mpc/new/Elastic-Tracker/install/decomp_ros_msgs/include/decomp_ros_msgs/decomp_ros_msgs/msg/detail/ellipsoid__type_support.h
[4.419s] -- Installing: /mpc/new/Elastic-Tracker/install/decomp_ros_msgs/include/decomp_ros_msgs/decomp_ros_msgs/msg/detail/ellipsoid__struct.h
[4.419s] -- Installing: /mpc/new/Elastic-Tracker/install/decomp_ros_msgs/include/decomp_ros_msgs/decomp_ros_msgs/msg/detail/polyhedron__type_support.h
[4.419s] -- Installing: /mpc/new/Elastic-Tracker/install/decomp_ros_msgs/include/decomp_ros_msgs/decomp_ros_msgs/msg/detail/polyhedron_array__functions.c
[4.419s] -- Installing: /mpc/new/Elastic-Tracker/install/decomp_ros_msgs/include/decomp_ros_msgs/decomp_ros_msgs/msg/detail/ellipsoid_array__functions.h
[4.419s] -- Installing: /mpc/new/Elastic-Tracker/install/decomp_ros_msgs/include/decomp_ros_msgs/decomp_ros_msgs/msg/detail/polyhedron__functions.h
[4.419s] -- Installing: /mpc/new/Elastic-Tracker/install/decomp_ros_msgs/include/decomp_ros_msgs/decomp_ros_msgs/msg/rosidl_generator_c__visibility_control.h
[4.420s] -- Installing: /mpc/new/Elastic-Tracker/install/decomp_ros_msgs/include/decomp_ros_msgs/decomp_ros_msgs/msg/polyhedron_array.h
[4.420s] -- Installing: /mpc/new/Elastic-Tracker/install/decomp_ros_msgs/share/decomp_ros_msgs/environment/library_path.sh
[4.420s] -- Installing: /mpc/new/Elastic-Tracker/install/decomp_ros_msgs/share/decomp_ros_msgs/environment/library_path.dsv
[4.420s] -- Installing: /mpc/new/Elastic-Tracker/install/decomp_ros_msgs/lib/libdecomp_ros_msgs__rosidl_generator_c.so
[4.420s] -- Set runtime path of "/mpc/new/Elastic-Tracker/install/decomp_ros_msgs/lib/libdecomp_ros_msgs__rosidl_generator_c.so" to ""
[4.420s] -- Up-to-date: /mpc/new/Elastic-Tracker/install/decomp_ros_msgs/include/decomp_ros_msgs/decomp_ros_msgs
[4.420s] -- Up-to-date: /mpc/new/Elastic-Tracker/install/decomp_ros_msgs/include/decomp_ros_msgs/decomp_ros_msgs/msg
[4.420s] -- Up-to-date: /mpc/new/Elastic-Tracker/install/decomp_ros_msgs/include/decomp_ros_msgs/decomp_ros_msgs/msg/detail
[4.420s] -- Installing: /mpc/new/Elastic-Tracker/install/decomp_ros_msgs/include/decomp_ros_msgs/decomp_ros_msgs/msg/detail/ellipsoid__rosidl_typesupport_fastrtps_c.h
[4.420s] -- Installing: /mpc/new/Elastic-Tracker/install/decomp_ros_msgs/include/decomp_ros_msgs/decomp_ros_msgs/msg/detail/ellipsoid_array__rosidl_typesupport_fastrtps_c.h
[4.420s] -- Installing: /mpc/new/Elastic-Tracker/install/decomp_ros_msgs/include/decomp_ros_msgs/decomp_ros_msgs/msg/detail/polyhedron__rosidl_typesupport_fastrtps_c.h
[4.420s] -- Installing: /mpc/new/Elastic-Tracker/install/decomp_ros_msgs/include/decomp_ros_msgs/decomp_ros_msgs/msg/detail/polyhedron_array__rosidl_typesupport_fastrtps_c.h
[4.421s] -- Installing: /mpc/new/Elastic-Tracker/install/decomp_ros_msgs/include/decomp_ros_msgs/decomp_ros_msgs/msg/rosidl_typesupport_fastrtps_c__visibility_control.h
[4.421s] -- Installing: /mpc/new/Elastic-Tracker/install/decomp_ros_msgs/lib/libdecomp_ros_msgs__rosidl_typesupport_fastrtps_c.so
[4.421s] -- Set runtime path of "/mpc/new/Elastic-Tracker/install/decomp_ros_msgs/lib/libdecomp_ros_msgs__rosidl_typesupport_fastrtps_c.so" to ""
[4.421s] -- Up-to-date: /mpc/new/Elastic-Tracker/install/decomp_ros_msgs/include/decomp_ros_msgs/decomp_ros_msgs
[4.421s] -- Up-to-date: /mpc/new/Elastic-Tracker/install/decomp_ros_msgs/include/decomp_ros_msgs/decomp_ros_msgs/msg
[4.421s] -- Installing: /mpc/new/Elastic-Tracker/install/decomp_ros_msgs/include/decomp_ros_msgs/decomp_ros_msgs/msg/rosidl_typesupport_introspection_c__visibility_control.h
[4.421s] -- Up-to-date: /mpc/new/Elastic-Tracker/install/decomp_ros_msgs/include/decomp_ros_msgs/decomp_ros_msgs/msg/detail
[4.421s] -- Installing: /mpc/new/Elastic-Tracker/install/decomp_ros_msgs/include/decomp_ros_msgs/decomp_ros_msgs/msg/detail/polyhedron__type_support.c
[4.421s] -- Installing: /mpc/new/Elastic-Tracker/install/decomp_ros_msgs/include/decomp_ros_msgs/decomp_ros_msgs/msg/detail/polyhedron_array__type_support.c
[4.421s] -- Installing: /mpc/new/Elastic-Tracker/install/decomp_ros_msgs/include/decomp_ros_msgs/decomp_ros_msgs/msg/detail/ellipsoid__type_support.c
[4.421s] -- Installing: /mpc/new/Elastic-Tracker/install/decomp_ros_msgs/include/decomp_ros_msgs/decomp_ros_msgs/msg/detail/ellipsoid__rosidl_typesupport_introspection_c.h
[4.421s] -- Installing: /mpc/new/Elastic-Tracker/install/decomp_ros_msgs/include/decomp_ros_msgs/decomp_ros_msgs/msg/detail/ellipsoid_array__rosidl_typesupport_introspection_c.h
[4.422s] -- Installing: /mpc/new/Elastic-Tracker/install/decomp_ros_msgs/include/decomp_ros_msgs/decomp_ros_msgs/msg/detail/polyhedron__rosidl_typesupport_introspection_c.h
[4.422s] -- Installing: /mpc/new/Elastic-Tracker/install/decomp_ros_msgs/include/decomp_ros_msgs/decomp_ros_msgs/msg/detail/ellipsoid_array__type_support.c
[4.422s] -- Installing: /mpc/new/Elastic-Tracker/install/decomp_ros_msgs/include/decomp_ros_msgs/decomp_ros_msgs/msg/detail/polyhedron_array__rosidl_typesupport_introspection_c.h
[4.422s] -- Installing: /mpc/new/Elastic-Tracker/install/decomp_ros_msgs/lib/libdecomp_ros_msgs__rosidl_typesupport_introspection_c.so
[4.422s] -- Set runtime path of "/mpc/new/Elastic-Tracker/install/decomp_ros_msgs/lib/libdecomp_ros_msgs__rosidl_typesupport_introspection_c.so" to ""
[4.422s] -- Installing: /mpc/new/Elastic-Tracker/install/decomp_ros_msgs/lib/libdecomp_ros_msgs__rosidl_typesupport_c.so
[4.422s] -- Set runtime path of "/mpc/new/Elastic-Tracker/install/decomp_ros_msgs/lib/libdecomp_ros_msgs__rosidl_typesupport_c.so" to ""
[4.422s] -- Up-to-date: /mpc/new/Elastic-Tracker/install/decomp_ros_msgs/include/decomp_ros_msgs/decomp_ros_msgs
[4.422s] -- Up-to-date: /mpc/new/Elastic-Tracker/install/decomp_ros_msgs/include/decomp_ros_msgs/decomp_ros_msgs/msg
[4.423s] -- Installing: /mpc/new/Elastic-Tracker/install/decomp_ros_msgs/include/decomp_ros_msgs/decomp_ros_msgs/msg/ellipsoid_array.hpp
[4.423s] -- Installing: /mpc/new/Elastic-Tracker/install/decomp_ros_msgs/include/decomp_ros_msgs/decomp_ros_msgs/msg/polyhedron.hpp
[4.423s] -- Installing: /mpc/new/Elastic-Tracker/install/decomp_ros_msgs/include/decomp_ros_msgs/decomp_ros_msgs/msg/polyhedron_array.hpp
[4.423s] -- Installing: /mpc/new/Elastic-Tracker/install/decomp_ros_msgs/include/decomp_ros_msgs/decomp_ros_msgs/msg/ellipsoid.hpp
[4.423s] -- Up-to-date: /mpc/new/Elastic-Tracker/install/decomp_ros_msgs/include/decomp_ros_msgs/decomp_ros_msgs/msg/detail
[4.423s] -- Installing: /mpc/new/Elastic-Tracker/install/decomp_ros_msgs/include/decomp_ros_msgs/decomp_ros_msgs/msg/detail/polyhedron__traits.hpp
[4.423s] -- Installing: /mpc/new/Elastic-Tracker/install/decomp_ros_msgs/include/decomp_ros_msgs/decomp_ros_msgs/msg/detail/ellipsoid_array__type_support.hpp
[4.423s] -- Installing: /mpc/new/Elastic-Tracker/install/decomp_ros_msgs/include/decomp_ros_msgs/decomp_ros_msgs/msg/detail/ellipsoid_array__traits.hpp
[4.423s] -- Installing: /mpc/new/Elastic-Tracker/install/decomp_ros_msgs/include/decomp_ros_msgs/decomp_ros_msgs/msg/detail/ellipsoid_array__builder.hpp
[4.423s] -- Installing: /mpc/new/Elastic-Tracker/install/decomp_ros_msgs/include/decomp_ros_msgs/decomp_ros_msgs/msg/detail/ellipsoid__struct.hpp
[4.423s] -- Installing: /mpc/new/Elastic-Tracker/install/decomp_ros_msgs/include/decomp_ros_msgs/decomp_ros_msgs/msg/detail/ellipsoid__type_support.hpp
[4.423s] -- Installing: /mpc/new/Elastic-Tracker/install/decomp_ros_msgs/include/decomp_ros_msgs/decomp_ros_msgs/msg/detail/ellipsoid__traits.hpp
[4.423s] -- Installing: /mpc/new/Elastic-Tracker/install/decomp_ros_msgs/include/decomp_ros_msgs/decomp_ros_msgs/msg/detail/polyhedron_array__type_support.hpp
[4.424s] -- Installing: /mpc/new/Elastic-Tracker/install/decomp_ros_msgs/include/decomp_ros_msgs/decomp_ros_msgs/msg/detail/polyhedron__struct.hpp
[4.424s] -- Installing: /mpc/new/Elastic-Tracker/install/decomp_ros_msgs/include/decomp_ros_msgs/decomp_ros_msgs/msg/detail/polyhedron__builder.hpp
[4.424s] -- Installing: /mpc/new/Elastic-Tracker/install/decomp_ros_msgs/include/decomp_ros_msgs/decomp_ros_msgs/msg/detail/ellipsoid_array__struct.hpp
[4.424s] -- Installing: /mpc/new/Elastic-Tracker/install/decomp_ros_msgs/include/decomp_ros_msgs/decomp_ros_msgs/msg/detail/polyhedron_array__struct.hpp
[4.424s] -- Installing: /mpc/new/Elastic-Tracker/install/decomp_ros_msgs/include/decomp_ros_msgs/decomp_ros_msgs/msg/detail/polyhedron_array__builder.hpp
[4.424s] -- Installing: /mpc/new/Elastic-Tracker/install/decomp_ros_msgs/include/decomp_ros_msgs/decomp_ros_msgs/msg/detail/ellipsoid__builder.hpp
[4.424s] -- Installing: /mpc/new/Elastic-Tracker/install/decomp_ros_msgs/include/decomp_ros_msgs/decomp_ros_msgs/msg/detail/polyhedron__type_support.hpp
[4.424s] -- Installing: /mpc/new/Elastic-Tracker/install/decomp_ros_msgs/include/decomp_ros_msgs/decomp_ros_msgs/msg/detail/polyhedron_array__traits.hpp
[4.424s] -- Installing: /mpc/new/Elastic-Tracker/install/decomp_ros_msgs/include/decomp_ros_msgs/decomp_ros_msgs/msg/rosidl_generator_cpp__visibility_control.hpp
[4.424s] -- Up-to-date: /mpc/new/Elastic-Tracker/install/decomp_ros_msgs/include/decomp_ros_msgs/decomp_ros_msgs
[4.424s] -- Up-to-date: /mpc/new/Elastic-Tracker/install/decomp_ros_msgs/include/decomp_ros_msgs/decomp_ros_msgs/msg
[4.424s] -- Up-to-date: /mpc/new/Elastic-Tracker/install/decomp_ros_msgs/include/decomp_ros_msgs/decomp_ros_msgs/msg/detail
[4.424s] -- Installing: /mpc/new/Elastic-Tracker/install/decomp_ros_msgs/include/decomp_ros_msgs/decomp_ros_msgs/msg/detail/polyhedron__rosidl_typesupport_fastrtps_cpp.hpp
[4.425s] -- Installing: /mpc/new/Elastic-Tracker/install/decomp_ros_msgs/include/decomp_ros_msgs/decomp_ros_msgs/msg/detail/ellipsoid__rosidl_typesupport_fastrtps_cpp.hpp
[4.425s] -- Installing: /mpc/new/Elastic-Tracker/install/decomp_ros_msgs/include/decomp_ros_msgs/decomp_ros_msgs/msg/detail/polyhedron_array__rosidl_typesupport_fastrtps_cpp.hpp
[4.425s] -- Installing: /mpc/new/Elastic-Tracker/install/decomp_ros_msgs/include/decomp_ros_msgs/decomp_ros_msgs/msg/detail/dds_fastrtps
[4.425s] -- Installing: /mpc/new/Elastic-Tracker/install/decomp_ros_msgs/include/decomp_ros_msgs/decomp_ros_msgs/msg/detail/ellipsoid_array__rosidl_typesupport_fastrtps_cpp.hpp
[4.425s] -- Installing: /mpc/new/Elastic-Tracker/install/decomp_ros_msgs/include/decomp_ros_msgs/decomp_ros_msgs/msg/rosidl_typesupport_fastrtps_cpp__visibility_control.h
[4.425s] -- Installing: /mpc/new/Elastic-Tracker/install/decomp_ros_msgs/lib/libdecomp_ros_msgs__rosidl_typesupport_fastrtps_cpp.so
[4.425s] -- Set runtime path of "/mpc/new/Elastic-Tracker/install/decomp_ros_msgs/lib/libdecomp_ros_msgs__rosidl_typesupport_fastrtps_cpp.so" to ""
[4.425s] -- Up-to-date: /mpc/new/Elastic-Tracker/install/decomp_ros_msgs/include/decomp_ros_msgs/decomp_ros_msgs
[4.425s] -- Up-to-date: /mpc/new/Elastic-Tracker/install/decomp_ros_msgs/include/decomp_ros_msgs/decomp_ros_msgs/msg
[4.425s] -- Up-to-date: /mpc/new/Elastic-Tracker/install/decomp_ros_msgs/include/decomp_ros_msgs/decomp_ros_msgs/msg/detail
[4.425s] -- Installing: /mpc/new/Elastic-Tracker/install/decomp_ros_msgs/include/decomp_ros_msgs/decomp_ros_msgs/msg/detail/polyhedron__rosidl_typesupport_introspection_cpp.hpp
[4.425s] -- Installing: /mpc/new/Elastic-Tracker/install/decomp_ros_msgs/include/decomp_ros_msgs/decomp_ros_msgs/msg/detail/ellipsoid__rosidl_typesupport_introspection_cpp.hpp
[4.425s] -- Installing: /mpc/new/Elastic-Tracker/install/decomp_ros_msgs/include/decomp_ros_msgs/decomp_ros_msgs/msg/detail/polyhedron_array__rosidl_typesupport_introspection_cpp.hpp
[4.425s] -- Installing: /mpc/new/Elastic-Tracker/install/decomp_ros_msgs/include/decomp_ros_msgs/decomp_ros_msgs/msg/detail/ellipsoid__type_support.cpp
[4.426s] -- Installing: /mpc/new/Elastic-Tracker/install/decomp_ros_msgs/include/decomp_ros_msgs/decomp_ros_msgs/msg/detail/polyhedron__type_support.cpp
[4.426s] -- Installing: /mpc/new/Elastic-Tracker/install/decomp_ros_msgs/include/decomp_ros_msgs/decomp_ros_msgs/msg/detail/ellipsoid_array__rosidl_typesupport_introspection_cpp.hpp
[4.426s] -- Installing: /mpc/new/Elastic-Tracker/install/decomp_ros_msgs/include/decomp_ros_msgs/decomp_ros_msgs/msg/detail/ellipsoid_array__type_support.cpp
[4.426s] -- Installing: /mpc/new/Elastic-Tracker/install/decomp_ros_msgs/include/decomp_ros_msgs/decomp_ros_msgs/msg/detail/polyhedron_array__type_support.cpp
[4.426s] -- Installing: /mpc/new/Elastic-Tracker/install/decomp_ros_msgs/lib/libdecomp_ros_msgs__rosidl_typesupport_introspection_cpp.so
[4.426s] -- Set runtime path of "/mpc/new/Elastic-Tracker/install/decomp_ros_msgs/lib/libdecomp_ros_msgs__rosidl_typesupport_introspection_cpp.so" to ""
[4.426s] -- Installing: /mpc/new/Elastic-Tracker/install/decomp_ros_msgs/lib/libdecomp_ros_msgs__rosidl_typesupport_cpp.so
[4.426s] -- Set runtime path of "/mpc/new/Elastic-Tracker/install/decomp_ros_msgs/lib/libdecomp_ros_msgs__rosidl_typesupport_cpp.so" to ""
[4.426s] -- Installing: /mpc/new/Elastic-Tracker/install/decomp_ros_msgs/share/decomp_ros_msgs/environment/pythonpath.sh
[4.426s] -- Installing: /mpc/new/Elastic-Tracker/install/decomp_ros_msgs/share/decomp_ros_msgs/environment/pythonpath.dsv
[4.427s] -- Installing: /mpc/new/Elastic-Tracker/install/decomp_ros_msgs/local/lib/python3.10/dist-packages/decomp_ros_msgs-0.0.0-py3.10.egg-info
[4.427s] -- Installing: /mpc/new/Elastic-Tracker/install/decomp_ros_msgs/local/lib/python3.10/dist-packages/decomp_ros_msgs-0.0.0-py3.10.egg-info/dependency_links.txt
[4.427s] -- Installing: /mpc/new/Elastic-Tracker/install/decomp_ros_msgs/local/lib/python3.10/dist-packages/decomp_ros_msgs-0.0.0-py3.10.egg-info/top_level.txt
[4.427s] -- Installing: /mpc/new/Elastic-Tracker/install/decomp_ros_msgs/local/lib/python3.10/dist-packages/decomp_ros_msgs-0.0.0-py3.10.egg-info/PKG-INFO
[4.427s] -- Installing: /mpc/new/Elastic-Tracker/install/decomp_ros_msgs/local/lib/python3.10/dist-packages/decomp_ros_msgs-0.0.0-py3.10.egg-info/SOURCES.txt
[4.427s] -- Installing: /mpc/new/Elastic-Tracker/install/decomp_ros_msgs/local/lib/python3.10/dist-packages/decomp_ros_msgs
[4.427s] -- Installing: /mpc/new/Elastic-Tracker/install/decomp_ros_msgs/local/lib/python3.10/dist-packages/decomp_ros_msgs/decomp_ros_msgs_s__rosidl_typesupport_introspection_c.cpython-310-x86_64-linux-gnu.so
[4.427s] -- Installing: /mpc/new/Elastic-Tracker/install/decomp_ros_msgs/local/lib/python3.10/dist-packages/decomp_ros_msgs/_decomp_ros_msgs_s.ep.rosidl_typesupport_c.c
[4.427s] -- Installing: /mpc/new/Elastic-Tracker/install/decomp_ros_msgs/local/lib/python3.10/dist-packages/decomp_ros_msgs/libdecomp_ros_msgs__rosidl_generator_py.so
[4.427s] -- Installing: /mpc/new/Elastic-Tracker/install/decomp_ros_msgs/local/lib/python3.10/dist-packages/decomp_ros_msgs/__init__.py
[4.427s] -- Installing: /mpc/new/Elastic-Tracker/install/decomp_ros_msgs/local/lib/python3.10/dist-packages/decomp_ros_msgs/decomp_ros_msgs_s__rosidl_typesupport_fastrtps_c.cpython-310-x86_64-linux-gnu.so
[4.428s] -- Installing: /mpc/new/Elastic-Tracker/install/decomp_ros_msgs/local/lib/python3.10/dist-packages/decomp_ros_msgs/decomp_ros_msgs_s__rosidl_typesupport_c.cpython-310-x86_64-linux-gnu.so
[4.428s] -- Installing: /mpc/new/Elastic-Tracker/install/decomp_ros_msgs/local/lib/python3.10/dist-packages/decomp_ros_msgs/_decomp_ros_msgs_s.ep.rosidl_typesupport_introspection_c.c
[4.428s] -- Installing: /mpc/new/Elastic-Tracker/install/decomp_ros_msgs/local/lib/python3.10/dist-packages/decomp_ros_msgs/_decomp_ros_msgs_s.ep.rosidl_typesupport_fastrtps_c.c
[4.428s] -- Installing: /mpc/new/Elastic-Tracker/install/decomp_ros_msgs/local/lib/python3.10/dist-packages/decomp_ros_msgs/msg
[4.428s] -- Installing: /mpc/new/Elastic-Tracker/install/decomp_ros_msgs/local/lib/python3.10/dist-packages/decomp_ros_msgs/msg/_ellipsoid_array_s.c
[4.428s] -- Installing: /mpc/new/Elastic-Tracker/install/decomp_ros_msgs/local/lib/python3.10/dist-packages/decomp_ros_msgs/msg/_polyhedron_array_s.c
[4.428s] -- Installing: /mpc/new/Elastic-Tracker/install/decomp_ros_msgs/local/lib/python3.10/dist-packages/decomp_ros_msgs/msg/_ellipsoid_array.py
[4.428s] -- Installing: /mpc/new/Elastic-Tracker/install/decomp_ros_msgs/local/lib/python3.10/dist-packages/decomp_ros_msgs/msg/_polyhedron.py
[4.428s] -- Installing: /mpc/new/Elastic-Tracker/install/decomp_ros_msgs/local/lib/python3.10/dist-packages/decomp_ros_msgs/msg/_ellipsoid_s.c
[4.428s] -- Installing: /mpc/new/Elastic-Tracker/install/decomp_ros_msgs/local/lib/python3.10/dist-packages/decomp_ros_msgs/msg/__init__.py
[4.428s] -- Installing: /mpc/new/Elastic-Tracker/install/decomp_ros_msgs/local/lib/python3.10/dist-packages/decomp_ros_msgs/msg/_polyhedron_array.py
[4.428s] -- Installing: /mpc/new/Elastic-Tracker/install/decomp_ros_msgs/local/lib/python3.10/dist-packages/decomp_ros_msgs/msg/_polyhedron_s.c
[4.429s] -- Installing: /mpc/new/Elastic-Tracker/install/decomp_ros_msgs/local/lib/python3.10/dist-packages/decomp_ros_msgs/msg/_ellipsoid.py
[4.463s] Listing '/mpc/new/Elastic-Tracker/install/decomp_ros_msgs/local/lib/python3.10/dist-packages/decomp_ros_msgs'...
[4.463s] Compiling '/mpc/new/Elastic-Tracker/install/decomp_ros_msgs/local/lib/python3.10/dist-packages/decomp_ros_msgs/__init__.py'...
[4.463s] Listing '/mpc/new/Elastic-Tracker/install/decomp_ros_msgs/local/lib/python3.10/dist-packages/decomp_ros_msgs/msg'...
[4.463s] Compiling '/mpc/new/Elastic-Tracker/install/decomp_ros_msgs/local/lib/python3.10/dist-packages/decomp_ros_msgs/msg/__init__.py'...
[4.463s] Compiling '/mpc/new/Elastic-Tracker/install/decomp_ros_msgs/local/lib/python3.10/dist-packages/decomp_ros_msgs/msg/_ellipsoid.py'...
[4.463s] Compiling '/mpc/new/Elastic-Tracker/install/decomp_ros_msgs/local/lib/python3.10/dist-packages/decomp_ros_msgs/msg/_ellipsoid_array.py'...
[4.463s] Compiling '/mpc/new/Elastic-Tracker/install/decomp_ros_msgs/local/lib/python3.10/dist-packages/decomp_ros_msgs/msg/_polyhedron.py'...
[4.463s] Compiling '/mpc/new/Elastic-Tracker/install/decomp_ros_msgs/local/lib/python3.10/dist-packages/decomp_ros_msgs/msg/_polyhedron_array.py'...
[4.467s] -- Installing: /mpc/new/Elastic-Tracker/install/decomp_ros_msgs/local/lib/python3.10/dist-packages/decomp_ros_msgs/decomp_ros_msgs_s__rosidl_typesupport_fastrtps_c.cpython-310-x86_64-linux-gnu.so
[4.467s] -- Set runtime path of "/mpc/new/Elastic-Tracker/install/decomp_ros_msgs/local/lib/python3.10/dist-packages/decomp_ros_msgs/decomp_ros_msgs_s__rosidl_typesupport_fastrtps_c.cpython-310-x86_64-linux-gnu.so" to ""
[4.467s] -- Installing: /mpc/new/Elastic-Tracker/install/decomp_ros_msgs/local/lib/python3.10/dist-packages/decomp_ros_msgs/decomp_ros_msgs_s__rosidl_typesupport_introspection_c.cpython-310-x86_64-linux-gnu.so
[4.467s] -- Set runtime path of "/mpc/new/Elastic-Tracker/install/decomp_ros_msgs/local/lib/python3.10/dist-packages/decomp_ros_msgs/decomp_ros_msgs_s__rosidl_typesupport_introspection_c.cpython-310-x86_64-linux-gnu.so" to ""
[4.468s] -- Installing: /mpc/new/Elastic-Tracker/install/decomp_ros_msgs/local/lib/python3.10/dist-packages/decomp_ros_msgs/decomp_ros_msgs_s__rosidl_typesupport_c.cpython-310-x86_64-linux-gnu.so
[4.468s] -- Set runtime path of "/mpc/new/Elastic-Tracker/install/decomp_ros_msgs/local/lib/python3.10/dist-packages/decomp_ros_msgs/decomp_ros_msgs_s__rosidl_typesupport_c.cpython-310-x86_64-linux-gnu.so" to ""
[4.468s] -- Installing: /mpc/new/Elastic-Tracker/install/decomp_ros_msgs/lib/libdecomp_ros_msgs__rosidl_generator_py.so
[4.468s] -- Set runtime path of "/mpc/new/Elastic-Tracker/install/decomp_ros_msgs/lib/libdecomp_ros_msgs__rosidl_generator_py.so" to ""
[4.468s] -- Installing: /mpc/new/Elastic-Tracker/install/decomp_ros_msgs/share/decomp_ros_msgs/msg/Ellipsoid.idl
[4.468s] -- Installing: /mpc/new/Elastic-Tracker/install/decomp_ros_msgs/share/decomp_ros_msgs/msg/EllipsoidArray.idl
[4.468s] -- Installing: /mpc/new/Elastic-Tracker/install/decomp_ros_msgs/share/decomp_ros_msgs/msg/Polyhedron.idl
[4.468s] -- Installing: /mpc/new/Elastic-Tracker/install/decomp_ros_msgs/share/decomp_ros_msgs/msg/PolyhedronArray.idl
[4.468s] -- Installing: /mpc/new/Elastic-Tracker/install/decomp_ros_msgs/share/decomp_ros_msgs/msg/Ellipsoid.msg
[4.468s] -- Installing: /mpc/new/Elastic-Tracker/install/decomp_ros_msgs/share/decomp_ros_msgs/msg/EllipsoidArray.msg
[4.468s] -- Installing: /mpc/new/Elastic-Tracker/install/decomp_ros_msgs/share/decomp_ros_msgs/msg/Polyhedron.msg
[4.469s] -- Installing: /mpc/new/Elastic-Tracker/install/decomp_ros_msgs/share/decomp_ros_msgs/msg/PolyhedronArray.msg
[4.469s] -- Up-to-date: /mpc/new/Elastic-Tracker/install/decomp_ros_msgs/share/decomp_ros_msgs/msg
[4.469s] -- Up-to-date: /mpc/new/Elastic-Tracker/install/decomp_ros_msgs/share/decomp_ros_msgs/msg/PolyhedronArray.msg
[4.469s] -- Up-to-date: /mpc/new/Elastic-Tracker/install/decomp_ros_msgs/share/decomp_ros_msgs/msg/EllipsoidArray.msg
[4.469s] -- Up-to-date: /mpc/new/Elastic-Tracker/install/decomp_ros_msgs/share/decomp_ros_msgs/msg/Polyhedron.msg
[4.469s] -- Up-to-date: /mpc/new/Elastic-Tracker/install/decomp_ros_msgs/share/decomp_ros_msgs/msg/Ellipsoid.msg
[4.469s] -- Installing: /mpc/new/Elastic-Tracker/install/decomp_ros_msgs/share/ament_index/resource_index/package_run_dependencies/decomp_ros_msgs
[4.469s] -- Installing: /mpc/new/Elastic-Tracker/install/decomp_ros_msgs/share/ament_index/resource_index/parent_prefix_path/decomp_ros_msgs
[4.469s] -- Installing: /mpc/new/Elastic-Tracker/install/decomp_ros_msgs/share/decomp_ros_msgs/environment/ament_prefix_path.sh
[4.469s] -- Installing: /mpc/new/Elastic-Tracker/install/decomp_ros_msgs/share/decomp_ros_msgs/environment/ament_prefix_path.dsv
[4.469s] -- Installing: /mpc/new/Elastic-Tracker/install/decomp_ros_msgs/share/decomp_ros_msgs/environment/path.sh
[4.469s] -- Installing: /mpc/new/Elastic-Tracker/install/decomp_ros_msgs/share/decomp_ros_msgs/environment/path.dsv
[4.469s] -- Installing: /mpc/new/Elastic-Tracker/install/decomp_ros_msgs/share/decomp_ros_msgs/local_setup.bash
[4.470s] -- Installing: /mpc/new/Elastic-Tracker/install/decomp_ros_msgs/share/decomp_ros_msgs/local_setup.sh
[4.470s] -- Installing: /mpc/new/Elastic-Tracker/install/decomp_ros_msgs/share/decomp_ros_msgs/local_setup.zsh
[4.470s] -- Installing: /mpc/new/Elastic-Tracker/install/decomp_ros_msgs/share/decomp_ros_msgs/local_setup.dsv
[4.470s] -- Installing: /mpc/new/Elastic-Tracker/install/decomp_ros_msgs/share/decomp_ros_msgs/package.dsv
[4.470s] -- Installing: /mpc/new/Elastic-Tracker/install/decomp_ros_msgs/share/ament_index/resource_index/packages/decomp_ros_msgs
[4.470s] -- Installing: /mpc/new/Elastic-Tracker/install/decomp_ros_msgs/share/decomp_ros_msgs/cmake/export_decomp_ros_msgs__rosidl_generator_cExport.cmake
[4.470s] -- Installing: /mpc/new/Elastic-Tracker/install/decomp_ros_msgs/share/decomp_ros_msgs/cmake/export_decomp_ros_msgs__rosidl_generator_cExport-noconfig.cmake
[4.470s] -- Installing: /mpc/new/Elastic-Tracker/install/decomp_ros_msgs/share/decomp_ros_msgs/cmake/export_decomp_ros_msgs__rosidl_typesupport_fastrtps_cExport.cmake
[4.470s] -- Installing: /mpc/new/Elastic-Tracker/install/decomp_ros_msgs/share/decomp_ros_msgs/cmake/export_decomp_ros_msgs__rosidl_typesupport_fastrtps_cExport-noconfig.cmake
[4.470s] -- Installing: /mpc/new/Elastic-Tracker/install/decomp_ros_msgs/share/decomp_ros_msgs/cmake/decomp_ros_msgs__rosidl_typesupport_introspection_cExport.cmake
[4.470s] -- Installing: /mpc/new/Elastic-Tracker/install/decomp_ros_msgs/share/decomp_ros_msgs/cmake/decomp_ros_msgs__rosidl_typesupport_introspection_cExport-noconfig.cmake
[4.470s] -- Installing: /mpc/new/Elastic-Tracker/install/decomp_ros_msgs/share/decomp_ros_msgs/cmake/decomp_ros_msgs__rosidl_typesupport_cExport.cmake
[4.471s] -- Installing: /mpc/new/Elastic-Tracker/install/decomp_ros_msgs/share/decomp_ros_msgs/cmake/decomp_ros_msgs__rosidl_typesupport_cExport-noconfig.cmake
[4.471s] -- Installing: /mpc/new/Elastic-Tracker/install/decomp_ros_msgs/share/decomp_ros_msgs/cmake/export_decomp_ros_msgs__rosidl_generator_cppExport.cmake
[4.471s] -- Installing: /mpc/new/Elastic-Tracker/install/decomp_ros_msgs/share/decomp_ros_msgs/cmake/export_decomp_ros_msgs__rosidl_typesupport_fastrtps_cppExport.cmake
[4.471s] -- Installing: /mpc/new/Elastic-Tracker/install/decomp_ros_msgs/share/decomp_ros_msgs/cmake/export_decomp_ros_msgs__rosidl_typesupport_fastrtps_cppExport-noconfig.cmake
[4.471s] -- Installing: /mpc/new/Elastic-Tracker/install/decomp_ros_msgs/share/decomp_ros_msgs/cmake/decomp_ros_msgs__rosidl_typesupport_introspection_cppExport.cmake
[4.471s] -- Installing: /mpc/new/Elastic-Tracker/install/decomp_ros_msgs/share/decomp_ros_msgs/cmake/decomp_ros_msgs__rosidl_typesupport_introspection_cppExport-noconfig.cmake
[4.471s] -- Installing: /mpc/new/Elastic-Tracker/install/decomp_ros_msgs/share/decomp_ros_msgs/cmake/decomp_ros_msgs__rosidl_typesupport_cppExport.cmake
[4.471s] -- Installing: /mpc/new/Elastic-Tracker/install/decomp_ros_msgs/share/decomp_ros_msgs/cmake/decomp_ros_msgs__rosidl_typesupport_cppExport-noconfig.cmake
[4.471s] -- Installing: /mpc/new/Elastic-Tracker/install/decomp_ros_msgs/share/decomp_ros_msgs/cmake/export_decomp_ros_msgs__rosidl_generator_pyExport.cmake
[4.471s] -- Installing: /mpc/new/Elastic-Tracker/install/decomp_ros_msgs/share/decomp_ros_msgs/cmake/export_decomp_ros_msgs__rosidl_generator_pyExport-noconfig.cmake
[4.471s] -- Installing: /mpc/new/Elastic-Tracker/install/decomp_ros_msgs/share/decomp_ros_msgs/cmake/rosidl_cmake-extras.cmake
[4.472s] -- Installing: /mpc/new/Elastic-Tracker/install/decomp_ros_msgs/share/decomp_ros_msgs/cmake/ament_cmake_export_dependencies-extras.cmake
[4.472s] -- Installing: /mpc/new/Elastic-Tracker/install/decomp_ros_msgs/share/decomp_ros_msgs/cmake/ament_cmake_export_include_directories-extras.cmake
[4.472s] -- Installing: /mpc/new/Elastic-Tracker/install/decomp_ros_msgs/share/decomp_ros_msgs/cmake/ament_cmake_export_libraries-extras.cmake
[4.472s] -- Installing: /mpc/new/Elastic-Tracker/install/decomp_ros_msgs/share/decomp_ros_msgs/cmake/ament_cmake_export_targets-extras.cmake
[4.472s] -- Installing: /mpc/new/Elastic-Tracker/install/decomp_ros_msgs/share/decomp_ros_msgs/cmake/rosidl_cmake_export_typesupport_targets-extras.cmake
[4.472s] -- Installing: /mpc/new/Elastic-Tracker/install/decomp_ros_msgs/share/decomp_ros_msgs/cmake/rosidl_cmake_export_typesupport_libraries-extras.cmake
[4.472s] -- Installing: /mpc/new/Elastic-Tracker/install/decomp_ros_msgs/share/decomp_ros_msgs/cmake/decomp_ros_msgsConfig.cmake
[4.472s] -- Installing: /mpc/new/Elastic-Tracker/install/decomp_ros_msgs/share/decomp_ros_msgs/cmake/decomp_ros_msgsConfig-version.cmake
[4.472s] -- Installing: /mpc/new/Elastic-Tracker/install/decomp_ros_msgs/share/decomp_ros_msgs/package.xml
[4.474s] Invoked command in '/mpc/new/Elastic-Tracker/build/decomp_ros_msgs' returned '0': CMAKE_PREFIX_PATH=/opt/ros/humble /usr/bin/cmake --install /mpc/new/Elastic-Tracker/build/decomp_ros_msgs
