[0.010s] Invoking command in '/mpc/new/Elastic-Tracker/build/decomp_basis': CMAKE_PREFIX_PATH=${CMAKE_PREFIX_PATH}:/opt/ros/humble /usr/bin/cmake /mpc/new/Elastic-Tracker/src/planning/DecompROS/decomp_basis -DCMAKE_INSTALL_PREFIX=/mpc/new/Elastic-Tracker/install/decomp_basis
[0.074s] -- The C compiler identification is GNU 11.4.0
[0.120s] -- The CXX compiler identification is GNU 11.4.0
[0.126s] -- Detecting C compiler ABI info
[0.182s] -- Detecting C compiler ABI info - done
[0.190s] -- Check for working C compiler: /usr/bin/cc - skipped
[0.190s] -- Detecting C compile features
[0.190s] -- Detecting C compile features - done
[0.193s] -- Detecting CXX compiler ABI info
[0.264s] -- Detecting CXX compiler ABI info - done
[0.272s] -- Check for working CXX compiler: /usr/bin/c++ - skipped
[0.272s] -- Detecting CXX compile features
[0.272s] -- Detecting CXX compile features - done
[0.276s] -- Found ament_cmake: 1.3.11 (/opt/ros/humble/share/ament_cmake/cmake)
[0.468s] -- Found Python3: /usr/bin/python3 (found version "3.10.12") found components: Interpreter 
[0.670s] -- Configuring done
[0.673s] -- Generating done
[0.675s] -- Build files have been written to: /mpc/new/Elastic-Tracker/build/decomp_basis
[0.680s] Invoked command in '/mpc/new/Elastic-Tracker/build/decomp_basis' returned '0': CMAKE_PREFIX_PATH=${CMAKE_PREFIX_PATH}:/opt/ros/humble /usr/bin/cmake /mpc/new/Elastic-Tracker/src/planning/DecompROS/decomp_basis -DCMAKE_INSTALL_PREFIX=/mpc/new/Elastic-Tracker/install/decomp_basis
[0.682s] Invoking command in '/mpc/new/Elastic-Tracker/build/decomp_basis': CMAKE_PREFIX_PATH=${CMAKE_PREFIX_PATH}:/opt/ros/humble /usr/bin/cmake --build /mpc/new/Elastic-Tracker/build/decomp_basis -- -j12 -l12
[0.713s] Invoked command in '/mpc/new/Elastic-Tracker/build/decomp_basis' returned '0': CMAKE_PREFIX_PATH=${CMAKE_PREFIX_PATH}:/opt/ros/humble /usr/bin/cmake --build /mpc/new/Elastic-Tracker/build/decomp_basis -- -j12 -l12
[0.722s] Invoking command in '/mpc/new/Elastic-Tracker/build/decomp_basis': CMAKE_PREFIX_PATH=${CMAKE_PREFIX_PATH}:/opt/ros/humble /usr/bin/cmake --install /mpc/new/Elastic-Tracker/build/decomp_basis
[0.728s] -- Install configuration: ""
[0.728s] -- Installing: /mpc/new/Elastic-Tracker/install/decomp_basis/include
[0.728s] -- Installing: /mpc/new/Elastic-Tracker/install/decomp_basis/include/decomp_basis
[0.728s] -- Installing: /mpc/new/Elastic-Tracker/install/decomp_basis/include/decomp_basis/data_utils.h
[0.728s] -- Installing: /mpc/new/Elastic-Tracker/install/decomp_basis/include/decomp_basis/data_type.h
[0.728s] -- Installing: /mpc/new/Elastic-Tracker/install/decomp_basis/share/ament_index/resource_index/package_run_dependencies/decomp_basis
[0.729s] -- Installing: /mpc/new/Elastic-Tracker/install/decomp_basis/share/ament_index/resource_index/parent_prefix_path/decomp_basis
[0.729s] -- Installing: /mpc/new/Elastic-Tracker/install/decomp_basis/share/decomp_basis/environment/ament_prefix_path.sh
[0.729s] -- Installing: /mpc/new/Elastic-Tracker/install/decomp_basis/share/decomp_basis/environment/ament_prefix_path.dsv
[0.729s] -- Installing: /mpc/new/Elastic-Tracker/install/decomp_basis/share/decomp_basis/environment/path.sh
[0.729s] -- Installing: /mpc/new/Elastic-Tracker/install/decomp_basis/share/decomp_basis/environment/path.dsv
[0.729s] -- Installing: /mpc/new/Elastic-Tracker/install/decomp_basis/share/decomp_basis/local_setup.bash
[0.729s] -- Installing: /mpc/new/Elastic-Tracker/install/decomp_basis/share/decomp_basis/local_setup.sh
[0.729s] -- Installing: /mpc/new/Elastic-Tracker/install/decomp_basis/share/decomp_basis/local_setup.zsh
[0.729s] -- Installing: /mpc/new/Elastic-Tracker/install/decomp_basis/share/decomp_basis/local_setup.dsv
[0.729s] -- Installing: /mpc/new/Elastic-Tracker/install/decomp_basis/share/decomp_basis/package.dsv
[0.730s] -- Installing: /mpc/new/Elastic-Tracker/install/decomp_basis/share/ament_index/resource_index/packages/decomp_basis
[0.730s] -- Installing: /mpc/new/Elastic-Tracker/install/decomp_basis/share/decomp_basis/cmake/ament_cmake_export_include_directories-extras.cmake
[0.730s] -- Installing: /mpc/new/Elastic-Tracker/install/decomp_basis/share/decomp_basis/cmake/decomp_basisConfig.cmake
[0.730s] -- Installing: /mpc/new/Elastic-Tracker/install/decomp_basis/share/decomp_basis/cmake/decomp_basisConfig-version.cmake
[0.730s] -- Installing: /mpc/new/Elastic-Tracker/install/decomp_basis/share/decomp_basis/package.xml
[0.732s] Invoked command in '/mpc/new/Elastic-Tracker/build/decomp_basis' returned '0': CMAKE_PREFIX_PATH=${CMAKE_PREFIX_PATH}:/opt/ros/humble /usr/bin/cmake --install /mpc/new/Elastic-Tracker/build/decomp_basis
