[0.011s] Invoking command in '/mpc/new/Elastic-Tracker/src/detection/build/target_ekf': AMENT_PREFIX_PATH=/mpc/new/Elastic-Tracker/src/detection/install/object_detection_msgs:${AMENT_PREFIX_PATH} CMAKE_PREFIX_PATH=/mpc/new/Elastic-Tracker/src/detection/install/object_detection_msgs:/opt/ros/humble LD_LIBRARY_PATH=/mpc/new/Elastic-Tracker/src/detection/install/object_detection_msgs/lib:${LD_LIBRARY_PATH} PYTHONPATH=/mpc/new/Elastic-Tracker/src/detection/install/object_detection_msgs/local/lib/python3.10/dist-packages:${PYTHONPATH} /usr/bin/cmake /mpc/new/Elastic-Tracker/src/detection/target_ekf -DCMAKE_INSTALL_PREFIX=/mpc/new/Elastic-Tracker/src/detection/install/target_ekf
[0.100s] -- The C compiler identification is GNU 11.4.0
[0.154s] -- The CXX compiler identification is GNU 11.4.0
[0.163s] -- Detecting C compiler ABI info
[0.269s] -- Detecting C compiler ABI info - done
[0.282s] -- Check for working C compiler: /usr/bin/cc - skipped
[0.282s] -- Detecting C compile features
[0.283s] -- Detecting C compile features - done
[0.287s] -- Detecting CXX compiler ABI info
[0.424s] -- Detecting CXX compiler ABI info - done
[0.434s] -- Check for working CXX compiler: /usr/bin/c++ - skipped
[0.434s] -- Detecting CXX compile features
[0.435s] -- Detecting CXX compile features - done
[0.439s] -- Found ament_cmake: 1.3.11 (/opt/ros/humble/share/ament_cmake/cmake)
[0.707s] -- Found Python3: /usr/bin/python3 (found version "3.10.12") found components: Interpreter 
[0.852s] -- Found rclcpp: 16.0.11 (/opt/ros/humble/share/rclcpp/cmake)
[0.919s] -- Found rosidl_generator_c: 3.1.6 (/opt/ros/humble/share/rosidl_generator_c/cmake)
[0.931s] -- Found rosidl_adapter: 3.1.6 (/opt/ros/humble/share/rosidl_adapter/cmake)
[0.952s] -- Found rosidl_generator_cpp: 3.1.6 (/opt/ros/humble/share/rosidl_generator_cpp/cmake)
[0.976s] -- Using all available rosidl_typesupport_c: rosidl_typesupport_fastrtps_c;rosidl_typesupport_introspection_c
[1.005s] -- Using all available rosidl_typesupport_cpp: rosidl_typesupport_fastrtps_cpp;rosidl_typesupport_introspection_cpp
[1.099s] -- Found rmw_implementation_cmake: 6.1.2 (/opt/ros/humble/share/rmw_implementation_cmake/cmake)
[1.106s] -- Found rmw_cyclonedds_cpp: 1.3.4 (/opt/ros/humble/share/rmw_cyclonedds_cpp/cmake)
[1.150s] -- Using RMW implementation 'rmw_cyclonedds_cpp' as default
[1.166s] -- Looking for pthread.h
[1.257s] -- Looking for pthread.h - found
[1.257s] -- Performing Test CMAKE_HAVE_LIBC_PTHREAD
[1.403s] -- Performing Test CMAKE_HAVE_LIBC_PTHREAD - Success
[1.403s] -- Found Threads: TRUE  
[1.551s] -- Found object_detection_msgs: 0.0.0 (/mpc/new/Elastic-Tracker/src/detection/install/object_detection_msgs/share/object_detection_msgs/cmake)
[1.589s] -- Found nav_msgs: 4.2.4 (/opt/ros/humble/share/nav_msgs/cmake)
[1.639s] -- Found message_filters: 4.3.5 (/opt/ros/humble/share/message_filters/cmake)
[1.645s] -- Found eigen3_cmake_module: 0.1.1 (/opt/ros/humble/share/eigen3_cmake_module/cmake)
[1.667s] -- Found Eigen3: TRUE (found version "3.4.0") 
[1.677s] -- Found ament_lint_auto: 0.12.11 (/opt/ros/humble/share/ament_lint_auto/cmake)
[1.787s] -- Configuring done
[1.813s] -- Generating done
[1.824s] -- Build files have been written to: /mpc/new/Elastic-Tracker/src/detection/build/target_ekf
[1.840s] Invoked command in '/mpc/new/Elastic-Tracker/src/detection/build/target_ekf' returned '0': AMENT_PREFIX_PATH=/mpc/new/Elastic-Tracker/src/detection/install/object_detection_msgs:${AMENT_PREFIX_PATH} CMAKE_PREFIX_PATH=/mpc/new/Elastic-Tracker/src/detection/install/object_detection_msgs:/opt/ros/humble LD_LIBRARY_PATH=/mpc/new/Elastic-Tracker/src/detection/install/object_detection_msgs/lib:${LD_LIBRARY_PATH} PYTHONPATH=/mpc/new/Elastic-Tracker/src/detection/install/object_detection_msgs/local/lib/python3.10/dist-packages:${PYTHONPATH} /usr/bin/cmake /mpc/new/Elastic-Tracker/src/detection/target_ekf -DCMAKE_INSTALL_PREFIX=/mpc/new/Elastic-Tracker/src/detection/install/target_ekf
[1.842s] Invoking command in '/mpc/new/Elastic-Tracker/src/detection/build/target_ekf': AMENT_PREFIX_PATH=/mpc/new/Elastic-Tracker/src/detection/install/object_detection_msgs:${AMENT_PREFIX_PATH} CMAKE_PREFIX_PATH=/mpc/new/Elastic-Tracker/src/detection/install/object_detection_msgs:/opt/ros/humble LD_LIBRARY_PATH=/mpc/new/Elastic-Tracker/src/detection/install/object_detection_msgs/lib:${LD_LIBRARY_PATH} PYTHONPATH=/mpc/new/Elastic-Tracker/src/detection/install/object_detection_msgs/local/lib/python3.10/dist-packages:${PYTHONPATH} /usr/bin/cmake --build /mpc/new/Elastic-Tracker/src/detection/build/target_ekf -- -j12 -l12
[1.904s] [ 25%] [32mBuilding CXX object CMakeFiles/target_ekf_node.dir/src/target_ekf_node.cpp.o[0m
[30.305s] [ 50%] [32m[1mLinking CXX executable target_ekf_node[0m
[31.569s] [ 50%] Built target target_ekf_node
[31.589s] [ 75%] [32mBuilding CXX object CMakeFiles/target_ekf_sim_node.dir/src/target_ekf_sim_node.cpp.o[0m
[54.918s] [100%] [32m[1mLinking CXX executable target_ekf_sim_node[0m
[55.813s] [100%] Built target target_ekf_sim_node
[55.827s] Invoked command in '/mpc/new/Elastic-Tracker/src/detection/build/target_ekf' returned '0': AMENT_PREFIX_PATH=/mpc/new/Elastic-Tracker/src/detection/install/object_detection_msgs:${AMENT_PREFIX_PATH} CMAKE_PREFIX_PATH=/mpc/new/Elastic-Tracker/src/detection/install/object_detection_msgs:/opt/ros/humble LD_LIBRARY_PATH=/mpc/new/Elastic-Tracker/src/detection/install/object_detection_msgs/lib:${LD_LIBRARY_PATH} PYTHONPATH=/mpc/new/Elastic-Tracker/src/detection/install/object_detection_msgs/local/lib/python3.10/dist-packages:${PYTHONPATH} /usr/bin/cmake --build /mpc/new/Elastic-Tracker/src/detection/build/target_ekf -- -j12 -l12
[55.828s] Invoking command in '/mpc/new/Elastic-Tracker/src/detection/build/target_ekf': AMENT_PREFIX_PATH=/mpc/new/Elastic-Tracker/src/detection/install/object_detection_msgs:${AMENT_PREFIX_PATH} CMAKE_PREFIX_PATH=/mpc/new/Elastic-Tracker/src/detection/install/object_detection_msgs:/opt/ros/humble LD_LIBRARY_PATH=/mpc/new/Elastic-Tracker/src/detection/install/object_detection_msgs/lib:${LD_LIBRARY_PATH} PYTHONPATH=/mpc/new/Elastic-Tracker/src/detection/install/object_detection_msgs/local/lib/python3.10/dist-packages:${PYTHONPATH} /usr/bin/cmake --install /mpc/new/Elastic-Tracker/src/detection/build/target_ekf
[55.839s] -- Install configuration: ""
[55.839s] -- Installing: /mpc/new/Elastic-Tracker/src/detection/install/target_ekf/lib/target_ekf/target_ekf_node
[55.849s] -- Set runtime path of "/mpc/new/Elastic-Tracker/src/detection/install/target_ekf/lib/target_ekf/target_ekf_node" to ""
[55.849s] -- Installing: /mpc/new/Elastic-Tracker/src/detection/install/target_ekf/lib/target_ekf/target_ekf_sim_node
[55.855s] -- Set runtime path of "/mpc/new/Elastic-Tracker/src/detection/install/target_ekf/lib/target_ekf/target_ekf_sim_node" to ""
[55.855s] -- Installing: /mpc/new/Elastic-Tracker/src/detection/install/target_ekf/share/ament_index/resource_index/package_run_dependencies/target_ekf
[55.855s] -- Installing: /mpc/new/Elastic-Tracker/src/detection/install/target_ekf/share/ament_index/resource_index/parent_prefix_path/target_ekf
[55.855s] -- Installing: /mpc/new/Elastic-Tracker/src/detection/install/target_ekf/share/target_ekf/environment/ament_prefix_path.sh
[55.855s] -- Installing: /mpc/new/Elastic-Tracker/src/detection/install/target_ekf/share/target_ekf/environment/ament_prefix_path.dsv
[55.856s] -- Installing: /mpc/new/Elastic-Tracker/src/detection/install/target_ekf/share/target_ekf/environment/path.sh
[55.856s] -- Installing: /mpc/new/Elastic-Tracker/src/detection/install/target_ekf/share/target_ekf/environment/path.dsv
[55.856s] -- Installing: /mpc/new/Elastic-Tracker/src/detection/install/target_ekf/share/target_ekf/local_setup.bash
[55.856s] -- Installing: /mpc/new/Elastic-Tracker/src/detection/install/target_ekf/share/target_ekf/local_setup.sh
[55.856s] -- Installing: /mpc/new/Elastic-Tracker/src/detection/install/target_ekf/share/target_ekf/local_setup.zsh
[55.856s] -- Installing: /mpc/new/Elastic-Tracker/src/detection/install/target_ekf/share/target_ekf/local_setup.dsv
[55.857s] -- Installing: /mpc/new/Elastic-Tracker/src/detection/install/target_ekf/share/target_ekf/package.dsv
[55.857s] -- Installing: /mpc/new/Elastic-Tracker/src/detection/install/target_ekf/share/ament_index/resource_index/packages/target_ekf
[55.857s] -- Installing: /mpc/new/Elastic-Tracker/src/detection/install/target_ekf/share/target_ekf/cmake/target_ekfConfig.cmake
[55.857s] -- Installing: /mpc/new/Elastic-Tracker/src/detection/install/target_ekf/share/target_ekf/cmake/target_ekfConfig-version.cmake
[55.857s] -- Installing: /mpc/new/Elastic-Tracker/src/detection/install/target_ekf/share/target_ekf/package.xml
[55.860s] Invoked command in '/mpc/new/Elastic-Tracker/src/detection/build/target_ekf' returned '0': AMENT_PREFIX_PATH=/mpc/new/Elastic-Tracker/src/detection/install/object_detection_msgs:${AMENT_PREFIX_PATH} CMAKE_PREFIX_PATH=/mpc/new/Elastic-Tracker/src/detection/install/object_detection_msgs:/opt/ros/humble LD_LIBRARY_PATH=/mpc/new/Elastic-Tracker/src/detection/install/object_detection_msgs/lib:${LD_LIBRARY_PATH} PYTHONPATH=/mpc/new/Elastic-Tracker/src/detection/install/object_detection_msgs/local/lib/python3.10/dist-packages:${PYTHONPATH} /usr/bin/cmake --install /mpc/new/Elastic-Tracker/src/detection/build/target_ekf
