[0.028s] Invoking command in '/mpc/new/Elastic-Tracker/src/detection/build/target_ekf': CMAKE_PREFIX_PATH=/mpc/new/Elastic-Tracker/src/detection/install/object_detection_msgs:/mpc/new/Elastic-Tracker/src/detection/install/target_ekf:/mpc/new/Elastic-Tracker/install/target_ekf:/mpc/new/Elastic-Tracker/install/mapping:/mpc/new/Elastic-Tracker/install/quadrotor_msgs:/mpc/new/Elastic-Tracker/install/object_detection_msgs:/mpc/new/Elastic-Tracker/install/decomp_ros_msgs:/mpc/new/Elastic-Tracker/install/decomp_geometry:/mpc/new/Elastic-Tracker/install/decomp_basis:/opt/ros/humble /usr/bin/cmake --build /mpc/new/Elastic-Tracker/src/detection/build/target_ekf -- -j12 -l12
[0.104s] [35m[1mConsolidate compiler generated dependencies of target target_ekf_sim_node[0m
[0.122s] [ 50%] Built target target_ekf_node
[0.128s] [ 75%] [32mBuilding CXX object CMakeFiles/target_ekf_sim_node.dir/src/target_ekf_sim_node.cpp.o[0m
[23.890s] [100%] [32m[1mLinking CXX executable target_ekf_sim_node[0m
[24.849s] [100%] Built target target_ekf_sim_node
[24.864s] Invoked command in '/mpc/new/Elastic-Tracker/src/detection/build/target_ekf' returned '0': CMAKE_PREFIX_PATH=/mpc/new/Elastic-Tracker/src/detection/install/object_detection_msgs:/mpc/new/Elastic-Tracker/src/detection/install/target_ekf:/mpc/new/Elastic-Tracker/install/target_ekf:/mpc/new/Elastic-Tracker/install/mapping:/mpc/new/Elastic-Tracker/install/quadrotor_msgs:/mpc/new/Elastic-Tracker/install/object_detection_msgs:/mpc/new/Elastic-Tracker/install/decomp_ros_msgs:/mpc/new/Elastic-Tracker/install/decomp_geometry:/mpc/new/Elastic-Tracker/install/decomp_basis:/opt/ros/humble /usr/bin/cmake --build /mpc/new/Elastic-Tracker/src/detection/build/target_ekf -- -j12 -l12
[24.865s] Invoking command in '/mpc/new/Elastic-Tracker/src/detection/build/target_ekf': CMAKE_PREFIX_PATH=/mpc/new/Elastic-Tracker/src/detection/install/object_detection_msgs:/mpc/new/Elastic-Tracker/src/detection/install/target_ekf:/mpc/new/Elastic-Tracker/install/target_ekf:/mpc/new/Elastic-Tracker/install/mapping:/mpc/new/Elastic-Tracker/install/quadrotor_msgs:/mpc/new/Elastic-Tracker/install/object_detection_msgs:/mpc/new/Elastic-Tracker/install/decomp_ros_msgs:/mpc/new/Elastic-Tracker/install/decomp_geometry:/mpc/new/Elastic-Tracker/install/decomp_basis:/opt/ros/humble /usr/bin/cmake --install /mpc/new/Elastic-Tracker/src/detection/build/target_ekf
[24.877s] -- Install configuration: ""
[24.877s] -- Up-to-date: /mpc/new/Elastic-Tracker/src/detection/install/target_ekf/lib/target_ekf/target_ekf_node
[24.878s] -- Installing: /mpc/new/Elastic-Tracker/src/detection/install/target_ekf/lib/target_ekf/target_ekf_sim_node
[24.885s] -- Set runtime path of "/mpc/new/Elastic-Tracker/src/detection/install/target_ekf/lib/target_ekf/target_ekf_sim_node" to ""
[24.885s] -- Up-to-date: /mpc/new/Elastic-Tracker/src/detection/install/target_ekf/share/ament_index/resource_index/package_run_dependencies/target_ekf
[24.885s] -- Up-to-date: /mpc/new/Elastic-Tracker/src/detection/install/target_ekf/share/ament_index/resource_index/parent_prefix_path/target_ekf
[24.885s] -- Up-to-date: /mpc/new/Elastic-Tracker/src/detection/install/target_ekf/share/target_ekf/environment/ament_prefix_path.sh
[24.885s] -- Up-to-date: /mpc/new/Elastic-Tracker/src/detection/install/target_ekf/share/target_ekf/environment/ament_prefix_path.dsv
[24.885s] -- Up-to-date: /mpc/new/Elastic-Tracker/src/detection/install/target_ekf/share/target_ekf/environment/path.sh
[24.886s] -- Up-to-date: /mpc/new/Elastic-Tracker/src/detection/install/target_ekf/share/target_ekf/environment/path.dsv
[24.886s] -- Up-to-date: /mpc/new/Elastic-Tracker/src/detection/install/target_ekf/share/target_ekf/local_setup.bash
[24.886s] -- Up-to-date: /mpc/new/Elastic-Tracker/src/detection/install/target_ekf/share/target_ekf/local_setup.sh
[24.886s] -- Up-to-date: /mpc/new/Elastic-Tracker/src/detection/install/target_ekf/share/target_ekf/local_setup.zsh
[24.886s] -- Up-to-date: /mpc/new/Elastic-Tracker/src/detection/install/target_ekf/share/target_ekf/local_setup.dsv
[24.886s] -- Installing: /mpc/new/Elastic-Tracker/src/detection/install/target_ekf/share/target_ekf/package.dsv
[24.886s] -- Up-to-date: /mpc/new/Elastic-Tracker/src/detection/install/target_ekf/share/ament_index/resource_index/packages/target_ekf
[24.886s] -- Up-to-date: /mpc/new/Elastic-Tracker/src/detection/install/target_ekf/share/target_ekf/cmake/target_ekfConfig.cmake
[24.886s] -- Up-to-date: /mpc/new/Elastic-Tracker/src/detection/install/target_ekf/share/target_ekf/cmake/target_ekfConfig-version.cmake
[24.886s] -- Up-to-date: /mpc/new/Elastic-Tracker/src/detection/install/target_ekf/share/target_ekf/package.xml
[24.888s] Invoked command in '/mpc/new/Elastic-Tracker/src/detection/build/target_ekf' returned '0': CMAKE_PREFIX_PATH=/mpc/new/Elastic-Tracker/src/detection/install/object_detection_msgs:/mpc/new/Elastic-Tracker/src/detection/install/target_ekf:/mpc/new/Elastic-Tracker/install/target_ekf:/mpc/new/Elastic-Tracker/install/mapping:/mpc/new/Elastic-Tracker/install/quadrotor_msgs:/mpc/new/Elastic-Tracker/install/object_detection_msgs:/mpc/new/Elastic-Tracker/install/decomp_ros_msgs:/mpc/new/Elastic-Tracker/install/decomp_geometry:/mpc/new/Elastic-Tracker/install/decomp_basis:/opt/ros/humble /usr/bin/cmake --install /mpc/new/Elastic-Tracker/src/detection/build/target_ekf
