[0.010s] Invoking command in '/mpc/new/Elastic-Tracker/build/decomp_basis': CMAKE_PREFIX_PATH=${CMAKE_PREFIX_PATH}:/opt/ros/humble /usr/bin/cmake /mpc/new/Elastic-Tracker/src/planning/DecompROS/decomp_basis -DCMAKE_INSTALL_PREFIX=/mpc/new/Elastic-Tracker/install/decomp_basis
[0.054s] -- The C compiler identification is GNU 11.4.0
[0.099s] -- The CXX compiler identification is GNU 11.4.0
[0.105s] -- Detecting C compiler ABI info
[0.162s] -- Detecting C compiler ABI info - done
[0.169s] -- Check for working C compiler: /usr/bin/cc - skipped
[0.169s] -- Detecting C compile features
[0.170s] -- Detecting C compile features - done
[0.173s] -- Detecting CXX compiler ABI info
[0.242s] -- Detecting CXX compiler ABI info - done
[0.251s] -- Check for working CXX compiler: /usr/bin/c++ - skipped
[0.251s] -- Detecting CXX compile features
[0.251s] -- Detecting CXX compile features - done
[0.255s] -- Found ament_cmake: 1.3.11 (/opt/ros/humble/share/ament_cmake/cmake)
[0.422s] -- Found Python3: /usr/bin/python3 (found version "3.10.12") found components: Interpreter 
[0.603s] -- Configuring done
[0.606s] -- Generating done
[0.608s] -- Build files have been written to: /mpc/new/Elastic-Tracker/build/decomp_basis
[0.614s] Invoked command in '/mpc/new/Elastic-Tracker/build/decomp_basis' returned '0': CMAKE_PREFIX_PATH=${CMAKE_PREFIX_PATH}:/opt/ros/humble /usr/bin/cmake /mpc/new/Elastic-Tracker/src/planning/DecompROS/decomp_basis -DCMAKE_INSTALL_PREFIX=/mpc/new/Elastic-Tracker/install/decomp_basis
[0.615s] Invoking command in '/mpc/new/Elastic-Tracker/build/decomp_basis': CMAKE_PREFIX_PATH=${CMAKE_PREFIX_PATH}:/opt/ros/humble /usr/bin/cmake --build /mpc/new/Elastic-Tracker/build/decomp_basis -- -j12 -l12
[0.648s] Invoked command in '/mpc/new/Elastic-Tracker/build/decomp_basis' returned '0': CMAKE_PREFIX_PATH=${CMAKE_PREFIX_PATH}:/opt/ros/humble /usr/bin/cmake --build /mpc/new/Elastic-Tracker/build/decomp_basis -- -j12 -l12
[0.655s] Invoking command in '/mpc/new/Elastic-Tracker/build/decomp_basis': CMAKE_PREFIX_PATH=${CMAKE_PREFIX_PATH}:/opt/ros/humble /usr/bin/cmake --install /mpc/new/Elastic-Tracker/build/decomp_basis
[0.662s] -- Install configuration: ""
[0.662s] -- Installing: /mpc/new/Elastic-Tracker/install/decomp_basis/include
[0.662s] -- Installing: /mpc/new/Elastic-Tracker/install/decomp_basis/include/decomp_basis
[0.662s] -- Installing: /mpc/new/Elastic-Tracker/install/decomp_basis/include/decomp_basis/data_utils.h
[0.662s] -- Installing: /mpc/new/Elastic-Tracker/install/decomp_basis/include/decomp_basis/data_type.h
[0.662s] -- Installing: /mpc/new/Elastic-Tracker/install/decomp_basis/share/ament_index/resource_index/package_run_dependencies/decomp_basis
[0.662s] -- Installing: /mpc/new/Elastic-Tracker/install/decomp_basis/share/ament_index/resource_index/parent_prefix_path/decomp_basis
[0.662s] -- Installing: /mpc/new/Elastic-Tracker/install/decomp_basis/share/decomp_basis/environment/ament_prefix_path.sh
[0.663s] -- Installing: /mpc/new/Elastic-Tracker/install/decomp_basis/share/decomp_basis/environment/ament_prefix_path.dsv
[0.663s] -- Installing: /mpc/new/Elastic-Tracker/install/decomp_basis/share/decomp_basis/environment/path.sh
[0.663s] -- Installing: /mpc/new/Elastic-Tracker/install/decomp_basis/share/decomp_basis/environment/path.dsv
[0.663s] -- Installing: /mpc/new/Elastic-Tracker/install/decomp_basis/share/decomp_basis/local_setup.bash
[0.663s] -- Installing: /mpc/new/Elastic-Tracker/install/decomp_basis/share/decomp_basis/local_setup.sh
[0.663s] -- Installing: /mpc/new/Elastic-Tracker/install/decomp_basis/share/decomp_basis/local_setup.zsh
[0.663s] -- Installing: /mpc/new/Elastic-Tracker/install/decomp_basis/share/decomp_basis/local_setup.dsv
[0.663s] -- Installing: /mpc/new/Elastic-Tracker/install/decomp_basis/share/decomp_basis/package.dsv
[0.663s] -- Installing: /mpc/new/Elastic-Tracker/install/decomp_basis/share/ament_index/resource_index/packages/decomp_basis
[0.663s] -- Installing: /mpc/new/Elastic-Tracker/install/decomp_basis/share/decomp_basis/cmake/ament_cmake_export_include_directories-extras.cmake
[0.663s] -- Installing: /mpc/new/Elastic-Tracker/install/decomp_basis/share/decomp_basis/cmake/decomp_basisConfig.cmake
[0.664s] -- Installing: /mpc/new/Elastic-Tracker/install/decomp_basis/share/decomp_basis/cmake/decomp_basisConfig-version.cmake
[0.664s] -- Installing: /mpc/new/Elastic-Tracker/install/decomp_basis/share/decomp_basis/package.xml
[0.665s] Invoked command in '/mpc/new/Elastic-Tracker/build/decomp_basis' returned '0': CMAKE_PREFIX_PATH=${CMAKE_PREFIX_PATH}:/opt/ros/humble /usr/bin/cmake --install /mpc/new/Elastic-Tracker/build/decomp_basis
