[0.050s] Invoking command in '/mpc/new/Elastic-Tracker/build/target_ekf': CMAKE_PREFIX_PATH=/mpc/new/Elastic-Tracker/install/object_detection_msgs:/mpc/new/Elastic-Tracker/src/mapping/install/mapping:/mpc/new/Elastic-Tracker/install/target_ekf:/mpc/new/Elastic-Tracker/install/mapping:/mpc/new/Elastic-Tracker/install/quadrotor_msgs:/mpc/new/Elastic-Tracker/install/decomp_ros_msgs:/mpc/new/Elastic-Tracker/install/decomp_geometry:/mpc/new/Elastic-Tracker/install/decomp_basis:/opt/ros/humble LD_LIBRARY_PATH=/mpc/new/Elastic-Tracker/install/object_detection_msgs/lib:/mpc/new/Elastic-Tracker/src/mapping/install/mapping/lib:/mpc/new/Elastic-Tracker/install/mapping/lib:/mpc/new/Elastic-Tracker/install/quadrotor_msgs/lib:/mpc/new/Elastic-Tracker/install/decomp_ros_msgs/lib:/usr/local/lib:/usr/local/lib:/opt/ros/humble/opt/rviz_ogre_vendor/lib:/opt/ros/humble/lib/x86_64-linux-gnu:/opt/ros/humble/lib:/usr/lib:/new/px4-offboard_ws/src/acados/lib:/mpc/new/acados/lib /usr/bin/cmake --build /mpc/new/Elastic-Tracker/build/target_ekf -- -j12 -l12
[0.093s] [35m[1mConsolidate compiler generated dependencies of target target_ekf_sim_node[0m
[0.119s] [ 50%] Built target target_ekf_node
[0.126s] [100%] Built target target_ekf_sim_node
[0.170s] Invoked command in '/mpc/new/Elastic-Tracker/build/target_ekf' returned '0': CMAKE_PREFIX_PATH=/mpc/new/Elastic-Tracker/install/object_detection_msgs:/mpc/new/Elastic-Tracker/src/mapping/install/mapping:/mpc/new/Elastic-Tracker/install/target_ekf:/mpc/new/Elastic-Tracker/install/mapping:/mpc/new/Elastic-Tracker/install/quadrotor_msgs:/mpc/new/Elastic-Tracker/install/decomp_ros_msgs:/mpc/new/Elastic-Tracker/install/decomp_geometry:/mpc/new/Elastic-Tracker/install/decomp_basis:/opt/ros/humble LD_LIBRARY_PATH=/mpc/new/Elastic-Tracker/install/object_detection_msgs/lib:/mpc/new/Elastic-Tracker/src/mapping/install/mapping/lib:/mpc/new/Elastic-Tracker/install/mapping/lib:/mpc/new/Elastic-Tracker/install/quadrotor_msgs/lib:/mpc/new/Elastic-Tracker/install/decomp_ros_msgs/lib:/usr/local/lib:/usr/local/lib:/opt/ros/humble/opt/rviz_ogre_vendor/lib:/opt/ros/humble/lib/x86_64-linux-gnu:/opt/ros/humble/lib:/usr/lib:/new/px4-offboard_ws/src/acados/lib:/mpc/new/acados/lib /usr/bin/cmake --build /mpc/new/Elastic-Tracker/build/target_ekf -- -j12 -l12
[0.171s] Invoking command in '/mpc/new/Elastic-Tracker/build/target_ekf': CMAKE_PREFIX_PATH=/mpc/new/Elastic-Tracker/install/object_detection_msgs:/mpc/new/Elastic-Tracker/src/mapping/install/mapping:/mpc/new/Elastic-Tracker/install/target_ekf:/mpc/new/Elastic-Tracker/install/mapping:/mpc/new/Elastic-Tracker/install/quadrotor_msgs:/mpc/new/Elastic-Tracker/install/decomp_ros_msgs:/mpc/new/Elastic-Tracker/install/decomp_geometry:/mpc/new/Elastic-Tracker/install/decomp_basis:/opt/ros/humble LD_LIBRARY_PATH=/mpc/new/Elastic-Tracker/install/object_detection_msgs/lib:/mpc/new/Elastic-Tracker/src/mapping/install/mapping/lib:/mpc/new/Elastic-Tracker/install/mapping/lib:/mpc/new/Elastic-Tracker/install/quadrotor_msgs/lib:/mpc/new/Elastic-Tracker/install/decomp_ros_msgs/lib:/usr/local/lib:/usr/local/lib:/opt/ros/humble/opt/rviz_ogre_vendor/lib:/opt/ros/humble/lib/x86_64-linux-gnu:/opt/ros/humble/lib:/usr/lib:/new/px4-offboard_ws/src/acados/lib:/mpc/new/acados/lib /usr/bin/cmake --install /mpc/new/Elastic-Tracker/build/target_ekf
[0.180s] -- Install configuration: ""
[0.181s] -- Up-to-date: /mpc/new/Elastic-Tracker/install/target_ekf/lib/target_ekf/target_ekf_node
[0.181s] -- Up-to-date: /mpc/new/Elastic-Tracker/install/target_ekf/lib/target_ekf/target_ekf_sim_node
[0.181s] -- Up-to-date: /mpc/new/Elastic-Tracker/install/target_ekf/share/ament_index/resource_index/package_run_dependencies/target_ekf
[0.181s] -- Up-to-date: /mpc/new/Elastic-Tracker/install/target_ekf/share/ament_index/resource_index/parent_prefix_path/target_ekf
[0.181s] -- Up-to-date: /mpc/new/Elastic-Tracker/install/target_ekf/share/target_ekf/environment/ament_prefix_path.sh
[0.182s] -- Up-to-date: /mpc/new/Elastic-Tracker/install/target_ekf/share/target_ekf/environment/ament_prefix_path.dsv
[0.182s] -- Up-to-date: /mpc/new/Elastic-Tracker/install/target_ekf/share/target_ekf/environment/path.sh
[0.182s] -- Up-to-date: /mpc/new/Elastic-Tracker/install/target_ekf/share/target_ekf/environment/path.dsv
[0.182s] -- Up-to-date: /mpc/new/Elastic-Tracker/install/target_ekf/share/target_ekf/local_setup.bash
[0.182s] -- Up-to-date: /mpc/new/Elastic-Tracker/install/target_ekf/share/target_ekf/local_setup.sh
[0.182s] -- Up-to-date: /mpc/new/Elastic-Tracker/install/target_ekf/share/target_ekf/local_setup.zsh
[0.182s] -- Up-to-date: /mpc/new/Elastic-Tracker/install/target_ekf/share/target_ekf/local_setup.dsv
[0.183s] -- Installing: /mpc/new/Elastic-Tracker/install/target_ekf/share/target_ekf/package.dsv
[0.183s] -- Up-to-date: /mpc/new/Elastic-Tracker/install/target_ekf/share/ament_index/resource_index/packages/target_ekf
[0.183s] -- Up-to-date: /mpc/new/Elastic-Tracker/install/target_ekf/share/target_ekf/cmake/target_ekfConfig.cmake
[0.183s] -- Up-to-date: /mpc/new/Elastic-Tracker/install/target_ekf/share/target_ekf/cmake/target_ekfConfig-version.cmake
[0.183s] -- Up-to-date: /mpc/new/Elastic-Tracker/install/target_ekf/share/target_ekf/package.xml
[0.187s] Invoked command in '/mpc/new/Elastic-Tracker/build/target_ekf' returned '0': CMAKE_PREFIX_PATH=/mpc/new/Elastic-Tracker/install/object_detection_msgs:/mpc/new/Elastic-Tracker/src/mapping/install/mapping:/mpc/new/Elastic-Tracker/install/target_ekf:/mpc/new/Elastic-Tracker/install/mapping:/mpc/new/Elastic-Tracker/install/quadrotor_msgs:/mpc/new/Elastic-Tracker/install/decomp_ros_msgs:/mpc/new/Elastic-Tracker/install/decomp_geometry:/mpc/new/Elastic-Tracker/install/decomp_basis:/opt/ros/humble LD_LIBRARY_PATH=/mpc/new/Elastic-Tracker/install/object_detection_msgs/lib:/mpc/new/Elastic-Tracker/src/mapping/install/mapping/lib:/mpc/new/Elastic-Tracker/install/mapping/lib:/mpc/new/Elastic-Tracker/install/quadrotor_msgs/lib:/mpc/new/Elastic-Tracker/install/decomp_ros_msgs/lib:/usr/local/lib:/usr/local/lib:/opt/ros/humble/opt/rviz_ogre_vendor/lib:/opt/ros/humble/lib/x86_64-linux-gnu:/opt/ros/humble/lib:/usr/lib:/new/px4-offboard_ws/src/acados/lib:/mpc/new/acados/lib /usr/bin/cmake --install /mpc/new/Elastic-Tracker/build/target_ekf
