[0.175s] DEBUG:colcon:Command line arguments: ['/usr/bin/colcon', 'build']
[0.175s] DEBUG:colcon:Parsed command line arguments: Namespace(log_base=None, log_level=None, verb_name='build', build_base='build', install_base='install', merge_install=False, symlink_install=False, test_result_base=None, continue_on_error=False, executor='parallel', parallel_workers=12, event_handlers=None, ignore_user_meta=False, metas=['./colcon.meta'], base_paths=['.'], packages_ignore=None, packages_ignore_regex=None, paths=None, packages_up_to=None, packages_up_to_regex=None, packages_above=None, packages_above_and_dependencies=None, packages_above_depth=None, packages_select_by_dep=None, packages_skip_by_dep=None, packages_skip_up_to=None, packages_select_build_failed=False, packages_skip_build_finished=False, packages_select_test_failures=False, packages_skip_test_passed=False, packages_select=None, packages_skip=None, packages_select_regex=None, packages_skip_regex=None, packages_start=None, packages_end=None, cmake_args=None, cmake_target=None, cmake_target_skip_unavailable=False, cmake_clean_cache=False, cmake_clean_first=False, cmake_force_configure=False, ament_cmake_args=None, catkin_cmake_args=None, catkin_skip_building_tests=False, mixin_files=None, mixin=None, verb_parser=<colcon_mixin.mixin.mixin_argument.MixinArgumentDecorator object at 0x7f91b1740460>, verb_extension=<colcon_core.verb.build.BuildVerb object at 0x7f91b1713e20>, main=<bound method BuildVerb.main of <colcon_core.verb.build.BuildVerb object at 0x7f91b1713e20>>, mixin_verb=('build',))
[0.441s] Level 1:colcon.colcon_core.package_discovery:discover_packages(colcon_meta) check parameters
[0.442s] INFO:colcon.colcon_metadata.package_discovery.colcon_meta:Using configuration from '/root/.colcon/metadata/default/Gazebo.meta'
[0.442s] INFO:colcon.colcon_metadata.package_discovery.colcon_meta:Using configuration from '/root/.colcon/metadata/default/fastrtps.meta'
[0.442s] Level 1:colcon.colcon_core.package_discovery:discover_packages(recursive) check parameters
[0.442s] Level 1:colcon.colcon_core.package_discovery:discover_packages(ignore) check parameters
[0.442s] Level 1:colcon.colcon_core.package_discovery:discover_packages(path) check parameters
[0.442s] Level 1:colcon.colcon_core.package_discovery:discover_packages(colcon_meta) discover
[0.443s] Level 1:colcon.colcon_core.package_discovery:discover_packages(recursive) discover
[0.443s] INFO:colcon.colcon_core.package_discovery:Crawling recursively for packages in '/mpc/new/Elastic-Tracker/src/detection'
[0.443s] Level 1:colcon.colcon_core.package_identification:_identify(.) by extensions ['ignore', 'ignore_ament_install']
[0.443s] Level 1:colcon.colcon_core.package_identification:_identify(.) by extension 'ignore'
[0.443s] Level 1:colcon.colcon_core.package_identification:_identify(.) by extension 'ignore_ament_install'
[0.443s] Level 1:colcon.colcon_core.package_identification:_identify(.) by extensions ['colcon_pkg']
[0.443s] Level 1:colcon.colcon_core.package_identification:_identify(.) by extension 'colcon_pkg'
[0.443s] Level 1:colcon.colcon_core.package_identification:_identify(.) by extensions ['colcon_meta']
[0.443s] Level 1:colcon.colcon_core.package_identification:_identify(.) by extension 'colcon_meta'
[0.443s] Level 1:colcon.colcon_core.package_identification:_identify(.) by extensions ['ros']
[0.443s] Level 1:colcon.colcon_core.package_identification:_identify(.) by extension 'ros'
[0.485s] Level 1:colcon.colcon_core.package_identification:_identify(.) by extensions ['cmake', 'python']
[0.485s] Level 1:colcon.colcon_core.package_identification:_identify(.) by extension 'cmake'
[0.485s] Level 1:colcon.colcon_core.package_identification:_identify(.) by extension 'python'
[0.485s] Level 1:colcon.colcon_core.package_identification:_identify(.) by extensions ['python_setup_py']
[0.485s] Level 1:colcon.colcon_core.package_identification:_identify(.) by extension 'python_setup_py'
[0.485s] Level 1:colcon.colcon_core.package_identification:_identify(build) by extensions ['ignore', 'ignore_ament_install']
[0.485s] Level 1:colcon.colcon_core.package_identification:_identify(build) by extension 'ignore'
[0.485s] Level 1:colcon.colcon_core.package_identification:_identify(build) ignored
[0.486s] Level 1:colcon.colcon_core.package_identification:_identify(install) by extensions ['ignore', 'ignore_ament_install']
[0.486s] Level 1:colcon.colcon_core.package_identification:_identify(install) by extension 'ignore'
[0.486s] Level 1:colcon.colcon_core.package_identification:_identify(install) ignored
[0.486s] Level 1:colcon.colcon_core.package_identification:_identify(log) by extensions ['ignore', 'ignore_ament_install']
[0.486s] Level 1:colcon.colcon_core.package_identification:_identify(log) by extension 'ignore'
[0.486s] Level 1:colcon.colcon_core.package_identification:_identify(log) ignored
[0.486s] Level 1:colcon.colcon_core.package_identification:_identify(object_detection_msgs) by extensions ['ignore', 'ignore_ament_install']
[0.486s] Level 1:colcon.colcon_core.package_identification:_identify(object_detection_msgs) by extension 'ignore'
[0.486s] Level 1:colcon.colcon_core.package_identification:_identify(object_detection_msgs) by extension 'ignore_ament_install'
[0.487s] Level 1:colcon.colcon_core.package_identification:_identify(object_detection_msgs) by extensions ['colcon_pkg']
[0.487s] Level 1:colcon.colcon_core.package_identification:_identify(object_detection_msgs) by extension 'colcon_pkg'
[0.487s] Level 1:colcon.colcon_core.package_identification:_identify(object_detection_msgs) by extensions ['colcon_meta']
[0.487s] Level 1:colcon.colcon_core.package_identification:_identify(object_detection_msgs) by extension 'colcon_meta'
[0.487s] Level 1:colcon.colcon_core.package_identification:_identify(object_detection_msgs) by extensions ['ros']
[0.487s] Level 1:colcon.colcon_core.package_identification:_identify(object_detection_msgs) by extension 'ros'
[0.490s] DEBUG:colcon.colcon_core.package_identification:Package 'object_detection_msgs' with type 'ros.ament_cmake' and name 'object_detection_msgs'
[0.491s] Level 1:colcon.colcon_core.package_identification:_identify(target_ekf) by extensions ['ignore', 'ignore_ament_install']
[0.491s] Level 1:colcon.colcon_core.package_identification:_identify(target_ekf) by extension 'ignore'
[0.491s] Level 1:colcon.colcon_core.package_identification:_identify(target_ekf) by extension 'ignore_ament_install'
[0.491s] Level 1:colcon.colcon_core.package_identification:_identify(target_ekf) by extensions ['colcon_pkg']
[0.491s] Level 1:colcon.colcon_core.package_identification:_identify(target_ekf) by extension 'colcon_pkg'
[0.491s] Level 1:colcon.colcon_core.package_identification:_identify(target_ekf) by extensions ['colcon_meta']
[0.491s] Level 1:colcon.colcon_core.package_identification:_identify(target_ekf) by extension 'colcon_meta'
[0.491s] Level 1:colcon.colcon_core.package_identification:_identify(target_ekf) by extensions ['ros']
[0.491s] Level 1:colcon.colcon_core.package_identification:_identify(target_ekf) by extension 'ros'
[0.492s] DEBUG:colcon.colcon_core.package_identification:Package 'target_ekf' with type 'ros.ament_cmake' and name 'target_ekf'
[0.492s] Level 1:colcon.colcon_core.package_discovery:discover_packages(recursive) using defaults
[0.493s] Level 1:colcon.colcon_core.package_discovery:discover_packages(ignore) discover
[0.493s] Level 1:colcon.colcon_core.package_discovery:discover_packages(ignore) using defaults
[0.493s] Level 1:colcon.colcon_core.package_discovery:discover_packages(path) discover
[0.493s] Level 1:colcon.colcon_core.package_discovery:discover_packages(path) using defaults
[0.520s] Level 5:colcon.colcon_core.verb:set package 'object_detection_msgs' build argument 'cmake_args' from command line to 'None'
[0.520s] Level 5:colcon.colcon_core.verb:set package 'object_detection_msgs' build argument 'cmake_target' from command line to 'None'
[0.520s] Level 5:colcon.colcon_core.verb:set package 'object_detection_msgs' build argument 'cmake_target_skip_unavailable' from command line to 'False'
[0.521s] Level 5:colcon.colcon_core.verb:set package 'object_detection_msgs' build argument 'cmake_clean_cache' from command line to 'False'
[0.521s] Level 5:colcon.colcon_core.verb:set package 'object_detection_msgs' build argument 'cmake_clean_first' from command line to 'False'
[0.521s] Level 5:colcon.colcon_core.verb:set package 'object_detection_msgs' build argument 'cmake_force_configure' from command line to 'False'
[0.521s] Level 5:colcon.colcon_core.verb:set package 'object_detection_msgs' build argument 'ament_cmake_args' from command line to 'None'
[0.521s] Level 5:colcon.colcon_core.verb:set package 'object_detection_msgs' build argument 'catkin_cmake_args' from command line to 'None'
[0.521s] Level 5:colcon.colcon_core.verb:set package 'object_detection_msgs' build argument 'catkin_skip_building_tests' from command line to 'False'
[0.521s] DEBUG:colcon.colcon_core.verb:Building package 'object_detection_msgs' with the following arguments: {'ament_cmake_args': None, 'build_base': '/mpc/new/Elastic-Tracker/src/detection/build/object_detection_msgs', 'catkin_cmake_args': None, 'catkin_skip_building_tests': False, 'cmake_args': None, 'cmake_clean_cache': False, 'cmake_clean_first': False, 'cmake_force_configure': False, 'cmake_target': None, 'cmake_target_skip_unavailable': False, 'install_base': '/mpc/new/Elastic-Tracker/src/detection/install/object_detection_msgs', 'merge_install': False, 'path': '/mpc/new/Elastic-Tracker/src/detection/object_detection_msgs', 'symlink_install': False, 'test_result_base': None}
[0.521s] Level 5:colcon.colcon_core.verb:set package 'target_ekf' build argument 'cmake_args' from command line to 'None'
[0.521s] Level 5:colcon.colcon_core.verb:set package 'target_ekf' build argument 'cmake_target' from command line to 'None'
[0.522s] Level 5:colcon.colcon_core.verb:set package 'target_ekf' build argument 'cmake_target_skip_unavailable' from command line to 'False'
[0.522s] Level 5:colcon.colcon_core.verb:set package 'target_ekf' build argument 'cmake_clean_cache' from command line to 'False'
[0.522s] Level 5:colcon.colcon_core.verb:set package 'target_ekf' build argument 'cmake_clean_first' from command line to 'False'
[0.522s] Level 5:colcon.colcon_core.verb:set package 'target_ekf' build argument 'cmake_force_configure' from command line to 'False'
[0.522s] Level 5:colcon.colcon_core.verb:set package 'target_ekf' build argument 'ament_cmake_args' from command line to 'None'
[0.522s] Level 5:colcon.colcon_core.verb:set package 'target_ekf' build argument 'catkin_cmake_args' from command line to 'None'
[0.522s] Level 5:colcon.colcon_core.verb:set package 'target_ekf' build argument 'catkin_skip_building_tests' from command line to 'False'
[0.522s] DEBUG:colcon.colcon_core.verb:Building package 'target_ekf' with the following arguments: {'ament_cmake_args': None, 'build_base': '/mpc/new/Elastic-Tracker/src/detection/build/target_ekf', 'catkin_cmake_args': None, 'catkin_skip_building_tests': False, 'cmake_args': None, 'cmake_clean_cache': False, 'cmake_clean_first': False, 'cmake_force_configure': False, 'cmake_target': None, 'cmake_target_skip_unavailable': False, 'install_base': '/mpc/new/Elastic-Tracker/src/detection/install/target_ekf', 'merge_install': False, 'path': '/mpc/new/Elastic-Tracker/src/detection/target_ekf', 'symlink_install': False, 'test_result_base': None}
[0.522s] INFO:colcon.colcon_core.executor:Executing jobs using 'parallel' executor
[0.523s] DEBUG:colcon.colcon_parallel_executor.executor.parallel:run_until_complete
[0.523s] INFO:colcon.colcon_ros.task.ament_cmake.build:Building ROS package in '/mpc/new/Elastic-Tracker/src/detection/object_detection_msgs' with build type 'ament_cmake'
[0.524s] INFO:colcon.colcon_cmake.task.cmake.build:Building CMake package in '/mpc/new/Elastic-Tracker/src/detection/object_detection_msgs'
[0.527s] INFO:colcon.colcon_core.plugin_system:Skipping extension 'colcon_core.shell.bat': Not used on non-Windows systems
[0.528s] INFO:colcon.colcon_core.shell:Skip shell extension 'powershell' for command environment: Not usable outside of PowerShell
[0.528s] DEBUG:colcon.colcon_core.shell:Skip shell extension 'dsv' for command environment
[0.558s] DEBUG:colcon.colcon_core.event_handler.log_command:Invoking command in '/mpc/new/Elastic-Tracker/src/detection/build/object_detection_msgs': CMAKE_PREFIX_PATH=${CMAKE_PREFIX_PATH}:/opt/ros/humble /usr/bin/cmake --build /mpc/new/Elastic-Tracker/src/detection/build/object_detection_msgs -- -j12 -l12
[1.153s] DEBUG:colcon.colcon_core.event_handler.log_command:Invoked command in '/mpc/new/Elastic-Tracker/src/detection/build/object_detection_msgs' returned '0': CMAKE_PREFIX_PATH=${CMAKE_PREFIX_PATH}:/opt/ros/humble /usr/bin/cmake --build /mpc/new/Elastic-Tracker/src/detection/build/object_detection_msgs -- -j12 -l12
[1.165s] DEBUG:colcon.colcon_core.event_handler.log_command:Invoking command in '/mpc/new/Elastic-Tracker/src/detection/build/object_detection_msgs': CMAKE_PREFIX_PATH=${CMAKE_PREFIX_PATH}:/opt/ros/humble /usr/bin/cmake --install /mpc/new/Elastic-Tracker/src/detection/build/object_detection_msgs
[1.266s] Level 1:colcon.colcon_core.environment:create_environment_scripts_only(object_detection_msgs)
[1.268s] DEBUG:colcon.colcon_core.event_handler.log_command:Invoked command in '/mpc/new/Elastic-Tracker/src/detection/build/object_detection_msgs' returned '0': CMAKE_PREFIX_PATH=${CMAKE_PREFIX_PATH}:/opt/ros/humble /usr/bin/cmake --install /mpc/new/Elastic-Tracker/src/detection/build/object_detection_msgs
[1.270s] Level 1:colcon.colcon_core.environment:checking '/mpc/new/Elastic-Tracker/src/detection/install/object_detection_msgs' for CMake module files
[1.271s] Level 1:colcon.colcon_core.environment:checking '/mpc/new/Elastic-Tracker/src/detection/install/object_detection_msgs' for CMake config files
[1.271s] Level 1:colcon.colcon_core.shell:create_environment_hook('object_detection_msgs', 'cmake_prefix_path')
[1.271s] INFO:colcon.colcon_core.shell:Creating environment hook '/mpc/new/Elastic-Tracker/src/detection/install/object_detection_msgs/share/object_detection_msgs/hook/cmake_prefix_path.ps1'
[1.272s] INFO:colcon.colcon_core.shell:Creating environment descriptor '/mpc/new/Elastic-Tracker/src/detection/install/object_detection_msgs/share/object_detection_msgs/hook/cmake_prefix_path.dsv'
[1.272s] INFO:colcon.colcon_core.shell:Creating environment hook '/mpc/new/Elastic-Tracker/src/detection/install/object_detection_msgs/share/object_detection_msgs/hook/cmake_prefix_path.sh'
[1.273s] Level 1:colcon.colcon_core.environment:checking '/mpc/new/Elastic-Tracker/src/detection/install/object_detection_msgs/lib'
[1.274s] Level 1:colcon.colcon_core.shell:create_environment_hook('object_detection_msgs', 'ld_library_path_lib')
[1.274s] INFO:colcon.colcon_core.shell:Creating environment hook '/mpc/new/Elastic-Tracker/src/detection/install/object_detection_msgs/share/object_detection_msgs/hook/ld_library_path_lib.ps1'
[1.274s] INFO:colcon.colcon_core.shell:Creating environment descriptor '/mpc/new/Elastic-Tracker/src/detection/install/object_detection_msgs/share/object_detection_msgs/hook/ld_library_path_lib.dsv'
[1.275s] INFO:colcon.colcon_core.shell:Creating environment hook '/mpc/new/Elastic-Tracker/src/detection/install/object_detection_msgs/share/object_detection_msgs/hook/ld_library_path_lib.sh'
[1.275s] Level 1:colcon.colcon_core.environment:checking '/mpc/new/Elastic-Tracker/src/detection/install/object_detection_msgs/bin'
[1.275s] Level 1:colcon.colcon_core.environment:checking '/mpc/new/Elastic-Tracker/src/detection/install/object_detection_msgs/lib/pkgconfig/object_detection_msgs.pc'
[1.277s] Level 1:colcon.colcon_core.environment:checking '/mpc/new/Elastic-Tracker/src/detection/install/object_detection_msgs/lib/python3.10/site-packages'
[1.277s] Level 1:colcon.colcon_core.environment:checking '/mpc/new/Elastic-Tracker/src/detection/install/object_detection_msgs/bin'
[1.278s] INFO:colcon.colcon_core.shell:Creating package script '/mpc/new/Elastic-Tracker/src/detection/install/object_detection_msgs/share/object_detection_msgs/package.ps1'
[1.279s] INFO:colcon.colcon_core.shell:Creating package descriptor '/mpc/new/Elastic-Tracker/src/detection/install/object_detection_msgs/share/object_detection_msgs/package.dsv'
[1.279s] INFO:colcon.colcon_core.shell:Creating package script '/mpc/new/Elastic-Tracker/src/detection/install/object_detection_msgs/share/object_detection_msgs/package.sh'
[1.280s] INFO:colcon.colcon_core.shell:Creating package script '/mpc/new/Elastic-Tracker/src/detection/install/object_detection_msgs/share/object_detection_msgs/package.bash'
[1.281s] INFO:colcon.colcon_core.shell:Creating package script '/mpc/new/Elastic-Tracker/src/detection/install/object_detection_msgs/share/object_detection_msgs/package.zsh'
[1.282s] Level 1:colcon.colcon_core.environment:create_file_with_runtime_dependencies(/mpc/new/Elastic-Tracker/src/detection/install/object_detection_msgs/share/colcon-core/packages/object_detection_msgs)
[1.283s] Level 1:colcon.colcon_core.environment:create_environment_scripts_only(object_detection_msgs)
[1.283s] Level 1:colcon.colcon_core.environment:checking '/mpc/new/Elastic-Tracker/src/detection/install/object_detection_msgs' for CMake module files
[1.284s] Level 1:colcon.colcon_core.environment:checking '/mpc/new/Elastic-Tracker/src/detection/install/object_detection_msgs' for CMake config files
[1.284s] Level 1:colcon.colcon_core.shell:create_environment_hook('object_detection_msgs', 'cmake_prefix_path')
[1.284s] INFO:colcon.colcon_core.shell:Creating environment hook '/mpc/new/Elastic-Tracker/src/detection/install/object_detection_msgs/share/object_detection_msgs/hook/cmake_prefix_path.ps1'
[1.285s] INFO:colcon.colcon_core.shell:Creating environment descriptor '/mpc/new/Elastic-Tracker/src/detection/install/object_detection_msgs/share/object_detection_msgs/hook/cmake_prefix_path.dsv'
[1.285s] INFO:colcon.colcon_core.shell:Creating environment hook '/mpc/new/Elastic-Tracker/src/detection/install/object_detection_msgs/share/object_detection_msgs/hook/cmake_prefix_path.sh'
[1.286s] Level 1:colcon.colcon_core.environment:checking '/mpc/new/Elastic-Tracker/src/detection/install/object_detection_msgs/lib'
[1.286s] Level 1:colcon.colcon_core.shell:create_environment_hook('object_detection_msgs', 'ld_library_path_lib')
[1.286s] INFO:colcon.colcon_core.shell:Creating environment hook '/mpc/new/Elastic-Tracker/src/detection/install/object_detection_msgs/share/object_detection_msgs/hook/ld_library_path_lib.ps1'
[1.287s] INFO:colcon.colcon_core.shell:Creating environment descriptor '/mpc/new/Elastic-Tracker/src/detection/install/object_detection_msgs/share/object_detection_msgs/hook/ld_library_path_lib.dsv'
[1.287s] INFO:colcon.colcon_core.shell:Creating environment hook '/mpc/new/Elastic-Tracker/src/detection/install/object_detection_msgs/share/object_detection_msgs/hook/ld_library_path_lib.sh'
[1.287s] Level 1:colcon.colcon_core.environment:checking '/mpc/new/Elastic-Tracker/src/detection/install/object_detection_msgs/bin'
[1.288s] Level 1:colcon.colcon_core.environment:checking '/mpc/new/Elastic-Tracker/src/detection/install/object_detection_msgs/lib/pkgconfig/object_detection_msgs.pc'
[1.288s] Level 1:colcon.colcon_core.environment:checking '/mpc/new/Elastic-Tracker/src/detection/install/object_detection_msgs/lib/python3.10/site-packages'
[1.288s] Level 1:colcon.colcon_core.environment:checking '/mpc/new/Elastic-Tracker/src/detection/install/object_detection_msgs/bin'
[1.289s] INFO:colcon.colcon_core.shell:Creating package script '/mpc/new/Elastic-Tracker/src/detection/install/object_detection_msgs/share/object_detection_msgs/package.ps1'
[1.291s] INFO:colcon.colcon_core.shell:Creating package descriptor '/mpc/new/Elastic-Tracker/src/detection/install/object_detection_msgs/share/object_detection_msgs/package.dsv'
[1.291s] INFO:colcon.colcon_core.shell:Creating package script '/mpc/new/Elastic-Tracker/src/detection/install/object_detection_msgs/share/object_detection_msgs/package.sh'
[1.292s] INFO:colcon.colcon_core.shell:Creating package script '/mpc/new/Elastic-Tracker/src/detection/install/object_detection_msgs/share/object_detection_msgs/package.bash'
[1.292s] INFO:colcon.colcon_core.shell:Creating package script '/mpc/new/Elastic-Tracker/src/detection/install/object_detection_msgs/share/object_detection_msgs/package.zsh'
[1.293s] Level 1:colcon.colcon_core.environment:create_file_with_runtime_dependencies(/mpc/new/Elastic-Tracker/src/detection/install/object_detection_msgs/share/colcon-core/packages/object_detection_msgs)
[1.295s] INFO:colcon.colcon_ros.task.ament_cmake.build:Building ROS package in '/mpc/new/Elastic-Tracker/src/detection/target_ekf' with build type 'ament_cmake'
[1.296s] INFO:colcon.colcon_cmake.task.cmake.build:Building CMake package in '/mpc/new/Elastic-Tracker/src/detection/target_ekf'
[1.297s] INFO:colcon.colcon_core.shell:Skip shell extension 'powershell' for command environment: Not usable outside of PowerShell
[1.297s] DEBUG:colcon.colcon_core.shell:Skip shell extension 'dsv' for command environment
[1.323s] DEBUG:colcon.colcon_core.event_handler.log_command:Invoking command in '/mpc/new/Elastic-Tracker/src/detection/build/target_ekf': CMAKE_PREFIX_PATH=/mpc/new/Elastic-Tracker/src/detection/install/object_detection_msgs:/mpc/new/Elastic-Tracker/src/detection/install/target_ekf:/mpc/new/Elastic-Tracker/install/target_ekf:/mpc/new/Elastic-Tracker/install/mapping:/mpc/new/Elastic-Tracker/install/quadrotor_msgs:/mpc/new/Elastic-Tracker/install/object_detection_msgs:/mpc/new/Elastic-Tracker/install/decomp_ros_msgs:/mpc/new/Elastic-Tracker/install/decomp_geometry:/mpc/new/Elastic-Tracker/install/decomp_basis:/opt/ros/humble /usr/bin/cmake --build /mpc/new/Elastic-Tracker/src/detection/build/target_ekf -- -j12 -l12
[26.159s] DEBUG:colcon.colcon_core.event_handler.log_command:Invoked command in '/mpc/new/Elastic-Tracker/src/detection/build/target_ekf' returned '0': CMAKE_PREFIX_PATH=/mpc/new/Elastic-Tracker/src/detection/install/object_detection_msgs:/mpc/new/Elastic-Tracker/src/detection/install/target_ekf:/mpc/new/Elastic-Tracker/install/target_ekf:/mpc/new/Elastic-Tracker/install/mapping:/mpc/new/Elastic-Tracker/install/quadrotor_msgs:/mpc/new/Elastic-Tracker/install/object_detection_msgs:/mpc/new/Elastic-Tracker/install/decomp_ros_msgs:/mpc/new/Elastic-Tracker/install/decomp_geometry:/mpc/new/Elastic-Tracker/install/decomp_basis:/opt/ros/humble /usr/bin/cmake --build /mpc/new/Elastic-Tracker/src/detection/build/target_ekf -- -j12 -l12
[26.160s] DEBUG:colcon.colcon_core.event_handler.log_command:Invoking command in '/mpc/new/Elastic-Tracker/src/detection/build/target_ekf': CMAKE_PREFIX_PATH=/mpc/new/Elastic-Tracker/src/detection/install/object_detection_msgs:/mpc/new/Elastic-Tracker/src/detection/install/target_ekf:/mpc/new/Elastic-Tracker/install/target_ekf:/mpc/new/Elastic-Tracker/install/mapping:/mpc/new/Elastic-Tracker/install/quadrotor_msgs:/mpc/new/Elastic-Tracker/install/object_detection_msgs:/mpc/new/Elastic-Tracker/install/decomp_ros_msgs:/mpc/new/Elastic-Tracker/install/decomp_geometry:/mpc/new/Elastic-Tracker/install/decomp_basis:/opt/ros/humble /usr/bin/cmake --install /mpc/new/Elastic-Tracker/src/detection/build/target_ekf
[26.182s] Level 1:colcon.colcon_core.environment:create_environment_scripts_only(target_ekf)
[26.183s] Level 1:colcon.colcon_core.environment:checking '/mpc/new/Elastic-Tracker/src/detection/install/target_ekf' for CMake module files
[26.183s] DEBUG:colcon.colcon_core.event_handler.log_command:Invoked command in '/mpc/new/Elastic-Tracker/src/detection/build/target_ekf' returned '0': CMAKE_PREFIX_PATH=/mpc/new/Elastic-Tracker/src/detection/install/object_detection_msgs:/mpc/new/Elastic-Tracker/src/detection/install/target_ekf:/mpc/new/Elastic-Tracker/install/target_ekf:/mpc/new/Elastic-Tracker/install/mapping:/mpc/new/Elastic-Tracker/install/quadrotor_msgs:/mpc/new/Elastic-Tracker/install/object_detection_msgs:/mpc/new/Elastic-Tracker/install/decomp_ros_msgs:/mpc/new/Elastic-Tracker/install/decomp_geometry:/mpc/new/Elastic-Tracker/install/decomp_basis:/opt/ros/humble /usr/bin/cmake --install /mpc/new/Elastic-Tracker/src/detection/build/target_ekf
[26.183s] Level 1:colcon.colcon_core.environment:checking '/mpc/new/Elastic-Tracker/src/detection/install/target_ekf' for CMake config files
[26.184s] Level 1:colcon.colcon_core.shell:create_environment_hook('target_ekf', 'cmake_prefix_path')
[26.184s] INFO:colcon.colcon_core.shell:Creating environment hook '/mpc/new/Elastic-Tracker/src/detection/install/target_ekf/share/target_ekf/hook/cmake_prefix_path.ps1'
[26.184s] INFO:colcon.colcon_core.shell:Creating environment descriptor '/mpc/new/Elastic-Tracker/src/detection/install/target_ekf/share/target_ekf/hook/cmake_prefix_path.dsv'
[26.185s] INFO:colcon.colcon_core.shell:Creating environment hook '/mpc/new/Elastic-Tracker/src/detection/install/target_ekf/share/target_ekf/hook/cmake_prefix_path.sh'
[26.185s] Level 1:colcon.colcon_core.environment:checking '/mpc/new/Elastic-Tracker/src/detection/install/target_ekf/lib'
[26.186s] Level 1:colcon.colcon_core.environment:checking '/mpc/new/Elastic-Tracker/src/detection/install/target_ekf/bin'
[26.186s] Level 1:colcon.colcon_core.environment:checking '/mpc/new/Elastic-Tracker/src/detection/install/target_ekf/lib/pkgconfig/target_ekf.pc'
[26.186s] Level 1:colcon.colcon_core.environment:checking '/mpc/new/Elastic-Tracker/src/detection/install/target_ekf/lib/python3.10/site-packages'
[26.186s] Level 1:colcon.colcon_core.environment:checking '/mpc/new/Elastic-Tracker/src/detection/install/target_ekf/bin'
[26.186s] INFO:colcon.colcon_core.shell:Creating package script '/mpc/new/Elastic-Tracker/src/detection/install/target_ekf/share/target_ekf/package.ps1'
[26.187s] INFO:colcon.colcon_core.shell:Creating package descriptor '/mpc/new/Elastic-Tracker/src/detection/install/target_ekf/share/target_ekf/package.dsv'
[26.187s] INFO:colcon.colcon_core.shell:Creating package script '/mpc/new/Elastic-Tracker/src/detection/install/target_ekf/share/target_ekf/package.sh'
[26.188s] INFO:colcon.colcon_core.shell:Creating package script '/mpc/new/Elastic-Tracker/src/detection/install/target_ekf/share/target_ekf/package.bash'
[26.188s] INFO:colcon.colcon_core.shell:Creating package script '/mpc/new/Elastic-Tracker/src/detection/install/target_ekf/share/target_ekf/package.zsh'
[26.188s] Level 1:colcon.colcon_core.environment:create_file_with_runtime_dependencies(/mpc/new/Elastic-Tracker/src/detection/install/target_ekf/share/colcon-core/packages/target_ekf)
[26.189s] Level 1:colcon.colcon_core.environment:create_environment_scripts_only(target_ekf)
[26.189s] Level 1:colcon.colcon_core.environment:checking '/mpc/new/Elastic-Tracker/src/detection/install/target_ekf' for CMake module files
[26.190s] Level 1:colcon.colcon_core.environment:checking '/mpc/new/Elastic-Tracker/src/detection/install/target_ekf' for CMake config files
[26.190s] Level 1:colcon.colcon_core.shell:create_environment_hook('target_ekf', 'cmake_prefix_path')
[26.190s] INFO:colcon.colcon_core.shell:Creating environment hook '/mpc/new/Elastic-Tracker/src/detection/install/target_ekf/share/target_ekf/hook/cmake_prefix_path.ps1'
[26.191s] INFO:colcon.colcon_core.shell:Creating environment descriptor '/mpc/new/Elastic-Tracker/src/detection/install/target_ekf/share/target_ekf/hook/cmake_prefix_path.dsv'
[26.191s] INFO:colcon.colcon_core.shell:Creating environment hook '/mpc/new/Elastic-Tracker/src/detection/install/target_ekf/share/target_ekf/hook/cmake_prefix_path.sh'
[26.191s] Level 1:colcon.colcon_core.environment:checking '/mpc/new/Elastic-Tracker/src/detection/install/target_ekf/lib'
[26.192s] Level 1:colcon.colcon_core.environment:checking '/mpc/new/Elastic-Tracker/src/detection/install/target_ekf/bin'
[26.192s] Level 1:colcon.colcon_core.environment:checking '/mpc/new/Elastic-Tracker/src/detection/install/target_ekf/lib/pkgconfig/target_ekf.pc'
[26.192s] Level 1:colcon.colcon_core.environment:checking '/mpc/new/Elastic-Tracker/src/detection/install/target_ekf/lib/python3.10/site-packages'
[26.192s] Level 1:colcon.colcon_core.environment:checking '/mpc/new/Elastic-Tracker/src/detection/install/target_ekf/bin'
[26.192s] INFO:colcon.colcon_core.shell:Creating package script '/mpc/new/Elastic-Tracker/src/detection/install/target_ekf/share/target_ekf/package.ps1'
[26.193s] INFO:colcon.colcon_core.shell:Creating package descriptor '/mpc/new/Elastic-Tracker/src/detection/install/target_ekf/share/target_ekf/package.dsv'
[26.193s] INFO:colcon.colcon_core.shell:Creating package script '/mpc/new/Elastic-Tracker/src/detection/install/target_ekf/share/target_ekf/package.sh'
[26.194s] INFO:colcon.colcon_core.shell:Creating package script '/mpc/new/Elastic-Tracker/src/detection/install/target_ekf/share/target_ekf/package.bash'
[26.194s] INFO:colcon.colcon_core.shell:Creating package script '/mpc/new/Elastic-Tracker/src/detection/install/target_ekf/share/target_ekf/package.zsh'
[26.195s] Level 1:colcon.colcon_core.environment:create_file_with_runtime_dependencies(/mpc/new/Elastic-Tracker/src/detection/install/target_ekf/share/colcon-core/packages/target_ekf)
[26.195s] DEBUG:colcon.colcon_parallel_executor.executor.parallel:closing loop
[26.195s] DEBUG:colcon.colcon_parallel_executor.executor.parallel:loop closed
[26.195s] DEBUG:colcon.colcon_parallel_executor.executor.parallel:run_until_complete finished with '0'
[26.195s] DEBUG:colcon.colcon_core.event_reactor:joining thread
[26.202s] INFO:colcon.colcon_core.plugin_system:Skipping extension 'colcon_notification.desktop_notification.notify_send': Could not find 'notify-send'
[26.202s] INFO:colcon.colcon_core.plugin_system:Skipping extension 'colcon_notification.desktop_notification.terminal_notifier': Not used on non-Darwin systems
[26.202s] INFO:colcon.colcon_core.plugin_system:Skipping extension 'colcon_notification.desktop_notification.win32': Not used on non-Windows systems
[26.202s] INFO:colcon.colcon_notification.desktop_notification:Sending desktop notification using 'notify2'
[26.204s] DEBUG:colcon.colcon_notification.desktop_notification.notify2:Failed to initialize notify2: org.freedesktop.DBus.Error.Spawn.ExecFailed: /usr/bin/dbus-launch terminated abnormally without any error message
[26.205s] DEBUG:colcon.colcon_core.event_reactor:joined thread
[26.205s] INFO:colcon.colcon_core.shell:Creating prefix script '/mpc/new/Elastic-Tracker/src/detection/install/local_setup.ps1'
[26.206s] INFO:colcon.colcon_core.shell:Creating prefix util module '/mpc/new/Elastic-Tracker/src/detection/install/_local_setup_util_ps1.py'
[26.208s] INFO:colcon.colcon_core.shell:Creating prefix chain script '/mpc/new/Elastic-Tracker/src/detection/install/setup.ps1'
[26.209s] INFO:colcon.colcon_core.shell:Creating prefix script '/mpc/new/Elastic-Tracker/src/detection/install/local_setup.sh'
[26.210s] INFO:colcon.colcon_core.shell:Creating prefix util module '/mpc/new/Elastic-Tracker/src/detection/install/_local_setup_util_sh.py'
[26.211s] INFO:colcon.colcon_core.shell:Creating prefix chain script '/mpc/new/Elastic-Tracker/src/detection/install/setup.sh'
[26.213s] INFO:colcon.colcon_core.shell:Creating prefix script '/mpc/new/Elastic-Tracker/src/detection/install/local_setup.bash'
[26.214s] INFO:colcon.colcon_core.shell:Creating prefix chain script '/mpc/new/Elastic-Tracker/src/detection/install/setup.bash'
[26.216s] INFO:colcon.colcon_core.shell:Creating prefix script '/mpc/new/Elastic-Tracker/src/detection/install/local_setup.zsh'
[26.217s] INFO:colcon.colcon_core.shell:Creating prefix chain script '/mpc/new/Elastic-Tracker/src/detection/install/setup.zsh'
