[0.009s] Invoking command in '/mpc/new/Elastic-Tracker/build/object_detection_msgs': CMAKE_PREFIX_PATH=/opt/ros/humble /usr/bin/cmake /mpc/new/Elastic-Tracker/src/detection/object_detection_msgs -DCMAKE_INSTALL_PREFIX=/mpc/new/Elastic-Tracker/install/object_detection_msgs
[0.088s] -- The C compiler identification is GNU 11.4.0
[0.133s] -- The CXX compiler identification is GNU 11.4.0
[0.139s] -- Detecting C compiler ABI info
[0.194s] -- Detecting C compiler ABI info - done
[0.202s] -- Check for working C compiler: /usr/bin/cc - skipped
[0.203s] -- Detecting C compile features
[0.203s] -- Detecting C compile features - done
[0.206s] -- Detecting CXX compiler ABI info
[0.273s] -- Detecting CXX compiler ABI info - done
[0.281s] -- Check for working CXX compiler: /usr/bin/c++ - skipped
[0.281s] -- Detecting CXX compile features
[0.282s] -- Detecting CXX compile features - done
[0.285s] -- Found ament_cmake: 1.3.11 (/opt/ros/humble/share/ament_cmake/cmake)
[0.455s] -- Found Python3: /usr/bin/python3 (found version "3.10.12") found components: Interpreter 
[0.549s] -- Found rosidl_default_generators: 1.2.0 (/opt/ros/humble/share/rosidl_default_generators/cmake)
[0.552s] -- Using all available rosidl_typesupport_c: rosidl_typesupport_fastrtps_c;rosidl_typesupport_introspection_c
[0.560s] -- Found rosidl_adapter: 3.1.6 (/opt/ros/humble/share/rosidl_adapter/cmake)
[0.602s] -- Using all available rosidl_typesupport_cpp: rosidl_typesupport_fastrtps_cpp;rosidl_typesupport_introspection_cpp
[0.641s] -- Found std_msgs: 4.2.4 (/opt/ros/humble/share/std_msgs/cmake)
[0.957s] -- Found ament_cmake_ros: 0.10.0 (/opt/ros/humble/share/ament_cmake_ros/cmake)
[1.176s] -- Using all available rosidl_typesupport_c: rosidl_typesupport_fastrtps_c;rosidl_typesupport_introspection_c
[1.453s] -- Using all available rosidl_typesupport_cpp: rosidl_typesupport_fastrtps_cpp;rosidl_typesupport_introspection_cpp
[1.478s] -- Found PythonInterp: /usr/bin/python3 (found suitable version "3.10.12", minimum required is "3.6") 
[1.480s] -- Found python_cmake_module: 0.10.0 (/opt/ros/humble/share/python_cmake_module/cmake)
[1.506s] -- Found PythonLibs: /usr/lib/x86_64-linux-gnu/libpython3.10.so (found suitable version "3.10.12", minimum required is "3.5") 
[1.506s] -- Using PYTHON_EXECUTABLE: /usr/bin/python3
[1.506s] -- Using PYTHON_INCLUDE_DIRS: /usr/include/python3.10
[1.506s] -- Using PYTHON_LIBRARIES: /usr/lib/x86_64-linux-gnu/libpython3.10.so
[1.531s] -- Found PythonExtra: .so  
[1.580s] -- Found ament_lint_auto: 0.12.11 (/opt/ros/humble/share/ament_lint_auto/cmake)
[1.586s] -- Configuring done
[1.623s] -- Generating done
[1.636s] -- Build files have been written to: /mpc/new/Elastic-Tracker/build/object_detection_msgs
[1.642s] Invoked command in '/mpc/new/Elastic-Tracker/build/object_detection_msgs' returned '0': CMAKE_PREFIX_PATH=/opt/ros/humble /usr/bin/cmake /mpc/new/Elastic-Tracker/src/detection/object_detection_msgs -DCMAKE_INSTALL_PREFIX=/mpc/new/Elastic-Tracker/install/object_detection_msgs
[1.644s] Invoking command in '/mpc/new/Elastic-Tracker/build/object_detection_msgs': CMAKE_PREFIX_PATH=/opt/ros/humble /usr/bin/cmake --build /mpc/new/Elastic-Tracker/build/object_detection_msgs -- -j12 -l12
[1.677s] [  1%] [34m[1mGenerating C code for ROS interfaces[0m
[1.686s] [  3%] [34m[1mGenerating C++ code for ROS interfaces[0m
[1.691s] [  3%] Built target ament_cmake_python_copy_object_detection_msgs
[1.947s] running egg_info
[1.948s] creating object_detection_msgs.egg-info
[1.948s] writing object_detection_msgs.egg-info/PKG-INFO
[1.948s] writing dependency_links to object_detection_msgs.egg-info/dependency_links.txt
[1.948s] writing top-level names to object_detection_msgs.egg-info/top_level.txt
[1.948s] writing manifest file 'object_detection_msgs.egg-info/SOURCES.txt'
[1.950s] reading manifest file 'object_detection_msgs.egg-info/SOURCES.txt'
[1.950s] writing manifest file 'object_detection_msgs.egg-info/SOURCES.txt'
[1.971s] [  3%] Built target ament_cmake_python_build_object_detection_msgs_egg
[2.107s] [  3%] Built target object_detection_msgs__cpp
[2.114s] [  4%] [32mBuilding C object CMakeFiles/object_detection_msgs__rosidl_generator_c.dir/rosidl_generator_c/object_detection_msgs/msg/detail/bounding_boxes__functions.c.o[0m
[2.115s] [  7%] [32mBuilding C object CMakeFiles/object_detection_msgs__rosidl_generator_c.dir/rosidl_generator_c/object_detection_msgs/msg/detail/bounding_box__functions.c.o[0m
[2.115s] [  7%] [32mBuilding C object CMakeFiles/object_detection_msgs__rosidl_generator_c.dir/rosidl_generator_c/object_detection_msgs/msg/detail/object_count__functions.c.o[0m
[2.115s] [  9%] [32mBuilding C object CMakeFiles/object_detection_msgs__rosidl_generator_c.dir/rosidl_generator_c/object_detection_msgs/msg/detail/car_position__functions.c.o[0m
[2.116s] [ 11%] [32mBuilding C object CMakeFiles/object_detection_msgs__rosidl_generator_c.dir/rosidl_generator_c/object_detection_msgs/msg/detail/motor_angle__functions.c.o[0m
[2.117s] [ 12%] [34m[1mGenerating C++ type support for eProsima Fast-RTPS[0m
[2.117s] [ 14%] [34m[1mGenerating C++ type support dispatch for ROS interfaces[0m
[2.118s] [ 15%] [34m[1mGenerating C++ introspection for ROS interfaces[0m
[2.173s] [ 17%] [32m[1mLinking C shared library libobject_detection_msgs__rosidl_generator_c.so[0m
[2.200s] [ 17%] Built target object_detection_msgs__rosidl_generator_c
[2.208s] [ 22%] [34m[1mGenerating C introspection for ROS interfaces[0m
[2.208s] [ 22%] [34m[1mGenerating C type support dispatch for ROS interfaces[0m
[2.208s] [ 22%] [34m[1mGenerating C type support for eProsima Fast-RTPS[0m
[2.411s] [ 26%] [32mBuilding CXX object CMakeFiles/object_detection_msgs__rosidl_typesupport_cpp.dir/rosidl_typesupport_cpp/object_detection_msgs/msg/object_count__type_support.cpp.o[0m
[2.411s] [ 28%] [32mBuilding CXX object CMakeFiles/object_detection_msgs__rosidl_typesupport_cpp.dir/rosidl_typesupport_cpp/object_detection_msgs/msg/motor_angle__type_support.cpp.o[0m
[2.412s] [ 26%] [32mBuilding CXX object CMakeFiles/object_detection_msgs__rosidl_typesupport_cpp.dir/rosidl_typesupport_cpp/object_detection_msgs/msg/bounding_boxes__type_support.cpp.o[0m
[2.412s] [ 30%] [32mBuilding CXX object CMakeFiles/object_detection_msgs__rosidl_typesupport_cpp.dir/rosidl_typesupport_cpp/object_detection_msgs/msg/car_position__type_support.cpp.o[0m
[2.412s] [ 30%] [32mBuilding CXX object CMakeFiles/object_detection_msgs__rosidl_typesupport_cpp.dir/rosidl_typesupport_cpp/object_detection_msgs/msg/bounding_box__type_support.cpp.o[0m
[2.488s] [ 33%] [32mBuilding CXX object CMakeFiles/object_detection_msgs__rosidl_typesupport_introspection_cpp.dir/rosidl_typesupport_introspection_cpp/object_detection_msgs/msg/detail/bounding_box__type_support.cpp.o[0m
[2.488s] [ 33%] [32mBuilding CXX object CMakeFiles/object_detection_msgs__rosidl_typesupport_introspection_cpp.dir/rosidl_typesupport_introspection_cpp/object_detection_msgs/msg/detail/bounding_boxes__type_support.cpp.o[0m
[2.494s] [ 34%] [32mBuilding CXX object CMakeFiles/object_detection_msgs__rosidl_typesupport_introspection_cpp.dir/rosidl_typesupport_introspection_cpp/object_detection_msgs/msg/detail/object_count__type_support.cpp.o[0m
[2.599s] [ 36%] [32mBuilding CXX object CMakeFiles/object_detection_msgs__rosidl_typesupport_c.dir/rosidl_typesupport_c/object_detection_msgs/msg/bounding_box__type_support.cpp.o[0m
[2.641s] [ 38%] [32mBuilding CXX object CMakeFiles/object_detection_msgs__rosidl_typesupport_c.dir/rosidl_typesupport_c/object_detection_msgs/msg/bounding_boxes__type_support.cpp.o[0m
[2.670s] [ 39%] [32mBuilding CXX object CMakeFiles/object_detection_msgs__rosidl_typesupport_fastrtps_cpp.dir/rosidl_typesupport_fastrtps_cpp/object_detection_msgs/msg/detail/dds_fastrtps/bounding_box__type_support.cpp.o[0m
[2.690s] [ 41%] [32mBuilding CXX object CMakeFiles/object_detection_msgs__rosidl_typesupport_c.dir/rosidl_typesupport_c/object_detection_msgs/msg/object_count__type_support.cpp.o[0m
[2.704s] [ 42%] [32mBuilding C object CMakeFiles/object_detection_msgs__rosidl_typesupport_introspection_c.dir/rosidl_typesupport_introspection_c/object_detection_msgs/msg/detail/bounding_box__type_support.c.o[0m
[2.737s] [ 44%] [32mBuilding CXX object CMakeFiles/object_detection_msgs__rosidl_typesupport_c.dir/rosidl_typesupport_c/object_detection_msgs/msg/car_position__type_support.cpp.o[0m
[2.752s] [ 46%] [32mBuilding C object CMakeFiles/object_detection_msgs__rosidl_typesupport_introspection_c.dir/rosidl_typesupport_introspection_c/object_detection_msgs/msg/detail/bounding_boxes__type_support.c.o[0m
[2.776s] [ 47%] [32mBuilding CXX object CMakeFiles/object_detection_msgs__rosidl_typesupport_fastrtps_c.dir/rosidl_typesupport_fastrtps_c/object_detection_msgs/msg/detail/bounding_box__type_support_c.cpp.o[0m
[2.778s] [ 49%] [32mBuilding CXX object CMakeFiles/object_detection_msgs__rosidl_typesupport_c.dir/rosidl_typesupport_c/object_detection_msgs/msg/motor_angle__type_support.cpp.o[0m
[2.796s] [ 50%] [32mBuilding CXX object CMakeFiles/object_detection_msgs__rosidl_typesupport_fastrtps_cpp.dir/rosidl_typesupport_fastrtps_cpp/object_detection_msgs/msg/detail/dds_fastrtps/bounding_boxes__type_support.cpp.o[0m
[2.796s] [ 52%] [32mBuilding CXX object CMakeFiles/object_detection_msgs__rosidl_typesupport_fastrtps_c.dir/rosidl_typesupport_fastrtps_c/object_detection_msgs/msg/detail/bounding_boxes__type_support_c.cpp.o[0m
[2.799s] [ 53%] [32mBuilding CXX object CMakeFiles/object_detection_msgs__rosidl_typesupport_fastrtps_c.dir/rosidl_typesupport_fastrtps_c/object_detection_msgs/msg/detail/object_count__type_support_c.cpp.o[0m
[2.801s] [ 55%] [32mBuilding C object CMakeFiles/object_detection_msgs__rosidl_typesupport_introspection_c.dir/rosidl_typesupport_introspection_c/object_detection_msgs/msg/detail/object_count__type_support.c.o[0m
[2.807s] [ 57%] [32mBuilding C object CMakeFiles/object_detection_msgs__rosidl_typesupport_introspection_c.dir/rosidl_typesupport_introspection_c/object_detection_msgs/msg/detail/car_position__type_support.c.o[0m
[2.817s] [ 60%] [32m[1mLinking CXX shared library libobject_detection_msgs__rosidl_typesupport_c.so[0m
[2.818s] [ 60%] [32m[1mLinking CXX shared library libobject_detection_msgs__rosidl_typesupport_cpp.so[0m
[2.845s] [ 61%] [32mBuilding C object CMakeFiles/object_detection_msgs__rosidl_typesupport_introspection_c.dir/rosidl_typesupport_introspection_c/object_detection_msgs/msg/detail/motor_angle__type_support.c.o[0m
[2.851s] [ 63%] [32mBuilding CXX object CMakeFiles/object_detection_msgs__rosidl_typesupport_fastrtps_c.dir/rosidl_typesupport_fastrtps_c/object_detection_msgs/msg/detail/car_position__type_support_c.cpp.o[0m
[2.869s] [ 63%] Built target object_detection_msgs__rosidl_typesupport_cpp
[2.878s] [ 65%] [32mBuilding CXX object CMakeFiles/object_detection_msgs__rosidl_typesupport_fastrtps_c.dir/rosidl_typesupport_fastrtps_c/object_detection_msgs/msg/detail/motor_angle__type_support_c.cpp.o[0m
[2.884s] [ 65%] Built target object_detection_msgs__rosidl_typesupport_c
[2.892s] [ 66%] [32m[1mLinking C shared library libobject_detection_msgs__rosidl_typesupport_introspection_c.so[0m
[2.894s] [ 68%] [32mBuilding CXX object CMakeFiles/object_detection_msgs__rosidl_typesupport_fastrtps_cpp.dir/rosidl_typesupport_fastrtps_cpp/object_detection_msgs/msg/detail/dds_fastrtps/object_count__type_support.cpp.o[0m
[2.942s] [ 68%] Built target object_detection_msgs__rosidl_typesupport_introspection_c
[2.953s] [ 69%] [32mBuilding CXX object CMakeFiles/object_detection_msgs__rosidl_typesupport_fastrtps_cpp.dir/rosidl_typesupport_fastrtps_cpp/object_detection_msgs/msg/detail/dds_fastrtps/car_position__type_support.cpp.o[0m
[3.058s] [ 71%] [32mBuilding CXX object CMakeFiles/object_detection_msgs__rosidl_typesupport_introspection_cpp.dir/rosidl_typesupport_introspection_cpp/object_detection_msgs/msg/detail/car_position__type_support.cpp.o[0m
[3.092s] [ 73%] [32mBuilding CXX object CMakeFiles/object_detection_msgs__rosidl_typesupport_introspection_cpp.dir/rosidl_typesupport_introspection_cpp/object_detection_msgs/msg/detail/motor_angle__type_support.cpp.o[0m
[3.149s] [ 74%] [32mBuilding CXX object CMakeFiles/object_detection_msgs__rosidl_typesupport_fastrtps_cpp.dir/rosidl_typesupport_fastrtps_cpp/object_detection_msgs/msg/detail/dds_fastrtps/motor_angle__type_support.cpp.o[0m
[3.337s] [ 76%] [32m[1mLinking CXX shared library libobject_detection_msgs__rosidl_typesupport_fastrtps_c.so[0m
[3.409s] [ 76%] Built target object_detection_msgs__rosidl_typesupport_fastrtps_c
[3.622s] [ 77%] [32m[1mLinking CXX shared library libobject_detection_msgs__rosidl_typesupport_introspection_cpp.so[0m
[3.639s] [ 79%] [32m[1mLinking CXX shared library libobject_detection_msgs__rosidl_typesupport_fastrtps_cpp.so[0m
[3.688s] [ 79%] Built target object_detection_msgs__rosidl_typesupport_introspection_cpp
[3.705s] [ 79%] Built target object_detection_msgs__rosidl_typesupport_fastrtps_cpp
[3.721s] [ 79%] Built target object_detection_msgs
[3.737s] [ 80%] [34m[1mGenerating Python code for ROS interfaces[0m
[4.315s] [ 80%] Built target object_detection_msgs__py
[4.331s] [ 82%] [32mBuilding C object CMakeFiles/object_detection_msgs__rosidl_generator_py.dir/rosidl_generator_py/object_detection_msgs/msg/_bounding_boxes_s.c.o[0m
[4.331s] [ 84%] [32mBuilding C object CMakeFiles/object_detection_msgs__rosidl_generator_py.dir/rosidl_generator_py/object_detection_msgs/msg/_object_count_s.c.o[0m
[4.331s] [ 85%] [32mBuilding C object CMakeFiles/object_detection_msgs__rosidl_generator_py.dir/rosidl_generator_py/object_detection_msgs/msg/_car_position_s.c.o[0m
[4.331s] [ 87%] [32mBuilding C object CMakeFiles/object_detection_msgs__rosidl_generator_py.dir/rosidl_generator_py/object_detection_msgs/msg/_bounding_box_s.c.o[0m
[4.331s] [ 88%] [32mBuilding C object CMakeFiles/object_detection_msgs__rosidl_generator_py.dir/rosidl_generator_py/object_detection_msgs/msg/_motor_angle_s.c.o[0m
[4.425s] [ 90%] [32m[1mLinking C shared library rosidl_generator_py/object_detection_msgs/libobject_detection_msgs__rosidl_generator_py.so[0m
[4.458s] [ 90%] Built target object_detection_msgs__rosidl_generator_py
[4.473s] [ 95%] [32mBuilding C object CMakeFiles/object_detection_msgs__rosidl_typesupport_fastrtps_c__pyext.dir/rosidl_generator_py/object_detection_msgs/_object_detection_msgs_s.ep.rosidl_typesupport_fastrtps_c.c.o[0m
[4.474s] [ 95%] [32mBuilding C object CMakeFiles/object_detection_msgs__rosidl_typesupport_c__pyext.dir/rosidl_generator_py/object_detection_msgs/_object_detection_msgs_s.ep.rosidl_typesupport_c.c.o[0m
[4.474s] [ 95%] [32mBuilding C object CMakeFiles/object_detection_msgs__rosidl_typesupport_introspection_c__pyext.dir/rosidl_generator_py/object_detection_msgs/_object_detection_msgs_s.ep.rosidl_typesupport_introspection_c.c.o[0m
[4.566s] [ 98%] [32m[1mLinking C shared library rosidl_generator_py/object_detection_msgs/object_detection_msgs_s__rosidl_typesupport_fastrtps_c.cpython-310-x86_64-linux-gnu.so[0m
[4.566s] [ 98%] [32m[1mLinking C shared library rosidl_generator_py/object_detection_msgs/object_detection_msgs_s__rosidl_typesupport_c.cpython-310-x86_64-linux-gnu.so[0m
[4.567s] [100%] [32m[1mLinking C shared library rosidl_generator_py/object_detection_msgs/object_detection_msgs_s__rosidl_typesupport_introspection_c.cpython-310-x86_64-linux-gnu.so[0m
[4.595s] [100%] Built target object_detection_msgs__rosidl_typesupport_c__pyext
[4.596s] [100%] Built target object_detection_msgs__rosidl_typesupport_introspection_c__pyext
[4.596s] [100%] Built target object_detection_msgs__rosidl_typesupport_fastrtps_c__pyext
[4.604s] Invoked command in '/mpc/new/Elastic-Tracker/build/object_detection_msgs' returned '0': CMAKE_PREFIX_PATH=/opt/ros/humble /usr/bin/cmake --build /mpc/new/Elastic-Tracker/build/object_detection_msgs -- -j12 -l12
[4.611s] Invoking command in '/mpc/new/Elastic-Tracker/build/object_detection_msgs': CMAKE_PREFIX_PATH=/opt/ros/humble /usr/bin/cmake --install /mpc/new/Elastic-Tracker/build/object_detection_msgs
[4.618s] -- Install configuration: ""
[4.618s] -- Installing: /mpc/new/Elastic-Tracker/install/object_detection_msgs/share/ament_index/resource_index/rosidl_interfaces/object_detection_msgs
[4.618s] -- Installing: /mpc/new/Elastic-Tracker/install/object_detection_msgs/include/object_detection_msgs/object_detection_msgs
[4.618s] -- Installing: /mpc/new/Elastic-Tracker/install/object_detection_msgs/include/object_detection_msgs/object_detection_msgs/msg
[4.618s] -- Installing: /mpc/new/Elastic-Tracker/install/object_detection_msgs/include/object_detection_msgs/object_detection_msgs/msg/bounding_box.h
[4.618s] -- Installing: /mpc/new/Elastic-Tracker/install/object_detection_msgs/include/object_detection_msgs/object_detection_msgs/msg/bounding_boxes.h
[4.618s] -- Installing: /mpc/new/Elastic-Tracker/install/object_detection_msgs/include/object_detection_msgs/object_detection_msgs/msg/motor_angle.h
[4.618s] -- Installing: /mpc/new/Elastic-Tracker/install/object_detection_msgs/include/object_detection_msgs/object_detection_msgs/msg/object_count.h
[4.618s] -- Installing: /mpc/new/Elastic-Tracker/install/object_detection_msgs/include/object_detection_msgs/object_detection_msgs/msg/detail
[4.619s] -- Installing: /mpc/new/Elastic-Tracker/install/object_detection_msgs/include/object_detection_msgs/object_detection_msgs/msg/detail/bounding_box__type_support.h
[4.619s] -- Installing: /mpc/new/Elastic-Tracker/install/object_detection_msgs/include/object_detection_msgs/object_detection_msgs/msg/detail/object_count__functions.c
[4.619s] -- Installing: /mpc/new/Elastic-Tracker/install/object_detection_msgs/include/object_detection_msgs/object_detection_msgs/msg/detail/object_count__functions.h
[4.619s] -- Installing: /mpc/new/Elastic-Tracker/install/object_detection_msgs/include/object_detection_msgs/object_detection_msgs/msg/detail/car_position__struct.h
[4.619s] -- Installing: /mpc/new/Elastic-Tracker/install/object_detection_msgs/include/object_detection_msgs/object_detection_msgs/msg/detail/car_position__type_support.h
[4.619s] -- Installing: /mpc/new/Elastic-Tracker/install/object_detection_msgs/include/object_detection_msgs/object_detection_msgs/msg/detail/motor_angle__functions.c
[4.619s] -- Installing: /mpc/new/Elastic-Tracker/install/object_detection_msgs/include/object_detection_msgs/object_detection_msgs/msg/detail/car_position__functions.c
[4.619s] -- Installing: /mpc/new/Elastic-Tracker/install/object_detection_msgs/include/object_detection_msgs/object_detection_msgs/msg/detail/car_position__functions.h
[4.619s] -- Installing: /mpc/new/Elastic-Tracker/install/object_detection_msgs/include/object_detection_msgs/object_detection_msgs/msg/detail/motor_angle__functions.h
[4.619s] -- Installing: /mpc/new/Elastic-Tracker/install/object_detection_msgs/include/object_detection_msgs/object_detection_msgs/msg/detail/object_count__struct.h
[4.619s] -- Installing: /mpc/new/Elastic-Tracker/install/object_detection_msgs/include/object_detection_msgs/object_detection_msgs/msg/detail/bounding_boxes__functions.c
[4.619s] -- Installing: /mpc/new/Elastic-Tracker/install/object_detection_msgs/include/object_detection_msgs/object_detection_msgs/msg/detail/object_count__type_support.h
[4.620s] -- Installing: /mpc/new/Elastic-Tracker/install/object_detection_msgs/include/object_detection_msgs/object_detection_msgs/msg/detail/bounding_boxes__struct.h
[4.620s] -- Installing: /mpc/new/Elastic-Tracker/install/object_detection_msgs/include/object_detection_msgs/object_detection_msgs/msg/detail/motor_angle__struct.h
[4.620s] -- Installing: /mpc/new/Elastic-Tracker/install/object_detection_msgs/include/object_detection_msgs/object_detection_msgs/msg/detail/bounding_boxes__functions.h
[4.620s] -- Installing: /mpc/new/Elastic-Tracker/install/object_detection_msgs/include/object_detection_msgs/object_detection_msgs/msg/detail/bounding_boxes__type_support.h
[4.620s] -- Installing: /mpc/new/Elastic-Tracker/install/object_detection_msgs/include/object_detection_msgs/object_detection_msgs/msg/detail/bounding_box__functions.h
[4.620s] -- Installing: /mpc/new/Elastic-Tracker/install/object_detection_msgs/include/object_detection_msgs/object_detection_msgs/msg/detail/bounding_box__struct.h
[4.620s] -- Installing: /mpc/new/Elastic-Tracker/install/object_detection_msgs/include/object_detection_msgs/object_detection_msgs/msg/detail/bounding_box__functions.c
[4.620s] -- Installing: /mpc/new/Elastic-Tracker/install/object_detection_msgs/include/object_detection_msgs/object_detection_msgs/msg/detail/motor_angle__type_support.h
[4.620s] -- Installing: /mpc/new/Elastic-Tracker/install/object_detection_msgs/include/object_detection_msgs/object_detection_msgs/msg/car_position.h
[4.620s] -- Installing: /mpc/new/Elastic-Tracker/install/object_detection_msgs/include/object_detection_msgs/object_detection_msgs/msg/rosidl_generator_c__visibility_control.h
[4.620s] -- Installing: /mpc/new/Elastic-Tracker/install/object_detection_msgs/share/object_detection_msgs/environment/library_path.sh
[4.620s] -- Installing: /mpc/new/Elastic-Tracker/install/object_detection_msgs/share/object_detection_msgs/environment/library_path.dsv
[4.621s] -- Installing: /mpc/new/Elastic-Tracker/install/object_detection_msgs/lib/libobject_detection_msgs__rosidl_generator_c.so
[4.621s] -- Set runtime path of "/mpc/new/Elastic-Tracker/install/object_detection_msgs/lib/libobject_detection_msgs__rosidl_generator_c.so" to ""
[4.621s] -- Up-to-date: /mpc/new/Elastic-Tracker/install/object_detection_msgs/include/object_detection_msgs/object_detection_msgs
[4.621s] -- Up-to-date: /mpc/new/Elastic-Tracker/install/object_detection_msgs/include/object_detection_msgs/object_detection_msgs/msg
[4.621s] -- Up-to-date: /mpc/new/Elastic-Tracker/install/object_detection_msgs/include/object_detection_msgs/object_detection_msgs/msg/detail
[4.621s] -- Installing: /mpc/new/Elastic-Tracker/install/object_detection_msgs/include/object_detection_msgs/object_detection_msgs/msg/detail/object_count__rosidl_typesupport_fastrtps_c.h
[4.621s] -- Installing: /mpc/new/Elastic-Tracker/install/object_detection_msgs/include/object_detection_msgs/object_detection_msgs/msg/detail/bounding_boxes__rosidl_typesupport_fastrtps_c.h
[4.621s] -- Installing: /mpc/new/Elastic-Tracker/install/object_detection_msgs/include/object_detection_msgs/object_detection_msgs/msg/detail/car_position__rosidl_typesupport_fastrtps_c.h
[4.621s] -- Installing: /mpc/new/Elastic-Tracker/install/object_detection_msgs/include/object_detection_msgs/object_detection_msgs/msg/detail/motor_angle__rosidl_typesupport_fastrtps_c.h
[4.621s] -- Installing: /mpc/new/Elastic-Tracker/install/object_detection_msgs/include/object_detection_msgs/object_detection_msgs/msg/detail/bounding_box__rosidl_typesupport_fastrtps_c.h
[4.622s] -- Installing: /mpc/new/Elastic-Tracker/install/object_detection_msgs/include/object_detection_msgs/object_detection_msgs/msg/rosidl_typesupport_fastrtps_c__visibility_control.h
[4.622s] -- Installing: /mpc/new/Elastic-Tracker/install/object_detection_msgs/lib/libobject_detection_msgs__rosidl_typesupport_fastrtps_c.so
[4.622s] -- Set runtime path of "/mpc/new/Elastic-Tracker/install/object_detection_msgs/lib/libobject_detection_msgs__rosidl_typesupport_fastrtps_c.so" to ""
[4.622s] -- Up-to-date: /mpc/new/Elastic-Tracker/install/object_detection_msgs/include/object_detection_msgs/object_detection_msgs
[4.622s] -- Up-to-date: /mpc/new/Elastic-Tracker/install/object_detection_msgs/include/object_detection_msgs/object_detection_msgs/msg
[4.622s] -- Installing: /mpc/new/Elastic-Tracker/install/object_detection_msgs/include/object_detection_msgs/object_detection_msgs/msg/rosidl_typesupport_introspection_c__visibility_control.h
[4.622s] -- Up-to-date: /mpc/new/Elastic-Tracker/install/object_detection_msgs/include/object_detection_msgs/object_detection_msgs/msg/detail
[4.622s] -- Installing: /mpc/new/Elastic-Tracker/install/object_detection_msgs/include/object_detection_msgs/object_detection_msgs/msg/detail/bounding_box__type_support.c
[4.622s] -- Installing: /mpc/new/Elastic-Tracker/install/object_detection_msgs/include/object_detection_msgs/object_detection_msgs/msg/detail/object_count__type_support.c
[4.623s] -- Installing: /mpc/new/Elastic-Tracker/install/object_detection_msgs/include/object_detection_msgs/object_detection_msgs/msg/detail/car_position__type_support.c
[4.623s] -- Installing: /mpc/new/Elastic-Tracker/install/object_detection_msgs/include/object_detection_msgs/object_detection_msgs/msg/detail/motor_angle__type_support.c
[4.623s] -- Installing: /mpc/new/Elastic-Tracker/install/object_detection_msgs/include/object_detection_msgs/object_detection_msgs/msg/detail/object_count__rosidl_typesupport_introspection_c.h
[4.623s] -- Installing: /mpc/new/Elastic-Tracker/install/object_detection_msgs/include/object_detection_msgs/object_detection_msgs/msg/detail/car_position__rosidl_typesupport_introspection_c.h
[4.623s] -- Installing: /mpc/new/Elastic-Tracker/install/object_detection_msgs/include/object_detection_msgs/object_detection_msgs/msg/detail/bounding_boxes__rosidl_typesupport_introspection_c.h
[4.623s] -- Installing: /mpc/new/Elastic-Tracker/install/object_detection_msgs/include/object_detection_msgs/object_detection_msgs/msg/detail/motor_angle__rosidl_typesupport_introspection_c.h
[4.623s] -- Installing: /mpc/new/Elastic-Tracker/install/object_detection_msgs/include/object_detection_msgs/object_detection_msgs/msg/detail/bounding_boxes__type_support.c
[4.623s] -- Installing: /mpc/new/Elastic-Tracker/install/object_detection_msgs/include/object_detection_msgs/object_detection_msgs/msg/detail/bounding_box__rosidl_typesupport_introspection_c.h
[4.623s] -- Installing: /mpc/new/Elastic-Tracker/install/object_detection_msgs/lib/libobject_detection_msgs__rosidl_typesupport_introspection_c.so
[4.623s] -- Set runtime path of "/mpc/new/Elastic-Tracker/install/object_detection_msgs/lib/libobject_detection_msgs__rosidl_typesupport_introspection_c.so" to ""
[4.623s] -- Installing: /mpc/new/Elastic-Tracker/install/object_detection_msgs/lib/libobject_detection_msgs__rosidl_typesupport_c.so
[4.623s] -- Set runtime path of "/mpc/new/Elastic-Tracker/install/object_detection_msgs/lib/libobject_detection_msgs__rosidl_typesupport_c.so" to ""
[4.623s] -- Up-to-date: /mpc/new/Elastic-Tracker/install/object_detection_msgs/include/object_detection_msgs/object_detection_msgs
[4.624s] -- Up-to-date: /mpc/new/Elastic-Tracker/install/object_detection_msgs/include/object_detection_msgs/object_detection_msgs/msg
[4.624s] -- Installing: /mpc/new/Elastic-Tracker/install/object_detection_msgs/include/object_detection_msgs/object_detection_msgs/msg/object_count.hpp
[4.624s] -- Installing: /mpc/new/Elastic-Tracker/install/object_detection_msgs/include/object_detection_msgs/object_detection_msgs/msg/bounding_boxes.hpp
[4.624s] -- Installing: /mpc/new/Elastic-Tracker/install/object_detection_msgs/include/object_detection_msgs/object_detection_msgs/msg/car_position.hpp
[4.624s] -- Up-to-date: /mpc/new/Elastic-Tracker/install/object_detection_msgs/include/object_detection_msgs/object_detection_msgs/msg/detail
[4.624s] -- Installing: /mpc/new/Elastic-Tracker/install/object_detection_msgs/include/object_detection_msgs/object_detection_msgs/msg/detail/car_position__traits.hpp
[4.624s] -- Installing: /mpc/new/Elastic-Tracker/install/object_detection_msgs/include/object_detection_msgs/object_detection_msgs/msg/detail/motor_angle__struct.hpp
[4.624s] -- Installing: /mpc/new/Elastic-Tracker/install/object_detection_msgs/include/object_detection_msgs/object_detection_msgs/msg/detail/bounding_box__builder.hpp
[4.624s] -- Installing: /mpc/new/Elastic-Tracker/install/object_detection_msgs/include/object_detection_msgs/object_detection_msgs/msg/detail/object_count__type_support.hpp
[4.624s] -- Installing: /mpc/new/Elastic-Tracker/install/object_detection_msgs/include/object_detection_msgs/object_detection_msgs/msg/detail/motor_angle__type_support.hpp
[4.624s] -- Installing: /mpc/new/Elastic-Tracker/install/object_detection_msgs/include/object_detection_msgs/object_detection_msgs/msg/detail/bounding_boxes__type_support.hpp
[4.625s] -- Installing: /mpc/new/Elastic-Tracker/install/object_detection_msgs/include/object_detection_msgs/object_detection_msgs/msg/detail/bounding_box__struct.hpp
[4.625s] -- Installing: /mpc/new/Elastic-Tracker/install/object_detection_msgs/include/object_detection_msgs/object_detection_msgs/msg/detail/motor_angle__builder.hpp
[4.625s] -- Installing: /mpc/new/Elastic-Tracker/install/object_detection_msgs/include/object_detection_msgs/object_detection_msgs/msg/detail/bounding_boxes__traits.hpp
[4.625s] -- Installing: /mpc/new/Elastic-Tracker/install/object_detection_msgs/include/object_detection_msgs/object_detection_msgs/msg/detail/motor_angle__traits.hpp
[4.625s] -- Installing: /mpc/new/Elastic-Tracker/install/object_detection_msgs/include/object_detection_msgs/object_detection_msgs/msg/detail/car_position__struct.hpp
[4.625s] -- Installing: /mpc/new/Elastic-Tracker/install/object_detection_msgs/include/object_detection_msgs/object_detection_msgs/msg/detail/bounding_boxes__builder.hpp
[4.625s] -- Installing: /mpc/new/Elastic-Tracker/install/object_detection_msgs/include/object_detection_msgs/object_detection_msgs/msg/detail/bounding_box__traits.hpp
[4.625s] -- Installing: /mpc/new/Elastic-Tracker/install/object_detection_msgs/include/object_detection_msgs/object_detection_msgs/msg/detail/car_position__builder.hpp
[4.625s] -- Installing: /mpc/new/Elastic-Tracker/install/object_detection_msgs/include/object_detection_msgs/object_detection_msgs/msg/detail/object_count__struct.hpp
[4.625s] -- Installing: /mpc/new/Elastic-Tracker/install/object_detection_msgs/include/object_detection_msgs/object_detection_msgs/msg/detail/bounding_box__type_support.hpp
[4.625s] -- Installing: /mpc/new/Elastic-Tracker/install/object_detection_msgs/include/object_detection_msgs/object_detection_msgs/msg/detail/object_count__builder.hpp
[4.626s] -- Installing: /mpc/new/Elastic-Tracker/install/object_detection_msgs/include/object_detection_msgs/object_detection_msgs/msg/detail/car_position__type_support.hpp
[4.626s] -- Installing: /mpc/new/Elastic-Tracker/install/object_detection_msgs/include/object_detection_msgs/object_detection_msgs/msg/detail/bounding_boxes__struct.hpp
[4.626s] -- Installing: /mpc/new/Elastic-Tracker/install/object_detection_msgs/include/object_detection_msgs/object_detection_msgs/msg/detail/object_count__traits.hpp
[4.626s] -- Installing: /mpc/new/Elastic-Tracker/install/object_detection_msgs/include/object_detection_msgs/object_detection_msgs/msg/motor_angle.hpp
[4.626s] -- Installing: /mpc/new/Elastic-Tracker/install/object_detection_msgs/include/object_detection_msgs/object_detection_msgs/msg/bounding_box.hpp
[4.626s] -- Installing: /mpc/new/Elastic-Tracker/install/object_detection_msgs/include/object_detection_msgs/object_detection_msgs/msg/rosidl_generator_cpp__visibility_control.hpp
[4.626s] -- Up-to-date: /mpc/new/Elastic-Tracker/install/object_detection_msgs/include/object_detection_msgs/object_detection_msgs
[4.626s] -- Up-to-date: /mpc/new/Elastic-Tracker/install/object_detection_msgs/include/object_detection_msgs/object_detection_msgs/msg
[4.626s] -- Up-to-date: /mpc/new/Elastic-Tracker/install/object_detection_msgs/include/object_detection_msgs/object_detection_msgs/msg/detail
[4.626s] -- Installing: /mpc/new/Elastic-Tracker/install/object_detection_msgs/include/object_detection_msgs/object_detection_msgs/msg/detail/motor_angle__rosidl_typesupport_fastrtps_cpp.hpp
[4.626s] -- Installing: /mpc/new/Elastic-Tracker/install/object_detection_msgs/include/object_detection_msgs/object_detection_msgs/msg/detail/bounding_boxes__rosidl_typesupport_fastrtps_cpp.hpp
[4.626s] -- Installing: /mpc/new/Elastic-Tracker/install/object_detection_msgs/include/object_detection_msgs/object_detection_msgs/msg/detail/dds_fastrtps
[4.627s] -- Installing: /mpc/new/Elastic-Tracker/install/object_detection_msgs/include/object_detection_msgs/object_detection_msgs/msg/detail/car_position__rosidl_typesupport_fastrtps_cpp.hpp
[4.627s] -- Installing: /mpc/new/Elastic-Tracker/install/object_detection_msgs/include/object_detection_msgs/object_detection_msgs/msg/detail/object_count__rosidl_typesupport_fastrtps_cpp.hpp
[4.627s] -- Installing: /mpc/new/Elastic-Tracker/install/object_detection_msgs/include/object_detection_msgs/object_detection_msgs/msg/detail/bounding_box__rosidl_typesupport_fastrtps_cpp.hpp
[4.627s] -- Installing: /mpc/new/Elastic-Tracker/install/object_detection_msgs/include/object_detection_msgs/object_detection_msgs/msg/rosidl_typesupport_fastrtps_cpp__visibility_control.h
[4.627s] -- Installing: /mpc/new/Elastic-Tracker/install/object_detection_msgs/lib/libobject_detection_msgs__rosidl_typesupport_fastrtps_cpp.so
[4.627s] -- Set runtime path of "/mpc/new/Elastic-Tracker/install/object_detection_msgs/lib/libobject_detection_msgs__rosidl_typesupport_fastrtps_cpp.so" to ""
[4.627s] -- Up-to-date: /mpc/new/Elastic-Tracker/install/object_detection_msgs/include/object_detection_msgs/object_detection_msgs
[4.627s] -- Up-to-date: /mpc/new/Elastic-Tracker/install/object_detection_msgs/include/object_detection_msgs/object_detection_msgs/msg
[4.627s] -- Up-to-date: /mpc/new/Elastic-Tracker/install/object_detection_msgs/include/object_detection_msgs/object_detection_msgs/msg/detail
[4.627s] -- Installing: /mpc/new/Elastic-Tracker/install/object_detection_msgs/include/object_detection_msgs/object_detection_msgs/msg/detail/motor_angle__rosidl_typesupport_introspection_cpp.hpp
[4.627s] -- Installing: /mpc/new/Elastic-Tracker/install/object_detection_msgs/include/object_detection_msgs/object_detection_msgs/msg/detail/bounding_box__rosidl_typesupport_introspection_cpp.hpp
[4.627s] -- Installing: /mpc/new/Elastic-Tracker/install/object_detection_msgs/include/object_detection_msgs/object_detection_msgs/msg/detail/object_count__rosidl_typesupport_introspection_cpp.hpp
[4.628s] -- Installing: /mpc/new/Elastic-Tracker/install/object_detection_msgs/include/object_detection_msgs/object_detection_msgs/msg/detail/bounding_boxes__rosidl_typesupport_introspection_cpp.hpp
[4.628s] -- Installing: /mpc/new/Elastic-Tracker/install/object_detection_msgs/include/object_detection_msgs/object_detection_msgs/msg/detail/car_position__rosidl_typesupport_introspection_cpp.hpp
[4.628s] -- Installing: /mpc/new/Elastic-Tracker/install/object_detection_msgs/include/object_detection_msgs/object_detection_msgs/msg/detail/car_position__type_support.cpp
[4.628s] -- Installing: /mpc/new/Elastic-Tracker/install/object_detection_msgs/include/object_detection_msgs/object_detection_msgs/msg/detail/bounding_boxes__type_support.cpp
[4.628s] -- Installing: /mpc/new/Elastic-Tracker/install/object_detection_msgs/include/object_detection_msgs/object_detection_msgs/msg/detail/object_count__type_support.cpp
[4.628s] -- Installing: /mpc/new/Elastic-Tracker/install/object_detection_msgs/include/object_detection_msgs/object_detection_msgs/msg/detail/bounding_box__type_support.cpp
[4.628s] -- Installing: /mpc/new/Elastic-Tracker/install/object_detection_msgs/include/object_detection_msgs/object_detection_msgs/msg/detail/motor_angle__type_support.cpp
[4.628s] -- Installing: /mpc/new/Elastic-Tracker/install/object_detection_msgs/lib/libobject_detection_msgs__rosidl_typesupport_introspection_cpp.so
[4.628s] -- Set runtime path of "/mpc/new/Elastic-Tracker/install/object_detection_msgs/lib/libobject_detection_msgs__rosidl_typesupport_introspection_cpp.so" to ""
[4.628s] -- Installing: /mpc/new/Elastic-Tracker/install/object_detection_msgs/lib/libobject_detection_msgs__rosidl_typesupport_cpp.so
[4.628s] -- Set runtime path of "/mpc/new/Elastic-Tracker/install/object_detection_msgs/lib/libobject_detection_msgs__rosidl_typesupport_cpp.so" to ""
[4.629s] -- Installing: /mpc/new/Elastic-Tracker/install/object_detection_msgs/share/object_detection_msgs/environment/pythonpath.sh
[4.629s] -- Installing: /mpc/new/Elastic-Tracker/install/object_detection_msgs/share/object_detection_msgs/environment/pythonpath.dsv
[4.629s] -- Installing: /mpc/new/Elastic-Tracker/install/object_detection_msgs/local/lib/python3.10/dist-packages/object_detection_msgs-0.0.0-py3.10.egg-info
[4.629s] -- Installing: /mpc/new/Elastic-Tracker/install/object_detection_msgs/local/lib/python3.10/dist-packages/object_detection_msgs-0.0.0-py3.10.egg-info/dependency_links.txt
[4.629s] -- Installing: /mpc/new/Elastic-Tracker/install/object_detection_msgs/local/lib/python3.10/dist-packages/object_detection_msgs-0.0.0-py3.10.egg-info/top_level.txt
[4.629s] -- Installing: /mpc/new/Elastic-Tracker/install/object_detection_msgs/local/lib/python3.10/dist-packages/object_detection_msgs-0.0.0-py3.10.egg-info/PKG-INFO
[4.629s] -- Installing: /mpc/new/Elastic-Tracker/install/object_detection_msgs/local/lib/python3.10/dist-packages/object_detection_msgs-0.0.0-py3.10.egg-info/SOURCES.txt
[4.629s] -- Installing: /mpc/new/Elastic-Tracker/install/object_detection_msgs/local/lib/python3.10/dist-packages/object_detection_msgs
[4.629s] -- Installing: /mpc/new/Elastic-Tracker/install/object_detection_msgs/local/lib/python3.10/dist-packages/object_detection_msgs/libobject_detection_msgs__rosidl_generator_py.so
[4.629s] -- Installing: /mpc/new/Elastic-Tracker/install/object_detection_msgs/local/lib/python3.10/dist-packages/object_detection_msgs/_object_detection_msgs_s.ep.rosidl_typesupport_introspection_c.c
[4.630s] -- Installing: /mpc/new/Elastic-Tracker/install/object_detection_msgs/local/lib/python3.10/dist-packages/object_detection_msgs/_object_detection_msgs_s.ep.rosidl_typesupport_fastrtps_c.c
[4.630s] -- Installing: /mpc/new/Elastic-Tracker/install/object_detection_msgs/local/lib/python3.10/dist-packages/object_detection_msgs/__init__.py
[4.630s] -- Installing: /mpc/new/Elastic-Tracker/install/object_detection_msgs/local/lib/python3.10/dist-packages/object_detection_msgs/_object_detection_msgs_s.ep.rosidl_typesupport_c.c
[4.630s] -- Installing: /mpc/new/Elastic-Tracker/install/object_detection_msgs/local/lib/python3.10/dist-packages/object_detection_msgs/object_detection_msgs_s__rosidl_typesupport_c.cpython-310-x86_64-linux-gnu.so
[4.630s] -- Installing: /mpc/new/Elastic-Tracker/install/object_detection_msgs/local/lib/python3.10/dist-packages/object_detection_msgs/object_detection_msgs_s__rosidl_typesupport_fastrtps_c.cpython-310-x86_64-linux-gnu.so
[4.630s] -- Installing: /mpc/new/Elastic-Tracker/install/object_detection_msgs/local/lib/python3.10/dist-packages/object_detection_msgs/object_detection_msgs_s__rosidl_typesupport_introspection_c.cpython-310-x86_64-linux-gnu.so
[4.630s] -- Installing: /mpc/new/Elastic-Tracker/install/object_detection_msgs/local/lib/python3.10/dist-packages/object_detection_msgs/msg
[4.630s] -- Installing: /mpc/new/Elastic-Tracker/install/object_detection_msgs/local/lib/python3.10/dist-packages/object_detection_msgs/msg/_bounding_boxes_s.c
[4.630s] -- Installing: /mpc/new/Elastic-Tracker/install/object_detection_msgs/local/lib/python3.10/dist-packages/object_detection_msgs/msg/_bounding_boxes.py
[4.630s] -- Installing: /mpc/new/Elastic-Tracker/install/object_detection_msgs/local/lib/python3.10/dist-packages/object_detection_msgs/msg/_bounding_box.py
[4.630s] -- Installing: /mpc/new/Elastic-Tracker/install/object_detection_msgs/local/lib/python3.10/dist-packages/object_detection_msgs/msg/_object_count.py
[4.630s] -- Installing: /mpc/new/Elastic-Tracker/install/object_detection_msgs/local/lib/python3.10/dist-packages/object_detection_msgs/msg/_object_count_s.c
[4.631s] -- Installing: /mpc/new/Elastic-Tracker/install/object_detection_msgs/local/lib/python3.10/dist-packages/object_detection_msgs/msg/_car_position.py
[4.631s] -- Installing: /mpc/new/Elastic-Tracker/install/object_detection_msgs/local/lib/python3.10/dist-packages/object_detection_msgs/msg/__init__.py
[4.631s] -- Installing: /mpc/new/Elastic-Tracker/install/object_detection_msgs/local/lib/python3.10/dist-packages/object_detection_msgs/msg/_motor_angle.py
[4.631s] -- Installing: /mpc/new/Elastic-Tracker/install/object_detection_msgs/local/lib/python3.10/dist-packages/object_detection_msgs/msg/_bounding_box_s.c
[4.631s] -- Installing: /mpc/new/Elastic-Tracker/install/object_detection_msgs/local/lib/python3.10/dist-packages/object_detection_msgs/msg/_motor_angle_s.c
[4.631s] -- Installing: /mpc/new/Elastic-Tracker/install/object_detection_msgs/local/lib/python3.10/dist-packages/object_detection_msgs/msg/_car_position_s.c
[4.666s] Listing '/mpc/new/Elastic-Tracker/install/object_detection_msgs/local/lib/python3.10/dist-packages/object_detection_msgs'...
[4.666s] Compiling '/mpc/new/Elastic-Tracker/install/object_detection_msgs/local/lib/python3.10/dist-packages/object_detection_msgs/__init__.py'...
[4.666s] Listing '/mpc/new/Elastic-Tracker/install/object_detection_msgs/local/lib/python3.10/dist-packages/object_detection_msgs/msg'...
[4.666s] Compiling '/mpc/new/Elastic-Tracker/install/object_detection_msgs/local/lib/python3.10/dist-packages/object_detection_msgs/msg/__init__.py'...
[4.666s] Compiling '/mpc/new/Elastic-Tracker/install/object_detection_msgs/local/lib/python3.10/dist-packages/object_detection_msgs/msg/_bounding_box.py'...
[4.666s] Compiling '/mpc/new/Elastic-Tracker/install/object_detection_msgs/local/lib/python3.10/dist-packages/object_detection_msgs/msg/_bounding_boxes.py'...
[4.666s] Compiling '/mpc/new/Elastic-Tracker/install/object_detection_msgs/local/lib/python3.10/dist-packages/object_detection_msgs/msg/_car_position.py'...
[4.666s] Compiling '/mpc/new/Elastic-Tracker/install/object_detection_msgs/local/lib/python3.10/dist-packages/object_detection_msgs/msg/_motor_angle.py'...
[4.666s] Compiling '/mpc/new/Elastic-Tracker/install/object_detection_msgs/local/lib/python3.10/dist-packages/object_detection_msgs/msg/_object_count.py'...
[4.670s] -- Installing: /mpc/new/Elastic-Tracker/install/object_detection_msgs/local/lib/python3.10/dist-packages/object_detection_msgs/object_detection_msgs_s__rosidl_typesupport_fastrtps_c.cpython-310-x86_64-linux-gnu.so
[4.670s] -- Set runtime path of "/mpc/new/Elastic-Tracker/install/object_detection_msgs/local/lib/python3.10/dist-packages/object_detection_msgs/object_detection_msgs_s__rosidl_typesupport_fastrtps_c.cpython-310-x86_64-linux-gnu.so" to ""
[4.670s] -- Installing: /mpc/new/Elastic-Tracker/install/object_detection_msgs/local/lib/python3.10/dist-packages/object_detection_msgs/object_detection_msgs_s__rosidl_typesupport_introspection_c.cpython-310-x86_64-linux-gnu.so
[4.670s] -- Set runtime path of "/mpc/new/Elastic-Tracker/install/object_detection_msgs/local/lib/python3.10/dist-packages/object_detection_msgs/object_detection_msgs_s__rosidl_typesupport_introspection_c.cpython-310-x86_64-linux-gnu.so" to ""
[4.670s] -- Installing: /mpc/new/Elastic-Tracker/install/object_detection_msgs/local/lib/python3.10/dist-packages/object_detection_msgs/object_detection_msgs_s__rosidl_typesupport_c.cpython-310-x86_64-linux-gnu.so
[4.670s] -- Set runtime path of "/mpc/new/Elastic-Tracker/install/object_detection_msgs/local/lib/python3.10/dist-packages/object_detection_msgs/object_detection_msgs_s__rosidl_typesupport_c.cpython-310-x86_64-linux-gnu.so" to ""
[4.671s] -- Installing: /mpc/new/Elastic-Tracker/install/object_detection_msgs/lib/libobject_detection_msgs__rosidl_generator_py.so
[4.671s] -- Set runtime path of "/mpc/new/Elastic-Tracker/install/object_detection_msgs/lib/libobject_detection_msgs__rosidl_generator_py.so" to ""
[4.671s] -- Installing: /mpc/new/Elastic-Tracker/install/object_detection_msgs/share/object_detection_msgs/msg/BoundingBox.idl
[4.671s] -- Installing: /mpc/new/Elastic-Tracker/install/object_detection_msgs/share/object_detection_msgs/msg/BoundingBoxes.idl
[4.671s] -- Installing: /mpc/new/Elastic-Tracker/install/object_detection_msgs/share/object_detection_msgs/msg/ObjectCount.idl
[4.671s] -- Installing: /mpc/new/Elastic-Tracker/install/object_detection_msgs/share/object_detection_msgs/msg/CarPosition.idl
[4.671s] -- Installing: /mpc/new/Elastic-Tracker/install/object_detection_msgs/share/object_detection_msgs/msg/MotorAngle.idl
[4.671s] -- Installing: /mpc/new/Elastic-Tracker/install/object_detection_msgs/share/object_detection_msgs/msg/BoundingBox.msg
[4.671s] -- Installing: /mpc/new/Elastic-Tracker/install/object_detection_msgs/share/object_detection_msgs/msg/BoundingBoxes.msg
[4.671s] -- Installing: /mpc/new/Elastic-Tracker/install/object_detection_msgs/share/object_detection_msgs/msg/ObjectCount.msg
[4.671s] -- Installing: /mpc/new/Elastic-Tracker/install/object_detection_msgs/share/object_detection_msgs/msg/CarPosition.msg
[4.672s] -- Installing: /mpc/new/Elastic-Tracker/install/object_detection_msgs/share/object_detection_msgs/msg/MotorAngle.msg
[4.672s] -- Up-to-date: /mpc/new/Elastic-Tracker/install/object_detection_msgs/share/object_detection_msgs/msg
[4.672s] -- Up-to-date: /mpc/new/Elastic-Tracker/install/object_detection_msgs/share/object_detection_msgs/msg/ObjectCount.msg
[4.672s] -- Up-to-date: /mpc/new/Elastic-Tracker/install/object_detection_msgs/share/object_detection_msgs/msg/BoundingBox.msg
[4.672s] -- Up-to-date: /mpc/new/Elastic-Tracker/install/object_detection_msgs/share/object_detection_msgs/msg/BoundingBoxes.msg
[4.672s] -- Up-to-date: /mpc/new/Elastic-Tracker/install/object_detection_msgs/share/object_detection_msgs/msg/CarPosition.msg
[4.672s] -- Up-to-date: /mpc/new/Elastic-Tracker/install/object_detection_msgs/share/object_detection_msgs/msg/MotorAngle.msg
[4.672s] -- Installing: /mpc/new/Elastic-Tracker/install/object_detection_msgs/share/ament_index/resource_index/package_run_dependencies/object_detection_msgs
[4.672s] -- Installing: /mpc/new/Elastic-Tracker/install/object_detection_msgs/share/ament_index/resource_index/parent_prefix_path/object_detection_msgs
[4.672s] -- Installing: /mpc/new/Elastic-Tracker/install/object_detection_msgs/share/object_detection_msgs/environment/ament_prefix_path.sh
[4.672s] -- Installing: /mpc/new/Elastic-Tracker/install/object_detection_msgs/share/object_detection_msgs/environment/ament_prefix_path.dsv
[4.672s] -- Installing: /mpc/new/Elastic-Tracker/install/object_detection_msgs/share/object_detection_msgs/environment/path.sh
[4.672s] -- Installing: /mpc/new/Elastic-Tracker/install/object_detection_msgs/share/object_detection_msgs/environment/path.dsv
[4.672s] -- Installing: /mpc/new/Elastic-Tracker/install/object_detection_msgs/share/object_detection_msgs/local_setup.bash
[4.672s] -- Installing: /mpc/new/Elastic-Tracker/install/object_detection_msgs/share/object_detection_msgs/local_setup.sh
[4.673s] -- Installing: /mpc/new/Elastic-Tracker/install/object_detection_msgs/share/object_detection_msgs/local_setup.zsh
[4.673s] -- Installing: /mpc/new/Elastic-Tracker/install/object_detection_msgs/share/object_detection_msgs/local_setup.dsv
[4.673s] -- Installing: /mpc/new/Elastic-Tracker/install/object_detection_msgs/share/object_detection_msgs/package.dsv
[4.673s] -- Installing: /mpc/new/Elastic-Tracker/install/object_detection_msgs/share/ament_index/resource_index/packages/object_detection_msgs
[4.673s] -- Installing: /mpc/new/Elastic-Tracker/install/object_detection_msgs/share/object_detection_msgs/cmake/export_object_detection_msgs__rosidl_generator_cExport.cmake
[4.673s] -- Installing: /mpc/new/Elastic-Tracker/install/object_detection_msgs/share/object_detection_msgs/cmake/export_object_detection_msgs__rosidl_generator_cExport-noconfig.cmake
[4.673s] -- Installing: /mpc/new/Elastic-Tracker/install/object_detection_msgs/share/object_detection_msgs/cmake/export_object_detection_msgs__rosidl_typesupport_fastrtps_cExport.cmake
[4.673s] -- Installing: /mpc/new/Elastic-Tracker/install/object_detection_msgs/share/object_detection_msgs/cmake/export_object_detection_msgs__rosidl_typesupport_fastrtps_cExport-noconfig.cmake
[4.673s] -- Installing: /mpc/new/Elastic-Tracker/install/object_detection_msgs/share/object_detection_msgs/cmake/object_detection_msgs__rosidl_typesupport_introspection_cExport.cmake
[4.673s] -- Installing: /mpc/new/Elastic-Tracker/install/object_detection_msgs/share/object_detection_msgs/cmake/object_detection_msgs__rosidl_typesupport_introspection_cExport-noconfig.cmake
[4.673s] -- Installing: /mpc/new/Elastic-Tracker/install/object_detection_msgs/share/object_detection_msgs/cmake/object_detection_msgs__rosidl_typesupport_cExport.cmake
[4.674s] -- Installing: /mpc/new/Elastic-Tracker/install/object_detection_msgs/share/object_detection_msgs/cmake/object_detection_msgs__rosidl_typesupport_cExport-noconfig.cmake
[4.674s] -- Installing: /mpc/new/Elastic-Tracker/install/object_detection_msgs/share/object_detection_msgs/cmake/export_object_detection_msgs__rosidl_generator_cppExport.cmake
[4.674s] -- Installing: /mpc/new/Elastic-Tracker/install/object_detection_msgs/share/object_detection_msgs/cmake/export_object_detection_msgs__rosidl_typesupport_fastrtps_cppExport.cmake
[4.674s] -- Installing: /mpc/new/Elastic-Tracker/install/object_detection_msgs/share/object_detection_msgs/cmake/export_object_detection_msgs__rosidl_typesupport_fastrtps_cppExport-noconfig.cmake
[4.674s] -- Installing: /mpc/new/Elastic-Tracker/install/object_detection_msgs/share/object_detection_msgs/cmake/object_detection_msgs__rosidl_typesupport_introspection_cppExport.cmake
[4.674s] -- Installing: /mpc/new/Elastic-Tracker/install/object_detection_msgs/share/object_detection_msgs/cmake/object_detection_msgs__rosidl_typesupport_introspection_cppExport-noconfig.cmake
[4.674s] -- Installing: /mpc/new/Elastic-Tracker/install/object_detection_msgs/share/object_detection_msgs/cmake/object_detection_msgs__rosidl_typesupport_cppExport.cmake
[4.674s] -- Installing: /mpc/new/Elastic-Tracker/install/object_detection_msgs/share/object_detection_msgs/cmake/object_detection_msgs__rosidl_typesupport_cppExport-noconfig.cmake
[4.674s] -- Installing: /mpc/new/Elastic-Tracker/install/object_detection_msgs/share/object_detection_msgs/cmake/export_object_detection_msgs__rosidl_generator_pyExport.cmake
[4.674s] -- Installing: /mpc/new/Elastic-Tracker/install/object_detection_msgs/share/object_detection_msgs/cmake/export_object_detection_msgs__rosidl_generator_pyExport-noconfig.cmake
[4.674s] -- Installing: /mpc/new/Elastic-Tracker/install/object_detection_msgs/share/object_detection_msgs/cmake/rosidl_cmake-extras.cmake
[4.675s] -- Installing: /mpc/new/Elastic-Tracker/install/object_detection_msgs/share/object_detection_msgs/cmake/ament_cmake_export_dependencies-extras.cmake
[4.675s] -- Installing: /mpc/new/Elastic-Tracker/install/object_detection_msgs/share/object_detection_msgs/cmake/ament_cmake_export_include_directories-extras.cmake
[4.675s] -- Installing: /mpc/new/Elastic-Tracker/install/object_detection_msgs/share/object_detection_msgs/cmake/ament_cmake_export_libraries-extras.cmake
[4.675s] -- Installing: /mpc/new/Elastic-Tracker/install/object_detection_msgs/share/object_detection_msgs/cmake/ament_cmake_export_targets-extras.cmake
[4.675s] -- Installing: /mpc/new/Elastic-Tracker/install/object_detection_msgs/share/object_detection_msgs/cmake/rosidl_cmake_export_typesupport_targets-extras.cmake
[4.675s] -- Installing: /mpc/new/Elastic-Tracker/install/object_detection_msgs/share/object_detection_msgs/cmake/rosidl_cmake_export_typesupport_libraries-extras.cmake
[4.675s] -- Installing: /mpc/new/Elastic-Tracker/install/object_detection_msgs/share/object_detection_msgs/cmake/object_detection_msgsConfig.cmake
[4.675s] -- Installing: /mpc/new/Elastic-Tracker/install/object_detection_msgs/share/object_detection_msgs/cmake/object_detection_msgsConfig-version.cmake
[4.675s] -- Installing: /mpc/new/Elastic-Tracker/install/object_detection_msgs/share/object_detection_msgs/package.xml
[4.677s] Invoked command in '/mpc/new/Elastic-Tracker/build/object_detection_msgs' returned '0': CMAKE_PREFIX_PATH=/opt/ros/humble /usr/bin/cmake --install /mpc/new/Elastic-Tracker/build/object_detection_msgs
