[0.014s] Invoking command in '/mpc/new/Elastic-Tracker/build/decomp_basis': CMAKE_PREFIX_PATH=/opt/ros/humble /usr/bin/cmake --build /mpc/new/Elastic-Tracker/build/decomp_basis -- -j12 -l12
[0.035s] -- Found ament_cmake: 1.3.11 (/opt/ros/humble/share/ament_cmake/cmake)
[0.245s] -- Configuring done
[0.246s] -- Generating done
[0.248s] -- Build files have been written to: /mpc/new/Elastic-Tracker/build/decomp_basis
[0.263s] Invoked command in '/mpc/new/Elastic-Tracker/build/decomp_basis' returned '0': CMAKE_PREFIX_PATH=/opt/ros/humble /usr/bin/cmake --build /mpc/new/Elastic-Tracker/build/decomp_basis -- -j12 -l12
[0.271s] Invoking command in '/mpc/new/Elastic-Tracker/build/decomp_basis': CMAKE_PREFIX_PATH=/opt/ros/humble /usr/bin/cmake --install /mpc/new/Elastic-Tracker/build/decomp_basis
[0.276s] -- Install configuration: ""
[0.276s] -- Installing: /mpc/new/Elastic-Tracker/install/decomp_basis/include
[0.276s] -- Installing: /mpc/new/Elastic-Tracker/install/decomp_basis/include/decomp_basis
[0.276s] -- Installing: /mpc/new/Elastic-Tracker/install/decomp_basis/include/decomp_basis/data_utils.h
[0.277s] -- Installing: /mpc/new/Elastic-Tracker/install/decomp_basis/include/decomp_basis/data_type.h
[0.277s] -- Installing: /mpc/new/Elastic-Tracker/install/decomp_basis/share/ament_index/resource_index/package_run_dependencies/decomp_basis
[0.277s] -- Installing: /mpc/new/Elastic-Tracker/install/decomp_basis/share/ament_index/resource_index/parent_prefix_path/decomp_basis
[0.277s] -- Installing: /mpc/new/Elastic-Tracker/install/decomp_basis/share/decomp_basis/environment/ament_prefix_path.sh
[0.277s] -- Installing: /mpc/new/Elastic-Tracker/install/decomp_basis/share/decomp_basis/environment/ament_prefix_path.dsv
[0.277s] -- Installing: /mpc/new/Elastic-Tracker/install/decomp_basis/share/decomp_basis/environment/path.sh
[0.277s] -- Installing: /mpc/new/Elastic-Tracker/install/decomp_basis/share/decomp_basis/environment/path.dsv
[0.278s] -- Installing: /mpc/new/Elastic-Tracker/install/decomp_basis/share/decomp_basis/local_setup.bash
[0.278s] -- Installing: /mpc/new/Elastic-Tracker/install/decomp_basis/share/decomp_basis/local_setup.sh
[0.278s] -- Installing: /mpc/new/Elastic-Tracker/install/decomp_basis/share/decomp_basis/local_setup.zsh
[0.278s] -- Installing: /mpc/new/Elastic-Tracker/install/decomp_basis/share/decomp_basis/local_setup.dsv
[0.278s] -- Installing: /mpc/new/Elastic-Tracker/install/decomp_basis/share/decomp_basis/package.dsv
[0.278s] -- Installing: /mpc/new/Elastic-Tracker/install/decomp_basis/share/ament_index/resource_index/packages/decomp_basis
[0.278s] -- Installing: /mpc/new/Elastic-Tracker/install/decomp_basis/share/decomp_basis/cmake/ament_cmake_export_include_directories-extras.cmake
[0.278s] -- Installing: /mpc/new/Elastic-Tracker/install/decomp_basis/share/decomp_basis/cmake/decomp_basisConfig.cmake
[0.279s] -- Installing: /mpc/new/Elastic-Tracker/install/decomp_basis/share/decomp_basis/cmake/decomp_basisConfig-version.cmake
[0.279s] -- Installing: /mpc/new/Elastic-Tracker/install/decomp_basis/share/decomp_basis/package.xml
[0.280s] Invoked command in '/mpc/new/Elastic-Tracker/build/decomp_basis' returned '0': CMAKE_PREFIX_PATH=/opt/ros/humble /usr/bin/cmake --install /mpc/new/Elastic-Tracker/build/decomp_basis
