[0.009s] Invoking command in '/mpc/new/Elastic-Tracker/build/decomp_geometry': AMENT_PREFIX_PATH=/mpc/new/Elastic-Tracker/install/decomp_basis:${AMENT_PREFIX_PATH} CMAKE_PREFIX_PATH=/mpc/new/Elastic-Tracker/install/decomp_basis:/opt/ros/humble /usr/bin/cmake /mpc/new/Elastic-Tracker/src/planning/DecompROS/decomp_geoemtry -DCMAKE_INSTALL_PREFIX=/mpc/new/Elastic-Tracker/install/decomp_geometry
[0.088s] -- The C compiler identification is GNU 11.4.0
[0.133s] -- The CXX compiler identification is GNU 11.4.0
[0.139s] -- Detecting C compiler ABI info
[0.193s] -- Detecting C compiler ABI info - done
[0.201s] -- Check for working C compiler: /usr/bin/cc - skipped
[0.201s] -- Detecting C compile features
[0.202s] -- Detecting C compile features - done
[0.205s] -- Detecting CXX compiler ABI info
[0.271s] -- Detecting CXX compiler ABI info - done
[0.278s] -- Check for working CXX compiler: /usr/bin/c++ - skipped
[0.279s] -- Detecting CXX compile features
[0.279s] -- Detecting CXX compile features - done
[0.283s] -- Found ament_cmake: 1.3.11 (/opt/ros/humble/share/ament_cmake/cmake)
[0.453s] -- Found Python3: /usr/bin/python3 (found version "3.10.12") found components: Interpreter 
[0.540s] -- Found decomp_basis: 0.0.0 (/mpc/new/Elastic-Tracker/install/decomp_basis/share/decomp_basis/cmake)
[0.621s] -- Configuring done
[0.623s] -- Generating done
[0.624s] -- Build files have been written to: /mpc/new/Elastic-Tracker/build/decomp_geometry
[0.628s] Invoked command in '/mpc/new/Elastic-Tracker/build/decomp_geometry' returned '0': AMENT_PREFIX_PATH=/mpc/new/Elastic-Tracker/install/decomp_basis:${AMENT_PREFIX_PATH} CMAKE_PREFIX_PATH=/mpc/new/Elastic-Tracker/install/decomp_basis:/opt/ros/humble /usr/bin/cmake /mpc/new/Elastic-Tracker/src/planning/DecompROS/decomp_geoemtry -DCMAKE_INSTALL_PREFIX=/mpc/new/Elastic-Tracker/install/decomp_geometry
[0.629s] Invoking command in '/mpc/new/Elastic-Tracker/build/decomp_geometry': AMENT_PREFIX_PATH=/mpc/new/Elastic-Tracker/install/decomp_basis:${AMENT_PREFIX_PATH} CMAKE_PREFIX_PATH=/mpc/new/Elastic-Tracker/install/decomp_basis:/opt/ros/humble /usr/bin/cmake --build /mpc/new/Elastic-Tracker/build/decomp_geometry -- -j12 -l12
[0.659s] Invoked command in '/mpc/new/Elastic-Tracker/build/decomp_geometry' returned '0': AMENT_PREFIX_PATH=/mpc/new/Elastic-Tracker/install/decomp_basis:${AMENT_PREFIX_PATH} CMAKE_PREFIX_PATH=/mpc/new/Elastic-Tracker/install/decomp_basis:/opt/ros/humble /usr/bin/cmake --build /mpc/new/Elastic-Tracker/build/decomp_geometry -- -j12 -l12
[0.667s] Invoking command in '/mpc/new/Elastic-Tracker/build/decomp_geometry': AMENT_PREFIX_PATH=/mpc/new/Elastic-Tracker/install/decomp_basis:${AMENT_PREFIX_PATH} CMAKE_PREFIX_PATH=/mpc/new/Elastic-Tracker/install/decomp_basis:/opt/ros/humble /usr/bin/cmake --install /mpc/new/Elastic-Tracker/build/decomp_geometry
[0.672s] -- Install configuration: ""
[0.672s] -- Installing: /mpc/new/Elastic-Tracker/install/decomp_geometry/include
[0.672s] -- Installing: /mpc/new/Elastic-Tracker/install/decomp_geometry/include/decomp_geometry
[0.673s] -- Installing: /mpc/new/Elastic-Tracker/install/decomp_geometry/include/decomp_geometry/polyhedron.h
[0.673s] -- Installing: /mpc/new/Elastic-Tracker/install/decomp_geometry/include/decomp_geometry/ellipsoid.h
[0.673s] -- Installing: /mpc/new/Elastic-Tracker/install/decomp_geometry/include/decomp_geometry/geometric_utils.h
[0.673s] -- Installing: /mpc/new/Elastic-Tracker/install/decomp_geometry/share/ament_index/resource_index/package_run_dependencies/decomp_geometry
[0.673s] -- Installing: /mpc/new/Elastic-Tracker/install/decomp_geometry/share/ament_index/resource_index/parent_prefix_path/decomp_geometry
[0.673s] -- Installing: /mpc/new/Elastic-Tracker/install/decomp_geometry/share/decomp_geometry/environment/ament_prefix_path.sh
[0.673s] -- Installing: /mpc/new/Elastic-Tracker/install/decomp_geometry/share/decomp_geometry/environment/ament_prefix_path.dsv
[0.674s] -- Installing: /mpc/new/Elastic-Tracker/install/decomp_geometry/share/decomp_geometry/environment/path.sh
[0.674s] -- Installing: /mpc/new/Elastic-Tracker/install/decomp_geometry/share/decomp_geometry/environment/path.dsv
[0.674s] -- Installing: /mpc/new/Elastic-Tracker/install/decomp_geometry/share/decomp_geometry/local_setup.bash
[0.674s] -- Installing: /mpc/new/Elastic-Tracker/install/decomp_geometry/share/decomp_geometry/local_setup.sh
[0.674s] -- Installing: /mpc/new/Elastic-Tracker/install/decomp_geometry/share/decomp_geometry/local_setup.zsh
[0.674s] -- Installing: /mpc/new/Elastic-Tracker/install/decomp_geometry/share/decomp_geometry/local_setup.dsv
[0.674s] -- Installing: /mpc/new/Elastic-Tracker/install/decomp_geometry/share/decomp_geometry/package.dsv
[0.674s] -- Installing: /mpc/new/Elastic-Tracker/install/decomp_geometry/share/ament_index/resource_index/packages/decomp_geometry
[0.674s] -- Installing: /mpc/new/Elastic-Tracker/install/decomp_geometry/share/decomp_geometry/cmake/ament_cmake_export_include_directories-extras.cmake
[0.674s] -- Installing: /mpc/new/Elastic-Tracker/install/decomp_geometry/share/decomp_geometry/cmake/ament_cmake_export_dependencies-extras.cmake
[0.675s] -- Installing: /mpc/new/Elastic-Tracker/install/decomp_geometry/share/decomp_geometry/cmake/decomp_geometryConfig.cmake
[0.675s] -- Installing: /mpc/new/Elastic-Tracker/install/decomp_geometry/share/decomp_geometry/cmake/decomp_geometryConfig-version.cmake
[0.675s] -- Installing: /mpc/new/Elastic-Tracker/install/decomp_geometry/share/decomp_geometry/package.xml
[0.676s] Invoked command in '/mpc/new/Elastic-Tracker/build/decomp_geometry' returned '0': AMENT_PREFIX_PATH=/mpc/new/Elastic-Tracker/install/decomp_basis:${AMENT_PREFIX_PATH} CMAKE_PREFIX_PATH=/mpc/new/Elastic-Tracker/install/decomp_basis:/opt/ros/humble /usr/bin/cmake --install /mpc/new/Elastic-Tracker/build/decomp_geometry
