[0.021s] Invoking command in '/mpc/new/Elastic-Tracker/src/detection/build/object_detection_msgs': CMAKE_PREFIX_PATH=${CMAKE_PREFIX_PATH}:/opt/ros/humble /usr/bin/cmake --build /mpc/new/Elastic-Tracker/src/detection/build/object_detection_msgs -- -j12 -l12
[0.077s] [  1%] Built target object_detection_msgs__cpp
[0.114s] [  1%] Built target ament_cmake_python_copy_object_detection_msgs
[0.144s] [ 12%] Built target object_detection_msgs__rosidl_typesupport_introspection_cpp
[0.558s] running egg_info
[0.559s] writing object_detection_msgs.egg-info/PKG-INFO
[0.559s] writing dependency_links to object_detection_msgs.egg-info/dependency_links.txt
[0.559s] writing top-level names to object_detection_msgs.egg-info/top_level.txt
[0.563s] reading manifest file 'object_detection_msgs.egg-info/SOURCES.txt'
[0.564s] writing manifest file 'object_detection_msgs.egg-info/SOURCES.txt'
[0.607s] [ 12%] Built target ament_cmake_python_build_object_detection_msgs_egg
[0.659s] [ 23%] Built target object_detection_msgs__rosidl_typesupport_fastrtps_cpp
[0.718s] [ 34%] Built target object_detection_msgs__rosidl_typesupport_cpp
[0.755s] [ 46%] Built target object_detection_msgs__rosidl_generator_c
[0.797s] [ 57%] Built target object_detection_msgs__rosidl_typesupport_fastrtps_c
[0.824s] [ 68%] Built target object_detection_msgs__rosidl_typesupport_c
[0.851s] [ 79%] Built target object_detection_msgs__rosidl_typesupport_introspection_c
[0.883s] [ 79%] Built target object_detection_msgs
[0.906s] [ 80%] Built target object_detection_msgs__py
[0.945s] [ 90%] Built target object_detection_msgs__rosidl_generator_py
[0.974s] [ 93%] Built target object_detection_msgs__rosidl_typesupport_fastrtps_c__pyext
[1.018s] [ 96%] Built target object_detection_msgs__rosidl_typesupport_c__pyext
[1.047s] [100%] Built target object_detection_msgs__rosidl_typesupport_introspection_c__pyext
[1.060s] Invoked command in '/mpc/new/Elastic-Tracker/src/detection/build/object_detection_msgs' returned '0': CMAKE_PREFIX_PATH=${CMAKE_PREFIX_PATH}:/opt/ros/humble /usr/bin/cmake --build /mpc/new/Elastic-Tracker/src/detection/build/object_detection_msgs -- -j12 -l12
[1.071s] Invoking command in '/mpc/new/Elastic-Tracker/src/detection/build/object_detection_msgs': CMAKE_PREFIX_PATH=${CMAKE_PREFIX_PATH}:/opt/ros/humble /usr/bin/cmake --install /mpc/new/Elastic-Tracker/src/detection/build/object_detection_msgs
[1.080s] -- Install configuration: ""
[1.080s] -- Up-to-date: /mpc/new/Elastic-Tracker/src/detection/install/object_detection_msgs/share/ament_index/resource_index/rosidl_interfaces/object_detection_msgs
[1.081s] -- Up-to-date: /mpc/new/Elastic-Tracker/src/detection/install/object_detection_msgs/include/object_detection_msgs/object_detection_msgs
[1.081s] -- Up-to-date: /mpc/new/Elastic-Tracker/src/detection/install/object_detection_msgs/include/object_detection_msgs/object_detection_msgs/msg
[1.081s] -- Up-to-date: /mpc/new/Elastic-Tracker/src/detection/install/object_detection_msgs/include/object_detection_msgs/object_detection_msgs/msg/bounding_box.h
[1.081s] -- Up-to-date: /mpc/new/Elastic-Tracker/src/detection/install/object_detection_msgs/include/object_detection_msgs/object_detection_msgs/msg/bounding_boxes.h
[1.081s] -- Up-to-date: /mpc/new/Elastic-Tracker/src/detection/install/object_detection_msgs/include/object_detection_msgs/object_detection_msgs/msg/motor_angle.h
[1.081s] -- Up-to-date: /mpc/new/Elastic-Tracker/src/detection/install/object_detection_msgs/include/object_detection_msgs/object_detection_msgs/msg/object_count.h
[1.081s] -- Up-to-date: /mpc/new/Elastic-Tracker/src/detection/install/object_detection_msgs/include/object_detection_msgs/object_detection_msgs/msg/detail
[1.081s] -- Up-to-date: /mpc/new/Elastic-Tracker/src/detection/install/object_detection_msgs/include/object_detection_msgs/object_detection_msgs/msg/detail/bounding_box__type_support.h
[1.082s] -- Up-to-date: /mpc/new/Elastic-Tracker/src/detection/install/object_detection_msgs/include/object_detection_msgs/object_detection_msgs/msg/detail/object_count__functions.c
[1.082s] -- Up-to-date: /mpc/new/Elastic-Tracker/src/detection/install/object_detection_msgs/include/object_detection_msgs/object_detection_msgs/msg/detail/object_count__functions.h
[1.082s] -- Up-to-date: /mpc/new/Elastic-Tracker/src/detection/install/object_detection_msgs/include/object_detection_msgs/object_detection_msgs/msg/detail/car_position__struct.h
[1.082s] -- Up-to-date: /mpc/new/Elastic-Tracker/src/detection/install/object_detection_msgs/include/object_detection_msgs/object_detection_msgs/msg/detail/car_position__type_support.h
[1.082s] -- Up-to-date: /mpc/new/Elastic-Tracker/src/detection/install/object_detection_msgs/include/object_detection_msgs/object_detection_msgs/msg/detail/motor_angle__functions.c
[1.082s] -- Up-to-date: /mpc/new/Elastic-Tracker/src/detection/install/object_detection_msgs/include/object_detection_msgs/object_detection_msgs/msg/detail/car_position__functions.c
[1.082s] -- Up-to-date: /mpc/new/Elastic-Tracker/src/detection/install/object_detection_msgs/include/object_detection_msgs/object_detection_msgs/msg/detail/car_position__functions.h
[1.082s] -- Up-to-date: /mpc/new/Elastic-Tracker/src/detection/install/object_detection_msgs/include/object_detection_msgs/object_detection_msgs/msg/detail/motor_angle__functions.h
[1.082s] -- Up-to-date: /mpc/new/Elastic-Tracker/src/detection/install/object_detection_msgs/include/object_detection_msgs/object_detection_msgs/msg/detail/object_count__struct.h
[1.082s] -- Up-to-date: /mpc/new/Elastic-Tracker/src/detection/install/object_detection_msgs/include/object_detection_msgs/object_detection_msgs/msg/detail/bounding_boxes__functions.c
[1.083s] -- Up-to-date: /mpc/new/Elastic-Tracker/src/detection/install/object_detection_msgs/include/object_detection_msgs/object_detection_msgs/msg/detail/object_count__type_support.h
[1.083s] -- Up-to-date: /mpc/new/Elastic-Tracker/src/detection/install/object_detection_msgs/include/object_detection_msgs/object_detection_msgs/msg/detail/bounding_boxes__struct.h
[1.083s] -- Up-to-date: /mpc/new/Elastic-Tracker/src/detection/install/object_detection_msgs/include/object_detection_msgs/object_detection_msgs/msg/detail/motor_angle__struct.h
[1.083s] -- Up-to-date: /mpc/new/Elastic-Tracker/src/detection/install/object_detection_msgs/include/object_detection_msgs/object_detection_msgs/msg/detail/bounding_boxes__functions.h
[1.083s] -- Up-to-date: /mpc/new/Elastic-Tracker/src/detection/install/object_detection_msgs/include/object_detection_msgs/object_detection_msgs/msg/detail/bounding_boxes__type_support.h
[1.083s] -- Up-to-date: /mpc/new/Elastic-Tracker/src/detection/install/object_detection_msgs/include/object_detection_msgs/object_detection_msgs/msg/detail/bounding_box__functions.h
[1.083s] -- Up-to-date: /mpc/new/Elastic-Tracker/src/detection/install/object_detection_msgs/include/object_detection_msgs/object_detection_msgs/msg/detail/bounding_box__struct.h
[1.083s] -- Up-to-date: /mpc/new/Elastic-Tracker/src/detection/install/object_detection_msgs/include/object_detection_msgs/object_detection_msgs/msg/detail/bounding_box__functions.c
[1.083s] -- Up-to-date: /mpc/new/Elastic-Tracker/src/detection/install/object_detection_msgs/include/object_detection_msgs/object_detection_msgs/msg/detail/motor_angle__type_support.h
[1.084s] -- Up-to-date: /mpc/new/Elastic-Tracker/src/detection/install/object_detection_msgs/include/object_detection_msgs/object_detection_msgs/msg/car_position.h
[1.084s] -- Up-to-date: /mpc/new/Elastic-Tracker/src/detection/install/object_detection_msgs/include/object_detection_msgs/object_detection_msgs/msg/rosidl_generator_c__visibility_control.h
[1.084s] -- Up-to-date: /mpc/new/Elastic-Tracker/src/detection/install/object_detection_msgs/share/object_detection_msgs/environment/library_path.sh
[1.084s] -- Up-to-date: /mpc/new/Elastic-Tracker/src/detection/install/object_detection_msgs/share/object_detection_msgs/environment/library_path.dsv
[1.084s] -- Up-to-date: /mpc/new/Elastic-Tracker/src/detection/install/object_detection_msgs/lib/libobject_detection_msgs__rosidl_generator_c.so
[1.084s] -- Up-to-date: /mpc/new/Elastic-Tracker/src/detection/install/object_detection_msgs/include/object_detection_msgs/object_detection_msgs
[1.084s] -- Up-to-date: /mpc/new/Elastic-Tracker/src/detection/install/object_detection_msgs/include/object_detection_msgs/object_detection_msgs/msg
[1.084s] -- Up-to-date: /mpc/new/Elastic-Tracker/src/detection/install/object_detection_msgs/include/object_detection_msgs/object_detection_msgs/msg/detail
[1.084s] -- Up-to-date: /mpc/new/Elastic-Tracker/src/detection/install/object_detection_msgs/include/object_detection_msgs/object_detection_msgs/msg/detail/object_count__rosidl_typesupport_fastrtps_c.h
[1.084s] -- Up-to-date: /mpc/new/Elastic-Tracker/src/detection/install/object_detection_msgs/include/object_detection_msgs/object_detection_msgs/msg/detail/bounding_boxes__rosidl_typesupport_fastrtps_c.h
[1.084s] -- Up-to-date: /mpc/new/Elastic-Tracker/src/detection/install/object_detection_msgs/include/object_detection_msgs/object_detection_msgs/msg/detail/car_position__rosidl_typesupport_fastrtps_c.h
[1.085s] -- Up-to-date: /mpc/new/Elastic-Tracker/src/detection/install/object_detection_msgs/include/object_detection_msgs/object_detection_msgs/msg/detail/motor_angle__rosidl_typesupport_fastrtps_c.h
[1.085s] -- Up-to-date: /mpc/new/Elastic-Tracker/src/detection/install/object_detection_msgs/include/object_detection_msgs/object_detection_msgs/msg/detail/bounding_box__rosidl_typesupport_fastrtps_c.h
[1.086s] -- Up-to-date: /mpc/new/Elastic-Tracker/src/detection/install/object_detection_msgs/include/object_detection_msgs/object_detection_msgs/msg/rosidl_typesupport_fastrtps_c__visibility_control.h
[1.086s] -- Up-to-date: /mpc/new/Elastic-Tracker/src/detection/install/object_detection_msgs/lib/libobject_detection_msgs__rosidl_typesupport_fastrtps_c.so
[1.086s] -- Up-to-date: /mpc/new/Elastic-Tracker/src/detection/install/object_detection_msgs/include/object_detection_msgs/object_detection_msgs
[1.086s] -- Up-to-date: /mpc/new/Elastic-Tracker/src/detection/install/object_detection_msgs/include/object_detection_msgs/object_detection_msgs/msg
[1.086s] -- Up-to-date: /mpc/new/Elastic-Tracker/src/detection/install/object_detection_msgs/include/object_detection_msgs/object_detection_msgs/msg/rosidl_typesupport_introspection_c__visibility_control.h
[1.086s] -- Up-to-date: /mpc/new/Elastic-Tracker/src/detection/install/object_detection_msgs/include/object_detection_msgs/object_detection_msgs/msg/detail
[1.086s] -- Up-to-date: /mpc/new/Elastic-Tracker/src/detection/install/object_detection_msgs/include/object_detection_msgs/object_detection_msgs/msg/detail/bounding_box__type_support.c
[1.087s] -- Up-to-date: /mpc/new/Elastic-Tracker/src/detection/install/object_detection_msgs/include/object_detection_msgs/object_detection_msgs/msg/detail/object_count__type_support.c
[1.087s] -- Up-to-date: /mpc/new/Elastic-Tracker/src/detection/install/object_detection_msgs/include/object_detection_msgs/object_detection_msgs/msg/detail/car_position__type_support.c
[1.087s] -- Up-to-date: /mpc/new/Elastic-Tracker/src/detection/install/object_detection_msgs/include/object_detection_msgs/object_detection_msgs/msg/detail/motor_angle__type_support.c
[1.087s] -- Up-to-date: /mpc/new/Elastic-Tracker/src/detection/install/object_detection_msgs/include/object_detection_msgs/object_detection_msgs/msg/detail/object_count__rosidl_typesupport_introspection_c.h
[1.087s] -- Up-to-date: /mpc/new/Elastic-Tracker/src/detection/install/object_detection_msgs/include/object_detection_msgs/object_detection_msgs/msg/detail/car_position__rosidl_typesupport_introspection_c.h
[1.087s] -- Up-to-date: /mpc/new/Elastic-Tracker/src/detection/install/object_detection_msgs/include/object_detection_msgs/object_detection_msgs/msg/detail/bounding_boxes__rosidl_typesupport_introspection_c.h
[1.087s] -- Up-to-date: /mpc/new/Elastic-Tracker/src/detection/install/object_detection_msgs/include/object_detection_msgs/object_detection_msgs/msg/detail/motor_angle__rosidl_typesupport_introspection_c.h
[1.088s] -- Up-to-date: /mpc/new/Elastic-Tracker/src/detection/install/object_detection_msgs/include/object_detection_msgs/object_detection_msgs/msg/detail/bounding_boxes__type_support.c
[1.088s] -- Up-to-date: /mpc/new/Elastic-Tracker/src/detection/install/object_detection_msgs/include/object_detection_msgs/object_detection_msgs/msg/detail/bounding_box__rosidl_typesupport_introspection_c.h
[1.088s] -- Up-to-date: /mpc/new/Elastic-Tracker/src/detection/install/object_detection_msgs/lib/libobject_detection_msgs__rosidl_typesupport_introspection_c.so
[1.088s] -- Up-to-date: /mpc/new/Elastic-Tracker/src/detection/install/object_detection_msgs/lib/libobject_detection_msgs__rosidl_typesupport_c.so
[1.088s] -- Up-to-date: /mpc/new/Elastic-Tracker/src/detection/install/object_detection_msgs/include/object_detection_msgs/object_detection_msgs
[1.088s] -- Up-to-date: /mpc/new/Elastic-Tracker/src/detection/install/object_detection_msgs/include/object_detection_msgs/object_detection_msgs/msg
[1.088s] -- Up-to-date: /mpc/new/Elastic-Tracker/src/detection/install/object_detection_msgs/include/object_detection_msgs/object_detection_msgs/msg/object_count.hpp
[1.089s] -- Up-to-date: /mpc/new/Elastic-Tracker/src/detection/install/object_detection_msgs/include/object_detection_msgs/object_detection_msgs/msg/bounding_boxes.hpp
[1.089s] -- Up-to-date: /mpc/new/Elastic-Tracker/src/detection/install/object_detection_msgs/include/object_detection_msgs/object_detection_msgs/msg/car_position.hpp
[1.089s] -- Up-to-date: /mpc/new/Elastic-Tracker/src/detection/install/object_detection_msgs/include/object_detection_msgs/object_detection_msgs/msg/detail
[1.089s] -- Up-to-date: /mpc/new/Elastic-Tracker/src/detection/install/object_detection_msgs/include/object_detection_msgs/object_detection_msgs/msg/detail/car_position__traits.hpp
[1.089s] -- Up-to-date: /mpc/new/Elastic-Tracker/src/detection/install/object_detection_msgs/include/object_detection_msgs/object_detection_msgs/msg/detail/motor_angle__struct.hpp
[1.089s] -- Up-to-date: /mpc/new/Elastic-Tracker/src/detection/install/object_detection_msgs/include/object_detection_msgs/object_detection_msgs/msg/detail/bounding_box__builder.hpp
[1.089s] -- Up-to-date: /mpc/new/Elastic-Tracker/src/detection/install/object_detection_msgs/include/object_detection_msgs/object_detection_msgs/msg/detail/object_count__type_support.hpp
[1.089s] -- Up-to-date: /mpc/new/Elastic-Tracker/src/detection/install/object_detection_msgs/include/object_detection_msgs/object_detection_msgs/msg/detail/motor_angle__type_support.hpp
[1.089s] -- Up-to-date: /mpc/new/Elastic-Tracker/src/detection/install/object_detection_msgs/include/object_detection_msgs/object_detection_msgs/msg/detail/bounding_boxes__type_support.hpp
[1.089s] -- Up-to-date: /mpc/new/Elastic-Tracker/src/detection/install/object_detection_msgs/include/object_detection_msgs/object_detection_msgs/msg/detail/bounding_box__struct.hpp
[1.089s] -- Up-to-date: /mpc/new/Elastic-Tracker/src/detection/install/object_detection_msgs/include/object_detection_msgs/object_detection_msgs/msg/detail/motor_angle__builder.hpp
[1.089s] -- Up-to-date: /mpc/new/Elastic-Tracker/src/detection/install/object_detection_msgs/include/object_detection_msgs/object_detection_msgs/msg/detail/bounding_boxes__traits.hpp
[1.089s] -- Up-to-date: /mpc/new/Elastic-Tracker/src/detection/install/object_detection_msgs/include/object_detection_msgs/object_detection_msgs/msg/detail/motor_angle__traits.hpp
[1.090s] -- Up-to-date: /mpc/new/Elastic-Tracker/src/detection/install/object_detection_msgs/include/object_detection_msgs/object_detection_msgs/msg/detail/car_position__struct.hpp
[1.090s] -- Up-to-date: /mpc/new/Elastic-Tracker/src/detection/install/object_detection_msgs/include/object_detection_msgs/object_detection_msgs/msg/detail/bounding_boxes__builder.hpp
[1.090s] -- Up-to-date: /mpc/new/Elastic-Tracker/src/detection/install/object_detection_msgs/include/object_detection_msgs/object_detection_msgs/msg/detail/bounding_box__traits.hpp
[1.090s] -- Up-to-date: /mpc/new/Elastic-Tracker/src/detection/install/object_detection_msgs/include/object_detection_msgs/object_detection_msgs/msg/detail/car_position__builder.hpp
[1.090s] -- Up-to-date: /mpc/new/Elastic-Tracker/src/detection/install/object_detection_msgs/include/object_detection_msgs/object_detection_msgs/msg/detail/object_count__struct.hpp
[1.090s] -- Up-to-date: /mpc/new/Elastic-Tracker/src/detection/install/object_detection_msgs/include/object_detection_msgs/object_detection_msgs/msg/detail/bounding_box__type_support.hpp
[1.090s] -- Up-to-date: /mpc/new/Elastic-Tracker/src/detection/install/object_detection_msgs/include/object_detection_msgs/object_detection_msgs/msg/detail/object_count__builder.hpp
[1.090s] -- Up-to-date: /mpc/new/Elastic-Tracker/src/detection/install/object_detection_msgs/include/object_detection_msgs/object_detection_msgs/msg/detail/car_position__type_support.hpp
[1.090s] -- Up-to-date: /mpc/new/Elastic-Tracker/src/detection/install/object_detection_msgs/include/object_detection_msgs/object_detection_msgs/msg/detail/bounding_boxes__struct.hpp
[1.090s] -- Up-to-date: /mpc/new/Elastic-Tracker/src/detection/install/object_detection_msgs/include/object_detection_msgs/object_detection_msgs/msg/detail/object_count__traits.hpp
[1.090s] -- Up-to-date: /mpc/new/Elastic-Tracker/src/detection/install/object_detection_msgs/include/object_detection_msgs/object_detection_msgs/msg/motor_angle.hpp
[1.090s] -- Up-to-date: /mpc/new/Elastic-Tracker/src/detection/install/object_detection_msgs/include/object_detection_msgs/object_detection_msgs/msg/bounding_box.hpp
[1.090s] -- Up-to-date: /mpc/new/Elastic-Tracker/src/detection/install/object_detection_msgs/include/object_detection_msgs/object_detection_msgs/msg/rosidl_generator_cpp__visibility_control.hpp
[1.090s] -- Up-to-date: /mpc/new/Elastic-Tracker/src/detection/install/object_detection_msgs/include/object_detection_msgs/object_detection_msgs
[1.090s] -- Up-to-date: /mpc/new/Elastic-Tracker/src/detection/install/object_detection_msgs/include/object_detection_msgs/object_detection_msgs/msg
[1.091s] -- Up-to-date: /mpc/new/Elastic-Tracker/src/detection/install/object_detection_msgs/include/object_detection_msgs/object_detection_msgs/msg/detail
[1.091s] -- Up-to-date: /mpc/new/Elastic-Tracker/src/detection/install/object_detection_msgs/include/object_detection_msgs/object_detection_msgs/msg/detail/motor_angle__rosidl_typesupport_fastrtps_cpp.hpp
[1.091s] -- Up-to-date: /mpc/new/Elastic-Tracker/src/detection/install/object_detection_msgs/include/object_detection_msgs/object_detection_msgs/msg/detail/bounding_boxes__rosidl_typesupport_fastrtps_cpp.hpp
[1.091s] -- Up-to-date: /mpc/new/Elastic-Tracker/src/detection/install/object_detection_msgs/include/object_detection_msgs/object_detection_msgs/msg/detail/dds_fastrtps
[1.091s] -- Up-to-date: /mpc/new/Elastic-Tracker/src/detection/install/object_detection_msgs/include/object_detection_msgs/object_detection_msgs/msg/detail/car_position__rosidl_typesupport_fastrtps_cpp.hpp
[1.091s] -- Up-to-date: /mpc/new/Elastic-Tracker/src/detection/install/object_detection_msgs/include/object_detection_msgs/object_detection_msgs/msg/detail/object_count__rosidl_typesupport_fastrtps_cpp.hpp
[1.091s] -- Up-to-date: /mpc/new/Elastic-Tracker/src/detection/install/object_detection_msgs/include/object_detection_msgs/object_detection_msgs/msg/detail/bounding_box__rosidl_typesupport_fastrtps_cpp.hpp
[1.091s] -- Up-to-date: /mpc/new/Elastic-Tracker/src/detection/install/object_detection_msgs/include/object_detection_msgs/object_detection_msgs/msg/rosidl_typesupport_fastrtps_cpp__visibility_control.h
[1.091s] -- Up-to-date: /mpc/new/Elastic-Tracker/src/detection/install/object_detection_msgs/lib/libobject_detection_msgs__rosidl_typesupport_fastrtps_cpp.so
[1.091s] -- Up-to-date: /mpc/new/Elastic-Tracker/src/detection/install/object_detection_msgs/include/object_detection_msgs/object_detection_msgs
[1.091s] -- Up-to-date: /mpc/new/Elastic-Tracker/src/detection/install/object_detection_msgs/include/object_detection_msgs/object_detection_msgs/msg
[1.091s] -- Up-to-date: /mpc/new/Elastic-Tracker/src/detection/install/object_detection_msgs/include/object_detection_msgs/object_detection_msgs/msg/detail
[1.091s] -- Up-to-date: /mpc/new/Elastic-Tracker/src/detection/install/object_detection_msgs/include/object_detection_msgs/object_detection_msgs/msg/detail/motor_angle__rosidl_typesupport_introspection_cpp.hpp
[1.092s] -- Up-to-date: /mpc/new/Elastic-Tracker/src/detection/install/object_detection_msgs/include/object_detection_msgs/object_detection_msgs/msg/detail/bounding_box__rosidl_typesupport_introspection_cpp.hpp
[1.092s] -- Up-to-date: /mpc/new/Elastic-Tracker/src/detection/install/object_detection_msgs/include/object_detection_msgs/object_detection_msgs/msg/detail/object_count__rosidl_typesupport_introspection_cpp.hpp
[1.092s] -- Up-to-date: /mpc/new/Elastic-Tracker/src/detection/install/object_detection_msgs/include/object_detection_msgs/object_detection_msgs/msg/detail/bounding_boxes__rosidl_typesupport_introspection_cpp.hpp
[1.092s] -- Up-to-date: /mpc/new/Elastic-Tracker/src/detection/install/object_detection_msgs/include/object_detection_msgs/object_detection_msgs/msg/detail/car_position__rosidl_typesupport_introspection_cpp.hpp
[1.092s] -- Up-to-date: /mpc/new/Elastic-Tracker/src/detection/install/object_detection_msgs/include/object_detection_msgs/object_detection_msgs/msg/detail/car_position__type_support.cpp
[1.092s] -- Up-to-date: /mpc/new/Elastic-Tracker/src/detection/install/object_detection_msgs/include/object_detection_msgs/object_detection_msgs/msg/detail/bounding_boxes__type_support.cpp
[1.092s] -- Up-to-date: /mpc/new/Elastic-Tracker/src/detection/install/object_detection_msgs/include/object_detection_msgs/object_detection_msgs/msg/detail/object_count__type_support.cpp
[1.092s] -- Up-to-date: /mpc/new/Elastic-Tracker/src/detection/install/object_detection_msgs/include/object_detection_msgs/object_detection_msgs/msg/detail/bounding_box__type_support.cpp
[1.092s] -- Up-to-date: /mpc/new/Elastic-Tracker/src/detection/install/object_detection_msgs/include/object_detection_msgs/object_detection_msgs/msg/detail/motor_angle__type_support.cpp
[1.092s] -- Up-to-date: /mpc/new/Elastic-Tracker/src/detection/install/object_detection_msgs/lib/libobject_detection_msgs__rosidl_typesupport_introspection_cpp.so
[1.092s] -- Up-to-date: /mpc/new/Elastic-Tracker/src/detection/install/object_detection_msgs/lib/libobject_detection_msgs__rosidl_typesupport_cpp.so
[1.092s] -- Up-to-date: /mpc/new/Elastic-Tracker/src/detection/install/object_detection_msgs/share/object_detection_msgs/environment/pythonpath.sh
[1.092s] -- Up-to-date: /mpc/new/Elastic-Tracker/src/detection/install/object_detection_msgs/share/object_detection_msgs/environment/pythonpath.dsv
[1.092s] -- Up-to-date: /mpc/new/Elastic-Tracker/src/detection/install/object_detection_msgs/local/lib/python3.10/dist-packages/object_detection_msgs-0.0.0-py3.10.egg-info
[1.093s] -- Installing: /mpc/new/Elastic-Tracker/src/detection/install/object_detection_msgs/local/lib/python3.10/dist-packages/object_detection_msgs-0.0.0-py3.10.egg-info/dependency_links.txt
[1.093s] -- Installing: /mpc/new/Elastic-Tracker/src/detection/install/object_detection_msgs/local/lib/python3.10/dist-packages/object_detection_msgs-0.0.0-py3.10.egg-info/top_level.txt
[1.093s] -- Installing: /mpc/new/Elastic-Tracker/src/detection/install/object_detection_msgs/local/lib/python3.10/dist-packages/object_detection_msgs-0.0.0-py3.10.egg-info/PKG-INFO
[1.093s] -- Installing: /mpc/new/Elastic-Tracker/src/detection/install/object_detection_msgs/local/lib/python3.10/dist-packages/object_detection_msgs-0.0.0-py3.10.egg-info/SOURCES.txt
[1.093s] -- Up-to-date: /mpc/new/Elastic-Tracker/src/detection/install/object_detection_msgs/local/lib/python3.10/dist-packages/object_detection_msgs
[1.093s] -- Up-to-date: /mpc/new/Elastic-Tracker/src/detection/install/object_detection_msgs/local/lib/python3.10/dist-packages/object_detection_msgs/libobject_detection_msgs__rosidl_generator_py.so
[1.093s] -- Up-to-date: /mpc/new/Elastic-Tracker/src/detection/install/object_detection_msgs/local/lib/python3.10/dist-packages/object_detection_msgs/_object_detection_msgs_s.ep.rosidl_typesupport_introspection_c.c
[1.093s] -- Up-to-date: /mpc/new/Elastic-Tracker/src/detection/install/object_detection_msgs/local/lib/python3.10/dist-packages/object_detection_msgs/_object_detection_msgs_s.ep.rosidl_typesupport_fastrtps_c.c
[1.093s] -- Up-to-date: /mpc/new/Elastic-Tracker/src/detection/install/object_detection_msgs/local/lib/python3.10/dist-packages/object_detection_msgs/__init__.py
[1.093s] -- Up-to-date: /mpc/new/Elastic-Tracker/src/detection/install/object_detection_msgs/local/lib/python3.10/dist-packages/object_detection_msgs/_object_detection_msgs_s.ep.rosidl_typesupport_c.c
[1.093s] -- Up-to-date: /mpc/new/Elastic-Tracker/src/detection/install/object_detection_msgs/local/lib/python3.10/dist-packages/object_detection_msgs/object_detection_msgs_s__rosidl_typesupport_c.cpython-310-x86_64-linux-gnu.so
[1.093s] -- Up-to-date: /mpc/new/Elastic-Tracker/src/detection/install/object_detection_msgs/local/lib/python3.10/dist-packages/object_detection_msgs/object_detection_msgs_s__rosidl_typesupport_fastrtps_c.cpython-310-x86_64-linux-gnu.so
[1.093s] -- Up-to-date: /mpc/new/Elastic-Tracker/src/detection/install/object_detection_msgs/local/lib/python3.10/dist-packages/object_detection_msgs/object_detection_msgs_s__rosidl_typesupport_introspection_c.cpython-310-x86_64-linux-gnu.so
[1.093s] -- Up-to-date: /mpc/new/Elastic-Tracker/src/detection/install/object_detection_msgs/local/lib/python3.10/dist-packages/object_detection_msgs/msg
[1.094s] -- Up-to-date: /mpc/new/Elastic-Tracker/src/detection/install/object_detection_msgs/local/lib/python3.10/dist-packages/object_detection_msgs/msg/_bounding_boxes_s.c
[1.094s] -- Up-to-date: /mpc/new/Elastic-Tracker/src/detection/install/object_detection_msgs/local/lib/python3.10/dist-packages/object_detection_msgs/msg/_bounding_boxes.py
[1.094s] -- Up-to-date: /mpc/new/Elastic-Tracker/src/detection/install/object_detection_msgs/local/lib/python3.10/dist-packages/object_detection_msgs/msg/_bounding_box.py
[1.094s] -- Up-to-date: /mpc/new/Elastic-Tracker/src/detection/install/object_detection_msgs/local/lib/python3.10/dist-packages/object_detection_msgs/msg/_object_count.py
[1.094s] -- Up-to-date: /mpc/new/Elastic-Tracker/src/detection/install/object_detection_msgs/local/lib/python3.10/dist-packages/object_detection_msgs/msg/_object_count_s.c
[1.094s] -- Up-to-date: /mpc/new/Elastic-Tracker/src/detection/install/object_detection_msgs/local/lib/python3.10/dist-packages/object_detection_msgs/msg/_car_position.py
[1.094s] -- Up-to-date: /mpc/new/Elastic-Tracker/src/detection/install/object_detection_msgs/local/lib/python3.10/dist-packages/object_detection_msgs/msg/__init__.py
[1.094s] -- Up-to-date: /mpc/new/Elastic-Tracker/src/detection/install/object_detection_msgs/local/lib/python3.10/dist-packages/object_detection_msgs/msg/_motor_angle.py
[1.094s] -- Up-to-date: /mpc/new/Elastic-Tracker/src/detection/install/object_detection_msgs/local/lib/python3.10/dist-packages/object_detection_msgs/msg/_bounding_box_s.c
[1.094s] -- Up-to-date: /mpc/new/Elastic-Tracker/src/detection/install/object_detection_msgs/local/lib/python3.10/dist-packages/object_detection_msgs/msg/_motor_angle_s.c
[1.094s] -- Up-to-date: /mpc/new/Elastic-Tracker/src/detection/install/object_detection_msgs/local/lib/python3.10/dist-packages/object_detection_msgs/msg/_car_position_s.c
[1.141s] Listing '/mpc/new/Elastic-Tracker/src/detection/install/object_detection_msgs/local/lib/python3.10/dist-packages/object_detection_msgs'...
[1.141s] Listing '/mpc/new/Elastic-Tracker/src/detection/install/object_detection_msgs/local/lib/python3.10/dist-packages/object_detection_msgs/msg'...
[1.146s] -- Up-to-date: /mpc/new/Elastic-Tracker/src/detection/install/object_detection_msgs/local/lib/python3.10/dist-packages/object_detection_msgs/object_detection_msgs_s__rosidl_typesupport_fastrtps_c.cpython-310-x86_64-linux-gnu.so
[1.146s] -- Up-to-date: /mpc/new/Elastic-Tracker/src/detection/install/object_detection_msgs/local/lib/python3.10/dist-packages/object_detection_msgs/object_detection_msgs_s__rosidl_typesupport_introspection_c.cpython-310-x86_64-linux-gnu.so
[1.147s] -- Up-to-date: /mpc/new/Elastic-Tracker/src/detection/install/object_detection_msgs/local/lib/python3.10/dist-packages/object_detection_msgs/object_detection_msgs_s__rosidl_typesupport_c.cpython-310-x86_64-linux-gnu.so
[1.147s] -- Up-to-date: /mpc/new/Elastic-Tracker/src/detection/install/object_detection_msgs/lib/libobject_detection_msgs__rosidl_generator_py.so
[1.147s] -- Up-to-date: /mpc/new/Elastic-Tracker/src/detection/install/object_detection_msgs/share/object_detection_msgs/msg/BoundingBox.idl
[1.148s] -- Up-to-date: /mpc/new/Elastic-Tracker/src/detection/install/object_detection_msgs/share/object_detection_msgs/msg/BoundingBoxes.idl
[1.148s] -- Up-to-date: /mpc/new/Elastic-Tracker/src/detection/install/object_detection_msgs/share/object_detection_msgs/msg/ObjectCount.idl
[1.148s] -- Up-to-date: /mpc/new/Elastic-Tracker/src/detection/install/object_detection_msgs/share/object_detection_msgs/msg/CarPosition.idl
[1.148s] -- Up-to-date: /mpc/new/Elastic-Tracker/src/detection/install/object_detection_msgs/share/object_detection_msgs/msg/MotorAngle.idl
[1.148s] -- Up-to-date: /mpc/new/Elastic-Tracker/src/detection/install/object_detection_msgs/share/object_detection_msgs/msg/BoundingBox.msg
[1.149s] -- Up-to-date: /mpc/new/Elastic-Tracker/src/detection/install/object_detection_msgs/share/object_detection_msgs/msg/BoundingBoxes.msg
[1.149s] -- Up-to-date: /mpc/new/Elastic-Tracker/src/detection/install/object_detection_msgs/share/object_detection_msgs/msg/ObjectCount.msg
[1.149s] -- Up-to-date: /mpc/new/Elastic-Tracker/src/detection/install/object_detection_msgs/share/object_detection_msgs/msg/CarPosition.msg
[1.149s] -- Up-to-date: /mpc/new/Elastic-Tracker/src/detection/install/object_detection_msgs/share/object_detection_msgs/msg/MotorAngle.msg
[1.149s] -- Up-to-date: /mpc/new/Elastic-Tracker/src/detection/install/object_detection_msgs/share/object_detection_msgs/msg
[1.150s] -- Up-to-date: /mpc/new/Elastic-Tracker/src/detection/install/object_detection_msgs/share/object_detection_msgs/msg/ObjectCount.msg
[1.150s] -- Up-to-date: /mpc/new/Elastic-Tracker/src/detection/install/object_detection_msgs/share/object_detection_msgs/msg/BoundingBox.msg
[1.150s] -- Up-to-date: /mpc/new/Elastic-Tracker/src/detection/install/object_detection_msgs/share/object_detection_msgs/msg/BoundingBoxes.msg
[1.150s] -- Up-to-date: /mpc/new/Elastic-Tracker/src/detection/install/object_detection_msgs/share/object_detection_msgs/msg/CarPosition.msg
[1.150s] -- Up-to-date: /mpc/new/Elastic-Tracker/src/detection/install/object_detection_msgs/share/object_detection_msgs/msg/MotorAngle.msg
[1.150s] -- Up-to-date: /mpc/new/Elastic-Tracker/src/detection/install/object_detection_msgs/share/ament_index/resource_index/package_run_dependencies/object_detection_msgs
[1.151s] -- Up-to-date: /mpc/new/Elastic-Tracker/src/detection/install/object_detection_msgs/share/ament_index/resource_index/parent_prefix_path/object_detection_msgs
[1.151s] -- Up-to-date: /mpc/new/Elastic-Tracker/src/detection/install/object_detection_msgs/share/object_detection_msgs/environment/ament_prefix_path.sh
[1.151s] -- Up-to-date: /mpc/new/Elastic-Tracker/src/detection/install/object_detection_msgs/share/object_detection_msgs/environment/ament_prefix_path.dsv
[1.151s] -- Up-to-date: /mpc/new/Elastic-Tracker/src/detection/install/object_detection_msgs/share/object_detection_msgs/environment/path.sh
[1.151s] -- Up-to-date: /mpc/new/Elastic-Tracker/src/detection/install/object_detection_msgs/share/object_detection_msgs/environment/path.dsv
[1.151s] -- Up-to-date: /mpc/new/Elastic-Tracker/src/detection/install/object_detection_msgs/share/object_detection_msgs/local_setup.bash
[1.152s] -- Up-to-date: /mpc/new/Elastic-Tracker/src/detection/install/object_detection_msgs/share/object_detection_msgs/local_setup.sh
[1.152s] -- Up-to-date: /mpc/new/Elastic-Tracker/src/detection/install/object_detection_msgs/share/object_detection_msgs/local_setup.zsh
[1.152s] -- Up-to-date: /mpc/new/Elastic-Tracker/src/detection/install/object_detection_msgs/share/object_detection_msgs/local_setup.dsv
[1.152s] -- Installing: /mpc/new/Elastic-Tracker/src/detection/install/object_detection_msgs/share/object_detection_msgs/package.dsv
[1.152s] -- Up-to-date: /mpc/new/Elastic-Tracker/src/detection/install/object_detection_msgs/share/ament_index/resource_index/packages/object_detection_msgs
[1.152s] -- Up-to-date: /mpc/new/Elastic-Tracker/src/detection/install/object_detection_msgs/share/object_detection_msgs/cmake/export_object_detection_msgs__rosidl_generator_cExport.cmake
[1.152s] -- Up-to-date: /mpc/new/Elastic-Tracker/src/detection/install/object_detection_msgs/share/object_detection_msgs/cmake/export_object_detection_msgs__rosidl_generator_cExport-noconfig.cmake
[1.152s] -- Up-to-date: /mpc/new/Elastic-Tracker/src/detection/install/object_detection_msgs/share/object_detection_msgs/cmake/export_object_detection_msgs__rosidl_typesupport_fastrtps_cExport.cmake
[1.153s] -- Up-to-date: /mpc/new/Elastic-Tracker/src/detection/install/object_detection_msgs/share/object_detection_msgs/cmake/export_object_detection_msgs__rosidl_typesupport_fastrtps_cExport-noconfig.cmake
[1.153s] -- Up-to-date: /mpc/new/Elastic-Tracker/src/detection/install/object_detection_msgs/share/object_detection_msgs/cmake/object_detection_msgs__rosidl_typesupport_introspection_cExport.cmake
[1.153s] -- Up-to-date: /mpc/new/Elastic-Tracker/src/detection/install/object_detection_msgs/share/object_detection_msgs/cmake/object_detection_msgs__rosidl_typesupport_introspection_cExport-noconfig.cmake
[1.153s] -- Up-to-date: /mpc/new/Elastic-Tracker/src/detection/install/object_detection_msgs/share/object_detection_msgs/cmake/object_detection_msgs__rosidl_typesupport_cExport.cmake
[1.153s] -- Up-to-date: /mpc/new/Elastic-Tracker/src/detection/install/object_detection_msgs/share/object_detection_msgs/cmake/object_detection_msgs__rosidl_typesupport_cExport-noconfig.cmake
[1.153s] -- Up-to-date: /mpc/new/Elastic-Tracker/src/detection/install/object_detection_msgs/share/object_detection_msgs/cmake/export_object_detection_msgs__rosidl_generator_cppExport.cmake
[1.153s] -- Up-to-date: /mpc/new/Elastic-Tracker/src/detection/install/object_detection_msgs/share/object_detection_msgs/cmake/export_object_detection_msgs__rosidl_typesupport_fastrtps_cppExport.cmake
[1.153s] -- Up-to-date: /mpc/new/Elastic-Tracker/src/detection/install/object_detection_msgs/share/object_detection_msgs/cmake/export_object_detection_msgs__rosidl_typesupport_fastrtps_cppExport-noconfig.cmake
[1.153s] -- Up-to-date: /mpc/new/Elastic-Tracker/src/detection/install/object_detection_msgs/share/object_detection_msgs/cmake/object_detection_msgs__rosidl_typesupport_introspection_cppExport.cmake
[1.153s] -- Up-to-date: /mpc/new/Elastic-Tracker/src/detection/install/object_detection_msgs/share/object_detection_msgs/cmake/object_detection_msgs__rosidl_typesupport_introspection_cppExport-noconfig.cmake
[1.154s] -- Up-to-date: /mpc/new/Elastic-Tracker/src/detection/install/object_detection_msgs/share/object_detection_msgs/cmake/object_detection_msgs__rosidl_typesupport_cppExport.cmake
[1.154s] -- Up-to-date: /mpc/new/Elastic-Tracker/src/detection/install/object_detection_msgs/share/object_detection_msgs/cmake/object_detection_msgs__rosidl_typesupport_cppExport-noconfig.cmake
[1.155s] -- Up-to-date: /mpc/new/Elastic-Tracker/src/detection/install/object_detection_msgs/share/object_detection_msgs/cmake/export_object_detection_msgs__rosidl_generator_pyExport.cmake
[1.155s] -- Up-to-date: /mpc/new/Elastic-Tracker/src/detection/install/object_detection_msgs/share/object_detection_msgs/cmake/export_object_detection_msgs__rosidl_generator_pyExport-noconfig.cmake
[1.155s] -- Up-to-date: /mpc/new/Elastic-Tracker/src/detection/install/object_detection_msgs/share/object_detection_msgs/cmake/rosidl_cmake-extras.cmake
[1.156s] -- Up-to-date: /mpc/new/Elastic-Tracker/src/detection/install/object_detection_msgs/share/object_detection_msgs/cmake/ament_cmake_export_dependencies-extras.cmake
[1.156s] -- Up-to-date: /mpc/new/Elastic-Tracker/src/detection/install/object_detection_msgs/share/object_detection_msgs/cmake/ament_cmake_export_include_directories-extras.cmake
[1.156s] -- Up-to-date: /mpc/new/Elastic-Tracker/src/detection/install/object_detection_msgs/share/object_detection_msgs/cmake/ament_cmake_export_libraries-extras.cmake
[1.156s] -- Up-to-date: /mpc/new/Elastic-Tracker/src/detection/install/object_detection_msgs/share/object_detection_msgs/cmake/ament_cmake_export_targets-extras.cmake
[1.156s] -- Up-to-date: /mpc/new/Elastic-Tracker/src/detection/install/object_detection_msgs/share/object_detection_msgs/cmake/rosidl_cmake_export_typesupport_targets-extras.cmake
[1.157s] -- Up-to-date: /mpc/new/Elastic-Tracker/src/detection/install/object_detection_msgs/share/object_detection_msgs/cmake/rosidl_cmake_export_typesupport_libraries-extras.cmake
[1.157s] -- Up-to-date: /mpc/new/Elastic-Tracker/src/detection/install/object_detection_msgs/share/object_detection_msgs/cmake/object_detection_msgsConfig.cmake
[1.157s] -- Up-to-date: /mpc/new/Elastic-Tracker/src/detection/install/object_detection_msgs/share/object_detection_msgs/cmake/object_detection_msgsConfig-version.cmake
[1.157s] -- Up-to-date: /mpc/new/Elastic-Tracker/src/detection/install/object_detection_msgs/share/object_detection_msgs/package.xml
[1.158s] Invoked command in '/mpc/new/Elastic-Tracker/src/detection/build/object_detection_msgs' returned '0': CMAKE_PREFIX_PATH=${CMAKE_PREFIX_PATH}:/opt/ros/humble /usr/bin/cmake --install /mpc/new/Elastic-Tracker/src/detection/build/object_detection_msgs
