[0.006s] Invoking command in '/mpc/new/Elastic-Tracker/build/decomp_geometry': AMENT_PREFIX_PATH=/mpc/new/Elastic-Tracker/install/decomp_basis:${AMENT_PREFIX_PATH} CMAKE_PREFIX_PATH=/mpc/new/Elastic-Tracker/install/decomp_basis:/opt/ros/humble /usr/bin/cmake /mpc/new/Elastic-Tracker/src/planning/DecompROS/decomp_geoemtry -DCMAKE_INSTALL_PREFIX=/mpc/new/Elastic-Tracker/install/decomp_geometry
[0.055s] -- The C compiler identification is GNU 11.4.0
[0.101s] -- The CXX compiler identification is GNU 11.4.0
[0.107s] -- Detecting C compiler ABI info
[0.162s] -- Detecting C compiler ABI info - done
[0.170s] -- Check for working C compiler: /usr/bin/cc - skipped
[0.170s] -- Detecting C compile features
[0.170s] -- Detecting C compile features - done
[0.173s] -- Detecting CXX compiler ABI info
[0.242s] -- Detecting CXX compiler ABI info - done
[0.250s] -- Check for working CXX compiler: /usr/bin/c++ - skipped
[0.250s] -- Detecting CXX compile features
[0.250s] -- Detecting CXX compile features - done
[0.254s] -- Found ament_cmake: 1.3.11 (/opt/ros/humble/share/ament_cmake/cmake)
[0.412s] -- Found Python3: /usr/bin/python3 (found version "3.10.12") found components: Interpreter 
[0.501s] -- Found decomp_basis: 0.0.0 (/mpc/new/Elastic-Tracker/install/decomp_basis/share/decomp_basis/cmake)
[0.575s] -- Configuring done
[0.577s] -- Generating done
[0.578s] -- Build files have been written to: /mpc/new/Elastic-Tracker/build/decomp_geometry
[0.582s] Invoked command in '/mpc/new/Elastic-Tracker/build/decomp_geometry' returned '0': AMENT_PREFIX_PATH=/mpc/new/Elastic-Tracker/install/decomp_basis:${AMENT_PREFIX_PATH} CMAKE_PREFIX_PATH=/mpc/new/Elastic-Tracker/install/decomp_basis:/opt/ros/humble /usr/bin/cmake /mpc/new/Elastic-Tracker/src/planning/DecompROS/decomp_geoemtry -DCMAKE_INSTALL_PREFIX=/mpc/new/Elastic-Tracker/install/decomp_geometry
[0.583s] Invoking command in '/mpc/new/Elastic-Tracker/build/decomp_geometry': AMENT_PREFIX_PATH=/mpc/new/Elastic-Tracker/install/decomp_basis:${AMENT_PREFIX_PATH} CMAKE_PREFIX_PATH=/mpc/new/Elastic-Tracker/install/decomp_basis:/opt/ros/humble /usr/bin/cmake --build /mpc/new/Elastic-Tracker/build/decomp_geometry -- -j12 -l12
[0.613s] Invoked command in '/mpc/new/Elastic-Tracker/build/decomp_geometry' returned '0': AMENT_PREFIX_PATH=/mpc/new/Elastic-Tracker/install/decomp_basis:${AMENT_PREFIX_PATH} CMAKE_PREFIX_PATH=/mpc/new/Elastic-Tracker/install/decomp_basis:/opt/ros/humble /usr/bin/cmake --build /mpc/new/Elastic-Tracker/build/decomp_geometry -- -j12 -l12
[0.614s] Invoking command in '/mpc/new/Elastic-Tracker/build/decomp_geometry': AMENT_PREFIX_PATH=/mpc/new/Elastic-Tracker/install/decomp_basis:${AMENT_PREFIX_PATH} CMAKE_PREFIX_PATH=/mpc/new/Elastic-Tracker/install/decomp_basis:/opt/ros/humble /usr/bin/cmake --install /mpc/new/Elastic-Tracker/build/decomp_geometry
[0.620s] -- Install configuration: ""
[0.620s] -- Installing: /mpc/new/Elastic-Tracker/install/decomp_geometry/include
[0.620s] -- Installing: /mpc/new/Elastic-Tracker/install/decomp_geometry/include/decomp_geometry
[0.620s] -- Installing: /mpc/new/Elastic-Tracker/install/decomp_geometry/include/decomp_geometry/polyhedron.h
[0.620s] -- Installing: /mpc/new/Elastic-Tracker/install/decomp_geometry/include/decomp_geometry/ellipsoid.h
[0.620s] -- Installing: /mpc/new/Elastic-Tracker/install/decomp_geometry/include/decomp_geometry/geometric_utils.h
[0.620s] -- Installing: /mpc/new/Elastic-Tracker/install/decomp_geometry/share/ament_index/resource_index/package_run_dependencies/decomp_geometry
[0.621s] -- Installing: /mpc/new/Elastic-Tracker/install/decomp_geometry/share/ament_index/resource_index/parent_prefix_path/decomp_geometry
[0.621s] -- Installing: /mpc/new/Elastic-Tracker/install/decomp_geometry/share/decomp_geometry/environment/ament_prefix_path.sh
[0.621s] -- Installing: /mpc/new/Elastic-Tracker/install/decomp_geometry/share/decomp_geometry/environment/ament_prefix_path.dsv
[0.621s] -- Installing: /mpc/new/Elastic-Tracker/install/decomp_geometry/share/decomp_geometry/environment/path.sh
[0.621s] -- Installing: /mpc/new/Elastic-Tracker/install/decomp_geometry/share/decomp_geometry/environment/path.dsv
[0.622s] -- Installing: /mpc/new/Elastic-Tracker/install/decomp_geometry/share/decomp_geometry/local_setup.bash
[0.622s] -- Installing: /mpc/new/Elastic-Tracker/install/decomp_geometry/share/decomp_geometry/local_setup.sh
[0.622s] -- Installing: /mpc/new/Elastic-Tracker/install/decomp_geometry/share/decomp_geometry/local_setup.zsh
[0.622s] -- Installing: /mpc/new/Elastic-Tracker/install/decomp_geometry/share/decomp_geometry/local_setup.dsv
[0.622s] -- Installing: /mpc/new/Elastic-Tracker/install/decomp_geometry/share/decomp_geometry/package.dsv
[0.622s] -- Installing: /mpc/new/Elastic-Tracker/install/decomp_geometry/share/ament_index/resource_index/packages/decomp_geometry
[0.622s] -- Installing: /mpc/new/Elastic-Tracker/install/decomp_geometry/share/decomp_geometry/cmake/ament_cmake_export_include_directories-extras.cmake
[0.622s] -- Installing: /mpc/new/Elastic-Tracker/install/decomp_geometry/share/decomp_geometry/cmake/ament_cmake_export_dependencies-extras.cmake
[0.622s] -- Installing: /mpc/new/Elastic-Tracker/install/decomp_geometry/share/decomp_geometry/cmake/decomp_geometryConfig.cmake
[0.623s] -- Installing: /mpc/new/Elastic-Tracker/install/decomp_geometry/share/decomp_geometry/cmake/decomp_geometryConfig-version.cmake
[0.623s] -- Installing: /mpc/new/Elastic-Tracker/install/decomp_geometry/share/decomp_geometry/package.xml
[0.624s] Invoked command in '/mpc/new/Elastic-Tracker/build/decomp_geometry' returned '0': AMENT_PREFIX_PATH=/mpc/new/Elastic-Tracker/install/decomp_basis:${AMENT_PREFIX_PATH} CMAKE_PREFIX_PATH=/mpc/new/Elastic-Tracker/install/decomp_basis:/opt/ros/humble /usr/bin/cmake --install /mpc/new/Elastic-Tracker/build/decomp_geometry
