[0.212s] DEBUG:colcon:Command line arguments: ['/usr/bin/colcon', 'build']
[0.212s] DEBUG:colcon:Parsed command line arguments: Namespace(log_base=None, log_level=None, verb_name='build', build_base='build', install_base='install', merge_install=False, symlink_install=False, test_result_base=None, continue_on_error=False, executor='parallel', parallel_workers=12, event_handlers=None, ignore_user_meta=False, metas=['./colcon.meta'], base_paths=['.'], packages_ignore=None, packages_ignore_regex=None, paths=None, packages_up_to=None, packages_up_to_regex=None, packages_above=None, packages_above_and_dependencies=None, packages_above_depth=None, packages_select_by_dep=None, packages_skip_by_dep=None, packages_skip_up_to=None, packages_select_build_failed=False, packages_skip_build_finished=False, packages_select_test_failures=False, packages_skip_test_passed=False, packages_select=None, packages_skip=None, packages_select_regex=None, packages_skip_regex=None, packages_start=None, packages_end=None, cmake_args=None, cmake_target=None, cmake_target_skip_unavailable=False, cmake_clean_cache=False, cmake_clean_first=False, cmake_force_configure=False, ament_cmake_args=None, catkin_cmake_args=None, catkin_skip_building_tests=False, mixin_files=None, mixin=None, verb_parser=<colcon_mixin.mixin.mixin_argument.MixinArgumentDecorator object at 0x7fb7fd714460>, verb_extension=<colcon_core.verb.build.BuildVerb object at 0x7fb7fd6e7e20>, main=<bound method BuildVerb.main of <colcon_core.verb.build.BuildVerb object at 0x7fb7fd6e7e20>>, mixin_verb=('build',))
[0.490s] Level 1:colcon.colcon_core.package_discovery:discover_packages(colcon_meta) check parameters
[0.491s] INFO:colcon.colcon_metadata.package_discovery.colcon_meta:Using configuration from '/root/.colcon/metadata/default/Gazebo.meta'
[0.491s] INFO:colcon.colcon_metadata.package_discovery.colcon_meta:Using configuration from '/root/.colcon/metadata/default/fastrtps.meta'
[0.491s] Level 1:colcon.colcon_core.package_discovery:discover_packages(recursive) check parameters
[0.491s] Level 1:colcon.colcon_core.package_discovery:discover_packages(ignore) check parameters
[0.492s] Level 1:colcon.colcon_core.package_discovery:discover_packages(path) check parameters
[0.492s] Level 1:colcon.colcon_core.package_discovery:discover_packages(colcon_meta) discover
[0.492s] Level 1:colcon.colcon_core.package_discovery:discover_packages(recursive) discover
[0.492s] INFO:colcon.colcon_core.package_discovery:Crawling recursively for packages in '/mpc/new/Elastic-Tracker/src/detection'
[0.492s] Level 1:colcon.colcon_core.package_identification:_identify(.) by extensions ['ignore', 'ignore_ament_install']
[0.492s] Level 1:colcon.colcon_core.package_identification:_identify(.) by extension 'ignore'
[0.492s] Level 1:colcon.colcon_core.package_identification:_identify(.) by extension 'ignore_ament_install'
[0.492s] Level 1:colcon.colcon_core.package_identification:_identify(.) by extensions ['colcon_pkg']
[0.492s] Level 1:colcon.colcon_core.package_identification:_identify(.) by extension 'colcon_pkg'
[0.492s] Level 1:colcon.colcon_core.package_identification:_identify(.) by extensions ['colcon_meta']
[0.492s] Level 1:colcon.colcon_core.package_identification:_identify(.) by extension 'colcon_meta'
[0.492s] Level 1:colcon.colcon_core.package_identification:_identify(.) by extensions ['ros']
[0.492s] Level 1:colcon.colcon_core.package_identification:_identify(.) by extension 'ros'
[0.536s] Level 1:colcon.colcon_core.package_identification:_identify(.) by extensions ['cmake', 'python']
[0.536s] Level 1:colcon.colcon_core.package_identification:_identify(.) by extension 'cmake'
[0.536s] Level 1:colcon.colcon_core.package_identification:_identify(.) by extension 'python'
[0.536s] Level 1:colcon.colcon_core.package_identification:_identify(.) by extensions ['python_setup_py']
[0.537s] Level 1:colcon.colcon_core.package_identification:_identify(.) by extension 'python_setup_py'
[0.537s] Level 1:colcon.colcon_core.package_identification:_identify(build) by extensions ['ignore', 'ignore_ament_install']
[0.537s] Level 1:colcon.colcon_core.package_identification:_identify(build) by extension 'ignore'
[0.537s] Level 1:colcon.colcon_core.package_identification:_identify(build) ignored
[0.537s] Level 1:colcon.colcon_core.package_identification:_identify(install) by extensions ['ignore', 'ignore_ament_install']
[0.537s] Level 1:colcon.colcon_core.package_identification:_identify(install) by extension 'ignore'
[0.537s] Level 1:colcon.colcon_core.package_identification:_identify(install) ignored
[0.537s] Level 1:colcon.colcon_core.package_identification:_identify(log) by extensions ['ignore', 'ignore_ament_install']
[0.538s] Level 1:colcon.colcon_core.package_identification:_identify(log) by extension 'ignore'
[0.538s] Level 1:colcon.colcon_core.package_identification:_identify(log) ignored
[0.538s] Level 1:colcon.colcon_core.package_identification:_identify(object_detection_msgs) by extensions ['ignore', 'ignore_ament_install']
[0.538s] Level 1:colcon.colcon_core.package_identification:_identify(object_detection_msgs) by extension 'ignore'
[0.538s] Level 1:colcon.colcon_core.package_identification:_identify(object_detection_msgs) by extension 'ignore_ament_install'
[0.538s] Level 1:colcon.colcon_core.package_identification:_identify(object_detection_msgs) by extensions ['colcon_pkg']
[0.538s] Level 1:colcon.colcon_core.package_identification:_identify(object_detection_msgs) by extension 'colcon_pkg'
[0.538s] Level 1:colcon.colcon_core.package_identification:_identify(object_detection_msgs) by extensions ['colcon_meta']
[0.538s] Level 1:colcon.colcon_core.package_identification:_identify(object_detection_msgs) by extension 'colcon_meta'
[0.538s] Level 1:colcon.colcon_core.package_identification:_identify(object_detection_msgs) by extensions ['ros']
[0.538s] Level 1:colcon.colcon_core.package_identification:_identify(object_detection_msgs) by extension 'ros'
[0.542s] DEBUG:colcon.colcon_core.package_identification:Package 'object_detection_msgs' with type 'ros.ament_cmake' and name 'object_detection_msgs'
[0.542s] Level 1:colcon.colcon_core.package_identification:_identify(target_ekf) by extensions ['ignore', 'ignore_ament_install']
[0.543s] Level 1:colcon.colcon_core.package_identification:_identify(target_ekf) by extension 'ignore'
[0.543s] Level 1:colcon.colcon_core.package_identification:_identify(target_ekf) by extension 'ignore_ament_install'
[0.543s] Level 1:colcon.colcon_core.package_identification:_identify(target_ekf) by extensions ['colcon_pkg']
[0.543s] Level 1:colcon.colcon_core.package_identification:_identify(target_ekf) by extension 'colcon_pkg'
[0.543s] Level 1:colcon.colcon_core.package_identification:_identify(target_ekf) by extensions ['colcon_meta']
[0.543s] Level 1:colcon.colcon_core.package_identification:_identify(target_ekf) by extension 'colcon_meta'
[0.543s] Level 1:colcon.colcon_core.package_identification:_identify(target_ekf) by extensions ['ros']
[0.543s] Level 1:colcon.colcon_core.package_identification:_identify(target_ekf) by extension 'ros'
[0.544s] DEBUG:colcon.colcon_core.package_identification:Package 'target_ekf' with type 'ros.ament_cmake' and name 'target_ekf'
[0.544s] Level 1:colcon.colcon_core.package_discovery:discover_packages(recursive) using defaults
[0.545s] Level 1:colcon.colcon_core.package_discovery:discover_packages(ignore) discover
[0.545s] Level 1:colcon.colcon_core.package_discovery:discover_packages(ignore) using defaults
[0.545s] Level 1:colcon.colcon_core.package_discovery:discover_packages(path) discover
[0.545s] Level 1:colcon.colcon_core.package_discovery:discover_packages(path) using defaults
[0.575s] Level 5:colcon.colcon_core.verb:set package 'object_detection_msgs' build argument 'cmake_args' from command line to 'None'
[0.575s] Level 5:colcon.colcon_core.verb:set package 'object_detection_msgs' build argument 'cmake_target' from command line to 'None'
[0.575s] Level 5:colcon.colcon_core.verb:set package 'object_detection_msgs' build argument 'cmake_target_skip_unavailable' from command line to 'False'
[0.575s] Level 5:colcon.colcon_core.verb:set package 'object_detection_msgs' build argument 'cmake_clean_cache' from command line to 'False'
[0.575s] Level 5:colcon.colcon_core.verb:set package 'object_detection_msgs' build argument 'cmake_clean_first' from command line to 'False'
[0.575s] Level 5:colcon.colcon_core.verb:set package 'object_detection_msgs' build argument 'cmake_force_configure' from command line to 'False'
[0.575s] Level 5:colcon.colcon_core.verb:set package 'object_detection_msgs' build argument 'ament_cmake_args' from command line to 'None'
[0.575s] Level 5:colcon.colcon_core.verb:set package 'object_detection_msgs' build argument 'catkin_cmake_args' from command line to 'None'
[0.576s] Level 5:colcon.colcon_core.verb:set package 'object_detection_msgs' build argument 'catkin_skip_building_tests' from command line to 'False'
[0.576s] DEBUG:colcon.colcon_core.verb:Building package 'object_detection_msgs' with the following arguments: {'ament_cmake_args': None, 'build_base': '/mpc/new/Elastic-Tracker/src/detection/build/object_detection_msgs', 'catkin_cmake_args': None, 'catkin_skip_building_tests': False, 'cmake_args': None, 'cmake_clean_cache': False, 'cmake_clean_first': False, 'cmake_force_configure': False, 'cmake_target': None, 'cmake_target_skip_unavailable': False, 'install_base': '/mpc/new/Elastic-Tracker/src/detection/install/object_detection_msgs', 'merge_install': False, 'path': '/mpc/new/Elastic-Tracker/src/detection/object_detection_msgs', 'symlink_install': False, 'test_result_base': None}
[0.576s] Level 5:colcon.colcon_core.verb:set package 'target_ekf' build argument 'cmake_args' from command line to 'None'
[0.576s] Level 5:colcon.colcon_core.verb:set package 'target_ekf' build argument 'cmake_target' from command line to 'None'
[0.576s] Level 5:colcon.colcon_core.verb:set package 'target_ekf' build argument 'cmake_target_skip_unavailable' from command line to 'False'
[0.576s] Level 5:colcon.colcon_core.verb:set package 'target_ekf' build argument 'cmake_clean_cache' from command line to 'False'
[0.576s] Level 5:colcon.colcon_core.verb:set package 'target_ekf' build argument 'cmake_clean_first' from command line to 'False'
[0.576s] Level 5:colcon.colcon_core.verb:set package 'target_ekf' build argument 'cmake_force_configure' from command line to 'False'
[0.576s] Level 5:colcon.colcon_core.verb:set package 'target_ekf' build argument 'ament_cmake_args' from command line to 'None'
[0.576s] Level 5:colcon.colcon_core.verb:set package 'target_ekf' build argument 'catkin_cmake_args' from command line to 'None'
[0.577s] Level 5:colcon.colcon_core.verb:set package 'target_ekf' build argument 'catkin_skip_building_tests' from command line to 'False'
[0.577s] DEBUG:colcon.colcon_core.verb:Building package 'target_ekf' with the following arguments: {'ament_cmake_args': None, 'build_base': '/mpc/new/Elastic-Tracker/src/detection/build/target_ekf', 'catkin_cmake_args': None, 'catkin_skip_building_tests': False, 'cmake_args': None, 'cmake_clean_cache': False, 'cmake_clean_first': False, 'cmake_force_configure': False, 'cmake_target': None, 'cmake_target_skip_unavailable': False, 'install_base': '/mpc/new/Elastic-Tracker/src/detection/install/target_ekf', 'merge_install': False, 'path': '/mpc/new/Elastic-Tracker/src/detection/target_ekf', 'symlink_install': False, 'test_result_base': None}
[0.577s] INFO:colcon.colcon_core.executor:Executing jobs using 'parallel' executor
[0.578s] DEBUG:colcon.colcon_parallel_executor.executor.parallel:run_until_complete
[0.579s] INFO:colcon.colcon_ros.task.ament_cmake.build:Building ROS package in '/mpc/new/Elastic-Tracker/src/detection/object_detection_msgs' with build type 'ament_cmake'
[0.579s] INFO:colcon.colcon_cmake.task.cmake.build:Building CMake package in '/mpc/new/Elastic-Tracker/src/detection/object_detection_msgs'
[0.583s] INFO:colcon.colcon_core.plugin_system:Skipping extension 'colcon_core.shell.bat': Not used on non-Windows systems
[0.584s] INFO:colcon.colcon_core.shell:Skip shell extension 'powershell' for command environment: Not usable outside of PowerShell
[0.584s] DEBUG:colcon.colcon_core.shell:Skip shell extension 'dsv' for command environment
[0.601s] DEBUG:colcon.colcon_core.event_handler.log_command:Invoking command in '/mpc/new/Elastic-Tracker/src/detection/build/object_detection_msgs': CMAKE_PREFIX_PATH=${CMAKE_PREFIX_PATH}:/opt/ros/humble /usr/bin/cmake --build /mpc/new/Elastic-Tracker/src/detection/build/object_detection_msgs -- -j12 -l12
[1.640s] DEBUG:colcon.colcon_core.event_handler.log_command:Invoked command in '/mpc/new/Elastic-Tracker/src/detection/build/object_detection_msgs' returned '0': CMAKE_PREFIX_PATH=${CMAKE_PREFIX_PATH}:/opt/ros/humble /usr/bin/cmake --build /mpc/new/Elastic-Tracker/src/detection/build/object_detection_msgs -- -j12 -l12
[1.651s] DEBUG:colcon.colcon_core.event_handler.log_command:Invoking command in '/mpc/new/Elastic-Tracker/src/detection/build/object_detection_msgs': CMAKE_PREFIX_PATH=${CMAKE_PREFIX_PATH}:/opt/ros/humble /usr/bin/cmake --install /mpc/new/Elastic-Tracker/src/detection/build/object_detection_msgs
[1.734s] Level 1:colcon.colcon_core.environment:create_environment_scripts_only(object_detection_msgs)
[1.737s] DEBUG:colcon.colcon_core.event_handler.log_command:Invoked command in '/mpc/new/Elastic-Tracker/src/detection/build/object_detection_msgs' returned '0': CMAKE_PREFIX_PATH=${CMAKE_PREFIX_PATH}:/opt/ros/humble /usr/bin/cmake --install /mpc/new/Elastic-Tracker/src/detection/build/object_detection_msgs
[1.740s] Level 1:colcon.colcon_core.environment:checking '/mpc/new/Elastic-Tracker/src/detection/install/object_detection_msgs' for CMake module files
[1.741s] Level 1:colcon.colcon_core.environment:checking '/mpc/new/Elastic-Tracker/src/detection/install/object_detection_msgs' for CMake config files
[1.742s] Level 1:colcon.colcon_core.shell:create_environment_hook('object_detection_msgs', 'cmake_prefix_path')
[1.742s] INFO:colcon.colcon_core.shell:Creating environment hook '/mpc/new/Elastic-Tracker/src/detection/install/object_detection_msgs/share/object_detection_msgs/hook/cmake_prefix_path.ps1'
[1.743s] INFO:colcon.colcon_core.shell:Creating environment descriptor '/mpc/new/Elastic-Tracker/src/detection/install/object_detection_msgs/share/object_detection_msgs/hook/cmake_prefix_path.dsv'
[1.744s] INFO:colcon.colcon_core.shell:Creating environment hook '/mpc/new/Elastic-Tracker/src/detection/install/object_detection_msgs/share/object_detection_msgs/hook/cmake_prefix_path.sh'
[1.746s] Level 1:colcon.colcon_core.environment:checking '/mpc/new/Elastic-Tracker/src/detection/install/object_detection_msgs/lib'
[1.746s] Level 1:colcon.colcon_core.shell:create_environment_hook('object_detection_msgs', 'ld_library_path_lib')
[1.747s] INFO:colcon.colcon_core.shell:Creating environment hook '/mpc/new/Elastic-Tracker/src/detection/install/object_detection_msgs/share/object_detection_msgs/hook/ld_library_path_lib.ps1'
[1.748s] INFO:colcon.colcon_core.shell:Creating environment descriptor '/mpc/new/Elastic-Tracker/src/detection/install/object_detection_msgs/share/object_detection_msgs/hook/ld_library_path_lib.dsv'
[1.748s] INFO:colcon.colcon_core.shell:Creating environment hook '/mpc/new/Elastic-Tracker/src/detection/install/object_detection_msgs/share/object_detection_msgs/hook/ld_library_path_lib.sh'
[1.749s] Level 1:colcon.colcon_core.environment:checking '/mpc/new/Elastic-Tracker/src/detection/install/object_detection_msgs/bin'
[1.749s] Level 1:colcon.colcon_core.environment:checking '/mpc/new/Elastic-Tracker/src/detection/install/object_detection_msgs/lib/pkgconfig/object_detection_msgs.pc'
[1.752s] Level 1:colcon.colcon_core.environment:checking '/mpc/new/Elastic-Tracker/src/detection/install/object_detection_msgs/lib/python3.10/site-packages'
[1.753s] Level 1:colcon.colcon_core.environment:checking '/mpc/new/Elastic-Tracker/src/detection/install/object_detection_msgs/bin'
[1.753s] INFO:colcon.colcon_core.shell:Creating package script '/mpc/new/Elastic-Tracker/src/detection/install/object_detection_msgs/share/object_detection_msgs/package.ps1'
[1.755s] INFO:colcon.colcon_core.shell:Creating package descriptor '/mpc/new/Elastic-Tracker/src/detection/install/object_detection_msgs/share/object_detection_msgs/package.dsv'
[1.756s] INFO:colcon.colcon_core.shell:Creating package script '/mpc/new/Elastic-Tracker/src/detection/install/object_detection_msgs/share/object_detection_msgs/package.sh'
[1.757s] INFO:colcon.colcon_core.shell:Creating package script '/mpc/new/Elastic-Tracker/src/detection/install/object_detection_msgs/share/object_detection_msgs/package.bash'
[1.759s] INFO:colcon.colcon_core.shell:Creating package script '/mpc/new/Elastic-Tracker/src/detection/install/object_detection_msgs/share/object_detection_msgs/package.zsh'
[1.760s] Level 1:colcon.colcon_core.environment:create_file_with_runtime_dependencies(/mpc/new/Elastic-Tracker/src/detection/install/object_detection_msgs/share/colcon-core/packages/object_detection_msgs)
[1.761s] Level 1:colcon.colcon_core.environment:create_environment_scripts_only(object_detection_msgs)
[1.762s] Level 1:colcon.colcon_core.environment:checking '/mpc/new/Elastic-Tracker/src/detection/install/object_detection_msgs' for CMake module files
[1.763s] Level 1:colcon.colcon_core.environment:checking '/mpc/new/Elastic-Tracker/src/detection/install/object_detection_msgs' for CMake config files
[1.763s] Level 1:colcon.colcon_core.shell:create_environment_hook('object_detection_msgs', 'cmake_prefix_path')
[1.764s] INFO:colcon.colcon_core.shell:Creating environment hook '/mpc/new/Elastic-Tracker/src/detection/install/object_detection_msgs/share/object_detection_msgs/hook/cmake_prefix_path.ps1'
[1.764s] INFO:colcon.colcon_core.shell:Creating environment descriptor '/mpc/new/Elastic-Tracker/src/detection/install/object_detection_msgs/share/object_detection_msgs/hook/cmake_prefix_path.dsv'
[1.765s] INFO:colcon.colcon_core.shell:Creating environment hook '/mpc/new/Elastic-Tracker/src/detection/install/object_detection_msgs/share/object_detection_msgs/hook/cmake_prefix_path.sh'
[1.765s] Level 1:colcon.colcon_core.environment:checking '/mpc/new/Elastic-Tracker/src/detection/install/object_detection_msgs/lib'
[1.765s] Level 1:colcon.colcon_core.shell:create_environment_hook('object_detection_msgs', 'ld_library_path_lib')
[1.766s] INFO:colcon.colcon_core.shell:Creating environment hook '/mpc/new/Elastic-Tracker/src/detection/install/object_detection_msgs/share/object_detection_msgs/hook/ld_library_path_lib.ps1'
[1.766s] INFO:colcon.colcon_core.shell:Creating environment descriptor '/mpc/new/Elastic-Tracker/src/detection/install/object_detection_msgs/share/object_detection_msgs/hook/ld_library_path_lib.dsv'
[1.766s] INFO:colcon.colcon_core.shell:Creating environment hook '/mpc/new/Elastic-Tracker/src/detection/install/object_detection_msgs/share/object_detection_msgs/hook/ld_library_path_lib.sh'
[1.767s] Level 1:colcon.colcon_core.environment:checking '/mpc/new/Elastic-Tracker/src/detection/install/object_detection_msgs/bin'
[1.767s] Level 1:colcon.colcon_core.environment:checking '/mpc/new/Elastic-Tracker/src/detection/install/object_detection_msgs/lib/pkgconfig/object_detection_msgs.pc'
[1.767s] Level 1:colcon.colcon_core.environment:checking '/mpc/new/Elastic-Tracker/src/detection/install/object_detection_msgs/lib/python3.10/site-packages'
[1.767s] Level 1:colcon.colcon_core.environment:checking '/mpc/new/Elastic-Tracker/src/detection/install/object_detection_msgs/bin'
[1.768s] INFO:colcon.colcon_core.shell:Creating package script '/mpc/new/Elastic-Tracker/src/detection/install/object_detection_msgs/share/object_detection_msgs/package.ps1'
[1.768s] INFO:colcon.colcon_core.shell:Creating package descriptor '/mpc/new/Elastic-Tracker/src/detection/install/object_detection_msgs/share/object_detection_msgs/package.dsv'
[1.769s] INFO:colcon.colcon_core.shell:Creating package script '/mpc/new/Elastic-Tracker/src/detection/install/object_detection_msgs/share/object_detection_msgs/package.sh'
[1.770s] INFO:colcon.colcon_core.shell:Creating package script '/mpc/new/Elastic-Tracker/src/detection/install/object_detection_msgs/share/object_detection_msgs/package.bash'
[1.770s] INFO:colcon.colcon_core.shell:Creating package script '/mpc/new/Elastic-Tracker/src/detection/install/object_detection_msgs/share/object_detection_msgs/package.zsh'
[1.771s] Level 1:colcon.colcon_core.environment:create_file_with_runtime_dependencies(/mpc/new/Elastic-Tracker/src/detection/install/object_detection_msgs/share/colcon-core/packages/object_detection_msgs)
[1.771s] INFO:colcon.colcon_ros.task.ament_cmake.build:Building ROS package in '/mpc/new/Elastic-Tracker/src/detection/target_ekf' with build type 'ament_cmake'
[1.771s] INFO:colcon.colcon_cmake.task.cmake.build:Building CMake package in '/mpc/new/Elastic-Tracker/src/detection/target_ekf'
[1.771s] INFO:colcon.colcon_core.shell:Skip shell extension 'powershell' for command environment: Not usable outside of PowerShell
[1.772s] DEBUG:colcon.colcon_core.shell:Skip shell extension 'dsv' for command environment
[1.789s] DEBUG:colcon.colcon_core.event_handler.log_command:Invoking command in '/mpc/new/Elastic-Tracker/src/detection/build/target_ekf': CMAKE_PREFIX_PATH=/mpc/new/Elastic-Tracker/src/detection/install/object_detection_msgs:/mpc/new/Elastic-Tracker/src/detection/install/target_ekf:/mpc/new/Elastic-Tracker/install/target_ekf:/mpc/new/Elastic-Tracker/install/mapping:/mpc/new/Elastic-Tracker/install/quadrotor_msgs:/mpc/new/Elastic-Tracker/install/object_detection_msgs:/mpc/new/Elastic-Tracker/install/decomp_ros_msgs:/mpc/new/Elastic-Tracker/install/decomp_geometry:/mpc/new/Elastic-Tracker/install/decomp_basis:/opt/ros/humble /usr/bin/cmake --build /mpc/new/Elastic-Tracker/src/detection/build/target_ekf -- -j12 -l12
[15.322s] Level 1:colcon.colcon_core.environment:create_environment_scripts_only(target_ekf)
[15.322s] Level 1:colcon.colcon_core.environment:checking '/mpc/new/Elastic-Tracker/src/detection/install/target_ekf' for CMake module files
[15.323s] Level 1:colcon.colcon_core.environment:checking '/mpc/new/Elastic-Tracker/src/detection/install/target_ekf' for CMake config files
[15.323s] Level 1:colcon.colcon_core.shell:create_environment_hook('target_ekf', 'cmake_prefix_path')
[15.324s] INFO:colcon.colcon_core.shell:Creating environment hook '/mpc/new/Elastic-Tracker/src/detection/install/target_ekf/share/target_ekf/hook/cmake_prefix_path.ps1'
[15.324s] INFO:colcon.colcon_core.shell:Creating environment descriptor '/mpc/new/Elastic-Tracker/src/detection/install/target_ekf/share/target_ekf/hook/cmake_prefix_path.dsv'
[15.325s] DEBUG:colcon.colcon_core.event_handler.log_command:Invoked command in '/mpc/new/Elastic-Tracker/src/detection/build/target_ekf' returned '2': CMAKE_PREFIX_PATH=/mpc/new/Elastic-Tracker/src/detection/install/object_detection_msgs:/mpc/new/Elastic-Tracker/src/detection/install/target_ekf:/mpc/new/Elastic-Tracker/install/target_ekf:/mpc/new/Elastic-Tracker/install/mapping:/mpc/new/Elastic-Tracker/install/quadrotor_msgs:/mpc/new/Elastic-Tracker/install/object_detection_msgs:/mpc/new/Elastic-Tracker/install/decomp_ros_msgs:/mpc/new/Elastic-Tracker/install/decomp_geometry:/mpc/new/Elastic-Tracker/install/decomp_basis:/opt/ros/humble /usr/bin/cmake --build /mpc/new/Elastic-Tracker/src/detection/build/target_ekf -- -j12 -l12
[15.325s] INFO:colcon.colcon_core.shell:Creating environment hook '/mpc/new/Elastic-Tracker/src/detection/install/target_ekf/share/target_ekf/hook/cmake_prefix_path.sh'
[15.325s] Level 1:colcon.colcon_core.environment:checking '/mpc/new/Elastic-Tracker/src/detection/install/target_ekf/lib'
[15.326s] Level 1:colcon.colcon_core.environment:checking '/mpc/new/Elastic-Tracker/src/detection/install/target_ekf/bin'
[15.326s] Level 1:colcon.colcon_core.environment:checking '/mpc/new/Elastic-Tracker/src/detection/install/target_ekf/lib/pkgconfig/target_ekf.pc'
[15.326s] Level 1:colcon.colcon_core.environment:checking '/mpc/new/Elastic-Tracker/src/detection/install/target_ekf/lib/python3.10/site-packages'
[15.326s] Level 1:colcon.colcon_core.environment:checking '/mpc/new/Elastic-Tracker/src/detection/install/target_ekf/bin'
[15.327s] INFO:colcon.colcon_core.shell:Creating package script '/mpc/new/Elastic-Tracker/src/detection/install/target_ekf/share/target_ekf/package.ps1'
[15.327s] INFO:colcon.colcon_core.shell:Creating package descriptor '/mpc/new/Elastic-Tracker/src/detection/install/target_ekf/share/target_ekf/package.dsv'
[15.328s] INFO:colcon.colcon_core.shell:Creating package script '/mpc/new/Elastic-Tracker/src/detection/install/target_ekf/share/target_ekf/package.sh'
[15.329s] INFO:colcon.colcon_core.shell:Creating package script '/mpc/new/Elastic-Tracker/src/detection/install/target_ekf/share/target_ekf/package.bash'
[15.329s] INFO:colcon.colcon_core.shell:Creating package script '/mpc/new/Elastic-Tracker/src/detection/install/target_ekf/share/target_ekf/package.zsh'
[15.330s] Level 1:colcon.colcon_core.environment:create_file_with_runtime_dependencies(/mpc/new/Elastic-Tracker/src/detection/install/target_ekf/share/colcon-core/packages/target_ekf)
[15.342s] DEBUG:colcon.colcon_parallel_executor.executor.parallel:closing loop
[15.342s] DEBUG:colcon.colcon_parallel_executor.executor.parallel:loop closed
[15.342s] DEBUG:colcon.colcon_parallel_executor.executor.parallel:run_until_complete finished with '2'
[15.343s] DEBUG:colcon.colcon_core.event_reactor:joining thread
[15.353s] INFO:colcon.colcon_core.plugin_system:Skipping extension 'colcon_notification.desktop_notification.notify_send': Could not find 'notify-send'
[15.353s] INFO:colcon.colcon_core.plugin_system:Skipping extension 'colcon_notification.desktop_notification.terminal_notifier': Not used on non-Darwin systems
[15.353s] INFO:colcon.colcon_core.plugin_system:Skipping extension 'colcon_notification.desktop_notification.win32': Not used on non-Windows systems
[15.353s] INFO:colcon.colcon_notification.desktop_notification:Sending desktop notification using 'notify2'
[15.357s] DEBUG:colcon.colcon_notification.desktop_notification.notify2:Failed to initialize notify2: org.freedesktop.DBus.Error.Spawn.ExecFailed: /usr/bin/dbus-launch terminated abnormally without any error message
[15.358s] DEBUG:colcon.colcon_core.event_reactor:joined thread
[15.359s] INFO:colcon.colcon_core.shell:Creating prefix script '/mpc/new/Elastic-Tracker/src/detection/install/local_setup.ps1'
[15.361s] INFO:colcon.colcon_core.shell:Creating prefix util module '/mpc/new/Elastic-Tracker/src/detection/install/_local_setup_util_ps1.py'
[15.363s] INFO:colcon.colcon_core.shell:Creating prefix chain script '/mpc/new/Elastic-Tracker/src/detection/install/setup.ps1'
[15.365s] INFO:colcon.colcon_core.shell:Creating prefix script '/mpc/new/Elastic-Tracker/src/detection/install/local_setup.sh'
[15.366s] INFO:colcon.colcon_core.shell:Creating prefix util module '/mpc/new/Elastic-Tracker/src/detection/install/_local_setup_util_sh.py'
[15.367s] INFO:colcon.colcon_core.shell:Creating prefix chain script '/mpc/new/Elastic-Tracker/src/detection/install/setup.sh'
[15.369s] INFO:colcon.colcon_core.shell:Creating prefix script '/mpc/new/Elastic-Tracker/src/detection/install/local_setup.bash'
[15.370s] INFO:colcon.colcon_core.shell:Creating prefix chain script '/mpc/new/Elastic-Tracker/src/detection/install/setup.bash'
[15.372s] INFO:colcon.colcon_core.shell:Creating prefix script '/mpc/new/Elastic-Tracker/src/detection/install/local_setup.zsh'
[15.373s] INFO:colcon.colcon_core.shell:Creating prefix chain script '/mpc/new/Elastic-Tracker/src/detection/install/setup.zsh'
