[  0%] Built target ament_cmake_python_copy_quadrotor_msgs
[  1%] Built target quadrotor_msgs__cpp
[ 12%] Built target quadrotor_msgs__rosidl_generator_c
[ 24%] Built target quadrotor_msgs__rosidl_typesupport_cpp
[ 35%] Built target quadrotor_msgs__rosidl_typesupport_fastrtps_cpp
[ 47%] Built target quadrotor_msgs__rosidl_typesupport_c
[ 78%] Built target quadrotor_msgs__rosidl_typesupport_introspection_cpp
[ 78%] Built target quadrotor_msgs__rosidl_typesupport_introspection_c
[ 81%] Built target quadrotor_msgs__rosidl_typesupport_fastrtps_c
[ 81%] Built target quadrotor_msgs
[ 82%] Built target quadrotor_msgs__py
[ 93%] Built target quadrotor_msgs__rosidl_generator_py
[ 95%] Built target quadrotor_msgs__rosidl_typesupport_fastrtps_c__pyext
[ 97%] Built target quadrotor_msgs__rosidl_typesupport_introspection_c__pyext
[100%] Built target quadrotor_msgs__rosidl_typesupport_c__pyext
running egg_info
writing quadrotor_msgs.egg-info/PKG-INFO
writing dependency_links to quadrotor_msgs.egg-info/dependency_links.txt
writing top-level names to quadrotor_msgs.egg-info/top_level.txt
reading manifest file 'quadrotor_msgs.egg-info/SOURCES.txt'
writing manifest file 'quadrotor_msgs.egg-info/SOURCES.txt'
[100%] Built target ament_cmake_python_build_quadrotor_msgs_egg
-- Install configuration: ""
-- Up-to-date: /mpc/new/Elastic-Tracker/install/quadrotor_msgs/share/ament_index/resource_index/rosidl_interfaces/quadrotor_msgs
-- Up-to-date: /mpc/new/Elastic-Tracker/install/quadrotor_msgs/include/quadrotor_msgs/quadrotor_msgs
-- Up-to-date: /mpc/new/Elastic-Tracker/install/quadrotor_msgs/include/quadrotor_msgs/quadrotor_msgs/msg
-- Up-to-date: /mpc/new/Elastic-Tracker/install/quadrotor_msgs/include/quadrotor_msgs/quadrotor_msgs/msg/takeoff_land.h
-- Up-to-date: /mpc/new/Elastic-Tracker/install/quadrotor_msgs/include/quadrotor_msgs/quadrotor_msgs/msg/px4ctrl_debug.h
-- Up-to-date: /mpc/new/Elastic-Tracker/install/quadrotor_msgs/include/quadrotor_msgs/quadrotor_msgs/msg/occ_map3d.h
-- Up-to-date: /mpc/new/Elastic-Tracker/install/quadrotor_msgs/include/quadrotor_msgs/quadrotor_msgs/msg/replan_state.h
-- Up-to-date: /mpc/new/Elastic-Tracker/install/quadrotor_msgs/include/quadrotor_msgs/quadrotor_msgs/msg/aux_command.h
-- Up-to-date: /mpc/new/Elastic-Tracker/install/quadrotor_msgs/include/quadrotor_msgs/quadrotor_msgs/msg/position_command.h
-- Up-to-date: /mpc/new/Elastic-Tracker/install/quadrotor_msgs/include/quadrotor_msgs/quadrotor_msgs/msg/detail
-- Up-to-date: /mpc/new/Elastic-Tracker/install/quadrotor_msgs/include/quadrotor_msgs/quadrotor_msgs/msg/detail/replan_state__functions.c
-- Up-to-date: /mpc/new/Elastic-Tracker/install/quadrotor_msgs/include/quadrotor_msgs/quadrotor_msgs/msg/detail/takeoff_land__type_support.h
-- Up-to-date: /mpc/new/Elastic-Tracker/install/quadrotor_msgs/include/quadrotor_msgs/quadrotor_msgs/msg/detail/poly_traj__functions.c
-- Up-to-date: /mpc/new/Elastic-Tracker/install/quadrotor_msgs/include/quadrotor_msgs/quadrotor_msgs/msg/detail/so3_command__functions.c
-- Up-to-date: /mpc/new/Elastic-Tracker/install/quadrotor_msgs/include/quadrotor_msgs/quadrotor_msgs/msg/detail/px4ctrl_debug__functions.c
-- Up-to-date: /mpc/new/Elastic-Tracker/install/quadrotor_msgs/include/quadrotor_msgs/quadrotor_msgs/msg/detail/so3_command__type_support.h
-- Up-to-date: /mpc/new/Elastic-Tracker/install/quadrotor_msgs/include/quadrotor_msgs/quadrotor_msgs/msg/detail/takeoff_land__struct.h
-- Up-to-date: /mpc/new/Elastic-Tracker/install/quadrotor_msgs/include/quadrotor_msgs/quadrotor_msgs/msg/detail/takeoff_land__functions.c
-- Up-to-date: /mpc/new/Elastic-Tracker/install/quadrotor_msgs/include/quadrotor_msgs/quadrotor_msgs/msg/detail/occ_map3d__functions.h
-- Up-to-date: /mpc/new/Elastic-Tracker/install/quadrotor_msgs/include/quadrotor_msgs/quadrotor_msgs/msg/detail/takeoff_land__functions.h
-- Up-to-date: /mpc/new/Elastic-Tracker/install/quadrotor_msgs/include/quadrotor_msgs/quadrotor_msgs/msg/detail/so3_command__functions.h
-- Up-to-date: /mpc/new/Elastic-Tracker/install/quadrotor_msgs/include/quadrotor_msgs/quadrotor_msgs/msg/detail/position_command__functions.h
-- Up-to-date: /mpc/new/Elastic-Tracker/install/quadrotor_msgs/include/quadrotor_msgs/quadrotor_msgs/msg/detail/aux_command__functions.c
-- Up-to-date: /mpc/new/Elastic-Tracker/install/quadrotor_msgs/include/quadrotor_msgs/quadrotor_msgs/msg/detail/replan_state__struct.h
-- Up-to-date: /mpc/new/Elastic-Tracker/install/quadrotor_msgs/include/quadrotor_msgs/quadrotor_msgs/msg/detail/position_command__type_support.h
-- Up-to-date: /mpc/new/Elastic-Tracker/install/quadrotor_msgs/include/quadrotor_msgs/quadrotor_msgs/msg/detail/poly_traj__struct.h
-- Up-to-date: /mpc/new/Elastic-Tracker/install/quadrotor_msgs/include/quadrotor_msgs/quadrotor_msgs/msg/detail/poly_traj__functions.h
-- Up-to-date: /mpc/new/Elastic-Tracker/install/quadrotor_msgs/include/quadrotor_msgs/quadrotor_msgs/msg/detail/occ_map3d__struct.h
-- Up-to-date: /mpc/new/Elastic-Tracker/install/quadrotor_msgs/include/quadrotor_msgs/quadrotor_msgs/msg/detail/px4ctrl_debug__type_support.h
-- Up-to-date: /mpc/new/Elastic-Tracker/install/quadrotor_msgs/include/quadrotor_msgs/quadrotor_msgs/msg/detail/occ_map3d__type_support.h
-- Up-to-date: /mpc/new/Elastic-Tracker/install/quadrotor_msgs/include/quadrotor_msgs/quadrotor_msgs/msg/detail/aux_command__struct.h
-- Up-to-date: /mpc/new/Elastic-Tracker/install/quadrotor_msgs/include/quadrotor_msgs/quadrotor_msgs/msg/detail/poly_traj__type_support.h
-- Up-to-date: /mpc/new/Elastic-Tracker/install/quadrotor_msgs/include/quadrotor_msgs/quadrotor_msgs/msg/detail/px4ctrl_debug__struct.h
-- Up-to-date: /mpc/new/Elastic-Tracker/install/quadrotor_msgs/include/quadrotor_msgs/quadrotor_msgs/msg/detail/position_command__struct.h
-- Up-to-date: /mpc/new/Elastic-Tracker/install/quadrotor_msgs/include/quadrotor_msgs/quadrotor_msgs/msg/detail/so3_command__struct.h
-- Up-to-date: /mpc/new/Elastic-Tracker/install/quadrotor_msgs/include/quadrotor_msgs/quadrotor_msgs/msg/detail/aux_command__type_support.h
-- Up-to-date: /mpc/new/Elastic-Tracker/install/quadrotor_msgs/include/quadrotor_msgs/quadrotor_msgs/msg/detail/px4ctrl_debug__functions.h
-- Up-to-date: /mpc/new/Elastic-Tracker/install/quadrotor_msgs/include/quadrotor_msgs/quadrotor_msgs/msg/detail/replan_state__functions.h
-- Up-to-date: /mpc/new/Elastic-Tracker/install/quadrotor_msgs/include/quadrotor_msgs/quadrotor_msgs/msg/detail/aux_command__functions.h
-- Up-to-date: /mpc/new/Elastic-Tracker/install/quadrotor_msgs/include/quadrotor_msgs/quadrotor_msgs/msg/detail/position_command__functions.c
-- Up-to-date: /mpc/new/Elastic-Tracker/install/quadrotor_msgs/include/quadrotor_msgs/quadrotor_msgs/msg/detail/replan_state__type_support.h
-- Up-to-date: /mpc/new/Elastic-Tracker/install/quadrotor_msgs/include/quadrotor_msgs/quadrotor_msgs/msg/detail/occ_map3d__functions.c
-- Up-to-date: /mpc/new/Elastic-Tracker/install/quadrotor_msgs/include/quadrotor_msgs/quadrotor_msgs/msg/rosidl_generator_c__visibility_control.h
-- Up-to-date: /mpc/new/Elastic-Tracker/install/quadrotor_msgs/include/quadrotor_msgs/quadrotor_msgs/msg/so3_command.h
-- Up-to-date: /mpc/new/Elastic-Tracker/install/quadrotor_msgs/include/quadrotor_msgs/quadrotor_msgs/msg/poly_traj.h
-- Up-to-date: /mpc/new/Elastic-Tracker/install/quadrotor_msgs/share/quadrotor_msgs/environment/library_path.sh
-- Up-to-date: /mpc/new/Elastic-Tracker/install/quadrotor_msgs/share/quadrotor_msgs/environment/library_path.dsv
-- Up-to-date: /mpc/new/Elastic-Tracker/install/quadrotor_msgs/lib/libquadrotor_msgs__rosidl_generator_c.so
-- Up-to-date: /mpc/new/Elastic-Tracker/install/quadrotor_msgs/include/quadrotor_msgs/quadrotor_msgs
-- Up-to-date: /mpc/new/Elastic-Tracker/install/quadrotor_msgs/include/quadrotor_msgs/quadrotor_msgs/msg
-- Up-to-date: /mpc/new/Elastic-Tracker/install/quadrotor_msgs/include/quadrotor_msgs/quadrotor_msgs/msg/detail
-- Up-to-date: /mpc/new/Elastic-Tracker/install/quadrotor_msgs/include/quadrotor_msgs/quadrotor_msgs/msg/detail/position_command__rosidl_typesupport_fastrtps_c.h
-- Up-to-date: /mpc/new/Elastic-Tracker/install/quadrotor_msgs/include/quadrotor_msgs/quadrotor_msgs/msg/detail/replan_state__rosidl_typesupport_fastrtps_c.h
-- Up-to-date: /mpc/new/Elastic-Tracker/install/quadrotor_msgs/include/quadrotor_msgs/quadrotor_msgs/msg/detail/so3_command__rosidl_typesupport_fastrtps_c.h
-- Up-to-date: /mpc/new/Elastic-Tracker/install/quadrotor_msgs/include/quadrotor_msgs/quadrotor_msgs/msg/detail/occ_map3d__rosidl_typesupport_fastrtps_c.h
-- Up-to-date: /mpc/new/Elastic-Tracker/install/quadrotor_msgs/include/quadrotor_msgs/quadrotor_msgs/msg/detail/px4ctrl_debug__rosidl_typesupport_fastrtps_c.h
-- Up-to-date: /mpc/new/Elastic-Tracker/install/quadrotor_msgs/include/quadrotor_msgs/quadrotor_msgs/msg/detail/takeoff_land__rosidl_typesupport_fastrtps_c.h
-- Up-to-date: /mpc/new/Elastic-Tracker/install/quadrotor_msgs/include/quadrotor_msgs/quadrotor_msgs/msg/detail/aux_command__rosidl_typesupport_fastrtps_c.h
-- Up-to-date: /mpc/new/Elastic-Tracker/install/quadrotor_msgs/include/quadrotor_msgs/quadrotor_msgs/msg/detail/poly_traj__rosidl_typesupport_fastrtps_c.h
-- Up-to-date: /mpc/new/Elastic-Tracker/install/quadrotor_msgs/include/quadrotor_msgs/quadrotor_msgs/msg/rosidl_typesupport_fastrtps_c__visibility_control.h
-- Up-to-date: /mpc/new/Elastic-Tracker/install/quadrotor_msgs/lib/libquadrotor_msgs__rosidl_typesupport_fastrtps_c.so
-- Up-to-date: /mpc/new/Elastic-Tracker/install/quadrotor_msgs/include/quadrotor_msgs/quadrotor_msgs
-- Up-to-date: /mpc/new/Elastic-Tracker/install/quadrotor_msgs/include/quadrotor_msgs/quadrotor_msgs/msg
-- Up-to-date: /mpc/new/Elastic-Tracker/install/quadrotor_msgs/include/quadrotor_msgs/quadrotor_msgs/msg/aux_command.hpp
-- Up-to-date: /mpc/new/Elastic-Tracker/install/quadrotor_msgs/include/quadrotor_msgs/quadrotor_msgs/msg/position_command.hpp
-- Up-to-date: /mpc/new/Elastic-Tracker/install/quadrotor_msgs/include/quadrotor_msgs/quadrotor_msgs/msg/px4ctrl_debug.hpp
-- Up-to-date: /mpc/new/Elastic-Tracker/install/quadrotor_msgs/include/quadrotor_msgs/quadrotor_msgs/msg/occ_map3d.hpp
-- Up-to-date: /mpc/new/Elastic-Tracker/install/quadrotor_msgs/include/quadrotor_msgs/quadrotor_msgs/msg/poly_traj.hpp
-- Up-to-date: /mpc/new/Elastic-Tracker/install/quadrotor_msgs/include/quadrotor_msgs/quadrotor_msgs/msg/takeoff_land.hpp
-- Up-to-date: /mpc/new/Elastic-Tracker/install/quadrotor_msgs/include/quadrotor_msgs/quadrotor_msgs/msg/replan_state.hpp
-- Up-to-date: /mpc/new/Elastic-Tracker/install/quadrotor_msgs/include/quadrotor_msgs/quadrotor_msgs/msg/detail
-- Up-to-date: /mpc/new/Elastic-Tracker/install/quadrotor_msgs/include/quadrotor_msgs/quadrotor_msgs/msg/detail/replan_state__builder.hpp
-- Up-to-date: /mpc/new/Elastic-Tracker/install/quadrotor_msgs/include/quadrotor_msgs/quadrotor_msgs/msg/detail/aux_command__traits.hpp
-- Up-to-date: /mpc/new/Elastic-Tracker/install/quadrotor_msgs/include/quadrotor_msgs/quadrotor_msgs/msg/detail/replan_state__traits.hpp
-- Up-to-date: /mpc/new/Elastic-Tracker/install/quadrotor_msgs/include/quadrotor_msgs/quadrotor_msgs/msg/detail/position_command__traits.hpp
-- Up-to-date: /mpc/new/Elastic-Tracker/install/quadrotor_msgs/include/quadrotor_msgs/quadrotor_msgs/msg/detail/occ_map3d__type_support.hpp
-- Up-to-date: /mpc/new/Elastic-Tracker/install/quadrotor_msgs/include/quadrotor_msgs/quadrotor_msgs/msg/detail/position_command__type_support.hpp
-- Up-to-date: /mpc/new/Elastic-Tracker/install/quadrotor_msgs/include/quadrotor_msgs/quadrotor_msgs/msg/detail/px4ctrl_debug__builder.hpp
-- Up-to-date: /mpc/new/Elastic-Tracker/install/quadrotor_msgs/include/quadrotor_msgs/quadrotor_msgs/msg/detail/takeoff_land__type_support.hpp
-- Up-to-date: /mpc/new/Elastic-Tracker/install/quadrotor_msgs/include/quadrotor_msgs/quadrotor_msgs/msg/detail/px4ctrl_debug__type_support.hpp
-- Up-to-date: /mpc/new/Elastic-Tracker/install/quadrotor_msgs/include/quadrotor_msgs/quadrotor_msgs/msg/detail/aux_command__builder.hpp
-- Up-to-date: /mpc/new/Elastic-Tracker/install/quadrotor_msgs/include/quadrotor_msgs/quadrotor_msgs/msg/detail/poly_traj__builder.hpp
-- Up-to-date: /mpc/new/Elastic-Tracker/install/quadrotor_msgs/include/quadrotor_msgs/quadrotor_msgs/msg/detail/poly_traj__traits.hpp
-- Up-to-date: /mpc/new/Elastic-Tracker/install/quadrotor_msgs/include/quadrotor_msgs/quadrotor_msgs/msg/detail/poly_traj__struct.hpp
-- Up-to-date: /mpc/new/Elastic-Tracker/install/quadrotor_msgs/include/quadrotor_msgs/quadrotor_msgs/msg/detail/replan_state__struct.hpp
-- Up-to-date: /mpc/new/Elastic-Tracker/install/quadrotor_msgs/include/quadrotor_msgs/quadrotor_msgs/msg/detail/occ_map3d__struct.hpp
-- Up-to-date: /mpc/new/Elastic-Tracker/install/quadrotor_msgs/include/quadrotor_msgs/quadrotor_msgs/msg/detail/position_command__builder.hpp
-- Up-to-date: /mpc/new/Elastic-Tracker/install/quadrotor_msgs/include/quadrotor_msgs/quadrotor_msgs/msg/detail/takeoff_land__traits.hpp
-- Up-to-date: /mpc/new/Elastic-Tracker/install/quadrotor_msgs/include/quadrotor_msgs/quadrotor_msgs/msg/detail/aux_command__struct.hpp
-- Up-to-date: /mpc/new/Elastic-Tracker/install/quadrotor_msgs/include/quadrotor_msgs/quadrotor_msgs/msg/detail/occ_map3d__builder.hpp
-- Up-to-date: /mpc/new/Elastic-Tracker/install/quadrotor_msgs/include/quadrotor_msgs/quadrotor_msgs/msg/detail/replan_state__type_support.hpp
-- Up-to-date: /mpc/new/Elastic-Tracker/install/quadrotor_msgs/include/quadrotor_msgs/quadrotor_msgs/msg/detail/aux_command__type_support.hpp
-- Up-to-date: /mpc/new/Elastic-Tracker/install/quadrotor_msgs/include/quadrotor_msgs/quadrotor_msgs/msg/detail/so3_command__type_support.hpp
-- Up-to-date: /mpc/new/Elastic-Tracker/install/quadrotor_msgs/include/quadrotor_msgs/quadrotor_msgs/msg/detail/position_command__struct.hpp
-- Up-to-date: /mpc/new/Elastic-Tracker/install/quadrotor_msgs/include/quadrotor_msgs/quadrotor_msgs/msg/detail/so3_command__builder.hpp
-- Up-to-date: /mpc/new/Elastic-Tracker/install/quadrotor_msgs/include/quadrotor_msgs/quadrotor_msgs/msg/detail/takeoff_land__builder.hpp
-- Up-to-date: /mpc/new/Elastic-Tracker/install/quadrotor_msgs/include/quadrotor_msgs/quadrotor_msgs/msg/detail/px4ctrl_debug__traits.hpp
-- Up-to-date: /mpc/new/Elastic-Tracker/install/quadrotor_msgs/include/quadrotor_msgs/quadrotor_msgs/msg/detail/takeoff_land__struct.hpp
-- Up-to-date: /mpc/new/Elastic-Tracker/install/quadrotor_msgs/include/quadrotor_msgs/quadrotor_msgs/msg/detail/so3_command__traits.hpp
-- Up-to-date: /mpc/new/Elastic-Tracker/install/quadrotor_msgs/include/quadrotor_msgs/quadrotor_msgs/msg/detail/px4ctrl_debug__struct.hpp
-- Up-to-date: /mpc/new/Elastic-Tracker/install/quadrotor_msgs/include/quadrotor_msgs/quadrotor_msgs/msg/detail/so3_command__struct.hpp
-- Up-to-date: /mpc/new/Elastic-Tracker/install/quadrotor_msgs/include/quadrotor_msgs/quadrotor_msgs/msg/detail/occ_map3d__traits.hpp
-- Up-to-date: /mpc/new/Elastic-Tracker/install/quadrotor_msgs/include/quadrotor_msgs/quadrotor_msgs/msg/detail/poly_traj__type_support.hpp
-- Up-to-date: /mpc/new/Elastic-Tracker/install/quadrotor_msgs/include/quadrotor_msgs/quadrotor_msgs/msg/so3_command.hpp
-- Up-to-date: /mpc/new/Elastic-Tracker/install/quadrotor_msgs/include/quadrotor_msgs/quadrotor_msgs/msg/rosidl_generator_cpp__visibility_control.hpp
-- Up-to-date: /mpc/new/Elastic-Tracker/install/quadrotor_msgs/include/quadrotor_msgs/quadrotor_msgs
-- Up-to-date: /mpc/new/Elastic-Tracker/install/quadrotor_msgs/include/quadrotor_msgs/quadrotor_msgs/msg
-- Up-to-date: /mpc/new/Elastic-Tracker/install/quadrotor_msgs/include/quadrotor_msgs/quadrotor_msgs/msg/detail
-- Up-to-date: /mpc/new/Elastic-Tracker/install/quadrotor_msgs/include/quadrotor_msgs/quadrotor_msgs/msg/detail/position_command__rosidl_typesupport_fastrtps_cpp.hpp
-- Up-to-date: /mpc/new/Elastic-Tracker/install/quadrotor_msgs/include/quadrotor_msgs/quadrotor_msgs/msg/detail/occ_map3d__rosidl_typesupport_fastrtps_cpp.hpp
-- Up-to-date: /mpc/new/Elastic-Tracker/install/quadrotor_msgs/include/quadrotor_msgs/quadrotor_msgs/msg/detail/replan_state__rosidl_typesupport_fastrtps_cpp.hpp
-- Up-to-date: /mpc/new/Elastic-Tracker/install/quadrotor_msgs/include/quadrotor_msgs/quadrotor_msgs/msg/detail/poly_traj__rosidl_typesupport_fastrtps_cpp.hpp
-- Up-to-date: /mpc/new/Elastic-Tracker/install/quadrotor_msgs/include/quadrotor_msgs/quadrotor_msgs/msg/detail/aux_command__rosidl_typesupport_fastrtps_cpp.hpp
-- Up-to-date: /mpc/new/Elastic-Tracker/install/quadrotor_msgs/include/quadrotor_msgs/quadrotor_msgs/msg/detail/px4ctrl_debug__rosidl_typesupport_fastrtps_cpp.hpp
-- Up-to-date: /mpc/new/Elastic-Tracker/install/quadrotor_msgs/include/quadrotor_msgs/quadrotor_msgs/msg/detail/dds_fastrtps
-- Up-to-date: /mpc/new/Elastic-Tracker/install/quadrotor_msgs/include/quadrotor_msgs/quadrotor_msgs/msg/detail/so3_command__rosidl_typesupport_fastrtps_cpp.hpp
-- Up-to-date: /mpc/new/Elastic-Tracker/install/quadrotor_msgs/include/quadrotor_msgs/quadrotor_msgs/msg/detail/takeoff_land__rosidl_typesupport_fastrtps_cpp.hpp
-- Up-to-date: /mpc/new/Elastic-Tracker/install/quadrotor_msgs/include/quadrotor_msgs/quadrotor_msgs/msg/rosidl_typesupport_fastrtps_cpp__visibility_control.h
-- Up-to-date: /mpc/new/Elastic-Tracker/install/quadrotor_msgs/lib/libquadrotor_msgs__rosidl_typesupport_fastrtps_cpp.so
-- Up-to-date: /mpc/new/Elastic-Tracker/install/quadrotor_msgs/include/quadrotor_msgs/quadrotor_msgs
-- Up-to-date: /mpc/new/Elastic-Tracker/install/quadrotor_msgs/include/quadrotor_msgs/quadrotor_msgs/msg
-- Up-to-date: /mpc/new/Elastic-Tracker/install/quadrotor_msgs/include/quadrotor_msgs/quadrotor_msgs/msg/rosidl_typesupport_introspection_c__visibility_control.h
-- Up-to-date: /mpc/new/Elastic-Tracker/install/quadrotor_msgs/include/quadrotor_msgs/quadrotor_msgs/msg/detail
-- Up-to-date: /mpc/new/Elastic-Tracker/install/quadrotor_msgs/include/quadrotor_msgs/quadrotor_msgs/msg/detail/occ_map3d__rosidl_typesupport_introspection_c.h
-- Up-to-date: /mpc/new/Elastic-Tracker/install/quadrotor_msgs/include/quadrotor_msgs/quadrotor_msgs/msg/detail/so3_command__rosidl_typesupport_introspection_c.h
-- Up-to-date: /mpc/new/Elastic-Tracker/install/quadrotor_msgs/include/quadrotor_msgs/quadrotor_msgs/msg/detail/position_command__rosidl_typesupport_introspection_c.h
-- Up-to-date: /mpc/new/Elastic-Tracker/install/quadrotor_msgs/include/quadrotor_msgs/quadrotor_msgs/msg/detail/px4ctrl_debug__rosidl_typesupport_introspection_c.h
-- Up-to-date: /mpc/new/Elastic-Tracker/install/quadrotor_msgs/include/quadrotor_msgs/quadrotor_msgs/msg/detail/so3_command__type_support.c
-- Up-to-date: /mpc/new/Elastic-Tracker/install/quadrotor_msgs/include/quadrotor_msgs/quadrotor_msgs/msg/detail/poly_traj__type_support.c
-- Up-to-date: /mpc/new/Elastic-Tracker/install/quadrotor_msgs/include/quadrotor_msgs/quadrotor_msgs/msg/detail/px4ctrl_debug__type_support.c
-- Up-to-date: /mpc/new/Elastic-Tracker/install/quadrotor_msgs/include/quadrotor_msgs/quadrotor_msgs/msg/detail/poly_traj__rosidl_typesupport_introspection_c.h
-- Up-to-date: /mpc/new/Elastic-Tracker/install/quadrotor_msgs/include/quadrotor_msgs/quadrotor_msgs/msg/detail/takeoff_land__type_support.c
-- Up-to-date: /mpc/new/Elastic-Tracker/install/quadrotor_msgs/include/quadrotor_msgs/quadrotor_msgs/msg/detail/aux_command__type_support.c
-- Up-to-date: /mpc/new/Elastic-Tracker/install/quadrotor_msgs/include/quadrotor_msgs/quadrotor_msgs/msg/detail/replan_state__type_support.c
-- Up-to-date: /mpc/new/Elastic-Tracker/install/quadrotor_msgs/include/quadrotor_msgs/quadrotor_msgs/msg/detail/occ_map3d__type_support.c
-- Up-to-date: /mpc/new/Elastic-Tracker/install/quadrotor_msgs/include/quadrotor_msgs/quadrotor_msgs/msg/detail/replan_state__rosidl_typesupport_introspection_c.h
-- Up-to-date: /mpc/new/Elastic-Tracker/install/quadrotor_msgs/include/quadrotor_msgs/quadrotor_msgs/msg/detail/takeoff_land__rosidl_typesupport_introspection_c.h
-- Up-to-date: /mpc/new/Elastic-Tracker/install/quadrotor_msgs/include/quadrotor_msgs/quadrotor_msgs/msg/detail/aux_command__rosidl_typesupport_introspection_c.h
-- Up-to-date: /mpc/new/Elastic-Tracker/install/quadrotor_msgs/include/quadrotor_msgs/quadrotor_msgs/msg/detail/position_command__type_support.c
-- Up-to-date: /mpc/new/Elastic-Tracker/install/quadrotor_msgs/lib/libquadrotor_msgs__rosidl_typesupport_introspection_c.so
-- Up-to-date: /mpc/new/Elastic-Tracker/install/quadrotor_msgs/lib/libquadrotor_msgs__rosidl_typesupport_c.so
-- Up-to-date: /mpc/new/Elastic-Tracker/install/quadrotor_msgs/include/quadrotor_msgs/quadrotor_msgs
-- Up-to-date: /mpc/new/Elastic-Tracker/install/quadrotor_msgs/include/quadrotor_msgs/quadrotor_msgs/msg
-- Up-to-date: /mpc/new/Elastic-Tracker/install/quadrotor_msgs/include/quadrotor_msgs/quadrotor_msgs/msg/detail
-- Up-to-date: /mpc/new/Elastic-Tracker/install/quadrotor_msgs/include/quadrotor_msgs/quadrotor_msgs/msg/detail/aux_command__type_support.cpp
-- Up-to-date: /mpc/new/Elastic-Tracker/install/quadrotor_msgs/include/quadrotor_msgs/quadrotor_msgs/msg/detail/so3_command__type_support.cpp
-- Up-to-date: /mpc/new/Elastic-Tracker/install/quadrotor_msgs/include/quadrotor_msgs/quadrotor_msgs/msg/detail/occ_map3d__rosidl_typesupport_introspection_cpp.hpp
-- Up-to-date: /mpc/new/Elastic-Tracker/install/quadrotor_msgs/include/quadrotor_msgs/quadrotor_msgs/msg/detail/replan_state__rosidl_typesupport_introspection_cpp.hpp
-- Up-to-date: /mpc/new/Elastic-Tracker/install/quadrotor_msgs/include/quadrotor_msgs/quadrotor_msgs/msg/detail/position_command__type_support.cpp
-- Up-to-date: /mpc/new/Elastic-Tracker/install/quadrotor_msgs/include/quadrotor_msgs/quadrotor_msgs/msg/detail/occ_map3d__type_support.cpp
-- Up-to-date: /mpc/new/Elastic-Tracker/install/quadrotor_msgs/include/quadrotor_msgs/quadrotor_msgs/msg/detail/px4ctrl_debug__type_support.cpp
-- Up-to-date: /mpc/new/Elastic-Tracker/install/quadrotor_msgs/include/quadrotor_msgs/quadrotor_msgs/msg/detail/so3_command__rosidl_typesupport_introspection_cpp.hpp
-- Up-to-date: /mpc/new/Elastic-Tracker/install/quadrotor_msgs/include/quadrotor_msgs/quadrotor_msgs/msg/detail/px4ctrl_debug__rosidl_typesupport_introspection_cpp.hpp
-- Up-to-date: /mpc/new/Elastic-Tracker/install/quadrotor_msgs/include/quadrotor_msgs/quadrotor_msgs/msg/detail/poly_traj__type_support.cpp
-- Up-to-date: /mpc/new/Elastic-Tracker/install/quadrotor_msgs/include/quadrotor_msgs/quadrotor_msgs/msg/detail/takeoff_land__type_support.cpp
-- Up-to-date: /mpc/new/Elastic-Tracker/install/quadrotor_msgs/include/quadrotor_msgs/quadrotor_msgs/msg/detail/takeoff_land__rosidl_typesupport_introspection_cpp.hpp
-- Up-to-date: /mpc/new/Elastic-Tracker/install/quadrotor_msgs/include/quadrotor_msgs/quadrotor_msgs/msg/detail/position_command__rosidl_typesupport_introspection_cpp.hpp
-- Up-to-date: /mpc/new/Elastic-Tracker/install/quadrotor_msgs/include/quadrotor_msgs/quadrotor_msgs/msg/detail/replan_state__type_support.cpp
-- Up-to-date: /mpc/new/Elastic-Tracker/install/quadrotor_msgs/include/quadrotor_msgs/quadrotor_msgs/msg/detail/poly_traj__rosidl_typesupport_introspection_cpp.hpp
-- Up-to-date: /mpc/new/Elastic-Tracker/install/quadrotor_msgs/include/quadrotor_msgs/quadrotor_msgs/msg/detail/aux_command__rosidl_typesupport_introspection_cpp.hpp
-- Up-to-date: /mpc/new/Elastic-Tracker/install/quadrotor_msgs/lib/libquadrotor_msgs__rosidl_typesupport_introspection_cpp.so
-- Up-to-date: /mpc/new/Elastic-Tracker/install/quadrotor_msgs/lib/libquadrotor_msgs__rosidl_typesupport_cpp.so
-- Up-to-date: /mpc/new/Elastic-Tracker/install/quadrotor_msgs/share/quadrotor_msgs/environment/pythonpath.sh
-- Up-to-date: /mpc/new/Elastic-Tracker/install/quadrotor_msgs/share/quadrotor_msgs/environment/pythonpath.dsv
-- Up-to-date: /mpc/new/Elastic-Tracker/install/quadrotor_msgs/local/lib/python3.10/dist-packages/quadrotor_msgs-0.0.0-py3.10.egg-info
-- Installing: /mpc/new/Elastic-Tracker/install/quadrotor_msgs/local/lib/python3.10/dist-packages/quadrotor_msgs-0.0.0-py3.10.egg-info/dependency_links.txt
-- Installing: /mpc/new/Elastic-Tracker/install/quadrotor_msgs/local/lib/python3.10/dist-packages/quadrotor_msgs-0.0.0-py3.10.egg-info/top_level.txt
-- Installing: /mpc/new/Elastic-Tracker/install/quadrotor_msgs/local/lib/python3.10/dist-packages/quadrotor_msgs-0.0.0-py3.10.egg-info/PKG-INFO
-- Installing: /mpc/new/Elastic-Tracker/install/quadrotor_msgs/local/lib/python3.10/dist-packages/quadrotor_msgs-0.0.0-py3.10.egg-info/SOURCES.txt
-- Up-to-date: /mpc/new/Elastic-Tracker/install/quadrotor_msgs/local/lib/python3.10/dist-packages/quadrotor_msgs
-- Up-to-date: /mpc/new/Elastic-Tracker/install/quadrotor_msgs/local/lib/python3.10/dist-packages/quadrotor_msgs/quadrotor_msgs_s__rosidl_typesupport_introspection_c.cpython-310-x86_64-linux-gnu.so
-- Up-to-date: /mpc/new/Elastic-Tracker/install/quadrotor_msgs/local/lib/python3.10/dist-packages/quadrotor_msgs/_quadrotor_msgs_s.ep.rosidl_typesupport_fastrtps_c.c
-- Up-to-date: /mpc/new/Elastic-Tracker/install/quadrotor_msgs/local/lib/python3.10/dist-packages/quadrotor_msgs/quadrotor_msgs_s__rosidl_typesupport_fastrtps_c.cpython-310-x86_64-linux-gnu.so
-- Up-to-date: /mpc/new/Elastic-Tracker/install/quadrotor_msgs/local/lib/python3.10/dist-packages/quadrotor_msgs/__init__.py
-- Up-to-date: /mpc/new/Elastic-Tracker/install/quadrotor_msgs/local/lib/python3.10/dist-packages/quadrotor_msgs/_quadrotor_msgs_s.ep.rosidl_typesupport_c.c
-- Up-to-date: /mpc/new/Elastic-Tracker/install/quadrotor_msgs/local/lib/python3.10/dist-packages/quadrotor_msgs/_quadrotor_msgs_s.ep.rosidl_typesupport_introspection_c.c
-- Up-to-date: /mpc/new/Elastic-Tracker/install/quadrotor_msgs/local/lib/python3.10/dist-packages/quadrotor_msgs/quadrotor_msgs_s__rosidl_typesupport_c.cpython-310-x86_64-linux-gnu.so
-- Up-to-date: /mpc/new/Elastic-Tracker/install/quadrotor_msgs/local/lib/python3.10/dist-packages/quadrotor_msgs/libquadrotor_msgs__rosidl_generator_py.so
-- Up-to-date: /mpc/new/Elastic-Tracker/install/quadrotor_msgs/local/lib/python3.10/dist-packages/quadrotor_msgs/msg
-- Up-to-date: /mpc/new/Elastic-Tracker/install/quadrotor_msgs/local/lib/python3.10/dist-packages/quadrotor_msgs/msg/_position_command_s.c
-- Up-to-date: /mpc/new/Elastic-Tracker/install/quadrotor_msgs/local/lib/python3.10/dist-packages/quadrotor_msgs/msg/_poly_traj_s.c
-- Up-to-date: /mpc/new/Elastic-Tracker/install/quadrotor_msgs/local/lib/python3.10/dist-packages/quadrotor_msgs/msg/_replan_state_s.c
-- Up-to-date: /mpc/new/Elastic-Tracker/install/quadrotor_msgs/local/lib/python3.10/dist-packages/quadrotor_msgs/msg/_takeoff_land.py
-- Up-to-date: /mpc/new/Elastic-Tracker/install/quadrotor_msgs/local/lib/python3.10/dist-packages/quadrotor_msgs/msg/_aux_command_s.c
-- Up-to-date: /mpc/new/Elastic-Tracker/install/quadrotor_msgs/local/lib/python3.10/dist-packages/quadrotor_msgs/msg/_px4ctrl_debug.py
-- Up-to-date: /mpc/new/Elastic-Tracker/install/quadrotor_msgs/local/lib/python3.10/dist-packages/quadrotor_msgs/msg/_takeoff_land_s.c
-- Up-to-date: /mpc/new/Elastic-Tracker/install/quadrotor_msgs/local/lib/python3.10/dist-packages/quadrotor_msgs/msg/_occ_map3d.py
-- Up-to-date: /mpc/new/Elastic-Tracker/install/quadrotor_msgs/local/lib/python3.10/dist-packages/quadrotor_msgs/msg/__init__.py
-- Up-to-date: /mpc/new/Elastic-Tracker/install/quadrotor_msgs/local/lib/python3.10/dist-packages/quadrotor_msgs/msg/_so3_command.py
-- Up-to-date: /mpc/new/Elastic-Tracker/install/quadrotor_msgs/local/lib/python3.10/dist-packages/quadrotor_msgs/msg/_aux_command.py
-- Up-to-date: /mpc/new/Elastic-Tracker/install/quadrotor_msgs/local/lib/python3.10/dist-packages/quadrotor_msgs/msg/_occ_map3d_s.c
-- Up-to-date: /mpc/new/Elastic-Tracker/install/quadrotor_msgs/local/lib/python3.10/dist-packages/quadrotor_msgs/msg/_poly_traj.py
-- Up-to-date: /mpc/new/Elastic-Tracker/install/quadrotor_msgs/local/lib/python3.10/dist-packages/quadrotor_msgs/msg/_position_command.py
-- Up-to-date: /mpc/new/Elastic-Tracker/install/quadrotor_msgs/local/lib/python3.10/dist-packages/quadrotor_msgs/msg/_replan_state.py
-- Up-to-date: /mpc/new/Elastic-Tracker/install/quadrotor_msgs/local/lib/python3.10/dist-packages/quadrotor_msgs/msg/_px4ctrl_debug_s.c
-- Up-to-date: /mpc/new/Elastic-Tracker/install/quadrotor_msgs/local/lib/python3.10/dist-packages/quadrotor_msgs/msg/_so3_command_s.c
Listing '/mpc/new/Elastic-Tracker/install/quadrotor_msgs/local/lib/python3.10/dist-packages/quadrotor_msgs'...
Listing '/mpc/new/Elastic-Tracker/install/quadrotor_msgs/local/lib/python3.10/dist-packages/quadrotor_msgs/msg'...
-- Up-to-date: /mpc/new/Elastic-Tracker/install/quadrotor_msgs/local/lib/python3.10/dist-packages/quadrotor_msgs/quadrotor_msgs_s__rosidl_typesupport_fastrtps_c.cpython-310-x86_64-linux-gnu.so
-- Up-to-date: /mpc/new/Elastic-Tracker/install/quadrotor_msgs/local/lib/python3.10/dist-packages/quadrotor_msgs/quadrotor_msgs_s__rosidl_typesupport_introspection_c.cpython-310-x86_64-linux-gnu.so
-- Up-to-date: /mpc/new/Elastic-Tracker/install/quadrotor_msgs/local/lib/python3.10/dist-packages/quadrotor_msgs/quadrotor_msgs_s__rosidl_typesupport_c.cpython-310-x86_64-linux-gnu.so
-- Up-to-date: /mpc/new/Elastic-Tracker/install/quadrotor_msgs/lib/libquadrotor_msgs__rosidl_generator_py.so
-- Up-to-date: /mpc/new/Elastic-Tracker/install/quadrotor_msgs/share/quadrotor_msgs/msg/OccMap3d.idl
-- Up-to-date: /mpc/new/Elastic-Tracker/install/quadrotor_msgs/share/quadrotor_msgs/msg/PolyTraj.idl
-- Up-to-date: /mpc/new/Elastic-Tracker/install/quadrotor_msgs/share/quadrotor_msgs/msg/ReplanState.idl
-- Up-to-date: /mpc/new/Elastic-Tracker/install/quadrotor_msgs/share/quadrotor_msgs/msg/PositionCommand.idl
-- Up-to-date: /mpc/new/Elastic-Tracker/install/quadrotor_msgs/share/quadrotor_msgs/msg/SO3Command.idl
-- Up-to-date: /mpc/new/Elastic-Tracker/install/quadrotor_msgs/share/quadrotor_msgs/msg/AuxCommand.idl
-- Up-to-date: /mpc/new/Elastic-Tracker/install/quadrotor_msgs/share/quadrotor_msgs/msg/Px4ctrlDebug.idl
-- Up-to-date: /mpc/new/Elastic-Tracker/install/quadrotor_msgs/share/quadrotor_msgs/msg/TakeoffLand.idl
-- Up-to-date: /mpc/new/Elastic-Tracker/install/quadrotor_msgs/share/quadrotor_msgs/msg/OccMap3d.msg
-- Up-to-date: /mpc/new/Elastic-Tracker/install/quadrotor_msgs/share/quadrotor_msgs/msg/PolyTraj.msg
-- Up-to-date: /mpc/new/Elastic-Tracker/install/quadrotor_msgs/share/quadrotor_msgs/msg/ReplanState.msg
-- Up-to-date: /mpc/new/Elastic-Tracker/install/quadrotor_msgs/share/quadrotor_msgs/msg/PositionCommand.msg
-- Up-to-date: /mpc/new/Elastic-Tracker/install/quadrotor_msgs/share/quadrotor_msgs/msg/SO3Command.msg
-- Up-to-date: /mpc/new/Elastic-Tracker/install/quadrotor_msgs/share/quadrotor_msgs/msg/AuxCommand.msg
-- Up-to-date: /mpc/new/Elastic-Tracker/install/quadrotor_msgs/share/quadrotor_msgs/msg/Px4ctrlDebug.msg
-- Up-to-date: /mpc/new/Elastic-Tracker/install/quadrotor_msgs/share/quadrotor_msgs/msg/TakeoffLand.msg
-- Up-to-date: /mpc/new/Elastic-Tracker/install/quadrotor_msgs/share/quadrotor_msgs/msg
-- Up-to-date: /mpc/new/Elastic-Tracker/install/quadrotor_msgs/share/quadrotor_msgs/msg/Px4ctrlDebug.msg
-- Up-to-date: /mpc/new/Elastic-Tracker/install/quadrotor_msgs/share/quadrotor_msgs/msg/TakeoffLand.msg
-- Up-to-date: /mpc/new/Elastic-Tracker/install/quadrotor_msgs/share/quadrotor_msgs/msg/PositionCommand.msg
-- Up-to-date: /mpc/new/Elastic-Tracker/install/quadrotor_msgs/share/quadrotor_msgs/msg/ReplanState.msg
-- Up-to-date: /mpc/new/Elastic-Tracker/install/quadrotor_msgs/share/quadrotor_msgs/msg/AuxCommand.msg
-- Up-to-date: /mpc/new/Elastic-Tracker/install/quadrotor_msgs/share/quadrotor_msgs/msg/SO3Command.msg
-- Up-to-date: /mpc/new/Elastic-Tracker/install/quadrotor_msgs/share/quadrotor_msgs/msg/OccMap3d.msg
-- Up-to-date: /mpc/new/Elastic-Tracker/install/quadrotor_msgs/share/quadrotor_msgs/msg/PolyTraj.msg
-- Up-to-date: /mpc/new/Elastic-Tracker/install/quadrotor_msgs/share/ament_index/resource_index/package_run_dependencies/quadrotor_msgs
-- Up-to-date: /mpc/new/Elastic-Tracker/install/quadrotor_msgs/share/ament_index/resource_index/parent_prefix_path/quadrotor_msgs
-- Up-to-date: /mpc/new/Elastic-Tracker/install/quadrotor_msgs/share/quadrotor_msgs/environment/ament_prefix_path.sh
-- Up-to-date: /mpc/new/Elastic-Tracker/install/quadrotor_msgs/share/quadrotor_msgs/environment/ament_prefix_path.dsv
-- Up-to-date: /mpc/new/Elastic-Tracker/install/quadrotor_msgs/share/quadrotor_msgs/environment/path.sh
-- Up-to-date: /mpc/new/Elastic-Tracker/install/quadrotor_msgs/share/quadrotor_msgs/environment/path.dsv
-- Up-to-date: /mpc/new/Elastic-Tracker/install/quadrotor_msgs/share/quadrotor_msgs/local_setup.bash
-- Up-to-date: /mpc/new/Elastic-Tracker/install/quadrotor_msgs/share/quadrotor_msgs/local_setup.sh
-- Up-to-date: /mpc/new/Elastic-Tracker/install/quadrotor_msgs/share/quadrotor_msgs/local_setup.zsh
-- Up-to-date: /mpc/new/Elastic-Tracker/install/quadrotor_msgs/share/quadrotor_msgs/local_setup.dsv
-- Installing: /mpc/new/Elastic-Tracker/install/quadrotor_msgs/share/quadrotor_msgs/package.dsv
-- Up-to-date: /mpc/new/Elastic-Tracker/install/quadrotor_msgs/share/ament_index/resource_index/packages/quadrotor_msgs
-- Up-to-date: /mpc/new/Elastic-Tracker/install/quadrotor_msgs/share/quadrotor_msgs/cmake/export_quadrotor_msgs__rosidl_generator_cExport.cmake
-- Up-to-date: /mpc/new/Elastic-Tracker/install/quadrotor_msgs/share/quadrotor_msgs/cmake/export_quadrotor_msgs__rosidl_generator_cExport-noconfig.cmake
-- Up-to-date: /mpc/new/Elastic-Tracker/install/quadrotor_msgs/share/quadrotor_msgs/cmake/export_quadrotor_msgs__rosidl_typesupport_fastrtps_cExport.cmake
-- Up-to-date: /mpc/new/Elastic-Tracker/install/quadrotor_msgs/share/quadrotor_msgs/cmake/export_quadrotor_msgs__rosidl_typesupport_fastrtps_cExport-noconfig.cmake
-- Up-to-date: /mpc/new/Elastic-Tracker/install/quadrotor_msgs/share/quadrotor_msgs/cmake/export_quadrotor_msgs__rosidl_generator_cppExport.cmake
-- Up-to-date: /mpc/new/Elastic-Tracker/install/quadrotor_msgs/share/quadrotor_msgs/cmake/export_quadrotor_msgs__rosidl_typesupport_fastrtps_cppExport.cmake
-- Up-to-date: /mpc/new/Elastic-Tracker/install/quadrotor_msgs/share/quadrotor_msgs/cmake/export_quadrotor_msgs__rosidl_typesupport_fastrtps_cppExport-noconfig.cmake
-- Up-to-date: /mpc/new/Elastic-Tracker/install/quadrotor_msgs/share/quadrotor_msgs/cmake/quadrotor_msgs__rosidl_typesupport_introspection_cExport.cmake
-- Up-to-date: /mpc/new/Elastic-Tracker/install/quadrotor_msgs/share/quadrotor_msgs/cmake/quadrotor_msgs__rosidl_typesupport_introspection_cExport-noconfig.cmake
-- Up-to-date: /mpc/new/Elastic-Tracker/install/quadrotor_msgs/share/quadrotor_msgs/cmake/quadrotor_msgs__rosidl_typesupport_cExport.cmake
-- Up-to-date: /mpc/new/Elastic-Tracker/install/quadrotor_msgs/share/quadrotor_msgs/cmake/quadrotor_msgs__rosidl_typesupport_cExport-noconfig.cmake
-- Up-to-date: /mpc/new/Elastic-Tracker/install/quadrotor_msgs/share/quadrotor_msgs/cmake/quadrotor_msgs__rosidl_typesupport_introspection_cppExport.cmake
-- Up-to-date: /mpc/new/Elastic-Tracker/install/quadrotor_msgs/share/quadrotor_msgs/cmake/quadrotor_msgs__rosidl_typesupport_introspection_cppExport-noconfig.cmake
-- Up-to-date: /mpc/new/Elastic-Tracker/install/quadrotor_msgs/share/quadrotor_msgs/cmake/quadrotor_msgs__rosidl_typesupport_cppExport.cmake
-- Up-to-date: /mpc/new/Elastic-Tracker/install/quadrotor_msgs/share/quadrotor_msgs/cmake/quadrotor_msgs__rosidl_typesupport_cppExport-noconfig.cmake
-- Up-to-date: /mpc/new/Elastic-Tracker/install/quadrotor_msgs/share/quadrotor_msgs/cmake/export_quadrotor_msgs__rosidl_generator_pyExport.cmake
-- Up-to-date: /mpc/new/Elastic-Tracker/install/quadrotor_msgs/share/quadrotor_msgs/cmake/export_quadrotor_msgs__rosidl_generator_pyExport-noconfig.cmake
-- Up-to-date: /mpc/new/Elastic-Tracker/install/quadrotor_msgs/share/quadrotor_msgs/cmake/rosidl_cmake-extras.cmake
-- Up-to-date: /mpc/new/Elastic-Tracker/install/quadrotor_msgs/share/quadrotor_msgs/cmake/ament_cmake_export_dependencies-extras.cmake
-- Up-to-date: /mpc/new/Elastic-Tracker/install/quadrotor_msgs/share/quadrotor_msgs/cmake/ament_cmake_export_include_directories-extras.cmake
-- Up-to-date: /mpc/new/Elastic-Tracker/install/quadrotor_msgs/share/quadrotor_msgs/cmake/ament_cmake_export_libraries-extras.cmake
-- Up-to-date: /mpc/new/Elastic-Tracker/install/quadrotor_msgs/share/quadrotor_msgs/cmake/ament_cmake_export_targets-extras.cmake
-- Up-to-date: /mpc/new/Elastic-Tracker/install/quadrotor_msgs/share/quadrotor_msgs/cmake/rosidl_cmake_export_typesupport_targets-extras.cmake
-- Up-to-date: /mpc/new/Elastic-Tracker/install/quadrotor_msgs/share/quadrotor_msgs/cmake/rosidl_cmake_export_typesupport_libraries-extras.cmake
-- Up-to-date: /mpc/new/Elastic-Tracker/install/quadrotor_msgs/share/quadrotor_msgs/cmake/quadrotor_msgsConfig.cmake
-- Up-to-date: /mpc/new/Elastic-Tracker/install/quadrotor_msgs/share/quadrotor_msgs/cmake/quadrotor_msgsConfig-version.cmake
-- Up-to-date: /mpc/new/Elastic-Tracker/install/quadrotor_msgs/share/quadrotor_msgs/package.xml
