[0.031s] Invoking command in '/mpc/new/Elastic-Tracker/src/detection/build/object_detection_msgs': CMAKE_PREFIX_PATH=/opt/ros/humble /usr/bin/cmake /mpc/new/Elastic-Tracker/src/detection/object_detection_msgs -DCMAKE_INSTALL_PREFIX=/mpc/new/Elastic-Tracker/src/detection/install/object_detection_msgs
[0.105s] -- The C compiler identification is GNU 11.4.0
[0.216s] -- The CXX compiler identification is GNU 11.4.0
[0.226s] -- Detecting C compiler ABI info
[0.344s] -- Detecting C compiler ABI info - done
[0.354s] -- Check for working C compiler: /usr/bin/cc - skipped
[0.355s] -- Detecting C compile features
[0.355s] -- Detecting C compile features - done
[0.359s] -- Detecting CXX compiler ABI info
[0.444s] -- Detecting CXX compiler ABI info - done
[0.466s] -- Check for working CXX compiler: /usr/bin/c++ - skipped
[0.467s] -- Detecting CXX compile features
[0.468s] -- Detecting CXX compile features - done
[0.476s] -- Found ament_cmake: 1.3.11 (/opt/ros/humble/share/ament_cmake/cmake)
[0.737s] -- Found Python3: /usr/bin/python3 (found version "3.10.12") found components: Interpreter 
[0.890s] -- Found rosidl_default_generators: 1.2.0 (/opt/ros/humble/share/rosidl_default_generators/cmake)
[0.894s] -- Using all available rosidl_typesupport_c: rosidl_typesupport_fastrtps_c;rosidl_typesupport_introspection_c
[0.904s] -- Found rosidl_adapter: 3.1.6 (/opt/ros/humble/share/rosidl_adapter/cmake)
[1.004s] -- Using all available rosidl_typesupport_cpp: rosidl_typesupport_fastrtps_cpp;rosidl_typesupport_introspection_cpp
[1.074s] -- Found std_msgs: 4.2.4 (/opt/ros/humble/share/std_msgs/cmake)
[1.644s] -- Found ament_cmake_ros: 0.10.0 (/opt/ros/humble/share/ament_cmake_ros/cmake)
[1.999s] -- Using all available rosidl_typesupport_c: rosidl_typesupport_fastrtps_c;rosidl_typesupport_introspection_c
[2.467s] -- Using all available rosidl_typesupport_cpp: rosidl_typesupport_fastrtps_cpp;rosidl_typesupport_introspection_cpp
[2.504s] -- Found PythonInterp: /usr/bin/python3 (found suitable version "3.10.12", minimum required is "3.6") 
[2.507s] -- Found python_cmake_module: 0.10.0 (/opt/ros/humble/share/python_cmake_module/cmake)
[2.539s] -- Found PythonLibs: /usr/lib/x86_64-linux-gnu/libpython3.10.so (found suitable version "3.10.12", minimum required is "3.5") 
[2.539s] -- Using PYTHON_EXECUTABLE: /usr/bin/python3
[2.539s] -- Using PYTHON_INCLUDE_DIRS: /usr/include/python3.10
[2.539s] -- Using PYTHON_LIBRARIES: /usr/lib/x86_64-linux-gnu/libpython3.10.so
[2.581s] -- Found PythonExtra: .so  
[2.661s] -- Found ament_lint_auto: 0.12.11 (/opt/ros/humble/share/ament_lint_auto/cmake)
[2.668s] -- Configuring done
[2.714s] -- Generating done
[2.759s] -- Build files have been written to: /mpc/new/Elastic-Tracker/src/detection/build/object_detection_msgs
[2.767s] Invoked command in '/mpc/new/Elastic-Tracker/src/detection/build/object_detection_msgs' returned '0': CMAKE_PREFIX_PATH=/opt/ros/humble /usr/bin/cmake /mpc/new/Elastic-Tracker/src/detection/object_detection_msgs -DCMAKE_INSTALL_PREFIX=/mpc/new/Elastic-Tracker/src/detection/install/object_detection_msgs
[2.770s] Invoking command in '/mpc/new/Elastic-Tracker/src/detection/build/object_detection_msgs': CMAKE_PREFIX_PATH=/opt/ros/humble /usr/bin/cmake --build /mpc/new/Elastic-Tracker/src/detection/build/object_detection_msgs -- -j12 -l12
[2.827s] [  1%] [34m[1mGenerating C code for ROS interfaces[0m
[2.837s] [  3%] [34m[1mGenerating C++ code for ROS interfaces[0m
[2.845s] [  3%] Built target ament_cmake_python_copy_object_detection_msgs
[3.318s] running egg_info
[3.319s] creating object_detection_msgs.egg-info
[3.319s] writing object_detection_msgs.egg-info/PKG-INFO
[3.320s] writing dependency_links to object_detection_msgs.egg-info/dependency_links.txt
[3.320s] writing top-level names to object_detection_msgs.egg-info/top_level.txt
[3.320s] writing manifest file 'object_detection_msgs.egg-info/SOURCES.txt'
[3.324s] reading manifest file 'object_detection_msgs.egg-info/SOURCES.txt'
[3.325s] writing manifest file 'object_detection_msgs.egg-info/SOURCES.txt'
[3.371s] [  3%] Built target ament_cmake_python_build_object_detection_msgs_egg
[3.577s] [  3%] Built target object_detection_msgs__cpp
[3.590s] [  4%] [34m[1mGenerating C++ type support dispatch for ROS interfaces[0m
[3.593s] [  6%] [34m[1mGenerating C++ type support for eProsima Fast-RTPS[0m
[3.594s] [  7%] [34m[1mGenerating C++ introspection for ROS interfaces[0m
[3.717s] [ 11%] [32mBuilding C object CMakeFiles/object_detection_msgs__rosidl_generator_c.dir/rosidl_generator_c/object_detection_msgs/msg/detail/object_count__functions.c.o[0m
[3.717s] [ 11%] [32mBuilding C object CMakeFiles/object_detection_msgs__rosidl_generator_c.dir/rosidl_generator_c/object_detection_msgs/msg/detail/bounding_boxes__functions.c.o[0m
[3.717s] [ 12%] [32mBuilding C object CMakeFiles/object_detection_msgs__rosidl_generator_c.dir/rosidl_generator_c/object_detection_msgs/msg/detail/car_position__functions.c.o[0m
[3.718s] [ 14%] [32mBuilding C object CMakeFiles/object_detection_msgs__rosidl_generator_c.dir/rosidl_generator_c/object_detection_msgs/msg/detail/bounding_box__functions.c.o[0m
[3.793s] [ 15%] [32mBuilding C object CMakeFiles/object_detection_msgs__rosidl_generator_c.dir/rosidl_generator_c/object_detection_msgs/msg/detail/motor_angle__functions.c.o[0m
[3.877s] [ 17%] [32m[1mLinking C shared library libobject_detection_msgs__rosidl_generator_c.so[0m
[3.952s] [ 17%] Built target object_detection_msgs__rosidl_generator_c
[3.964s] [ 19%] [34m[1mGenerating C type support for eProsima Fast-RTPS[0m
[4.173s] [ 20%] [32mBuilding CXX object CMakeFiles/object_detection_msgs__rosidl_typesupport_cpp.dir/rosidl_typesupport_cpp/object_detection_msgs/msg/bounding_box__type_support.cpp.o[0m
[4.175s] [ 25%] [32mBuilding CXX object CMakeFiles/object_detection_msgs__rosidl_typesupport_cpp.dir/rosidl_typesupport_cpp/object_detection_msgs/msg/motor_angle__type_support.cpp.o[0m
[4.176s] [ 25%] [32mBuilding CXX object CMakeFiles/object_detection_msgs__rosidl_typesupport_cpp.dir/rosidl_typesupport_cpp/object_detection_msgs/msg/bounding_boxes__type_support.cpp.o[0m
[4.176s] [ 25%] [32mBuilding CXX object CMakeFiles/object_detection_msgs__rosidl_typesupport_cpp.dir/rosidl_typesupport_cpp/object_detection_msgs/msg/object_count__type_support.cpp.o[0m
[4.176s] [ 26%] [32mBuilding CXX object CMakeFiles/object_detection_msgs__rosidl_typesupport_cpp.dir/rosidl_typesupport_cpp/object_detection_msgs/msg/car_position__type_support.cpp.o[0m
[4.372s] [ 28%] [32mBuilding CXX object CMakeFiles/object_detection_msgs__rosidl_typesupport_introspection_cpp.dir/rosidl_typesupport_introspection_cpp/object_detection_msgs/msg/detail/bounding_box__type_support.cpp.o[0m
[4.385s] [ 30%] [32mBuilding CXX object CMakeFiles/object_detection_msgs__rosidl_typesupport_introspection_cpp.dir/rosidl_typesupport_introspection_cpp/object_detection_msgs/msg/detail/bounding_boxes__type_support.cpp.o[0m
[4.387s] [ 31%] [32mBuilding CXX object CMakeFiles/object_detection_msgs__rosidl_typesupport_introspection_cpp.dir/rosidl_typesupport_introspection_cpp/object_detection_msgs/msg/detail/object_count__type_support.cpp.o[0m
[4.688s] [ 33%] [32mBuilding CXX object CMakeFiles/object_detection_msgs__rosidl_typesupport_fastrtps_cpp.dir/rosidl_typesupport_fastrtps_cpp/object_detection_msgs/msg/detail/dds_fastrtps/bounding_box__type_support.cpp.o[0m
[4.750s] [ 34%] [32mBuilding CXX object CMakeFiles/object_detection_msgs__rosidl_typesupport_fastrtps_cpp.dir/rosidl_typesupport_fastrtps_cpp/object_detection_msgs/msg/detail/dds_fastrtps/bounding_boxes__type_support.cpp.o[0m
[4.800s] [ 36%] [32mBuilding CXX object CMakeFiles/object_detection_msgs__rosidl_typesupport_introspection_cpp.dir/rosidl_typesupport_introspection_cpp/object_detection_msgs/msg/detail/car_position__type_support.cpp.o[0m
[4.808s] [ 38%] [32mBuilding CXX object CMakeFiles/object_detection_msgs__rosidl_typesupport_introspection_cpp.dir/rosidl_typesupport_introspection_cpp/object_detection_msgs/msg/detail/motor_angle__type_support.cpp.o[0m
[4.897s] [ 39%] [32m[1mLinking CXX shared library libobject_detection_msgs__rosidl_typesupport_cpp.so[0m
[4.934s] [ 41%] [32mBuilding CXX object CMakeFiles/object_detection_msgs__rosidl_typesupport_fastrtps_cpp.dir/rosidl_typesupport_fastrtps_cpp/object_detection_msgs/msg/detail/dds_fastrtps/object_count__type_support.cpp.o[0m
[4.983s] [ 41%] Built target object_detection_msgs__rosidl_typesupport_cpp
[5.016s] [ 42%] [34m[1mGenerating C type support dispatch for ROS interfaces[0m
[5.043s] [ 44%] [32mBuilding CXX object CMakeFiles/object_detection_msgs__rosidl_typesupport_fastrtps_c.dir/rosidl_typesupport_fastrtps_c/object_detection_msgs/msg/detail/bounding_box__type_support_c.cpp.o[0m
[5.063s] [ 46%] [32mBuilding CXX object CMakeFiles/object_detection_msgs__rosidl_typesupport_fastrtps_cpp.dir/rosidl_typesupport_fastrtps_cpp/object_detection_msgs/msg/detail/dds_fastrtps/car_position__type_support.cpp.o[0m
[5.116s] [ 47%] [34m[1mGenerating C introspection for ROS interfaces[0m
[5.225s] [ 49%] [32mBuilding CXX object CMakeFiles/object_detection_msgs__rosidl_typesupport_fastrtps_cpp.dir/rosidl_typesupport_fastrtps_cpp/object_detection_msgs/msg/detail/dds_fastrtps/motor_angle__type_support.cpp.o[0m
[5.474s] [ 50%] [32mBuilding CXX object CMakeFiles/object_detection_msgs__rosidl_typesupport_fastrtps_c.dir/rosidl_typesupport_fastrtps_c/object_detection_msgs/msg/detail/bounding_boxes__type_support_c.cpp.o[0m
[5.476s] [ 52%] [32mBuilding CXX object CMakeFiles/object_detection_msgs__rosidl_typesupport_fastrtps_c.dir/rosidl_typesupport_fastrtps_c/object_detection_msgs/msg/detail/object_count__type_support_c.cpp.o[0m
[5.758s] [ 53%] [32mBuilding CXX object CMakeFiles/object_detection_msgs__rosidl_typesupport_fastrtps_c.dir/rosidl_typesupport_fastrtps_c/object_detection_msgs/msg/detail/car_position__type_support_c.cpp.o[0m
[5.880s] [ 55%] [32mBuilding CXX object CMakeFiles/object_detection_msgs__rosidl_typesupport_fastrtps_c.dir/rosidl_typesupport_fastrtps_c/object_detection_msgs/msg/detail/motor_angle__type_support_c.cpp.o[0m
[6.115s] [ 57%] [32m[1mLinking CXX shared library libobject_detection_msgs__rosidl_typesupport_introspection_cpp.so[0m
[6.293s] [ 57%] Built target object_detection_msgs__rosidl_typesupport_introspection_cpp
[6.370s] [ 58%] [32mBuilding CXX object CMakeFiles/object_detection_msgs__rosidl_typesupport_c.dir/rosidl_typesupport_c/object_detection_msgs/msg/bounding_box__type_support.cpp.o[0m
[6.376s] [ 60%] [32mBuilding CXX object CMakeFiles/object_detection_msgs__rosidl_typesupport_c.dir/rosidl_typesupport_c/object_detection_msgs/msg/bounding_boxes__type_support.cpp.o[0m
[6.381s] [ 63%] [32mBuilding CXX object CMakeFiles/object_detection_msgs__rosidl_typesupport_c.dir/rosidl_typesupport_c/object_detection_msgs/msg/car_position__type_support.cpp.o[0m
[6.382s] [ 63%] [32mBuilding CXX object CMakeFiles/object_detection_msgs__rosidl_typesupport_c.dir/rosidl_typesupport_c/object_detection_msgs/msg/object_count__type_support.cpp.o[0m
[6.428s] [ 65%] [32mBuilding CXX object CMakeFiles/object_detection_msgs__rosidl_typesupport_c.dir/rosidl_typesupport_c/object_detection_msgs/msg/motor_angle__type_support.cpp.o[0m
[6.439s] [ 66%] [32m[1mLinking CXX shared library libobject_detection_msgs__rosidl_typesupport_fastrtps_cpp.so[0m
[6.487s] [ 68%] [32mBuilding C object CMakeFiles/object_detection_msgs__rosidl_typesupport_introspection_c.dir/rosidl_typesupport_introspection_c/object_detection_msgs/msg/detail/bounding_box__type_support.c.o[0m
[6.495s] [ 69%] [32mBuilding C object CMakeFiles/object_detection_msgs__rosidl_typesupport_introspection_c.dir/rosidl_typesupport_introspection_c/object_detection_msgs/msg/detail/object_count__type_support.c.o[0m
[6.505s] [ 71%] [32mBuilding C object CMakeFiles/object_detection_msgs__rosidl_typesupport_introspection_c.dir/rosidl_typesupport_introspection_c/object_detection_msgs/msg/detail/car_position__type_support.c.o[0m
[6.511s] [ 73%] [32mBuilding C object CMakeFiles/object_detection_msgs__rosidl_typesupport_introspection_c.dir/rosidl_typesupport_introspection_c/object_detection_msgs/msg/detail/bounding_boxes__type_support.c.o[0m
[6.532s] [ 74%] [32m[1mLinking CXX shared library libobject_detection_msgs__rosidl_typesupport_c.so[0m
[6.538s] [ 76%] [32mBuilding C object CMakeFiles/object_detection_msgs__rosidl_typesupport_introspection_c.dir/rosidl_typesupport_introspection_c/object_detection_msgs/msg/detail/motor_angle__type_support.c.o[0m
[6.586s] [ 76%] Built target object_detection_msgs__rosidl_typesupport_fastrtps_cpp
[6.605s] [ 77%] [32m[1mLinking C shared library libobject_detection_msgs__rosidl_typesupport_introspection_c.so[0m
[6.615s] [ 77%] Built target object_detection_msgs__rosidl_typesupport_c
[6.636s] [ 77%] Built target object_detection_msgs__rosidl_typesupport_introspection_c
[6.758s] [ 79%] [32m[1mLinking CXX shared library libobject_detection_msgs__rosidl_typesupport_fastrtps_c.so[0m
[6.869s] [ 79%] Built target object_detection_msgs__rosidl_typesupport_fastrtps_c
[6.894s] [ 79%] Built target object_detection_msgs
[6.915s] [ 80%] [34m[1mGenerating Python code for ROS interfaces[0m
[7.924s] [ 80%] Built target object_detection_msgs__py
[7.943s] [ 85%] [32mBuilding C object CMakeFiles/object_detection_msgs__rosidl_generator_py.dir/rosidl_generator_py/object_detection_msgs/msg/_bounding_box_s.c.o[0m
[7.943s] [ 85%] [32mBuilding C object CMakeFiles/object_detection_msgs__rosidl_generator_py.dir/rosidl_generator_py/object_detection_msgs/msg/_car_position_s.c.o[0m
[7.944s] [ 85%] [32mBuilding C object CMakeFiles/object_detection_msgs__rosidl_generator_py.dir/rosidl_generator_py/object_detection_msgs/msg/_object_count_s.c.o[0m
[7.944s] [ 87%] [32mBuilding C object CMakeFiles/object_detection_msgs__rosidl_generator_py.dir/rosidl_generator_py/object_detection_msgs/msg/_bounding_boxes_s.c.o[0m
[7.946s] [ 88%] [32mBuilding C object CMakeFiles/object_detection_msgs__rosidl_generator_py.dir/rosidl_generator_py/object_detection_msgs/msg/_motor_angle_s.c.o[0m
[8.142s] [ 90%] [32m[1mLinking C shared library rosidl_generator_py/object_detection_msgs/libobject_detection_msgs__rosidl_generator_py.so[0m
[8.194s] [ 90%] Built target object_detection_msgs__rosidl_generator_py
[8.221s] [ 92%] [32mBuilding C object CMakeFiles/object_detection_msgs__rosidl_typesupport_fastrtps_c__pyext.dir/rosidl_generator_py/object_detection_msgs/_object_detection_msgs_s.ep.rosidl_typesupport_fastrtps_c.c.o[0m
[8.234s] [ 93%] [32mBuilding C object CMakeFiles/object_detection_msgs__rosidl_typesupport_introspection_c__pyext.dir/rosidl_generator_py/object_detection_msgs/_object_detection_msgs_s.ep.rosidl_typesupport_introspection_c.c.o[0m
[8.236s] [ 95%] [32mBuilding C object CMakeFiles/object_detection_msgs__rosidl_typesupport_c__pyext.dir/rosidl_generator_py/object_detection_msgs/_object_detection_msgs_s.ep.rosidl_typesupport_c.c.o[0m
[8.396s] [ 96%] [32m[1mLinking C shared library rosidl_generator_py/object_detection_msgs/object_detection_msgs_s__rosidl_typesupport_introspection_c.cpython-310-x86_64-linux-gnu.so[0m
[8.408s] [ 98%] [32m[1mLinking C shared library rosidl_generator_py/object_detection_msgs/object_detection_msgs_s__rosidl_typesupport_c.cpython-310-x86_64-linux-gnu.so[0m
[8.412s] [100%] [32m[1mLinking C shared library rosidl_generator_py/object_detection_msgs/object_detection_msgs_s__rosidl_typesupport_fastrtps_c.cpython-310-x86_64-linux-gnu.so[0m
[8.445s] [100%] Built target object_detection_msgs__rosidl_typesupport_introspection_c__pyext
[8.459s] [100%] Built target object_detection_msgs__rosidl_typesupport_c__pyext
[8.459s] [100%] Built target object_detection_msgs__rosidl_typesupport_fastrtps_c__pyext
[8.471s] Invoked command in '/mpc/new/Elastic-Tracker/src/detection/build/object_detection_msgs' returned '0': CMAKE_PREFIX_PATH=/opt/ros/humble /usr/bin/cmake --build /mpc/new/Elastic-Tracker/src/detection/build/object_detection_msgs -- -j12 -l12
[8.480s] Invoking command in '/mpc/new/Elastic-Tracker/src/detection/build/object_detection_msgs': CMAKE_PREFIX_PATH=/opt/ros/humble /usr/bin/cmake --install /mpc/new/Elastic-Tracker/src/detection/build/object_detection_msgs
[8.487s] -- Install configuration: ""
[8.487s] -- Installing: /mpc/new/Elastic-Tracker/src/detection/install/object_detection_msgs/share/ament_index/resource_index/rosidl_interfaces/object_detection_msgs
[8.488s] -- Installing: /mpc/new/Elastic-Tracker/src/detection/install/object_detection_msgs/include/object_detection_msgs/object_detection_msgs
[8.488s] -- Installing: /mpc/new/Elastic-Tracker/src/detection/install/object_detection_msgs/include/object_detection_msgs/object_detection_msgs/msg
[8.488s] -- Installing: /mpc/new/Elastic-Tracker/src/detection/install/object_detection_msgs/include/object_detection_msgs/object_detection_msgs/msg/bounding_box.h
[8.488s] -- Installing: /mpc/new/Elastic-Tracker/src/detection/install/object_detection_msgs/include/object_detection_msgs/object_detection_msgs/msg/bounding_boxes.h
[8.488s] -- Installing: /mpc/new/Elastic-Tracker/src/detection/install/object_detection_msgs/include/object_detection_msgs/object_detection_msgs/msg/motor_angle.h
[8.488s] -- Installing: /mpc/new/Elastic-Tracker/src/detection/install/object_detection_msgs/include/object_detection_msgs/object_detection_msgs/msg/object_count.h
[8.489s] -- Installing: /mpc/new/Elastic-Tracker/src/detection/install/object_detection_msgs/include/object_detection_msgs/object_detection_msgs/msg/detail
[8.489s] -- Installing: /mpc/new/Elastic-Tracker/src/detection/install/object_detection_msgs/include/object_detection_msgs/object_detection_msgs/msg/detail/bounding_box__type_support.h
[8.489s] -- Installing: /mpc/new/Elastic-Tracker/src/detection/install/object_detection_msgs/include/object_detection_msgs/object_detection_msgs/msg/detail/object_count__functions.c
[8.489s] -- Installing: /mpc/new/Elastic-Tracker/src/detection/install/object_detection_msgs/include/object_detection_msgs/object_detection_msgs/msg/detail/object_count__functions.h
[8.489s] -- Installing: /mpc/new/Elastic-Tracker/src/detection/install/object_detection_msgs/include/object_detection_msgs/object_detection_msgs/msg/detail/car_position__struct.h
[8.489s] -- Installing: /mpc/new/Elastic-Tracker/src/detection/install/object_detection_msgs/include/object_detection_msgs/object_detection_msgs/msg/detail/car_position__type_support.h
[8.490s] -- Installing: /mpc/new/Elastic-Tracker/src/detection/install/object_detection_msgs/include/object_detection_msgs/object_detection_msgs/msg/detail/motor_angle__functions.c
[8.490s] -- Installing: /mpc/new/Elastic-Tracker/src/detection/install/object_detection_msgs/include/object_detection_msgs/object_detection_msgs/msg/detail/car_position__functions.c
[8.490s] -- Installing: /mpc/new/Elastic-Tracker/src/detection/install/object_detection_msgs/include/object_detection_msgs/object_detection_msgs/msg/detail/car_position__functions.h
[8.490s] -- Installing: /mpc/new/Elastic-Tracker/src/detection/install/object_detection_msgs/include/object_detection_msgs/object_detection_msgs/msg/detail/motor_angle__functions.h
[8.490s] -- Installing: /mpc/new/Elastic-Tracker/src/detection/install/object_detection_msgs/include/object_detection_msgs/object_detection_msgs/msg/detail/object_count__struct.h
[8.490s] -- Installing: /mpc/new/Elastic-Tracker/src/detection/install/object_detection_msgs/include/object_detection_msgs/object_detection_msgs/msg/detail/bounding_boxes__functions.c
[8.490s] -- Installing: /mpc/new/Elastic-Tracker/src/detection/install/object_detection_msgs/include/object_detection_msgs/object_detection_msgs/msg/detail/object_count__type_support.h
[8.490s] -- Installing: /mpc/new/Elastic-Tracker/src/detection/install/object_detection_msgs/include/object_detection_msgs/object_detection_msgs/msg/detail/bounding_boxes__struct.h
[8.491s] -- Installing: /mpc/new/Elastic-Tracker/src/detection/install/object_detection_msgs/include/object_detection_msgs/object_detection_msgs/msg/detail/motor_angle__struct.h
[8.491s] -- Installing: /mpc/new/Elastic-Tracker/src/detection/install/object_detection_msgs/include/object_detection_msgs/object_detection_msgs/msg/detail/bounding_boxes__functions.h
[8.491s] -- Installing: /mpc/new/Elastic-Tracker/src/detection/install/object_detection_msgs/include/object_detection_msgs/object_detection_msgs/msg/detail/bounding_boxes__type_support.h
[8.491s] -- Installing: /mpc/new/Elastic-Tracker/src/detection/install/object_detection_msgs/include/object_detection_msgs/object_detection_msgs/msg/detail/bounding_box__functions.h
[8.491s] -- Installing: /mpc/new/Elastic-Tracker/src/detection/install/object_detection_msgs/include/object_detection_msgs/object_detection_msgs/msg/detail/bounding_box__struct.h
[8.491s] -- Installing: /mpc/new/Elastic-Tracker/src/detection/install/object_detection_msgs/include/object_detection_msgs/object_detection_msgs/msg/detail/bounding_box__functions.c
[8.491s] -- Installing: /mpc/new/Elastic-Tracker/src/detection/install/object_detection_msgs/include/object_detection_msgs/object_detection_msgs/msg/detail/motor_angle__type_support.h
[8.496s] -- Installing: /mpc/new/Elastic-Tracker/src/detection/install/object_detection_msgs/include/object_detection_msgs/object_detection_msgs/msg/car_position.h
[8.496s] -- Installing: /mpc/new/Elastic-Tracker/src/detection/install/object_detection_msgs/include/object_detection_msgs/object_detection_msgs/msg/rosidl_generator_c__visibility_control.h
[8.496s] -- Installing: /mpc/new/Elastic-Tracker/src/detection/install/object_detection_msgs/share/object_detection_msgs/environment/library_path.sh
[8.496s] -- Installing: /mpc/new/Elastic-Tracker/src/detection/install/object_detection_msgs/share/object_detection_msgs/environment/library_path.dsv
[8.496s] -- Installing: /mpc/new/Elastic-Tracker/src/detection/install/object_detection_msgs/lib/libobject_detection_msgs__rosidl_generator_c.so
[8.496s] -- Set runtime path of "/mpc/new/Elastic-Tracker/src/detection/install/object_detection_msgs/lib/libobject_detection_msgs__rosidl_generator_c.so" to ""
[8.496s] -- Up-to-date: /mpc/new/Elastic-Tracker/src/detection/install/object_detection_msgs/include/object_detection_msgs/object_detection_msgs
[8.496s] -- Up-to-date: /mpc/new/Elastic-Tracker/src/detection/install/object_detection_msgs/include/object_detection_msgs/object_detection_msgs/msg
[8.496s] -- Up-to-date: /mpc/new/Elastic-Tracker/src/detection/install/object_detection_msgs/include/object_detection_msgs/object_detection_msgs/msg/detail
[8.497s] -- Installing: /mpc/new/Elastic-Tracker/src/detection/install/object_detection_msgs/include/object_detection_msgs/object_detection_msgs/msg/detail/object_count__rosidl_typesupport_fastrtps_c.h
[8.497s] -- Installing: /mpc/new/Elastic-Tracker/src/detection/install/object_detection_msgs/include/object_detection_msgs/object_detection_msgs/msg/detail/bounding_boxes__rosidl_typesupport_fastrtps_c.h
[8.497s] -- Installing: /mpc/new/Elastic-Tracker/src/detection/install/object_detection_msgs/include/object_detection_msgs/object_detection_msgs/msg/detail/car_position__rosidl_typesupport_fastrtps_c.h
[8.497s] -- Installing: /mpc/new/Elastic-Tracker/src/detection/install/object_detection_msgs/include/object_detection_msgs/object_detection_msgs/msg/detail/motor_angle__rosidl_typesupport_fastrtps_c.h
[8.497s] -- Installing: /mpc/new/Elastic-Tracker/src/detection/install/object_detection_msgs/include/object_detection_msgs/object_detection_msgs/msg/detail/bounding_box__rosidl_typesupport_fastrtps_c.h
[8.497s] -- Installing: /mpc/new/Elastic-Tracker/src/detection/install/object_detection_msgs/include/object_detection_msgs/object_detection_msgs/msg/rosidl_typesupport_fastrtps_c__visibility_control.h
[8.497s] -- Installing: /mpc/new/Elastic-Tracker/src/detection/install/object_detection_msgs/lib/libobject_detection_msgs__rosidl_typesupport_fastrtps_c.so
[8.497s] -- Set runtime path of "/mpc/new/Elastic-Tracker/src/detection/install/object_detection_msgs/lib/libobject_detection_msgs__rosidl_typesupport_fastrtps_c.so" to ""
[8.498s] -- Up-to-date: /mpc/new/Elastic-Tracker/src/detection/install/object_detection_msgs/include/object_detection_msgs/object_detection_msgs
[8.498s] -- Up-to-date: /mpc/new/Elastic-Tracker/src/detection/install/object_detection_msgs/include/object_detection_msgs/object_detection_msgs/msg
[8.498s] -- Installing: /mpc/new/Elastic-Tracker/src/detection/install/object_detection_msgs/include/object_detection_msgs/object_detection_msgs/msg/rosidl_typesupport_introspection_c__visibility_control.h
[8.499s] -- Up-to-date: /mpc/new/Elastic-Tracker/src/detection/install/object_detection_msgs/include/object_detection_msgs/object_detection_msgs/msg/detail
[8.499s] -- Installing: /mpc/new/Elastic-Tracker/src/detection/install/object_detection_msgs/include/object_detection_msgs/object_detection_msgs/msg/detail/bounding_box__type_support.c
[8.499s] -- Installing: /mpc/new/Elastic-Tracker/src/detection/install/object_detection_msgs/include/object_detection_msgs/object_detection_msgs/msg/detail/object_count__type_support.c
[8.499s] -- Installing: /mpc/new/Elastic-Tracker/src/detection/install/object_detection_msgs/include/object_detection_msgs/object_detection_msgs/msg/detail/car_position__type_support.c
[8.499s] -- Installing: /mpc/new/Elastic-Tracker/src/detection/install/object_detection_msgs/include/object_detection_msgs/object_detection_msgs/msg/detail/motor_angle__type_support.c
[8.499s] -- Installing: /mpc/new/Elastic-Tracker/src/detection/install/object_detection_msgs/include/object_detection_msgs/object_detection_msgs/msg/detail/object_count__rosidl_typesupport_introspection_c.h
[8.500s] -- Installing: /mpc/new/Elastic-Tracker/src/detection/install/object_detection_msgs/include/object_detection_msgs/object_detection_msgs/msg/detail/car_position__rosidl_typesupport_introspection_c.h
[8.500s] -- Installing: /mpc/new/Elastic-Tracker/src/detection/install/object_detection_msgs/include/object_detection_msgs/object_detection_msgs/msg/detail/bounding_boxes__rosidl_typesupport_introspection_c.h
[8.500s] -- Installing: /mpc/new/Elastic-Tracker/src/detection/install/object_detection_msgs/include/object_detection_msgs/object_detection_msgs/msg/detail/motor_angle__rosidl_typesupport_introspection_c.h
[8.500s] -- Installing: /mpc/new/Elastic-Tracker/src/detection/install/object_detection_msgs/include/object_detection_msgs/object_detection_msgs/msg/detail/bounding_boxes__type_support.c
[8.500s] -- Installing: /mpc/new/Elastic-Tracker/src/detection/install/object_detection_msgs/include/object_detection_msgs/object_detection_msgs/msg/detail/bounding_box__rosidl_typesupport_introspection_c.h
[8.501s] -- Installing: /mpc/new/Elastic-Tracker/src/detection/install/object_detection_msgs/lib/libobject_detection_msgs__rosidl_typesupport_introspection_c.so
[8.501s] -- Set runtime path of "/mpc/new/Elastic-Tracker/src/detection/install/object_detection_msgs/lib/libobject_detection_msgs__rosidl_typesupport_introspection_c.so" to ""
[8.501s] -- Installing: /mpc/new/Elastic-Tracker/src/detection/install/object_detection_msgs/lib/libobject_detection_msgs__rosidl_typesupport_c.so
[8.501s] -- Set runtime path of "/mpc/new/Elastic-Tracker/src/detection/install/object_detection_msgs/lib/libobject_detection_msgs__rosidl_typesupport_c.so" to ""
[8.501s] -- Up-to-date: /mpc/new/Elastic-Tracker/src/detection/install/object_detection_msgs/include/object_detection_msgs/object_detection_msgs
[8.502s] -- Up-to-date: /mpc/new/Elastic-Tracker/src/detection/install/object_detection_msgs/include/object_detection_msgs/object_detection_msgs/msg
[8.502s] -- Installing: /mpc/new/Elastic-Tracker/src/detection/install/object_detection_msgs/include/object_detection_msgs/object_detection_msgs/msg/object_count.hpp
[8.502s] -- Installing: /mpc/new/Elastic-Tracker/src/detection/install/object_detection_msgs/include/object_detection_msgs/object_detection_msgs/msg/bounding_boxes.hpp
[8.502s] -- Installing: /mpc/new/Elastic-Tracker/src/detection/install/object_detection_msgs/include/object_detection_msgs/object_detection_msgs/msg/car_position.hpp
[8.502s] -- Up-to-date: /mpc/new/Elastic-Tracker/src/detection/install/object_detection_msgs/include/object_detection_msgs/object_detection_msgs/msg/detail
[8.502s] -- Installing: /mpc/new/Elastic-Tracker/src/detection/install/object_detection_msgs/include/object_detection_msgs/object_detection_msgs/msg/detail/car_position__traits.hpp
[8.503s] -- Installing: /mpc/new/Elastic-Tracker/src/detection/install/object_detection_msgs/include/object_detection_msgs/object_detection_msgs/msg/detail/motor_angle__struct.hpp
[8.508s] -- Installing: /mpc/new/Elastic-Tracker/src/detection/install/object_detection_msgs/include/object_detection_msgs/object_detection_msgs/msg/detail/bounding_box__builder.hpp
[8.508s] -- Installing: /mpc/new/Elastic-Tracker/src/detection/install/object_detection_msgs/include/object_detection_msgs/object_detection_msgs/msg/detail/object_count__type_support.hpp
[8.508s] -- Installing: /mpc/new/Elastic-Tracker/src/detection/install/object_detection_msgs/include/object_detection_msgs/object_detection_msgs/msg/detail/motor_angle__type_support.hpp
[8.508s] -- Installing: /mpc/new/Elastic-Tracker/src/detection/install/object_detection_msgs/include/object_detection_msgs/object_detection_msgs/msg/detail/bounding_boxes__type_support.hpp
[8.509s] -- Installing: /mpc/new/Elastic-Tracker/src/detection/install/object_detection_msgs/include/object_detection_msgs/object_detection_msgs/msg/detail/bounding_box__struct.hpp
[8.509s] -- Installing: /mpc/new/Elastic-Tracker/src/detection/install/object_detection_msgs/include/object_detection_msgs/object_detection_msgs/msg/detail/motor_angle__builder.hpp
[8.509s] -- Installing: /mpc/new/Elastic-Tracker/src/detection/install/object_detection_msgs/include/object_detection_msgs/object_detection_msgs/msg/detail/bounding_boxes__traits.hpp
[8.509s] -- Installing: /mpc/new/Elastic-Tracker/src/detection/install/object_detection_msgs/include/object_detection_msgs/object_detection_msgs/msg/detail/motor_angle__traits.hpp
[8.509s] -- Installing: /mpc/new/Elastic-Tracker/src/detection/install/object_detection_msgs/include/object_detection_msgs/object_detection_msgs/msg/detail/car_position__struct.hpp
[8.509s] -- Installing: /mpc/new/Elastic-Tracker/src/detection/install/object_detection_msgs/include/object_detection_msgs/object_detection_msgs/msg/detail/bounding_boxes__builder.hpp
[8.509s] -- Installing: /mpc/new/Elastic-Tracker/src/detection/install/object_detection_msgs/include/object_detection_msgs/object_detection_msgs/msg/detail/bounding_box__traits.hpp
[8.510s] -- Installing: /mpc/new/Elastic-Tracker/src/detection/install/object_detection_msgs/include/object_detection_msgs/object_detection_msgs/msg/detail/car_position__builder.hpp
[8.510s] -- Installing: /mpc/new/Elastic-Tracker/src/detection/install/object_detection_msgs/include/object_detection_msgs/object_detection_msgs/msg/detail/object_count__struct.hpp
[8.510s] -- Installing: /mpc/new/Elastic-Tracker/src/detection/install/object_detection_msgs/include/object_detection_msgs/object_detection_msgs/msg/detail/bounding_box__type_support.hpp
[8.510s] -- Installing: /mpc/new/Elastic-Tracker/src/detection/install/object_detection_msgs/include/object_detection_msgs/object_detection_msgs/msg/detail/object_count__builder.hpp
[8.510s] -- Installing: /mpc/new/Elastic-Tracker/src/detection/install/object_detection_msgs/include/object_detection_msgs/object_detection_msgs/msg/detail/car_position__type_support.hpp
[8.510s] -- Installing: /mpc/new/Elastic-Tracker/src/detection/install/object_detection_msgs/include/object_detection_msgs/object_detection_msgs/msg/detail/bounding_boxes__struct.hpp
[8.510s] -- Installing: /mpc/new/Elastic-Tracker/src/detection/install/object_detection_msgs/include/object_detection_msgs/object_detection_msgs/msg/detail/object_count__traits.hpp
[8.510s] -- Installing: /mpc/new/Elastic-Tracker/src/detection/install/object_detection_msgs/include/object_detection_msgs/object_detection_msgs/msg/motor_angle.hpp
[8.511s] -- Installing: /mpc/new/Elastic-Tracker/src/detection/install/object_detection_msgs/include/object_detection_msgs/object_detection_msgs/msg/bounding_box.hpp
[8.511s] -- Installing: /mpc/new/Elastic-Tracker/src/detection/install/object_detection_msgs/include/object_detection_msgs/object_detection_msgs/msg/rosidl_generator_cpp__visibility_control.hpp
[8.511s] -- Up-to-date: /mpc/new/Elastic-Tracker/src/detection/install/object_detection_msgs/include/object_detection_msgs/object_detection_msgs
[8.511s] -- Up-to-date: /mpc/new/Elastic-Tracker/src/detection/install/object_detection_msgs/include/object_detection_msgs/object_detection_msgs/msg
[8.513s] -- Up-to-date: /mpc/new/Elastic-Tracker/src/detection/install/object_detection_msgs/include/object_detection_msgs/object_detection_msgs/msg/detail
[8.513s] -- Installing: /mpc/new/Elastic-Tracker/src/detection/install/object_detection_msgs/include/object_detection_msgs/object_detection_msgs/msg/detail/motor_angle__rosidl_typesupport_fastrtps_cpp.hpp
[8.514s] -- Installing: /mpc/new/Elastic-Tracker/src/detection/install/object_detection_msgs/include/object_detection_msgs/object_detection_msgs/msg/detail/bounding_boxes__rosidl_typesupport_fastrtps_cpp.hpp
[8.515s] -- Installing: /mpc/new/Elastic-Tracker/src/detection/install/object_detection_msgs/include/object_detection_msgs/object_detection_msgs/msg/detail/dds_fastrtps
[8.518s] -- Installing: /mpc/new/Elastic-Tracker/src/detection/install/object_detection_msgs/include/object_detection_msgs/object_detection_msgs/msg/detail/car_position__rosidl_typesupport_fastrtps_cpp.hpp
[8.518s] -- Installing: /mpc/new/Elastic-Tracker/src/detection/install/object_detection_msgs/include/object_detection_msgs/object_detection_msgs/msg/detail/object_count__rosidl_typesupport_fastrtps_cpp.hpp
[8.518s] -- Installing: /mpc/new/Elastic-Tracker/src/detection/install/object_detection_msgs/include/object_detection_msgs/object_detection_msgs/msg/detail/bounding_box__rosidl_typesupport_fastrtps_cpp.hpp
[8.518s] -- Installing: /mpc/new/Elastic-Tracker/src/detection/install/object_detection_msgs/include/object_detection_msgs/object_detection_msgs/msg/rosidl_typesupport_fastrtps_cpp__visibility_control.h
[8.518s] -- Installing: /mpc/new/Elastic-Tracker/src/detection/install/object_detection_msgs/lib/libobject_detection_msgs__rosidl_typesupport_fastrtps_cpp.so
[8.518s] -- Set runtime path of "/mpc/new/Elastic-Tracker/src/detection/install/object_detection_msgs/lib/libobject_detection_msgs__rosidl_typesupport_fastrtps_cpp.so" to ""
[8.518s] -- Up-to-date: /mpc/new/Elastic-Tracker/src/detection/install/object_detection_msgs/include/object_detection_msgs/object_detection_msgs
[8.518s] -- Up-to-date: /mpc/new/Elastic-Tracker/src/detection/install/object_detection_msgs/include/object_detection_msgs/object_detection_msgs/msg
[8.519s] -- Up-to-date: /mpc/new/Elastic-Tracker/src/detection/install/object_detection_msgs/include/object_detection_msgs/object_detection_msgs/msg/detail
[8.519s] -- Installing: /mpc/new/Elastic-Tracker/src/detection/install/object_detection_msgs/include/object_detection_msgs/object_detection_msgs/msg/detail/motor_angle__rosidl_typesupport_introspection_cpp.hpp
[8.519s] -- Installing: /mpc/new/Elastic-Tracker/src/detection/install/object_detection_msgs/include/object_detection_msgs/object_detection_msgs/msg/detail/bounding_box__rosidl_typesupport_introspection_cpp.hpp
[8.519s] -- Installing: /mpc/new/Elastic-Tracker/src/detection/install/object_detection_msgs/include/object_detection_msgs/object_detection_msgs/msg/detail/object_count__rosidl_typesupport_introspection_cpp.hpp
[8.519s] -- Installing: /mpc/new/Elastic-Tracker/src/detection/install/object_detection_msgs/include/object_detection_msgs/object_detection_msgs/msg/detail/bounding_boxes__rosidl_typesupport_introspection_cpp.hpp
[8.519s] -- Installing: /mpc/new/Elastic-Tracker/src/detection/install/object_detection_msgs/include/object_detection_msgs/object_detection_msgs/msg/detail/car_position__rosidl_typesupport_introspection_cpp.hpp
[8.519s] -- Installing: /mpc/new/Elastic-Tracker/src/detection/install/object_detection_msgs/include/object_detection_msgs/object_detection_msgs/msg/detail/car_position__type_support.cpp
[8.519s] -- Installing: /mpc/new/Elastic-Tracker/src/detection/install/object_detection_msgs/include/object_detection_msgs/object_detection_msgs/msg/detail/bounding_boxes__type_support.cpp
[8.519s] -- Installing: /mpc/new/Elastic-Tracker/src/detection/install/object_detection_msgs/include/object_detection_msgs/object_detection_msgs/msg/detail/object_count__type_support.cpp
[8.520s] -- Installing: /mpc/new/Elastic-Tracker/src/detection/install/object_detection_msgs/include/object_detection_msgs/object_detection_msgs/msg/detail/bounding_box__type_support.cpp
[8.520s] -- Installing: /mpc/new/Elastic-Tracker/src/detection/install/object_detection_msgs/include/object_detection_msgs/object_detection_msgs/msg/detail/motor_angle__type_support.cpp
[8.520s] -- Installing: /mpc/new/Elastic-Tracker/src/detection/install/object_detection_msgs/lib/libobject_detection_msgs__rosidl_typesupport_introspection_cpp.so
[8.520s] -- Set runtime path of "/mpc/new/Elastic-Tracker/src/detection/install/object_detection_msgs/lib/libobject_detection_msgs__rosidl_typesupport_introspection_cpp.so" to ""
[8.520s] -- Installing: /mpc/new/Elastic-Tracker/src/detection/install/object_detection_msgs/lib/libobject_detection_msgs__rosidl_typesupport_cpp.so
[8.520s] -- Set runtime path of "/mpc/new/Elastic-Tracker/src/detection/install/object_detection_msgs/lib/libobject_detection_msgs__rosidl_typesupport_cpp.so" to ""
[8.520s] -- Installing: /mpc/new/Elastic-Tracker/src/detection/install/object_detection_msgs/share/object_detection_msgs/environment/pythonpath.sh
[8.520s] -- Installing: /mpc/new/Elastic-Tracker/src/detection/install/object_detection_msgs/share/object_detection_msgs/environment/pythonpath.dsv
[8.521s] -- Installing: /mpc/new/Elastic-Tracker/src/detection/install/object_detection_msgs/local/lib/python3.10/dist-packages/object_detection_msgs-0.0.0-py3.10.egg-info
[8.521s] -- Installing: /mpc/new/Elastic-Tracker/src/detection/install/object_detection_msgs/local/lib/python3.10/dist-packages/object_detection_msgs-0.0.0-py3.10.egg-info/dependency_links.txt
[8.521s] -- Installing: /mpc/new/Elastic-Tracker/src/detection/install/object_detection_msgs/local/lib/python3.10/dist-packages/object_detection_msgs-0.0.0-py3.10.egg-info/top_level.txt
[8.521s] -- Installing: /mpc/new/Elastic-Tracker/src/detection/install/object_detection_msgs/local/lib/python3.10/dist-packages/object_detection_msgs-0.0.0-py3.10.egg-info/PKG-INFO
[8.521s] -- Installing: /mpc/new/Elastic-Tracker/src/detection/install/object_detection_msgs/local/lib/python3.10/dist-packages/object_detection_msgs-0.0.0-py3.10.egg-info/SOURCES.txt
[8.521s] -- Installing: /mpc/new/Elastic-Tracker/src/detection/install/object_detection_msgs/local/lib/python3.10/dist-packages/object_detection_msgs
[8.521s] -- Installing: /mpc/new/Elastic-Tracker/src/detection/install/object_detection_msgs/local/lib/python3.10/dist-packages/object_detection_msgs/libobject_detection_msgs__rosidl_generator_py.so
[8.521s] -- Installing: /mpc/new/Elastic-Tracker/src/detection/install/object_detection_msgs/local/lib/python3.10/dist-packages/object_detection_msgs/_object_detection_msgs_s.ep.rosidl_typesupport_introspection_c.c
[8.522s] -- Installing: /mpc/new/Elastic-Tracker/src/detection/install/object_detection_msgs/local/lib/python3.10/dist-packages/object_detection_msgs/_object_detection_msgs_s.ep.rosidl_typesupport_fastrtps_c.c
[8.522s] -- Installing: /mpc/new/Elastic-Tracker/src/detection/install/object_detection_msgs/local/lib/python3.10/dist-packages/object_detection_msgs/__init__.py
[8.522s] -- Installing: /mpc/new/Elastic-Tracker/src/detection/install/object_detection_msgs/local/lib/python3.10/dist-packages/object_detection_msgs/_object_detection_msgs_s.ep.rosidl_typesupport_c.c
[8.522s] -- Installing: /mpc/new/Elastic-Tracker/src/detection/install/object_detection_msgs/local/lib/python3.10/dist-packages/object_detection_msgs/object_detection_msgs_s__rosidl_typesupport_c.cpython-310-x86_64-linux-gnu.so
[8.522s] -- Installing: /mpc/new/Elastic-Tracker/src/detection/install/object_detection_msgs/local/lib/python3.10/dist-packages/object_detection_msgs/object_detection_msgs_s__rosidl_typesupport_fastrtps_c.cpython-310-x86_64-linux-gnu.so
[8.522s] -- Installing: /mpc/new/Elastic-Tracker/src/detection/install/object_detection_msgs/local/lib/python3.10/dist-packages/object_detection_msgs/object_detection_msgs_s__rosidl_typesupport_introspection_c.cpython-310-x86_64-linux-gnu.so
[8.523s] -- Installing: /mpc/new/Elastic-Tracker/src/detection/install/object_detection_msgs/local/lib/python3.10/dist-packages/object_detection_msgs/msg
[8.523s] -- Installing: /mpc/new/Elastic-Tracker/src/detection/install/object_detection_msgs/local/lib/python3.10/dist-packages/object_detection_msgs/msg/_bounding_boxes_s.c
[8.523s] -- Installing: /mpc/new/Elastic-Tracker/src/detection/install/object_detection_msgs/local/lib/python3.10/dist-packages/object_detection_msgs/msg/_bounding_boxes.py
[8.523s] -- Installing: /mpc/new/Elastic-Tracker/src/detection/install/object_detection_msgs/local/lib/python3.10/dist-packages/object_detection_msgs/msg/_bounding_box.py
[8.523s] -- Installing: /mpc/new/Elastic-Tracker/src/detection/install/object_detection_msgs/local/lib/python3.10/dist-packages/object_detection_msgs/msg/_object_count.py
[8.523s] -- Installing: /mpc/new/Elastic-Tracker/src/detection/install/object_detection_msgs/local/lib/python3.10/dist-packages/object_detection_msgs/msg/_object_count_s.c
[8.523s] -- Installing: /mpc/new/Elastic-Tracker/src/detection/install/object_detection_msgs/local/lib/python3.10/dist-packages/object_detection_msgs/msg/_car_position.py
[8.523s] -- Installing: /mpc/new/Elastic-Tracker/src/detection/install/object_detection_msgs/local/lib/python3.10/dist-packages/object_detection_msgs/msg/__init__.py
[8.524s] -- Installing: /mpc/new/Elastic-Tracker/src/detection/install/object_detection_msgs/local/lib/python3.10/dist-packages/object_detection_msgs/msg/_motor_angle.py
[8.524s] -- Installing: /mpc/new/Elastic-Tracker/src/detection/install/object_detection_msgs/local/lib/python3.10/dist-packages/object_detection_msgs/msg/_bounding_box_s.c
[8.524s] -- Installing: /mpc/new/Elastic-Tracker/src/detection/install/object_detection_msgs/local/lib/python3.10/dist-packages/object_detection_msgs/msg/_motor_angle_s.c
[8.524s] -- Installing: /mpc/new/Elastic-Tracker/src/detection/install/object_detection_msgs/local/lib/python3.10/dist-packages/object_detection_msgs/msg/_car_position_s.c
[8.580s] Listing '/mpc/new/Elastic-Tracker/src/detection/install/object_detection_msgs/local/lib/python3.10/dist-packages/object_detection_msgs'...
[8.580s] Compiling '/mpc/new/Elastic-Tracker/src/detection/install/object_detection_msgs/local/lib/python3.10/dist-packages/object_detection_msgs/__init__.py'...
[8.580s] Listing '/mpc/new/Elastic-Tracker/src/detection/install/object_detection_msgs/local/lib/python3.10/dist-packages/object_detection_msgs/msg'...
[8.580s] Compiling '/mpc/new/Elastic-Tracker/src/detection/install/object_detection_msgs/local/lib/python3.10/dist-packages/object_detection_msgs/msg/__init__.py'...
[8.581s] Compiling '/mpc/new/Elastic-Tracker/src/detection/install/object_detection_msgs/local/lib/python3.10/dist-packages/object_detection_msgs/msg/_bounding_box.py'...
[8.581s] Compiling '/mpc/new/Elastic-Tracker/src/detection/install/object_detection_msgs/local/lib/python3.10/dist-packages/object_detection_msgs/msg/_bounding_boxes.py'...
[8.581s] Compiling '/mpc/new/Elastic-Tracker/src/detection/install/object_detection_msgs/local/lib/python3.10/dist-packages/object_detection_msgs/msg/_car_position.py'...
[8.581s] Compiling '/mpc/new/Elastic-Tracker/src/detection/install/object_detection_msgs/local/lib/python3.10/dist-packages/object_detection_msgs/msg/_motor_angle.py'...
[8.581s] Compiling '/mpc/new/Elastic-Tracker/src/detection/install/object_detection_msgs/local/lib/python3.10/dist-packages/object_detection_msgs/msg/_object_count.py'...
[8.587s] -- Installing: /mpc/new/Elastic-Tracker/src/detection/install/object_detection_msgs/local/lib/python3.10/dist-packages/object_detection_msgs/object_detection_msgs_s__rosidl_typesupport_fastrtps_c.cpython-310-x86_64-linux-gnu.so
[8.587s] -- Set runtime path of "/mpc/new/Elastic-Tracker/src/detection/install/object_detection_msgs/local/lib/python3.10/dist-packages/object_detection_msgs/object_detection_msgs_s__rosidl_typesupport_fastrtps_c.cpython-310-x86_64-linux-gnu.so" to ""
[8.588s] -- Installing: /mpc/new/Elastic-Tracker/src/detection/install/object_detection_msgs/local/lib/python3.10/dist-packages/object_detection_msgs/object_detection_msgs_s__rosidl_typesupport_introspection_c.cpython-310-x86_64-linux-gnu.so
[8.588s] -- Set runtime path of "/mpc/new/Elastic-Tracker/src/detection/install/object_detection_msgs/local/lib/python3.10/dist-packages/object_detection_msgs/object_detection_msgs_s__rosidl_typesupport_introspection_c.cpython-310-x86_64-linux-gnu.so" to ""
[8.588s] -- Installing: /mpc/new/Elastic-Tracker/src/detection/install/object_detection_msgs/local/lib/python3.10/dist-packages/object_detection_msgs/object_detection_msgs_s__rosidl_typesupport_c.cpython-310-x86_64-linux-gnu.so
[8.589s] -- Set runtime path of "/mpc/new/Elastic-Tracker/src/detection/install/object_detection_msgs/local/lib/python3.10/dist-packages/object_detection_msgs/object_detection_msgs_s__rosidl_typesupport_c.cpython-310-x86_64-linux-gnu.so" to ""
[8.589s] -- Installing: /mpc/new/Elastic-Tracker/src/detection/install/object_detection_msgs/lib/libobject_detection_msgs__rosidl_generator_py.so
[8.590s] -- Set runtime path of "/mpc/new/Elastic-Tracker/src/detection/install/object_detection_msgs/lib/libobject_detection_msgs__rosidl_generator_py.so" to ""
[8.590s] -- Installing: /mpc/new/Elastic-Tracker/src/detection/install/object_detection_msgs/share/object_detection_msgs/msg/BoundingBox.idl
[8.590s] -- Installing: /mpc/new/Elastic-Tracker/src/detection/install/object_detection_msgs/share/object_detection_msgs/msg/BoundingBoxes.idl
[8.590s] -- Installing: /mpc/new/Elastic-Tracker/src/detection/install/object_detection_msgs/share/object_detection_msgs/msg/ObjectCount.idl
[8.590s] -- Installing: /mpc/new/Elastic-Tracker/src/detection/install/object_detection_msgs/share/object_detection_msgs/msg/CarPosition.idl
[8.591s] -- Installing: /mpc/new/Elastic-Tracker/src/detection/install/object_detection_msgs/share/object_detection_msgs/msg/MotorAngle.idl
[8.591s] -- Installing: /mpc/new/Elastic-Tracker/src/detection/install/object_detection_msgs/share/object_detection_msgs/msg/BoundingBox.msg
[8.591s] -- Installing: /mpc/new/Elastic-Tracker/src/detection/install/object_detection_msgs/share/object_detection_msgs/msg/BoundingBoxes.msg
[8.591s] -- Installing: /mpc/new/Elastic-Tracker/src/detection/install/object_detection_msgs/share/object_detection_msgs/msg/ObjectCount.msg
[8.591s] -- Installing: /mpc/new/Elastic-Tracker/src/detection/install/object_detection_msgs/share/object_detection_msgs/msg/CarPosition.msg
[8.592s] -- Installing: /mpc/new/Elastic-Tracker/src/detection/install/object_detection_msgs/share/object_detection_msgs/msg/MotorAngle.msg
[8.592s] -- Up-to-date: /mpc/new/Elastic-Tracker/src/detection/install/object_detection_msgs/share/object_detection_msgs/msg
[8.592s] -- Up-to-date: /mpc/new/Elastic-Tracker/src/detection/install/object_detection_msgs/share/object_detection_msgs/msg/ObjectCount.msg
[8.592s] -- Up-to-date: /mpc/new/Elastic-Tracker/src/detection/install/object_detection_msgs/share/object_detection_msgs/msg/BoundingBox.msg
[8.592s] -- Up-to-date: /mpc/new/Elastic-Tracker/src/detection/install/object_detection_msgs/share/object_detection_msgs/msg/BoundingBoxes.msg
[8.592s] -- Up-to-date: /mpc/new/Elastic-Tracker/src/detection/install/object_detection_msgs/share/object_detection_msgs/msg/CarPosition.msg
[8.592s] -- Up-to-date: /mpc/new/Elastic-Tracker/src/detection/install/object_detection_msgs/share/object_detection_msgs/msg/MotorAngle.msg
[8.592s] -- Installing: /mpc/new/Elastic-Tracker/src/detection/install/object_detection_msgs/share/ament_index/resource_index/package_run_dependencies/object_detection_msgs
[8.593s] -- Installing: /mpc/new/Elastic-Tracker/src/detection/install/object_detection_msgs/share/ament_index/resource_index/parent_prefix_path/object_detection_msgs
[8.593s] -- Installing: /mpc/new/Elastic-Tracker/src/detection/install/object_detection_msgs/share/object_detection_msgs/environment/ament_prefix_path.sh
[8.593s] -- Installing: /mpc/new/Elastic-Tracker/src/detection/install/object_detection_msgs/share/object_detection_msgs/environment/ament_prefix_path.dsv
[8.593s] -- Installing: /mpc/new/Elastic-Tracker/src/detection/install/object_detection_msgs/share/object_detection_msgs/environment/path.sh
[8.593s] -- Installing: /mpc/new/Elastic-Tracker/src/detection/install/object_detection_msgs/share/object_detection_msgs/environment/path.dsv
[8.593s] -- Installing: /mpc/new/Elastic-Tracker/src/detection/install/object_detection_msgs/share/object_detection_msgs/local_setup.bash
[8.594s] -- Installing: /mpc/new/Elastic-Tracker/src/detection/install/object_detection_msgs/share/object_detection_msgs/local_setup.sh
[8.594s] -- Installing: /mpc/new/Elastic-Tracker/src/detection/install/object_detection_msgs/share/object_detection_msgs/local_setup.zsh
[8.594s] -- Installing: /mpc/new/Elastic-Tracker/src/detection/install/object_detection_msgs/share/object_detection_msgs/local_setup.dsv
[8.594s] -- Installing: /mpc/new/Elastic-Tracker/src/detection/install/object_detection_msgs/share/object_detection_msgs/package.dsv
[8.594s] -- Installing: /mpc/new/Elastic-Tracker/src/detection/install/object_detection_msgs/share/ament_index/resource_index/packages/object_detection_msgs
[8.594s] -- Installing: /mpc/new/Elastic-Tracker/src/detection/install/object_detection_msgs/share/object_detection_msgs/cmake/export_object_detection_msgs__rosidl_generator_cExport.cmake
[8.595s] -- Installing: /mpc/new/Elastic-Tracker/src/detection/install/object_detection_msgs/share/object_detection_msgs/cmake/export_object_detection_msgs__rosidl_generator_cExport-noconfig.cmake
[8.595s] -- Installing: /mpc/new/Elastic-Tracker/src/detection/install/object_detection_msgs/share/object_detection_msgs/cmake/export_object_detection_msgs__rosidl_typesupport_fastrtps_cExport.cmake
[8.595s] -- Installing: /mpc/new/Elastic-Tracker/src/detection/install/object_detection_msgs/share/object_detection_msgs/cmake/export_object_detection_msgs__rosidl_typesupport_fastrtps_cExport-noconfig.cmake
[8.595s] -- Installing: /mpc/new/Elastic-Tracker/src/detection/install/object_detection_msgs/share/object_detection_msgs/cmake/object_detection_msgs__rosidl_typesupport_introspection_cExport.cmake
[8.595s] -- Installing: /mpc/new/Elastic-Tracker/src/detection/install/object_detection_msgs/share/object_detection_msgs/cmake/object_detection_msgs__rosidl_typesupport_introspection_cExport-noconfig.cmake
[8.596s] -- Installing: /mpc/new/Elastic-Tracker/src/detection/install/object_detection_msgs/share/object_detection_msgs/cmake/object_detection_msgs__rosidl_typesupport_cExport.cmake
[8.596s] -- Installing: /mpc/new/Elastic-Tracker/src/detection/install/object_detection_msgs/share/object_detection_msgs/cmake/object_detection_msgs__rosidl_typesupport_cExport-noconfig.cmake
[8.596s] -- Installing: /mpc/new/Elastic-Tracker/src/detection/install/object_detection_msgs/share/object_detection_msgs/cmake/export_object_detection_msgs__rosidl_generator_cppExport.cmake
[8.596s] -- Installing: /mpc/new/Elastic-Tracker/src/detection/install/object_detection_msgs/share/object_detection_msgs/cmake/export_object_detection_msgs__rosidl_typesupport_fastrtps_cppExport.cmake
[8.596s] -- Installing: /mpc/new/Elastic-Tracker/src/detection/install/object_detection_msgs/share/object_detection_msgs/cmake/export_object_detection_msgs__rosidl_typesupport_fastrtps_cppExport-noconfig.cmake
[8.596s] -- Installing: /mpc/new/Elastic-Tracker/src/detection/install/object_detection_msgs/share/object_detection_msgs/cmake/object_detection_msgs__rosidl_typesupport_introspection_cppExport.cmake
[8.596s] -- Installing: /mpc/new/Elastic-Tracker/src/detection/install/object_detection_msgs/share/object_detection_msgs/cmake/object_detection_msgs__rosidl_typesupport_introspection_cppExport-noconfig.cmake
[8.597s] -- Installing: /mpc/new/Elastic-Tracker/src/detection/install/object_detection_msgs/share/object_detection_msgs/cmake/object_detection_msgs__rosidl_typesupport_cppExport.cmake
[8.597s] -- Installing: /mpc/new/Elastic-Tracker/src/detection/install/object_detection_msgs/share/object_detection_msgs/cmake/object_detection_msgs__rosidl_typesupport_cppExport-noconfig.cmake
[8.597s] -- Installing: /mpc/new/Elastic-Tracker/src/detection/install/object_detection_msgs/share/object_detection_msgs/cmake/export_object_detection_msgs__rosidl_generator_pyExport.cmake
[8.597s] -- Installing: /mpc/new/Elastic-Tracker/src/detection/install/object_detection_msgs/share/object_detection_msgs/cmake/export_object_detection_msgs__rosidl_generator_pyExport-noconfig.cmake
[8.597s] -- Installing: /mpc/new/Elastic-Tracker/src/detection/install/object_detection_msgs/share/object_detection_msgs/cmake/rosidl_cmake-extras.cmake
[8.597s] -- Installing: /mpc/new/Elastic-Tracker/src/detection/install/object_detection_msgs/share/object_detection_msgs/cmake/ament_cmake_export_dependencies-extras.cmake
[8.597s] -- Installing: /mpc/new/Elastic-Tracker/src/detection/install/object_detection_msgs/share/object_detection_msgs/cmake/ament_cmake_export_include_directories-extras.cmake
[8.612s] -- Installing: /mpc/new/Elastic-Tracker/src/detection/install/object_detection_msgs/share/object_detection_msgs/cmake/ament_cmake_export_libraries-extras.cmake
[8.612s] -- Installing: /mpc/new/Elastic-Tracker/src/detection/install/object_detection_msgs/share/object_detection_msgs/cmake/ament_cmake_export_targets-extras.cmake
[8.613s] -- Installing: /mpc/new/Elastic-Tracker/src/detection/install/object_detection_msgs/share/object_detection_msgs/cmake/rosidl_cmake_export_typesupport_targets-extras.cmake
[8.613s] -- Installing: /mpc/new/Elastic-Tracker/src/detection/install/object_detection_msgs/share/object_detection_msgs/cmake/rosidl_cmake_export_typesupport_libraries-extras.cmake
[8.613s] -- Installing: /mpc/new/Elastic-Tracker/src/detection/install/object_detection_msgs/share/object_detection_msgs/cmake/object_detection_msgsConfig.cmake
[8.613s] -- Installing: /mpc/new/Elastic-Tracker/src/detection/install/object_detection_msgs/share/object_detection_msgs/cmake/object_detection_msgsConfig-version.cmake
[8.613s] -- Installing: /mpc/new/Elastic-Tracker/src/detection/install/object_detection_msgs/share/object_detection_msgs/package.xml
[8.613s] Invoked command in '/mpc/new/Elastic-Tracker/src/detection/build/object_detection_msgs' returned '0': CMAKE_PREFIX_PATH=/opt/ros/humble /usr/bin/cmake --install /mpc/new/Elastic-Tracker/src/detection/build/object_detection_msgs
