[0.015s] Invoking command in '/mpc/new/Elastic-Tracker/src/detection/build/object_detection_msgs': CMAKE_PREFIX_PATH=${CMAKE_PREFIX_PATH}:/opt/ros/humble /usr/bin/cmake --build /mpc/new/Elastic-Tracker/src/detection/build/object_detection_msgs -- -j12 -l12
[0.098s] [  1%] Built target object_detection_msgs__cpp
[0.102s] [ 12%] Built target object_detection_msgs__rosidl_generator_c
[0.114s] [ 12%] Built target ament_cmake_python_copy_object_detection_msgs
[0.136s] [ 23%] Built target object_detection_msgs__rosidl_typesupport_cpp
[0.148s] [ 34%] Built target object_detection_msgs__rosidl_typesupport_introspection_c
[0.165s] [ 46%] Built target object_detection_msgs__rosidl_typesupport_introspection_cpp
[0.169s] [ 57%] Built target object_detection_msgs__rosidl_typesupport_c
[0.173s] [ 68%] Built target object_detection_msgs__rosidl_typesupport_fastrtps_cpp
[0.177s] [ 79%] Built target object_detection_msgs__rosidl_typesupport_fastrtps_c
[0.207s] [ 79%] Built target object_detection_msgs
[0.229s] [ 80%] Built target object_detection_msgs__py
[0.263s] [ 90%] Built target object_detection_msgs__rosidl_generator_py
[0.312s] [ 93%] Built target object_detection_msgs__rosidl_typesupport_fastrtps_c__pyext
[0.313s] [ 98%] Built target object_detection_msgs__rosidl_typesupport_introspection_c__pyext
[0.313s] [100%] Built target object_detection_msgs__rosidl_typesupport_c__pyext
[0.587s] running egg_info
[0.587s] writing object_detection_msgs.egg-info/PKG-INFO
[0.587s] writing dependency_links to object_detection_msgs.egg-info/dependency_links.txt
[0.597s] writing top-level names to object_detection_msgs.egg-info/top_level.txt
[0.597s] reading manifest file 'object_detection_msgs.egg-info/SOURCES.txt'
[0.599s] writing manifest file 'object_detection_msgs.egg-info/SOURCES.txt'
[0.654s] [100%] Built target ament_cmake_python_build_object_detection_msgs_egg
[0.697s] Invoked command in '/mpc/new/Elastic-Tracker/src/detection/build/object_detection_msgs' returned '0': CMAKE_PREFIX_PATH=${CMAKE_PREFIX_PATH}:/opt/ros/humble /usr/bin/cmake --build /mpc/new/Elastic-Tracker/src/detection/build/object_detection_msgs -- -j12 -l12
[0.723s] Invoking command in '/mpc/new/Elastic-Tracker/src/detection/build/object_detection_msgs': CMAKE_PREFIX_PATH=${CMAKE_PREFIX_PATH}:/opt/ros/humble /usr/bin/cmake --install /mpc/new/Elastic-Tracker/src/detection/build/object_detection_msgs
[0.749s] -- Install configuration: ""
[0.750s] -- Up-to-date: /mpc/new/Elastic-Tracker/src/detection/install/object_detection_msgs/share/ament_index/resource_index/rosidl_interfaces/object_detection_msgs
[0.750s] -- Up-to-date: /mpc/new/Elastic-Tracker/src/detection/install/object_detection_msgs/include/object_detection_msgs/object_detection_msgs
[0.750s] -- Up-to-date: /mpc/new/Elastic-Tracker/src/detection/install/object_detection_msgs/include/object_detection_msgs/object_detection_msgs/msg
[0.750s] -- Up-to-date: /mpc/new/Elastic-Tracker/src/detection/install/object_detection_msgs/include/object_detection_msgs/object_detection_msgs/msg/bounding_box.h
[0.750s] -- Up-to-date: /mpc/new/Elastic-Tracker/src/detection/install/object_detection_msgs/include/object_detection_msgs/object_detection_msgs/msg/bounding_boxes.h
[0.750s] -- Up-to-date: /mpc/new/Elastic-Tracker/src/detection/install/object_detection_msgs/include/object_detection_msgs/object_detection_msgs/msg/motor_angle.h
[0.751s] -- Up-to-date: /mpc/new/Elastic-Tracker/src/detection/install/object_detection_msgs/include/object_detection_msgs/object_detection_msgs/msg/object_count.h
[0.751s] -- Up-to-date: /mpc/new/Elastic-Tracker/src/detection/install/object_detection_msgs/include/object_detection_msgs/object_detection_msgs/msg/detail
[0.751s] -- Up-to-date: /mpc/new/Elastic-Tracker/src/detection/install/object_detection_msgs/include/object_detection_msgs/object_detection_msgs/msg/detail/bounding_box__type_support.h
[0.751s] -- Up-to-date: /mpc/new/Elastic-Tracker/src/detection/install/object_detection_msgs/include/object_detection_msgs/object_detection_msgs/msg/detail/object_count__functions.c
[0.751s] -- Up-to-date: /mpc/new/Elastic-Tracker/src/detection/install/object_detection_msgs/include/object_detection_msgs/object_detection_msgs/msg/detail/object_count__functions.h
[0.751s] -- Up-to-date: /mpc/new/Elastic-Tracker/src/detection/install/object_detection_msgs/include/object_detection_msgs/object_detection_msgs/msg/detail/car_position__struct.h
[0.752s] -- Up-to-date: /mpc/new/Elastic-Tracker/src/detection/install/object_detection_msgs/include/object_detection_msgs/object_detection_msgs/msg/detail/car_position__type_support.h
[0.752s] -- Up-to-date: /mpc/new/Elastic-Tracker/src/detection/install/object_detection_msgs/include/object_detection_msgs/object_detection_msgs/msg/detail/motor_angle__functions.c
[0.752s] -- Up-to-date: /mpc/new/Elastic-Tracker/src/detection/install/object_detection_msgs/include/object_detection_msgs/object_detection_msgs/msg/detail/car_position__functions.c
[0.752s] -- Up-to-date: /mpc/new/Elastic-Tracker/src/detection/install/object_detection_msgs/include/object_detection_msgs/object_detection_msgs/msg/detail/car_position__functions.h
[0.752s] -- Up-to-date: /mpc/new/Elastic-Tracker/src/detection/install/object_detection_msgs/include/object_detection_msgs/object_detection_msgs/msg/detail/motor_angle__functions.h
[0.752s] -- Up-to-date: /mpc/new/Elastic-Tracker/src/detection/install/object_detection_msgs/include/object_detection_msgs/object_detection_msgs/msg/detail/object_count__struct.h
[0.753s] -- Up-to-date: /mpc/new/Elastic-Tracker/src/detection/install/object_detection_msgs/include/object_detection_msgs/object_detection_msgs/msg/detail/bounding_boxes__functions.c
[0.753s] -- Up-to-date: /mpc/new/Elastic-Tracker/src/detection/install/object_detection_msgs/include/object_detection_msgs/object_detection_msgs/msg/detail/object_count__type_support.h
[0.753s] -- Up-to-date: /mpc/new/Elastic-Tracker/src/detection/install/object_detection_msgs/include/object_detection_msgs/object_detection_msgs/msg/detail/bounding_boxes__struct.h
[0.753s] -- Up-to-date: /mpc/new/Elastic-Tracker/src/detection/install/object_detection_msgs/include/object_detection_msgs/object_detection_msgs/msg/detail/motor_angle__struct.h
[0.753s] -- Up-to-date: /mpc/new/Elastic-Tracker/src/detection/install/object_detection_msgs/include/object_detection_msgs/object_detection_msgs/msg/detail/bounding_boxes__functions.h
[0.753s] -- Up-to-date: /mpc/new/Elastic-Tracker/src/detection/install/object_detection_msgs/include/object_detection_msgs/object_detection_msgs/msg/detail/bounding_boxes__type_support.h
[0.753s] -- Up-to-date: /mpc/new/Elastic-Tracker/src/detection/install/object_detection_msgs/include/object_detection_msgs/object_detection_msgs/msg/detail/bounding_box__functions.h
[0.754s] -- Up-to-date: /mpc/new/Elastic-Tracker/src/detection/install/object_detection_msgs/include/object_detection_msgs/object_detection_msgs/msg/detail/bounding_box__struct.h
[0.754s] -- Up-to-date: /mpc/new/Elastic-Tracker/src/detection/install/object_detection_msgs/include/object_detection_msgs/object_detection_msgs/msg/detail/bounding_box__functions.c
[0.754s] -- Up-to-date: /mpc/new/Elastic-Tracker/src/detection/install/object_detection_msgs/include/object_detection_msgs/object_detection_msgs/msg/detail/motor_angle__type_support.h
[0.754s] -- Up-to-date: /mpc/new/Elastic-Tracker/src/detection/install/object_detection_msgs/include/object_detection_msgs/object_detection_msgs/msg/car_position.h
[0.754s] -- Up-to-date: /mpc/new/Elastic-Tracker/src/detection/install/object_detection_msgs/include/object_detection_msgs/object_detection_msgs/msg/rosidl_generator_c__visibility_control.h
[0.754s] -- Up-to-date: /mpc/new/Elastic-Tracker/src/detection/install/object_detection_msgs/share/object_detection_msgs/environment/library_path.sh
[0.755s] -- Up-to-date: /mpc/new/Elastic-Tracker/src/detection/install/object_detection_msgs/share/object_detection_msgs/environment/library_path.dsv
[0.755s] -- Up-to-date: /mpc/new/Elastic-Tracker/src/detection/install/object_detection_msgs/lib/libobject_detection_msgs__rosidl_generator_c.so
[0.755s] -- Up-to-date: /mpc/new/Elastic-Tracker/src/detection/install/object_detection_msgs/include/object_detection_msgs/object_detection_msgs
[0.755s] -- Up-to-date: /mpc/new/Elastic-Tracker/src/detection/install/object_detection_msgs/include/object_detection_msgs/object_detection_msgs/msg
[0.755s] -- Up-to-date: /mpc/new/Elastic-Tracker/src/detection/install/object_detection_msgs/include/object_detection_msgs/object_detection_msgs/msg/detail
[0.755s] -- Up-to-date: /mpc/new/Elastic-Tracker/src/detection/install/object_detection_msgs/include/object_detection_msgs/object_detection_msgs/msg/detail/object_count__rosidl_typesupport_fastrtps_c.h
[0.755s] -- Up-to-date: /mpc/new/Elastic-Tracker/src/detection/install/object_detection_msgs/include/object_detection_msgs/object_detection_msgs/msg/detail/bounding_boxes__rosidl_typesupport_fastrtps_c.h
[0.755s] -- Up-to-date: /mpc/new/Elastic-Tracker/src/detection/install/object_detection_msgs/include/object_detection_msgs/object_detection_msgs/msg/detail/car_position__rosidl_typesupport_fastrtps_c.h
[0.756s] -- Up-to-date: /mpc/new/Elastic-Tracker/src/detection/install/object_detection_msgs/include/object_detection_msgs/object_detection_msgs/msg/detail/motor_angle__rosidl_typesupport_fastrtps_c.h
[0.756s] -- Up-to-date: /mpc/new/Elastic-Tracker/src/detection/install/object_detection_msgs/include/object_detection_msgs/object_detection_msgs/msg/detail/bounding_box__rosidl_typesupport_fastrtps_c.h
[0.761s] -- Up-to-date: /mpc/new/Elastic-Tracker/src/detection/install/object_detection_msgs/include/object_detection_msgs/object_detection_msgs/msg/rosidl_typesupport_fastrtps_c__visibility_control.h
[0.761s] -- Up-to-date: /mpc/new/Elastic-Tracker/src/detection/install/object_detection_msgs/lib/libobject_detection_msgs__rosidl_typesupport_fastrtps_c.so
[0.761s] -- Up-to-date: /mpc/new/Elastic-Tracker/src/detection/install/object_detection_msgs/include/object_detection_msgs/object_detection_msgs
[0.761s] -- Up-to-date: /mpc/new/Elastic-Tracker/src/detection/install/object_detection_msgs/include/object_detection_msgs/object_detection_msgs/msg
[0.762s] -- Up-to-date: /mpc/new/Elastic-Tracker/src/detection/install/object_detection_msgs/include/object_detection_msgs/object_detection_msgs/msg/rosidl_typesupport_introspection_c__visibility_control.h
[0.762s] -- Up-to-date: /mpc/new/Elastic-Tracker/src/detection/install/object_detection_msgs/include/object_detection_msgs/object_detection_msgs/msg/detail
[0.762s] -- Up-to-date: /mpc/new/Elastic-Tracker/src/detection/install/object_detection_msgs/include/object_detection_msgs/object_detection_msgs/msg/detail/bounding_box__type_support.c
[0.762s] -- Up-to-date: /mpc/new/Elastic-Tracker/src/detection/install/object_detection_msgs/include/object_detection_msgs/object_detection_msgs/msg/detail/object_count__type_support.c
[0.762s] -- Up-to-date: /mpc/new/Elastic-Tracker/src/detection/install/object_detection_msgs/include/object_detection_msgs/object_detection_msgs/msg/detail/car_position__type_support.c
[0.762s] -- Up-to-date: /mpc/new/Elastic-Tracker/src/detection/install/object_detection_msgs/include/object_detection_msgs/object_detection_msgs/msg/detail/motor_angle__type_support.c
[0.762s] -- Up-to-date: /mpc/new/Elastic-Tracker/src/detection/install/object_detection_msgs/include/object_detection_msgs/object_detection_msgs/msg/detail/object_count__rosidl_typesupport_introspection_c.h
[0.763s] -- Up-to-date: /mpc/new/Elastic-Tracker/src/detection/install/object_detection_msgs/include/object_detection_msgs/object_detection_msgs/msg/detail/car_position__rosidl_typesupport_introspection_c.h
[0.763s] -- Up-to-date: /mpc/new/Elastic-Tracker/src/detection/install/object_detection_msgs/include/object_detection_msgs/object_detection_msgs/msg/detail/bounding_boxes__rosidl_typesupport_introspection_c.h
[0.763s] -- Up-to-date: /mpc/new/Elastic-Tracker/src/detection/install/object_detection_msgs/include/object_detection_msgs/object_detection_msgs/msg/detail/motor_angle__rosidl_typesupport_introspection_c.h
[0.763s] -- Up-to-date: /mpc/new/Elastic-Tracker/src/detection/install/object_detection_msgs/include/object_detection_msgs/object_detection_msgs/msg/detail/bounding_boxes__type_support.c
[0.763s] -- Up-to-date: /mpc/new/Elastic-Tracker/src/detection/install/object_detection_msgs/include/object_detection_msgs/object_detection_msgs/msg/detail/bounding_box__rosidl_typesupport_introspection_c.h
[0.763s] -- Up-to-date: /mpc/new/Elastic-Tracker/src/detection/install/object_detection_msgs/lib/libobject_detection_msgs__rosidl_typesupport_introspection_c.so
[0.763s] -- Up-to-date: /mpc/new/Elastic-Tracker/src/detection/install/object_detection_msgs/lib/libobject_detection_msgs__rosidl_typesupport_c.so
[0.764s] -- Up-to-date: /mpc/new/Elastic-Tracker/src/detection/install/object_detection_msgs/include/object_detection_msgs/object_detection_msgs
[0.764s] -- Up-to-date: /mpc/new/Elastic-Tracker/src/detection/install/object_detection_msgs/include/object_detection_msgs/object_detection_msgs/msg
[0.764s] -- Up-to-date: /mpc/new/Elastic-Tracker/src/detection/install/object_detection_msgs/include/object_detection_msgs/object_detection_msgs/msg/object_count.hpp
[0.764s] -- Up-to-date: /mpc/new/Elastic-Tracker/src/detection/install/object_detection_msgs/include/object_detection_msgs/object_detection_msgs/msg/bounding_boxes.hpp
[0.764s] -- Up-to-date: /mpc/new/Elastic-Tracker/src/detection/install/object_detection_msgs/include/object_detection_msgs/object_detection_msgs/msg/car_position.hpp
[0.765s] -- Up-to-date: /mpc/new/Elastic-Tracker/src/detection/install/object_detection_msgs/include/object_detection_msgs/object_detection_msgs/msg/detail
[0.765s] -- Up-to-date: /mpc/new/Elastic-Tracker/src/detection/install/object_detection_msgs/include/object_detection_msgs/object_detection_msgs/msg/detail/car_position__traits.hpp
[0.765s] -- Up-to-date: /mpc/new/Elastic-Tracker/src/detection/install/object_detection_msgs/include/object_detection_msgs/object_detection_msgs/msg/detail/motor_angle__struct.hpp
[0.765s] -- Up-to-date: /mpc/new/Elastic-Tracker/src/detection/install/object_detection_msgs/include/object_detection_msgs/object_detection_msgs/msg/detail/bounding_box__builder.hpp
[0.765s] -- Up-to-date: /mpc/new/Elastic-Tracker/src/detection/install/object_detection_msgs/include/object_detection_msgs/object_detection_msgs/msg/detail/object_count__type_support.hpp
[0.765s] -- Up-to-date: /mpc/new/Elastic-Tracker/src/detection/install/object_detection_msgs/include/object_detection_msgs/object_detection_msgs/msg/detail/motor_angle__type_support.hpp
[0.765s] -- Up-to-date: /mpc/new/Elastic-Tracker/src/detection/install/object_detection_msgs/include/object_detection_msgs/object_detection_msgs/msg/detail/bounding_boxes__type_support.hpp
[0.765s] -- Up-to-date: /mpc/new/Elastic-Tracker/src/detection/install/object_detection_msgs/include/object_detection_msgs/object_detection_msgs/msg/detail/bounding_box__struct.hpp
[0.766s] -- Up-to-date: /mpc/new/Elastic-Tracker/src/detection/install/object_detection_msgs/include/object_detection_msgs/object_detection_msgs/msg/detail/motor_angle__builder.hpp
[0.766s] -- Up-to-date: /mpc/new/Elastic-Tracker/src/detection/install/object_detection_msgs/include/object_detection_msgs/object_detection_msgs/msg/detail/bounding_boxes__traits.hpp
[0.766s] -- Up-to-date: /mpc/new/Elastic-Tracker/src/detection/install/object_detection_msgs/include/object_detection_msgs/object_detection_msgs/msg/detail/motor_angle__traits.hpp
[0.766s] -- Up-to-date: /mpc/new/Elastic-Tracker/src/detection/install/object_detection_msgs/include/object_detection_msgs/object_detection_msgs/msg/detail/car_position__struct.hpp
[0.766s] -- Up-to-date: /mpc/new/Elastic-Tracker/src/detection/install/object_detection_msgs/include/object_detection_msgs/object_detection_msgs/msg/detail/bounding_boxes__builder.hpp
[0.766s] -- Up-to-date: /mpc/new/Elastic-Tracker/src/detection/install/object_detection_msgs/include/object_detection_msgs/object_detection_msgs/msg/detail/bounding_box__traits.hpp
[0.766s] -- Up-to-date: /mpc/new/Elastic-Tracker/src/detection/install/object_detection_msgs/include/object_detection_msgs/object_detection_msgs/msg/detail/car_position__builder.hpp
[0.766s] -- Up-to-date: /mpc/new/Elastic-Tracker/src/detection/install/object_detection_msgs/include/object_detection_msgs/object_detection_msgs/msg/detail/object_count__struct.hpp
[0.767s] -- Up-to-date: /mpc/new/Elastic-Tracker/src/detection/install/object_detection_msgs/include/object_detection_msgs/object_detection_msgs/msg/detail/bounding_box__type_support.hpp
[0.767s] -- Up-to-date: /mpc/new/Elastic-Tracker/src/detection/install/object_detection_msgs/include/object_detection_msgs/object_detection_msgs/msg/detail/object_count__builder.hpp
[0.767s] -- Up-to-date: /mpc/new/Elastic-Tracker/src/detection/install/object_detection_msgs/include/object_detection_msgs/object_detection_msgs/msg/detail/car_position__type_support.hpp
[0.767s] -- Up-to-date: /mpc/new/Elastic-Tracker/src/detection/install/object_detection_msgs/include/object_detection_msgs/object_detection_msgs/msg/detail/bounding_boxes__struct.hpp
[0.767s] -- Up-to-date: /mpc/new/Elastic-Tracker/src/detection/install/object_detection_msgs/include/object_detection_msgs/object_detection_msgs/msg/detail/object_count__traits.hpp
[0.767s] -- Up-to-date: /mpc/new/Elastic-Tracker/src/detection/install/object_detection_msgs/include/object_detection_msgs/object_detection_msgs/msg/motor_angle.hpp
[0.767s] -- Up-to-date: /mpc/new/Elastic-Tracker/src/detection/install/object_detection_msgs/include/object_detection_msgs/object_detection_msgs/msg/bounding_box.hpp
[0.768s] -- Up-to-date: /mpc/new/Elastic-Tracker/src/detection/install/object_detection_msgs/include/object_detection_msgs/object_detection_msgs/msg/rosidl_generator_cpp__visibility_control.hpp
[0.768s] -- Up-to-date: /mpc/new/Elastic-Tracker/src/detection/install/object_detection_msgs/include/object_detection_msgs/object_detection_msgs
[0.768s] -- Up-to-date: /mpc/new/Elastic-Tracker/src/detection/install/object_detection_msgs/include/object_detection_msgs/object_detection_msgs/msg
[0.768s] -- Up-to-date: /mpc/new/Elastic-Tracker/src/detection/install/object_detection_msgs/include/object_detection_msgs/object_detection_msgs/msg/detail
[0.768s] -- Up-to-date: /mpc/new/Elastic-Tracker/src/detection/install/object_detection_msgs/include/object_detection_msgs/object_detection_msgs/msg/detail/motor_angle__rosidl_typesupport_fastrtps_cpp.hpp
[0.768s] -- Up-to-date: /mpc/new/Elastic-Tracker/src/detection/install/object_detection_msgs/include/object_detection_msgs/object_detection_msgs/msg/detail/bounding_boxes__rosidl_typesupport_fastrtps_cpp.hpp
[0.768s] -- Up-to-date: /mpc/new/Elastic-Tracker/src/detection/install/object_detection_msgs/include/object_detection_msgs/object_detection_msgs/msg/detail/dds_fastrtps
[0.769s] -- Up-to-date: /mpc/new/Elastic-Tracker/src/detection/install/object_detection_msgs/include/object_detection_msgs/object_detection_msgs/msg/detail/car_position__rosidl_typesupport_fastrtps_cpp.hpp
[0.769s] -- Up-to-date: /mpc/new/Elastic-Tracker/src/detection/install/object_detection_msgs/include/object_detection_msgs/object_detection_msgs/msg/detail/object_count__rosidl_typesupport_fastrtps_cpp.hpp
[0.769s] -- Up-to-date: /mpc/new/Elastic-Tracker/src/detection/install/object_detection_msgs/include/object_detection_msgs/object_detection_msgs/msg/detail/bounding_box__rosidl_typesupport_fastrtps_cpp.hpp
[0.769s] -- Up-to-date: /mpc/new/Elastic-Tracker/src/detection/install/object_detection_msgs/include/object_detection_msgs/object_detection_msgs/msg/rosidl_typesupport_fastrtps_cpp__visibility_control.h
[0.769s] -- Up-to-date: /mpc/new/Elastic-Tracker/src/detection/install/object_detection_msgs/lib/libobject_detection_msgs__rosidl_typesupport_fastrtps_cpp.so
[0.769s] -- Up-to-date: /mpc/new/Elastic-Tracker/src/detection/install/object_detection_msgs/include/object_detection_msgs/object_detection_msgs
[0.769s] -- Up-to-date: /mpc/new/Elastic-Tracker/src/detection/install/object_detection_msgs/include/object_detection_msgs/object_detection_msgs/msg
[0.770s] -- Up-to-date: /mpc/new/Elastic-Tracker/src/detection/install/object_detection_msgs/include/object_detection_msgs/object_detection_msgs/msg/detail
[0.770s] -- Up-to-date: /mpc/new/Elastic-Tracker/src/detection/install/object_detection_msgs/include/object_detection_msgs/object_detection_msgs/msg/detail/motor_angle__rosidl_typesupport_introspection_cpp.hpp
[0.770s] -- Up-to-date: /mpc/new/Elastic-Tracker/src/detection/install/object_detection_msgs/include/object_detection_msgs/object_detection_msgs/msg/detail/bounding_box__rosidl_typesupport_introspection_cpp.hpp
[0.770s] -- Up-to-date: /mpc/new/Elastic-Tracker/src/detection/install/object_detection_msgs/include/object_detection_msgs/object_detection_msgs/msg/detail/object_count__rosidl_typesupport_introspection_cpp.hpp
[0.770s] -- Up-to-date: /mpc/new/Elastic-Tracker/src/detection/install/object_detection_msgs/include/object_detection_msgs/object_detection_msgs/msg/detail/bounding_boxes__rosidl_typesupport_introspection_cpp.hpp
[0.770s] -- Up-to-date: /mpc/new/Elastic-Tracker/src/detection/install/object_detection_msgs/include/object_detection_msgs/object_detection_msgs/msg/detail/car_position__rosidl_typesupport_introspection_cpp.hpp
[0.770s] -- Up-to-date: /mpc/new/Elastic-Tracker/src/detection/install/object_detection_msgs/include/object_detection_msgs/object_detection_msgs/msg/detail/car_position__type_support.cpp
[0.771s] -- Up-to-date: /mpc/new/Elastic-Tracker/src/detection/install/object_detection_msgs/include/object_detection_msgs/object_detection_msgs/msg/detail/bounding_boxes__type_support.cpp
[0.771s] -- Up-to-date: /mpc/new/Elastic-Tracker/src/detection/install/object_detection_msgs/include/object_detection_msgs/object_detection_msgs/msg/detail/object_count__type_support.cpp
[0.771s] -- Up-to-date: /mpc/new/Elastic-Tracker/src/detection/install/object_detection_msgs/include/object_detection_msgs/object_detection_msgs/msg/detail/bounding_box__type_support.cpp
[0.771s] -- Up-to-date: /mpc/new/Elastic-Tracker/src/detection/install/object_detection_msgs/include/object_detection_msgs/object_detection_msgs/msg/detail/motor_angle__type_support.cpp
[0.771s] -- Up-to-date: /mpc/new/Elastic-Tracker/src/detection/install/object_detection_msgs/lib/libobject_detection_msgs__rosidl_typesupport_introspection_cpp.so
[0.771s] -- Up-to-date: /mpc/new/Elastic-Tracker/src/detection/install/object_detection_msgs/lib/libobject_detection_msgs__rosidl_typesupport_cpp.so
[0.771s] -- Up-to-date: /mpc/new/Elastic-Tracker/src/detection/install/object_detection_msgs/share/object_detection_msgs/environment/pythonpath.sh
[0.772s] -- Up-to-date: /mpc/new/Elastic-Tracker/src/detection/install/object_detection_msgs/share/object_detection_msgs/environment/pythonpath.dsv
[0.772s] -- Up-to-date: /mpc/new/Elastic-Tracker/src/detection/install/object_detection_msgs/local/lib/python3.10/dist-packages/object_detection_msgs-0.0.0-py3.10.egg-info
[0.772s] -- Installing: /mpc/new/Elastic-Tracker/src/detection/install/object_detection_msgs/local/lib/python3.10/dist-packages/object_detection_msgs-0.0.0-py3.10.egg-info/dependency_links.txt
[0.772s] -- Installing: /mpc/new/Elastic-Tracker/src/detection/install/object_detection_msgs/local/lib/python3.10/dist-packages/object_detection_msgs-0.0.0-py3.10.egg-info/top_level.txt
[0.772s] -- Installing: /mpc/new/Elastic-Tracker/src/detection/install/object_detection_msgs/local/lib/python3.10/dist-packages/object_detection_msgs-0.0.0-py3.10.egg-info/PKG-INFO
[0.772s] -- Installing: /mpc/new/Elastic-Tracker/src/detection/install/object_detection_msgs/local/lib/python3.10/dist-packages/object_detection_msgs-0.0.0-py3.10.egg-info/SOURCES.txt
[0.772s] -- Up-to-date: /mpc/new/Elastic-Tracker/src/detection/install/object_detection_msgs/local/lib/python3.10/dist-packages/object_detection_msgs
[0.773s] -- Up-to-date: /mpc/new/Elastic-Tracker/src/detection/install/object_detection_msgs/local/lib/python3.10/dist-packages/object_detection_msgs/libobject_detection_msgs__rosidl_generator_py.so
[0.773s] -- Up-to-date: /mpc/new/Elastic-Tracker/src/detection/install/object_detection_msgs/local/lib/python3.10/dist-packages/object_detection_msgs/_object_detection_msgs_s.ep.rosidl_typesupport_introspection_c.c
[0.773s] -- Up-to-date: /mpc/new/Elastic-Tracker/src/detection/install/object_detection_msgs/local/lib/python3.10/dist-packages/object_detection_msgs/_object_detection_msgs_s.ep.rosidl_typesupport_fastrtps_c.c
[0.773s] -- Up-to-date: /mpc/new/Elastic-Tracker/src/detection/install/object_detection_msgs/local/lib/python3.10/dist-packages/object_detection_msgs/__init__.py
[0.773s] -- Up-to-date: /mpc/new/Elastic-Tracker/src/detection/install/object_detection_msgs/local/lib/python3.10/dist-packages/object_detection_msgs/_object_detection_msgs_s.ep.rosidl_typesupport_c.c
[0.773s] -- Up-to-date: /mpc/new/Elastic-Tracker/src/detection/install/object_detection_msgs/local/lib/python3.10/dist-packages/object_detection_msgs/object_detection_msgs_s__rosidl_typesupport_c.cpython-310-x86_64-linux-gnu.so
[0.773s] -- Up-to-date: /mpc/new/Elastic-Tracker/src/detection/install/object_detection_msgs/local/lib/python3.10/dist-packages/object_detection_msgs/object_detection_msgs_s__rosidl_typesupport_fastrtps_c.cpython-310-x86_64-linux-gnu.so
[0.773s] -- Up-to-date: /mpc/new/Elastic-Tracker/src/detection/install/object_detection_msgs/local/lib/python3.10/dist-packages/object_detection_msgs/object_detection_msgs_s__rosidl_typesupport_introspection_c.cpython-310-x86_64-linux-gnu.so
[0.774s] -- Up-to-date: /mpc/new/Elastic-Tracker/src/detection/install/object_detection_msgs/local/lib/python3.10/dist-packages/object_detection_msgs/msg
[0.774s] -- Up-to-date: /mpc/new/Elastic-Tracker/src/detection/install/object_detection_msgs/local/lib/python3.10/dist-packages/object_detection_msgs/msg/_bounding_boxes_s.c
[0.774s] -- Up-to-date: /mpc/new/Elastic-Tracker/src/detection/install/object_detection_msgs/local/lib/python3.10/dist-packages/object_detection_msgs/msg/_bounding_boxes.py
[0.774s] -- Up-to-date: /mpc/new/Elastic-Tracker/src/detection/install/object_detection_msgs/local/lib/python3.10/dist-packages/object_detection_msgs/msg/_bounding_box.py
[0.774s] -- Up-to-date: /mpc/new/Elastic-Tracker/src/detection/install/object_detection_msgs/local/lib/python3.10/dist-packages/object_detection_msgs/msg/_object_count.py
[0.774s] -- Up-to-date: /mpc/new/Elastic-Tracker/src/detection/install/object_detection_msgs/local/lib/python3.10/dist-packages/object_detection_msgs/msg/_object_count_s.c
[0.774s] -- Up-to-date: /mpc/new/Elastic-Tracker/src/detection/install/object_detection_msgs/local/lib/python3.10/dist-packages/object_detection_msgs/msg/_car_position.py
[0.775s] -- Up-to-date: /mpc/new/Elastic-Tracker/src/detection/install/object_detection_msgs/local/lib/python3.10/dist-packages/object_detection_msgs/msg/__init__.py
[0.775s] -- Up-to-date: /mpc/new/Elastic-Tracker/src/detection/install/object_detection_msgs/local/lib/python3.10/dist-packages/object_detection_msgs/msg/_motor_angle.py
[0.775s] -- Up-to-date: /mpc/new/Elastic-Tracker/src/detection/install/object_detection_msgs/local/lib/python3.10/dist-packages/object_detection_msgs/msg/_bounding_box_s.c
[0.775s] -- Up-to-date: /mpc/new/Elastic-Tracker/src/detection/install/object_detection_msgs/local/lib/python3.10/dist-packages/object_detection_msgs/msg/_motor_angle_s.c
[0.775s] -- Up-to-date: /mpc/new/Elastic-Tracker/src/detection/install/object_detection_msgs/local/lib/python3.10/dist-packages/object_detection_msgs/msg/_car_position_s.c
[0.861s] Listing '/mpc/new/Elastic-Tracker/src/detection/install/object_detection_msgs/local/lib/python3.10/dist-packages/object_detection_msgs'...
[0.862s] Listing '/mpc/new/Elastic-Tracker/src/detection/install/object_detection_msgs/local/lib/python3.10/dist-packages/object_detection_msgs/msg'...
[0.870s] -- Up-to-date: /mpc/new/Elastic-Tracker/src/detection/install/object_detection_msgs/local/lib/python3.10/dist-packages/object_detection_msgs/object_detection_msgs_s__rosidl_typesupport_fastrtps_c.cpython-310-x86_64-linux-gnu.so
[0.871s] -- Up-to-date: /mpc/new/Elastic-Tracker/src/detection/install/object_detection_msgs/local/lib/python3.10/dist-packages/object_detection_msgs/object_detection_msgs_s__rosidl_typesupport_introspection_c.cpython-310-x86_64-linux-gnu.so
[0.872s] -- Up-to-date: /mpc/new/Elastic-Tracker/src/detection/install/object_detection_msgs/local/lib/python3.10/dist-packages/object_detection_msgs/object_detection_msgs_s__rosidl_typesupport_c.cpython-310-x86_64-linux-gnu.so
[0.872s] -- Up-to-date: /mpc/new/Elastic-Tracker/src/detection/install/object_detection_msgs/lib/libobject_detection_msgs__rosidl_generator_py.so
[0.872s] -- Up-to-date: /mpc/new/Elastic-Tracker/src/detection/install/object_detection_msgs/share/object_detection_msgs/msg/BoundingBox.idl
[0.873s] -- Up-to-date: /mpc/new/Elastic-Tracker/src/detection/install/object_detection_msgs/share/object_detection_msgs/msg/BoundingBoxes.idl
[0.873s] -- Up-to-date: /mpc/new/Elastic-Tracker/src/detection/install/object_detection_msgs/share/object_detection_msgs/msg/ObjectCount.idl
[0.873s] -- Up-to-date: /mpc/new/Elastic-Tracker/src/detection/install/object_detection_msgs/share/object_detection_msgs/msg/CarPosition.idl
[0.873s] -- Up-to-date: /mpc/new/Elastic-Tracker/src/detection/install/object_detection_msgs/share/object_detection_msgs/msg/MotorAngle.idl
[0.873s] -- Up-to-date: /mpc/new/Elastic-Tracker/src/detection/install/object_detection_msgs/share/object_detection_msgs/msg/BoundingBox.msg
[0.873s] -- Up-to-date: /mpc/new/Elastic-Tracker/src/detection/install/object_detection_msgs/share/object_detection_msgs/msg/BoundingBoxes.msg
[0.874s] -- Up-to-date: /mpc/new/Elastic-Tracker/src/detection/install/object_detection_msgs/share/object_detection_msgs/msg/ObjectCount.msg
[0.874s] -- Up-to-date: /mpc/new/Elastic-Tracker/src/detection/install/object_detection_msgs/share/object_detection_msgs/msg/CarPosition.msg
[0.874s] -- Up-to-date: /mpc/new/Elastic-Tracker/src/detection/install/object_detection_msgs/share/object_detection_msgs/msg/MotorAngle.msg
[0.874s] -- Up-to-date: /mpc/new/Elastic-Tracker/src/detection/install/object_detection_msgs/share/object_detection_msgs/msg
[0.874s] -- Up-to-date: /mpc/new/Elastic-Tracker/src/detection/install/object_detection_msgs/share/object_detection_msgs/msg/ObjectCount.msg
[0.874s] -- Up-to-date: /mpc/new/Elastic-Tracker/src/detection/install/object_detection_msgs/share/object_detection_msgs/msg/BoundingBox.msg
[0.875s] -- Up-to-date: /mpc/new/Elastic-Tracker/src/detection/install/object_detection_msgs/share/object_detection_msgs/msg/BoundingBoxes.msg
[0.875s] -- Up-to-date: /mpc/new/Elastic-Tracker/src/detection/install/object_detection_msgs/share/object_detection_msgs/msg/CarPosition.msg
[0.875s] -- Up-to-date: /mpc/new/Elastic-Tracker/src/detection/install/object_detection_msgs/share/object_detection_msgs/msg/MotorAngle.msg
[0.875s] -- Up-to-date: /mpc/new/Elastic-Tracker/src/detection/install/object_detection_msgs/share/ament_index/resource_index/package_run_dependencies/object_detection_msgs
[0.875s] -- Up-to-date: /mpc/new/Elastic-Tracker/src/detection/install/object_detection_msgs/share/ament_index/resource_index/parent_prefix_path/object_detection_msgs
[0.875s] -- Up-to-date: /mpc/new/Elastic-Tracker/src/detection/install/object_detection_msgs/share/object_detection_msgs/environment/ament_prefix_path.sh
[0.876s] -- Up-to-date: /mpc/new/Elastic-Tracker/src/detection/install/object_detection_msgs/share/object_detection_msgs/environment/ament_prefix_path.dsv
[0.876s] -- Up-to-date: /mpc/new/Elastic-Tracker/src/detection/install/object_detection_msgs/share/object_detection_msgs/environment/path.sh
[0.876s] -- Up-to-date: /mpc/new/Elastic-Tracker/src/detection/install/object_detection_msgs/share/object_detection_msgs/environment/path.dsv
[0.876s] -- Up-to-date: /mpc/new/Elastic-Tracker/src/detection/install/object_detection_msgs/share/object_detection_msgs/local_setup.bash
[0.876s] -- Up-to-date: /mpc/new/Elastic-Tracker/src/detection/install/object_detection_msgs/share/object_detection_msgs/local_setup.sh
[0.876s] -- Up-to-date: /mpc/new/Elastic-Tracker/src/detection/install/object_detection_msgs/share/object_detection_msgs/local_setup.zsh
[0.876s] -- Up-to-date: /mpc/new/Elastic-Tracker/src/detection/install/object_detection_msgs/share/object_detection_msgs/local_setup.dsv
[0.876s] -- Installing: /mpc/new/Elastic-Tracker/src/detection/install/object_detection_msgs/share/object_detection_msgs/package.dsv
[0.877s] -- Up-to-date: /mpc/new/Elastic-Tracker/src/detection/install/object_detection_msgs/share/ament_index/resource_index/packages/object_detection_msgs
[0.877s] -- Up-to-date: /mpc/new/Elastic-Tracker/src/detection/install/object_detection_msgs/share/object_detection_msgs/cmake/export_object_detection_msgs__rosidl_generator_cExport.cmake
[0.877s] -- Up-to-date: /mpc/new/Elastic-Tracker/src/detection/install/object_detection_msgs/share/object_detection_msgs/cmake/export_object_detection_msgs__rosidl_generator_cExport-noconfig.cmake
[0.879s] -- Up-to-date: /mpc/new/Elastic-Tracker/src/detection/install/object_detection_msgs/share/object_detection_msgs/cmake/export_object_detection_msgs__rosidl_typesupport_fastrtps_cExport.cmake
[0.879s] -- Up-to-date: /mpc/new/Elastic-Tracker/src/detection/install/object_detection_msgs/share/object_detection_msgs/cmake/export_object_detection_msgs__rosidl_typesupport_fastrtps_cExport-noconfig.cmake
[0.879s] -- Up-to-date: /mpc/new/Elastic-Tracker/src/detection/install/object_detection_msgs/share/object_detection_msgs/cmake/object_detection_msgs__rosidl_typesupport_introspection_cExport.cmake
[0.879s] -- Up-to-date: /mpc/new/Elastic-Tracker/src/detection/install/object_detection_msgs/share/object_detection_msgs/cmake/object_detection_msgs__rosidl_typesupport_introspection_cExport-noconfig.cmake
[0.881s] -- Up-to-date: /mpc/new/Elastic-Tracker/src/detection/install/object_detection_msgs/share/object_detection_msgs/cmake/object_detection_msgs__rosidl_typesupport_cExport.cmake
[0.881s] -- Up-to-date: /mpc/new/Elastic-Tracker/src/detection/install/object_detection_msgs/share/object_detection_msgs/cmake/object_detection_msgs__rosidl_typesupport_cExport-noconfig.cmake
[0.881s] -- Up-to-date: /mpc/new/Elastic-Tracker/src/detection/install/object_detection_msgs/share/object_detection_msgs/cmake/export_object_detection_msgs__rosidl_generator_cppExport.cmake
[0.882s] -- Up-to-date: /mpc/new/Elastic-Tracker/src/detection/install/object_detection_msgs/share/object_detection_msgs/cmake/export_object_detection_msgs__rosidl_typesupport_fastrtps_cppExport.cmake
[0.882s] -- Up-to-date: /mpc/new/Elastic-Tracker/src/detection/install/object_detection_msgs/share/object_detection_msgs/cmake/export_object_detection_msgs__rosidl_typesupport_fastrtps_cppExport-noconfig.cmake
[0.882s] -- Up-to-date: /mpc/new/Elastic-Tracker/src/detection/install/object_detection_msgs/share/object_detection_msgs/cmake/object_detection_msgs__rosidl_typesupport_introspection_cppExport.cmake
[0.882s] -- Up-to-date: /mpc/new/Elastic-Tracker/src/detection/install/object_detection_msgs/share/object_detection_msgs/cmake/object_detection_msgs__rosidl_typesupport_introspection_cppExport-noconfig.cmake
[0.882s] -- Up-to-date: /mpc/new/Elastic-Tracker/src/detection/install/object_detection_msgs/share/object_detection_msgs/cmake/object_detection_msgs__rosidl_typesupport_cppExport.cmake
[0.883s] -- Up-to-date: /mpc/new/Elastic-Tracker/src/detection/install/object_detection_msgs/share/object_detection_msgs/cmake/object_detection_msgs__rosidl_typesupport_cppExport-noconfig.cmake
[0.883s] -- Up-to-date: /mpc/new/Elastic-Tracker/src/detection/install/object_detection_msgs/share/object_detection_msgs/cmake/export_object_detection_msgs__rosidl_generator_pyExport.cmake
[0.884s] -- Up-to-date: /mpc/new/Elastic-Tracker/src/detection/install/object_detection_msgs/share/object_detection_msgs/cmake/export_object_detection_msgs__rosidl_generator_pyExport-noconfig.cmake
[0.884s] -- Up-to-date: /mpc/new/Elastic-Tracker/src/detection/install/object_detection_msgs/share/object_detection_msgs/cmake/rosidl_cmake-extras.cmake
[0.884s] -- Up-to-date: /mpc/new/Elastic-Tracker/src/detection/install/object_detection_msgs/share/object_detection_msgs/cmake/ament_cmake_export_dependencies-extras.cmake
[0.884s] -- Up-to-date: /mpc/new/Elastic-Tracker/src/detection/install/object_detection_msgs/share/object_detection_msgs/cmake/ament_cmake_export_include_directories-extras.cmake
[0.884s] -- Up-to-date: /mpc/new/Elastic-Tracker/src/detection/install/object_detection_msgs/share/object_detection_msgs/cmake/ament_cmake_export_libraries-extras.cmake
[0.884s] -- Up-to-date: /mpc/new/Elastic-Tracker/src/detection/install/object_detection_msgs/share/object_detection_msgs/cmake/ament_cmake_export_targets-extras.cmake
[0.884s] -- Up-to-date: /mpc/new/Elastic-Tracker/src/detection/install/object_detection_msgs/share/object_detection_msgs/cmake/rosidl_cmake_export_typesupport_targets-extras.cmake
[0.885s] -- Up-to-date: /mpc/new/Elastic-Tracker/src/detection/install/object_detection_msgs/share/object_detection_msgs/cmake/rosidl_cmake_export_typesupport_libraries-extras.cmake
[0.885s] -- Up-to-date: /mpc/new/Elastic-Tracker/src/detection/install/object_detection_msgs/share/object_detection_msgs/cmake/object_detection_msgsConfig.cmake
[0.885s] -- Up-to-date: /mpc/new/Elastic-Tracker/src/detection/install/object_detection_msgs/share/object_detection_msgs/cmake/object_detection_msgsConfig-version.cmake
[0.885s] -- Up-to-date: /mpc/new/Elastic-Tracker/src/detection/install/object_detection_msgs/share/object_detection_msgs/package.xml
[0.890s] Invoked command in '/mpc/new/Elastic-Tracker/src/detection/build/object_detection_msgs' returned '0': CMAKE_PREFIX_PATH=${CMAKE_PREFIX_PATH}:/opt/ros/humble /usr/bin/cmake --install /mpc/new/Elastic-Tracker/src/detection/build/object_detection_msgs
