[0m** WARNING ** io features related to pcap will be disabled[0m
[0m** WARNING ** io features related to png will be disabled[0m
[01m[K/mpc/new/Elastic-Tracker/src/mapping/src/visualize_history_path.cpp:7:10:[m[K [01;31m[Kfatal error: [m[Kvisualization_msgs/msg/marker.hpp: No such file or directory
    7 | #include [01;31m[K<visualization_msgs/msg/marker.hpp>[m[K
      |          [01;31m[K^~~~~~~~~~~~~~~~~~~~~~~~~~~~~~~~~~~[m[K
compilation terminated.
gmake[2]: *** [CMakeFiles/visualize_history_path.dir/build.make:76: CMakeFiles/visualize_history_path.dir/src/visualize_history_path.cpp.o] Error 1
gmake[1]: *** [CMakeFiles/Makefile2:221: CMakeFiles/visualize_history_path.dir/all] Error 2
gmake[1]: *** Waiting for unfinished jobs....
[01m[K/mpc/new/Elastic-Tracker/src/mapping/src/mapping_nodelet.cpp:[m[K In member function ‘[01m[Kvoid mapping::MappingNodelet::depth_odom_callback(sensor_msgs::msg::Image_<std::allocator<void> >::ConstSharedPtr, nav_msgs::msg::Odometry_<std::allocator<void> >::ConstSharedPtr)[m[K’:
[01m[K/mpc/new/Elastic-Tracker/src/mapping/src/mapping_nodelet.cpp:180:23:[m[K [01;31m[Kerror: [m[Kno matching function for call to ‘[01m[Kmapping::OccGridMap::setFree(Eigen::Vector3d&, Eigen::Vector3d&)[m[K’
  180 |       [01;31m[Kgridmap_.setFree(ld,ru)[m[K;
      |       [01;31m[K~~~~~~~~~~~~~~~~^~~~~~~[m[K
In file included from [01m[K/mpc/new/Elastic-Tracker/src/mapping/src/mapping_nodelet.cpp:11[m[K:
[01m[K/mpc/new/Elastic-Tracker/src/mapping/include/mapping/mapping.h:192:15:[m[K [01;36m[Knote: [m[Kcandidate: ‘[01m[Kvoid mapping::OccGridMap::setFree(const Vector3i&)[m[K’
  192 |   inline void [01;36m[KsetFree[m[K(const Eigen::Vector3i& id) {
      |               [01;36m[K^~~~~~~[m[K
[01m[K/mpc/new/Elastic-Tracker/src/mapping/include/mapping/mapping.h:192:15:[m[K [01;36m[Knote: [m[K  candidate expects 1 argument, 2 provided
[01m[K/mpc/new/Elastic-Tracker/src/mapping/include/mapping/mapping.h:195:15:[m[K [01;36m[Knote: [m[Kcandidate: ‘[01m[Kvoid mapping::OccGridMap::setFree(const Vector3d&)[m[K’
  195 |   inline void [01;36m[KsetFree[m[K(const Eigen::Vector3d& p) {
      |               [01;36m[K^~~~~~~[m[K
[01m[K/mpc/new/Elastic-Tracker/src/mapping/include/mapping/mapping.h:195:15:[m[K [01;36m[Knote: [m[K  candidate expects 1 argument, 2 provided
gmake[2]: *** [CMakeFiles/mapping_nodelet.dir/build.make:76: CMakeFiles/mapping_nodelet.dir/src/mapping_nodelet.cpp.o] Error 1
gmake[1]: *** [CMakeFiles/Makefile2:169: CMakeFiles/mapping_nodelet.dir/all] Error 2
gmake: *** [Makefile:146: all] Error 2
