[0.006s] Invoking command in '/mpc/new/Elastic-Tracker/build/decomp_geometry': AMENT_PREFIX_PATH=/mpc/new/Elastic-Tracker/install/decomp_basis:${AMENT_PREFIX_PATH} CMAKE_PREFIX_PATH=/mpc/new/Elastic-Tracker/install/decomp_basis:/opt/ros/humble /usr/bin/cmake /mpc/new/Elastic-Tracker/src/planning/DecompROS/decomp_geoemtry -DCMAKE_INSTALL_PREFIX=/mpc/new/Elastic-Tracker/install/decomp_geometry
[0.049s] -- The C compiler identification is GNU 11.4.0
[0.096s] -- The CXX compiler identification is GNU 11.4.0
[0.103s] -- Detecting C compiler ABI info
[0.156s] -- Detecting C compiler ABI info - done
[0.164s] -- Check for working C compiler: /usr/bin/cc - skipped
[0.164s] -- Detecting C compile features
[0.165s] -- Detecting C compile features - done
[0.168s] -- Detecting CXX compiler ABI info
[0.236s] -- Detecting CXX compiler ABI info - done
[0.244s] -- Check for working CXX compiler: /usr/bin/c++ - skipped
[0.244s] -- Detecting CXX compile features
[0.244s] -- Detecting CXX compile features - done
[0.248s] -- Found ament_cmake: 1.3.11 (/opt/ros/humble/share/ament_cmake/cmake)
[0.419s] -- Found Python3: /usr/bin/python3 (found version "3.10.12") found components: Interpreter 
[0.519s] -- Found decomp_basis: 0.0.0 (/mpc/new/Elastic-Tracker/install/decomp_basis/share/decomp_basis/cmake)
[0.595s] -- Configuring done
[0.597s] -- Generating done
[0.599s] -- Build files have been written to: /mpc/new/Elastic-Tracker/build/decomp_geometry
[0.604s] Invoked command in '/mpc/new/Elastic-Tracker/build/decomp_geometry' returned '0': AMENT_PREFIX_PATH=/mpc/new/Elastic-Tracker/install/decomp_basis:${AMENT_PREFIX_PATH} CMAKE_PREFIX_PATH=/mpc/new/Elastic-Tracker/install/decomp_basis:/opt/ros/humble /usr/bin/cmake /mpc/new/Elastic-Tracker/src/planning/DecompROS/decomp_geoemtry -DCMAKE_INSTALL_PREFIX=/mpc/new/Elastic-Tracker/install/decomp_geometry
[0.605s] Invoking command in '/mpc/new/Elastic-Tracker/build/decomp_geometry': AMENT_PREFIX_PATH=/mpc/new/Elastic-Tracker/install/decomp_basis:${AMENT_PREFIX_PATH} CMAKE_PREFIX_PATH=/mpc/new/Elastic-Tracker/install/decomp_basis:/opt/ros/humble /usr/bin/cmake --build /mpc/new/Elastic-Tracker/build/decomp_geometry -- -j12 -l12
[0.634s] Invoked command in '/mpc/new/Elastic-Tracker/build/decomp_geometry' returned '0': AMENT_PREFIX_PATH=/mpc/new/Elastic-Tracker/install/decomp_basis:${AMENT_PREFIX_PATH} CMAKE_PREFIX_PATH=/mpc/new/Elastic-Tracker/install/decomp_basis:/opt/ros/humble /usr/bin/cmake --build /mpc/new/Elastic-Tracker/build/decomp_geometry -- -j12 -l12
[0.635s] Invoking command in '/mpc/new/Elastic-Tracker/build/decomp_geometry': AMENT_PREFIX_PATH=/mpc/new/Elastic-Tracker/install/decomp_basis:${AMENT_PREFIX_PATH} CMAKE_PREFIX_PATH=/mpc/new/Elastic-Tracker/install/decomp_basis:/opt/ros/humble /usr/bin/cmake --install /mpc/new/Elastic-Tracker/build/decomp_geometry
[0.641s] -- Install configuration: ""
[0.641s] -- Installing: /mpc/new/Elastic-Tracker/install/decomp_geometry/include
[0.641s] -- Installing: /mpc/new/Elastic-Tracker/install/decomp_geometry/include/decomp_geometry
[0.641s] -- Installing: /mpc/new/Elastic-Tracker/install/decomp_geometry/include/decomp_geometry/polyhedron.h
[0.641s] -- Installing: /mpc/new/Elastic-Tracker/install/decomp_geometry/include/decomp_geometry/ellipsoid.h
[0.641s] -- Installing: /mpc/new/Elastic-Tracker/install/decomp_geometry/include/decomp_geometry/geometric_utils.h
[0.642s] -- Installing: /mpc/new/Elastic-Tracker/install/decomp_geometry/share/ament_index/resource_index/package_run_dependencies/decomp_geometry
[0.642s] -- Installing: /mpc/new/Elastic-Tracker/install/decomp_geometry/share/ament_index/resource_index/parent_prefix_path/decomp_geometry
[0.642s] -- Installing: /mpc/new/Elastic-Tracker/install/decomp_geometry/share/decomp_geometry/environment/ament_prefix_path.sh
[0.642s] -- Installing: /mpc/new/Elastic-Tracker/install/decomp_geometry/share/decomp_geometry/environment/ament_prefix_path.dsv
[0.642s] -- Installing: /mpc/new/Elastic-Tracker/install/decomp_geometry/share/decomp_geometry/environment/path.sh
[0.642s] -- Installing: /mpc/new/Elastic-Tracker/install/decomp_geometry/share/decomp_geometry/environment/path.dsv
[0.643s] -- Installing: /mpc/new/Elastic-Tracker/install/decomp_geometry/share/decomp_geometry/local_setup.bash
[0.643s] -- Installing: /mpc/new/Elastic-Tracker/install/decomp_geometry/share/decomp_geometry/local_setup.sh
[0.643s] -- Installing: /mpc/new/Elastic-Tracker/install/decomp_geometry/share/decomp_geometry/local_setup.zsh
[0.643s] -- Installing: /mpc/new/Elastic-Tracker/install/decomp_geometry/share/decomp_geometry/local_setup.dsv
[0.643s] -- Installing: /mpc/new/Elastic-Tracker/install/decomp_geometry/share/decomp_geometry/package.dsv
[0.643s] -- Installing: /mpc/new/Elastic-Tracker/install/decomp_geometry/share/ament_index/resource_index/packages/decomp_geometry
[0.643s] -- Installing: /mpc/new/Elastic-Tracker/install/decomp_geometry/share/decomp_geometry/cmake/ament_cmake_export_include_directories-extras.cmake
[0.643s] -- Installing: /mpc/new/Elastic-Tracker/install/decomp_geometry/share/decomp_geometry/cmake/ament_cmake_export_dependencies-extras.cmake
[0.644s] -- Installing: /mpc/new/Elastic-Tracker/install/decomp_geometry/share/decomp_geometry/cmake/decomp_geometryConfig.cmake
[0.644s] -- Installing: /mpc/new/Elastic-Tracker/install/decomp_geometry/share/decomp_geometry/cmake/decomp_geometryConfig-version.cmake
[0.644s] -- Installing: /mpc/new/Elastic-Tracker/install/decomp_geometry/share/decomp_geometry/package.xml
[0.645s] Invoked command in '/mpc/new/Elastic-Tracker/build/decomp_geometry' returned '0': AMENT_PREFIX_PATH=/mpc/new/Elastic-Tracker/install/decomp_basis:${AMENT_PREFIX_PATH} CMAKE_PREFIX_PATH=/mpc/new/Elastic-Tracker/install/decomp_basis:/opt/ros/humble /usr/bin/cmake --install /mpc/new/Elastic-Tracker/build/decomp_geometry
