[0.115s] DEBUG:colcon:Command line arguments: ['/usr/bin/colcon', 'build', '--packages-select', 'decomp_geometry']
[0.115s] DEBUG:colcon:Parsed command line arguments: Namespace(log_base=None, log_level=None, verb_name='build', build_base='build', install_base='install', merge_install=False, symlink_install=False, test_result_base=None, continue_on_error=False, executor='parallel', parallel_workers=12, event_handlers=None, ignore_user_meta=False, metas=['./colcon.meta'], base_paths=['.'], packages_ignore=None, packages_ignore_regex=None, paths=None, packages_up_to=None, packages_up_to_regex=None, packages_above=None, packages_above_and_dependencies=None, packages_above_depth=None, packages_select_by_dep=None, packages_skip_by_dep=None, packages_skip_up_to=None, packages_select_build_failed=False, packages_skip_build_finished=False, packages_select_test_failures=False, packages_skip_test_passed=False, packages_select=['decomp_geometry'], packages_skip=None, packages_select_regex=None, packages_skip_regex=None, packages_start=None, packages_end=None, cmake_args=None, cmake_target=None, cmake_target_skip_unavailable=False, cmake_clean_cache=False, cmake_clean_first=False, cmake_force_configure=False, ament_cmake_args=None, catkin_cmake_args=None, catkin_skip_building_tests=False, mixin_files=None, mixin=None, verb_parser=<colcon_mixin.mixin.mixin_argument.MixinArgumentDecorator object at 0x7f9aaf3e4250>, verb_extension=<colcon_core.verb.build.BuildVerb object at 0x7f9aaf3b7b80>, main=<bound method BuildVerb.main of <colcon_core.verb.build.BuildVerb object at 0x7f9aaf3b7b80>>, mixin_verb=('build',))
[0.286s] Level 1:colcon.colcon_core.package_discovery:discover_packages(colcon_meta) check parameters
[0.286s] INFO:colcon.colcon_metadata.package_discovery.colcon_meta:Using configuration from '/root/.colcon/metadata/default/Gazebo.meta'
[0.287s] INFO:colcon.colcon_metadata.package_discovery.colcon_meta:Using configuration from '/root/.colcon/metadata/default/fastrtps.meta'
[0.287s] Level 1:colcon.colcon_core.package_discovery:discover_packages(recursive) check parameters
[0.287s] Level 1:colcon.colcon_core.package_discovery:discover_packages(ignore) check parameters
[0.287s] Level 1:colcon.colcon_core.package_discovery:discover_packages(path) check parameters
[0.287s] Level 1:colcon.colcon_core.package_discovery:discover_packages(colcon_meta) discover
[0.287s] Level 1:colcon.colcon_core.package_discovery:discover_packages(recursive) discover
[0.287s] INFO:colcon.colcon_core.package_discovery:Crawling recursively for packages in '/mpc/new/Elastic-Tracker'
[0.287s] Level 1:colcon.colcon_core.package_identification:_identify(.) by extensions ['ignore', 'ignore_ament_install']
[0.287s] Level 1:colcon.colcon_core.package_identification:_identify(.) by extension 'ignore'
[0.287s] Level 1:colcon.colcon_core.package_identification:_identify(.) by extension 'ignore_ament_install'
[0.287s] Level 1:colcon.colcon_core.package_identification:_identify(.) by extensions ['colcon_pkg']
[0.287s] Level 1:colcon.colcon_core.package_identification:_identify(.) by extension 'colcon_pkg'
[0.287s] Level 1:colcon.colcon_core.package_identification:_identify(.) by extensions ['colcon_meta']
[0.287s] Level 1:colcon.colcon_core.package_identification:_identify(.) by extension 'colcon_meta'
[0.287s] Level 1:colcon.colcon_core.package_identification:_identify(.) by extensions ['ros']
[0.287s] Level 1:colcon.colcon_core.package_identification:_identify(.) by extension 'ros'
[0.315s] Level 1:colcon.colcon_core.package_identification:_identify(.) by extensions ['cmake', 'python']
[0.315s] Level 1:colcon.colcon_core.package_identification:_identify(.) by extension 'cmake'
[0.315s] Level 1:colcon.colcon_core.package_identification:_identify(.) by extension 'python'
[0.315s] Level 1:colcon.colcon_core.package_identification:_identify(.) by extensions ['python_setup_py']
[0.315s] Level 1:colcon.colcon_core.package_identification:_identify(.) by extension 'python_setup_py'
[0.315s] Level 1:colcon.colcon_core.package_identification:_identify(build) by extensions ['ignore', 'ignore_ament_install']
[0.315s] Level 1:colcon.colcon_core.package_identification:_identify(build) by extension 'ignore'
[0.316s] Level 1:colcon.colcon_core.package_identification:_identify(build) ignored
[0.316s] Level 1:colcon.colcon_core.package_identification:_identify(figs) by extensions ['ignore', 'ignore_ament_install']
[0.316s] Level 1:colcon.colcon_core.package_identification:_identify(figs) by extension 'ignore'
[0.316s] Level 1:colcon.colcon_core.package_identification:_identify(figs) by extension 'ignore_ament_install'
[0.316s] Level 1:colcon.colcon_core.package_identification:_identify(figs) by extensions ['colcon_pkg']
[0.316s] Level 1:colcon.colcon_core.package_identification:_identify(figs) by extension 'colcon_pkg'
[0.316s] Level 1:colcon.colcon_core.package_identification:_identify(figs) by extensions ['colcon_meta']
[0.316s] Level 1:colcon.colcon_core.package_identification:_identify(figs) by extension 'colcon_meta'
[0.316s] Level 1:colcon.colcon_core.package_identification:_identify(figs) by extensions ['ros']
[0.316s] Level 1:colcon.colcon_core.package_identification:_identify(figs) by extension 'ros'
[0.316s] Level 1:colcon.colcon_core.package_identification:_identify(figs) by extensions ['cmake', 'python']
[0.316s] Level 1:colcon.colcon_core.package_identification:_identify(figs) by extension 'cmake'
[0.316s] Level 1:colcon.colcon_core.package_identification:_identify(figs) by extension 'python'
[0.316s] Level 1:colcon.colcon_core.package_identification:_identify(figs) by extensions ['python_setup_py']
[0.316s] Level 1:colcon.colcon_core.package_identification:_identify(figs) by extension 'python_setup_py'
[0.316s] Level 1:colcon.colcon_core.package_identification:_identify(install) by extensions ['ignore', 'ignore_ament_install']
[0.316s] Level 1:colcon.colcon_core.package_identification:_identify(install) by extension 'ignore'
[0.316s] Level 1:colcon.colcon_core.package_identification:_identify(install) ignored
[0.317s] Level 1:colcon.colcon_core.package_identification:_identify(log) by extensions ['ignore', 'ignore_ament_install']
[0.317s] Level 1:colcon.colcon_core.package_identification:_identify(log) by extension 'ignore'
[0.317s] Level 1:colcon.colcon_core.package_identification:_identify(log) ignored
[0.317s] Level 1:colcon.colcon_core.package_identification:_identify(sh_utils) by extensions ['ignore', 'ignore_ament_install']
[0.317s] Level 1:colcon.colcon_core.package_identification:_identify(sh_utils) by extension 'ignore'
[0.317s] Level 1:colcon.colcon_core.package_identification:_identify(sh_utils) by extension 'ignore_ament_install'
[0.317s] Level 1:colcon.colcon_core.package_identification:_identify(sh_utils) by extensions ['colcon_pkg']
[0.317s] Level 1:colcon.colcon_core.package_identification:_identify(sh_utils) by extension 'colcon_pkg'
[0.317s] Level 1:colcon.colcon_core.package_identification:_identify(sh_utils) by extensions ['colcon_meta']
[0.317s] Level 1:colcon.colcon_core.package_identification:_identify(sh_utils) by extension 'colcon_meta'
[0.317s] Level 1:colcon.colcon_core.package_identification:_identify(sh_utils) by extensions ['ros']
[0.317s] Level 1:colcon.colcon_core.package_identification:_identify(sh_utils) by extension 'ros'
[0.317s] Level 1:colcon.colcon_core.package_identification:_identify(sh_utils) by extensions ['cmake', 'python']
[0.317s] Level 1:colcon.colcon_core.package_identification:_identify(sh_utils) by extension 'cmake'
[0.317s] Level 1:colcon.colcon_core.package_identification:_identify(sh_utils) by extension 'python'
[0.317s] Level 1:colcon.colcon_core.package_identification:_identify(sh_utils) by extensions ['python_setup_py']
[0.317s] Level 1:colcon.colcon_core.package_identification:_identify(sh_utils) by extension 'python_setup_py'
[0.317s] Level 1:colcon.colcon_core.package_identification:_identify(src) by extensions ['ignore', 'ignore_ament_install']
[0.317s] Level 1:colcon.colcon_core.package_identification:_identify(src) by extension 'ignore'
[0.318s] Level 1:colcon.colcon_core.package_identification:_identify(src) by extension 'ignore_ament_install'
[0.318s] Level 1:colcon.colcon_core.package_identification:_identify(src) by extensions ['colcon_pkg']
[0.318s] Level 1:colcon.colcon_core.package_identification:_identify(src) by extension 'colcon_pkg'
[0.318s] Level 1:colcon.colcon_core.package_identification:_identify(src) by extensions ['colcon_meta']
[0.318s] Level 1:colcon.colcon_core.package_identification:_identify(src) by extension 'colcon_meta'
[0.318s] Level 1:colcon.colcon_core.package_identification:_identify(src) by extensions ['ros']
[0.318s] Level 1:colcon.colcon_core.package_identification:_identify(src) by extension 'ros'
[0.318s] Level 1:colcon.colcon_core.package_identification:_identify(src) by extensions ['cmake', 'python']
[0.318s] Level 1:colcon.colcon_core.package_identification:_identify(src) by extension 'cmake'
[0.318s] Level 1:colcon.colcon_core.package_identification:_identify(src) by extension 'python'
[0.318s] Level 1:colcon.colcon_core.package_identification:_identify(src) by extensions ['python_setup_py']
[0.318s] Level 1:colcon.colcon_core.package_identification:_identify(src) by extension 'python_setup_py'
[0.318s] Level 1:colcon.colcon_core.package_identification:_identify(src/detection) by extensions ['ignore', 'ignore_ament_install']
[0.318s] Level 1:colcon.colcon_core.package_identification:_identify(src/detection) by extension 'ignore'
[0.318s] Level 1:colcon.colcon_core.package_identification:_identify(src/detection) by extension 'ignore_ament_install'
[0.318s] Level 1:colcon.colcon_core.package_identification:_identify(src/detection) by extensions ['colcon_pkg']
[0.318s] Level 1:colcon.colcon_core.package_identification:_identify(src/detection) by extension 'colcon_pkg'
[0.318s] Level 1:colcon.colcon_core.package_identification:_identify(src/detection) by extensions ['colcon_meta']
[0.318s] Level 1:colcon.colcon_core.package_identification:_identify(src/detection) by extension 'colcon_meta'
[0.318s] Level 1:colcon.colcon_core.package_identification:_identify(src/detection) by extensions ['ros']
[0.318s] Level 1:colcon.colcon_core.package_identification:_identify(src/detection) by extension 'ros'
[0.318s] Level 1:colcon.colcon_core.package_identification:_identify(src/detection) by extensions ['cmake', 'python']
[0.319s] Level 1:colcon.colcon_core.package_identification:_identify(src/detection) by extension 'cmake'
[0.319s] Level 1:colcon.colcon_core.package_identification:_identify(src/detection) by extension 'python'
[0.319s] Level 1:colcon.colcon_core.package_identification:_identify(src/detection) by extensions ['python_setup_py']
[0.319s] Level 1:colcon.colcon_core.package_identification:_identify(src/detection) by extension 'python_setup_py'
[0.319s] Level 1:colcon.colcon_core.package_identification:_identify(src/detection/object_detection_msgs) by extensions ['ignore', 'ignore_ament_install']
[0.319s] Level 1:colcon.colcon_core.package_identification:_identify(src/detection/object_detection_msgs) by extension 'ignore'
[0.319s] Level 1:colcon.colcon_core.package_identification:_identify(src/detection/object_detection_msgs) by extension 'ignore_ament_install'
[0.319s] Level 1:colcon.colcon_core.package_identification:_identify(src/detection/object_detection_msgs) by extensions ['colcon_pkg']
[0.319s] Level 1:colcon.colcon_core.package_identification:_identify(src/detection/object_detection_msgs) by extension 'colcon_pkg'
[0.319s] Level 1:colcon.colcon_core.package_identification:_identify(src/detection/object_detection_msgs) by extensions ['colcon_meta']
[0.319s] Level 1:colcon.colcon_core.package_identification:_identify(src/detection/object_detection_msgs) by extension 'colcon_meta'
[0.319s] Level 1:colcon.colcon_core.package_identification:_identify(src/detection/object_detection_msgs) by extensions ['ros']
[0.319s] Level 1:colcon.colcon_core.package_identification:_identify(src/detection/object_detection_msgs) by extension 'ros'
[0.321s] DEBUG:colcon.colcon_core.package_identification:Package 'src/detection/object_detection_msgs' with type 'ros.ament_cmake' and name 'object_detection_msgs'
[0.321s] Level 1:colcon.colcon_core.package_identification:_identify(src/detection/target_ekf) by extensions ['ignore', 'ignore_ament_install']
[0.321s] Level 1:colcon.colcon_core.package_identification:_identify(src/detection/target_ekf) by extension 'ignore'
[0.321s] Level 1:colcon.colcon_core.package_identification:_identify(src/detection/target_ekf) by extension 'ignore_ament_install'
[0.321s] Level 1:colcon.colcon_core.package_identification:_identify(src/detection/target_ekf) by extensions ['colcon_pkg']
[0.322s] Level 1:colcon.colcon_core.package_identification:_identify(src/detection/target_ekf) by extension 'colcon_pkg'
[0.322s] Level 1:colcon.colcon_core.package_identification:_identify(src/detection/target_ekf) by extensions ['colcon_meta']
[0.322s] Level 1:colcon.colcon_core.package_identification:_identify(src/detection/target_ekf) by extension 'colcon_meta'
[0.322s] Level 1:colcon.colcon_core.package_identification:_identify(src/detection/target_ekf) by extensions ['ros']
[0.322s] Level 1:colcon.colcon_core.package_identification:_identify(src/detection/target_ekf) by extension 'ros'
[0.322s] DEBUG:colcon.colcon_core.package_identification:Package 'src/detection/target_ekf' with type 'ros.ament_cmake' and name 'target_ekf'
[0.322s] Level 1:colcon.colcon_core.package_identification:_identify(src/mapping) by extensions ['ignore', 'ignore_ament_install']
[0.322s] Level 1:colcon.colcon_core.package_identification:_identify(src/mapping) by extension 'ignore'
[0.322s] Level 1:colcon.colcon_core.package_identification:_identify(src/mapping) by extension 'ignore_ament_install'
[0.323s] Level 1:colcon.colcon_core.package_identification:_identify(src/mapping) by extensions ['colcon_pkg']
[0.323s] Level 1:colcon.colcon_core.package_identification:_identify(src/mapping) by extension 'colcon_pkg'
[0.323s] Level 1:colcon.colcon_core.package_identification:_identify(src/mapping) by extensions ['colcon_meta']
[0.323s] Level 1:colcon.colcon_core.package_identification:_identify(src/mapping) by extension 'colcon_meta'
[0.323s] Level 1:colcon.colcon_core.package_identification:_identify(src/mapping) by extensions ['ros']
[0.323s] Level 1:colcon.colcon_core.package_identification:_identify(src/mapping) by extension 'ros'
[0.323s] DEBUG:colcon.colcon_core.package_identification:Package 'src/mapping' with type 'ros.ament_cmake' and name 'mapping'
[0.323s] Level 1:colcon.colcon_core.package_identification:_identify(src/planning) by extensions ['ignore', 'ignore_ament_install']
[0.323s] Level 1:colcon.colcon_core.package_identification:_identify(src/planning) by extension 'ignore'
[0.323s] Level 1:colcon.colcon_core.package_identification:_identify(src/planning) by extension 'ignore_ament_install'
[0.324s] Level 1:colcon.colcon_core.package_identification:_identify(src/planning) by extensions ['colcon_pkg']
[0.324s] Level 1:colcon.colcon_core.package_identification:_identify(src/planning) by extension 'colcon_pkg'
[0.324s] Level 1:colcon.colcon_core.package_identification:_identify(src/planning) by extensions ['colcon_meta']
[0.324s] Level 1:colcon.colcon_core.package_identification:_identify(src/planning) by extension 'colcon_meta'
[0.324s] Level 1:colcon.colcon_core.package_identification:_identify(src/planning) by extensions ['ros']
[0.324s] Level 1:colcon.colcon_core.package_identification:_identify(src/planning) by extension 'ros'
[0.324s] Level 1:colcon.colcon_core.package_identification:_identify(src/planning) by extensions ['cmake', 'python']
[0.324s] Level 1:colcon.colcon_core.package_identification:_identify(src/planning) by extension 'cmake'
[0.324s] Level 1:colcon.colcon_core.package_identification:_identify(src/planning) by extension 'python'
[0.324s] Level 1:colcon.colcon_core.package_identification:_identify(src/planning) by extensions ['python_setup_py']
[0.324s] Level 1:colcon.colcon_core.package_identification:_identify(src/planning) by extension 'python_setup_py'
[0.324s] Level 1:colcon.colcon_core.package_identification:_identify(src/planning/DecompROS) by extensions ['ignore', 'ignore_ament_install']
[0.324s] Level 1:colcon.colcon_core.package_identification:_identify(src/planning/DecompROS) by extension 'ignore'
[0.324s] Level 1:colcon.colcon_core.package_identification:_identify(src/planning/DecompROS) by extension 'ignore_ament_install'
[0.324s] Level 1:colcon.colcon_core.package_identification:_identify(src/planning/DecompROS) by extensions ['colcon_pkg']
[0.324s] Level 1:colcon.colcon_core.package_identification:_identify(src/planning/DecompROS) by extension 'colcon_pkg'
[0.324s] Level 1:colcon.colcon_core.package_identification:_identify(src/planning/DecompROS) by extensions ['colcon_meta']
[0.324s] Level 1:colcon.colcon_core.package_identification:_identify(src/planning/DecompROS) by extension 'colcon_meta'
[0.324s] Level 1:colcon.colcon_core.package_identification:_identify(src/planning/DecompROS) by extensions ['ros']
[0.324s] Level 1:colcon.colcon_core.package_identification:_identify(src/planning/DecompROS) by extension 'ros'
[0.324s] Level 1:colcon.colcon_core.package_identification:_identify(src/planning/DecompROS) by extensions ['cmake', 'python']
[0.324s] Level 1:colcon.colcon_core.package_identification:_identify(src/planning/DecompROS) by extension 'cmake'
[0.324s] Level 1:colcon.colcon_core.package_identification:_identify(src/planning/DecompROS) by extension 'python'
[0.325s] Level 1:colcon.colcon_core.package_identification:_identify(src/planning/DecompROS) by extensions ['python_setup_py']
[0.325s] Level 1:colcon.colcon_core.package_identification:_identify(src/planning/DecompROS) by extension 'python_setup_py'
[0.325s] Level 1:colcon.colcon_core.package_identification:_identify(src/planning/DecompROS/decomp_basis) by extensions ['ignore', 'ignore_ament_install']
[0.325s] Level 1:colcon.colcon_core.package_identification:_identify(src/planning/DecompROS/decomp_basis) by extension 'ignore'
[0.325s] Level 1:colcon.colcon_core.package_identification:_identify(src/planning/DecompROS/decomp_basis) by extension 'ignore_ament_install'
[0.325s] Level 1:colcon.colcon_core.package_identification:_identify(src/planning/DecompROS/decomp_basis) by extensions ['colcon_pkg']
[0.325s] Level 1:colcon.colcon_core.package_identification:_identify(src/planning/DecompROS/decomp_basis) by extension 'colcon_pkg'
[0.325s] Level 1:colcon.colcon_core.package_identification:_identify(src/planning/DecompROS/decomp_basis) by extensions ['colcon_meta']
[0.325s] Level 1:colcon.colcon_core.package_identification:_identify(src/planning/DecompROS/decomp_basis) by extension 'colcon_meta'
[0.325s] Level 1:colcon.colcon_core.package_identification:_identify(src/planning/DecompROS/decomp_basis) by extensions ['ros']
[0.325s] Level 1:colcon.colcon_core.package_identification:_identify(src/planning/DecompROS/decomp_basis) by extension 'ros'
[0.325s] DEBUG:colcon.colcon_core.package_identification:Package 'src/planning/DecompROS/decomp_basis' with type 'ros.ament_cmake' and name 'decomp_basis'
[0.325s] Level 1:colcon.colcon_core.package_identification:_identify(src/planning/DecompROS/decomp_geoemtry) by extensions ['ignore', 'ignore_ament_install']
[0.326s] Level 1:colcon.colcon_core.package_identification:_identify(src/planning/DecompROS/decomp_geoemtry) by extension 'ignore'
[0.326s] Level 1:colcon.colcon_core.package_identification:_identify(src/planning/DecompROS/decomp_geoemtry) by extension 'ignore_ament_install'
[0.326s] Level 1:colcon.colcon_core.package_identification:_identify(src/planning/DecompROS/decomp_geoemtry) by extensions ['colcon_pkg']
[0.326s] Level 1:colcon.colcon_core.package_identification:_identify(src/planning/DecompROS/decomp_geoemtry) by extension 'colcon_pkg'
[0.326s] Level 1:colcon.colcon_core.package_identification:_identify(src/planning/DecompROS/decomp_geoemtry) by extensions ['colcon_meta']
[0.326s] Level 1:colcon.colcon_core.package_identification:_identify(src/planning/DecompROS/decomp_geoemtry) by extension 'colcon_meta'
[0.326s] Level 1:colcon.colcon_core.package_identification:_identify(src/planning/DecompROS/decomp_geoemtry) by extensions ['ros']
[0.326s] Level 1:colcon.colcon_core.package_identification:_identify(src/planning/DecompROS/decomp_geoemtry) by extension 'ros'
[0.326s] DEBUG:colcon.colcon_core.package_identification:Package 'src/planning/DecompROS/decomp_geoemtry' with type 'ros.ament_cmake' and name 'decomp_geometry'
[0.326s] Level 1:colcon.colcon_core.package_identification:_identify(src/planning/DecompROS/decomp_ros_msgs) by extensions ['ignore', 'ignore_ament_install']
[0.326s] Level 1:colcon.colcon_core.package_identification:_identify(src/planning/DecompROS/decomp_ros_msgs) by extension 'ignore'
[0.326s] Level 1:colcon.colcon_core.package_identification:_identify(src/planning/DecompROS/decomp_ros_msgs) by extension 'ignore_ament_install'
[0.327s] Level 1:colcon.colcon_core.package_identification:_identify(src/planning/DecompROS/decomp_ros_msgs) by extensions ['colcon_pkg']
[0.327s] Level 1:colcon.colcon_core.package_identification:_identify(src/planning/DecompROS/decomp_ros_msgs) by extension 'colcon_pkg'
[0.327s] Level 1:colcon.colcon_core.package_identification:_identify(src/planning/DecompROS/decomp_ros_msgs) by extensions ['colcon_meta']
[0.327s] Level 1:colcon.colcon_core.package_identification:_identify(src/planning/DecompROS/decomp_ros_msgs) by extension 'colcon_meta'
[0.327s] Level 1:colcon.colcon_core.package_identification:_identify(src/planning/DecompROS/decomp_ros_msgs) by extensions ['ros']
[0.327s] Level 1:colcon.colcon_core.package_identification:_identify(src/planning/DecompROS/decomp_ros_msgs) by extension 'ros'
[0.327s] DEBUG:colcon.colcon_core.package_identification:Package 'src/planning/DecompROS/decomp_ros_msgs' with type 'ros.ament_cmake' and name 'decomp_ros_msgs'
[0.327s] Level 1:colcon.colcon_core.package_identification:_identify(src/planning/DecompROS/decomp_ros_utils) by extensions ['ignore', 'ignore_ament_install']
[0.327s] Level 1:colcon.colcon_core.package_identification:_identify(src/planning/DecompROS/decomp_ros_utils) by extension 'ignore'
[0.327s] Level 1:colcon.colcon_core.package_identification:_identify(src/planning/DecompROS/decomp_ros_utils) ignored
[0.327s] Level 1:colcon.colcon_core.package_identification:_identify(src/planning/planning) by extensions ['ignore', 'ignore_ament_install']
[0.328s] Level 1:colcon.colcon_core.package_identification:_identify(src/planning/planning) by extension 'ignore'
[0.328s] Level 1:colcon.colcon_core.package_identification:_identify(src/planning/planning) by extension 'ignore_ament_install'
[0.328s] Level 1:colcon.colcon_core.package_identification:_identify(src/planning/planning) by extensions ['colcon_pkg']
[0.328s] Level 1:colcon.colcon_core.package_identification:_identify(src/planning/planning) by extension 'colcon_pkg'
[0.328s] Level 1:colcon.colcon_core.package_identification:_identify(src/planning/planning) by extensions ['colcon_meta']
[0.328s] Level 1:colcon.colcon_core.package_identification:_identify(src/planning/planning) by extension 'colcon_meta'
[0.328s] Level 1:colcon.colcon_core.package_identification:_identify(src/planning/planning) by extensions ['ros']
[0.328s] Level 1:colcon.colcon_core.package_identification:_identify(src/planning/planning) by extension 'ros'
[0.329s] DEBUG:colcon.colcon_core.package_identification:Package 'src/planning/planning' with type 'ros.ament_cmake' and name 'planning'
[0.329s] Level 1:colcon.colcon_core.package_identification:_identify(src/planning/traj_opt) by extensions ['ignore', 'ignore_ament_install']
[0.329s] Level 1:colcon.colcon_core.package_identification:_identify(src/planning/traj_opt) by extension 'ignore'
[0.329s] Level 1:colcon.colcon_core.package_identification:_identify(src/planning/traj_opt) ignored
[0.329s] Level 1:colcon.colcon_core.package_identification:_identify(src/quadrotor_msgs) by extensions ['ignore', 'ignore_ament_install']
[0.329s] Level 1:colcon.colcon_core.package_identification:_identify(src/quadrotor_msgs) by extension 'ignore'
[0.329s] Level 1:colcon.colcon_core.package_identification:_identify(src/quadrotor_msgs) by extension 'ignore_ament_install'
[0.329s] Level 1:colcon.colcon_core.package_identification:_identify(src/quadrotor_msgs) by extensions ['colcon_pkg']
[0.329s] Level 1:colcon.colcon_core.package_identification:_identify(src/quadrotor_msgs) by extension 'colcon_pkg'
[0.329s] Level 1:colcon.colcon_core.package_identification:_identify(src/quadrotor_msgs) by extensions ['colcon_meta']
[0.329s] Level 1:colcon.colcon_core.package_identification:_identify(src/quadrotor_msgs) by extension 'colcon_meta'
[0.329s] Level 1:colcon.colcon_core.package_identification:_identify(src/quadrotor_msgs) by extensions ['ros']
[0.329s] Level 1:colcon.colcon_core.package_identification:_identify(src/quadrotor_msgs) by extension 'ros'
[0.330s] DEBUG:colcon.colcon_core.package_identification:Package 'src/quadrotor_msgs' with type 'ros.ament_cmake' and name 'quadrotor_msgs'
[0.330s] Level 1:colcon.colcon_core.package_identification:_identify(src/uav_simulator) by extensions ['ignore', 'ignore_ament_install']
[0.330s] Level 1:colcon.colcon_core.package_identification:_identify(src/uav_simulator) by extension 'ignore'
[0.330s] Level 1:colcon.colcon_core.package_identification:_identify(src/uav_simulator) by extension 'ignore_ament_install'
[0.330s] Level 1:colcon.colcon_core.package_identification:_identify(src/uav_simulator) by extensions ['colcon_pkg']
[0.330s] Level 1:colcon.colcon_core.package_identification:_identify(src/uav_simulator) by extension 'colcon_pkg'
[0.330s] Level 1:colcon.colcon_core.package_identification:_identify(src/uav_simulator) by extensions ['colcon_meta']
[0.330s] Level 1:colcon.colcon_core.package_identification:_identify(src/uav_simulator) by extension 'colcon_meta'
[0.330s] Level 1:colcon.colcon_core.package_identification:_identify(src/uav_simulator) by extensions ['ros']
[0.330s] Level 1:colcon.colcon_core.package_identification:_identify(src/uav_simulator) by extension 'ros'
[0.330s] Level 1:colcon.colcon_core.package_identification:_identify(src/uav_simulator) by extensions ['cmake', 'python']
[0.330s] Level 1:colcon.colcon_core.package_identification:_identify(src/uav_simulator) by extension 'cmake'
[0.330s] Level 1:colcon.colcon_core.package_identification:_identify(src/uav_simulator) by extension 'python'
[0.330s] Level 1:colcon.colcon_core.package_identification:_identify(src/uav_simulator) by extensions ['python_setup_py']
[0.330s] Level 1:colcon.colcon_core.package_identification:_identify(src/uav_simulator) by extension 'python_setup_py'
[0.330s] Level 1:colcon.colcon_core.package_identification:_identify(src/uav_simulator/local_sensing) by extensions ['ignore', 'ignore_ament_install']
[0.331s] Level 1:colcon.colcon_core.package_identification:_identify(src/uav_simulator/local_sensing) by extension 'ignore'
[0.331s] Level 1:colcon.colcon_core.package_identification:_identify(src/uav_simulator/local_sensing) by extension 'ignore_ament_install'
[0.331s] Level 1:colcon.colcon_core.package_identification:_identify(src/uav_simulator/local_sensing) by extensions ['colcon_pkg']
[0.331s] Level 1:colcon.colcon_core.package_identification:_identify(src/uav_simulator/local_sensing) by extension 'colcon_pkg'
[0.331s] Level 1:colcon.colcon_core.package_identification:_identify(src/uav_simulator/local_sensing) by extensions ['colcon_meta']
[0.331s] Level 1:colcon.colcon_core.package_identification:_identify(src/uav_simulator/local_sensing) by extension 'colcon_meta'
[0.331s] Level 1:colcon.colcon_core.package_identification:_identify(src/uav_simulator/local_sensing) by extensions ['ros']
[0.331s] Level 1:colcon.colcon_core.package_identification:_identify(src/uav_simulator/local_sensing) by extension 'ros'
[0.332s] DEBUG:colcon.colcon_core.package_identification:Package 'src/uav_simulator/local_sensing' with type 'ros.catkin' and name 'local_sensing_node'
[0.332s] Level 1:colcon.colcon_core.package_identification:_identify(src/uav_simulator/mockamap) by extensions ['ignore', 'ignore_ament_install']
[0.332s] Level 1:colcon.colcon_core.package_identification:_identify(src/uav_simulator/mockamap) by extension 'ignore'
[0.332s] Level 1:colcon.colcon_core.package_identification:_identify(src/uav_simulator/mockamap) by extension 'ignore_ament_install'
[0.332s] Level 1:colcon.colcon_core.package_identification:_identify(src/uav_simulator/mockamap) by extensions ['colcon_pkg']
[0.332s] Level 1:colcon.colcon_core.package_identification:_identify(src/uav_simulator/mockamap) by extension 'colcon_pkg'
[0.332s] Level 1:colcon.colcon_core.package_identification:_identify(src/uav_simulator/mockamap) by extensions ['colcon_meta']
[0.332s] Level 1:colcon.colcon_core.package_identification:_identify(src/uav_simulator/mockamap) by extension 'colcon_meta'
[0.332s] Level 1:colcon.colcon_core.package_identification:_identify(src/uav_simulator/mockamap) by extensions ['ros']
[0.332s] Level 1:colcon.colcon_core.package_identification:_identify(src/uav_simulator/mockamap) by extension 'ros'
[0.333s] DEBUG:colcon.colcon_core.package_identification:Package 'src/uav_simulator/mockamap' with type 'ros.catkin' and name 'mockamap'
[0.333s] Level 1:colcon.colcon_core.package_identification:_identify(src/uav_simulator/odom_vis) by extensions ['ignore', 'ignore_ament_install']
[0.333s] Level 1:colcon.colcon_core.package_identification:_identify(src/uav_simulator/odom_vis) by extension 'ignore'
[0.333s] Level 1:colcon.colcon_core.package_identification:_identify(src/uav_simulator/odom_vis) by extension 'ignore_ament_install'
[0.333s] Level 1:colcon.colcon_core.package_identification:_identify(src/uav_simulator/odom_vis) by extensions ['colcon_pkg']
[0.333s] Level 1:colcon.colcon_core.package_identification:_identify(src/uav_simulator/odom_vis) by extension 'colcon_pkg'
[0.333s] Level 1:colcon.colcon_core.package_identification:_identify(src/uav_simulator/odom_vis) by extensions ['colcon_meta']
[0.333s] Level 1:colcon.colcon_core.package_identification:_identify(src/uav_simulator/odom_vis) by extension 'colcon_meta'
[0.333s] Level 1:colcon.colcon_core.package_identification:_identify(src/uav_simulator/odom_vis) by extensions ['ros']
[0.333s] Level 1:colcon.colcon_core.package_identification:_identify(src/uav_simulator/odom_vis) by extension 'ros'
[0.333s] Level 1:colcon.colcon_core.package_identification:_identify(src/uav_simulator/odom_vis) by extensions ['cmake', 'python']
[0.333s] Level 1:colcon.colcon_core.package_identification:_identify(src/uav_simulator/odom_vis) by extension 'cmake'
[0.333s] Level 1:colcon.colcon_core.package_identification:_identify(src/uav_simulator/odom_vis) by extension 'python'
[0.333s] Level 1:colcon.colcon_core.package_identification:_identify(src/uav_simulator/odom_vis) by extensions ['python_setup_py']
[0.333s] Level 1:colcon.colcon_core.package_identification:_identify(src/uav_simulator/odom_vis) by extension 'python_setup_py'
[0.333s] Level 1:colcon.colcon_core.package_identification:_identify(src/uav_simulator/odom_vis/odom_visualization) by extensions ['ignore', 'ignore_ament_install']
[0.334s] Level 1:colcon.colcon_core.package_identification:_identify(src/uav_simulator/odom_vis/odom_visualization) by extension 'ignore'
[0.334s] Level 1:colcon.colcon_core.package_identification:_identify(src/uav_simulator/odom_vis/odom_visualization) by extension 'ignore_ament_install'
[0.334s] Level 1:colcon.colcon_core.package_identification:_identify(src/uav_simulator/odom_vis/odom_visualization) by extensions ['colcon_pkg']
[0.334s] Level 1:colcon.colcon_core.package_identification:_identify(src/uav_simulator/odom_vis/odom_visualization) by extension 'colcon_pkg'
[0.334s] Level 1:colcon.colcon_core.package_identification:_identify(src/uav_simulator/odom_vis/odom_visualization) by extensions ['colcon_meta']
[0.334s] Level 1:colcon.colcon_core.package_identification:_identify(src/uav_simulator/odom_vis/odom_visualization) by extension 'colcon_meta'
[0.334s] Level 1:colcon.colcon_core.package_identification:_identify(src/uav_simulator/odom_vis/odom_visualization) by extensions ['ros']
[0.334s] Level 1:colcon.colcon_core.package_identification:_identify(src/uav_simulator/odom_vis/odom_visualization) by extension 'ros'
[0.334s] DEBUG:colcon.colcon_core.package_identification:Package 'src/uav_simulator/odom_vis/odom_visualization' with type 'ros.catkin' and name 'odom_visualization'
[0.334s] Level 1:colcon.colcon_core.package_identification:_identify(src/uav_simulator/odom_vis/pose_utils) by extensions ['ignore', 'ignore_ament_install']
[0.335s] Level 1:colcon.colcon_core.package_identification:_identify(src/uav_simulator/odom_vis/pose_utils) by extension 'ignore'
[0.335s] Level 1:colcon.colcon_core.package_identification:_identify(src/uav_simulator/odom_vis/pose_utils) by extension 'ignore_ament_install'
[0.335s] Level 1:colcon.colcon_core.package_identification:_identify(src/uav_simulator/odom_vis/pose_utils) by extensions ['colcon_pkg']
[0.335s] Level 1:colcon.colcon_core.package_identification:_identify(src/uav_simulator/odom_vis/pose_utils) by extension 'colcon_pkg'
[0.335s] Level 1:colcon.colcon_core.package_identification:_identify(src/uav_simulator/odom_vis/pose_utils) by extensions ['colcon_meta']
[0.335s] Level 1:colcon.colcon_core.package_identification:_identify(src/uav_simulator/odom_vis/pose_utils) by extension 'colcon_meta'
[0.335s] Level 1:colcon.colcon_core.package_identification:_identify(src/uav_simulator/odom_vis/pose_utils) by extensions ['ros']
[0.335s] Level 1:colcon.colcon_core.package_identification:_identify(src/uav_simulator/odom_vis/pose_utils) by extension 'ros'
[0.335s] DEBUG:colcon.colcon_core.package_identification:Package 'src/uav_simulator/odom_vis/pose_utils' with type 'ros.catkin' and name 'pose_utils'
[0.335s] Level 1:colcon.colcon_core.package_identification:_identify(src/uav_simulator/so3_controller) by extensions ['ignore', 'ignore_ament_install']
[0.335s] Level 1:colcon.colcon_core.package_identification:_identify(src/uav_simulator/so3_controller) by extension 'ignore'
[0.336s] Level 1:colcon.colcon_core.package_identification:_identify(src/uav_simulator/so3_controller) by extension 'ignore_ament_install'
[0.336s] Level 1:colcon.colcon_core.package_identification:_identify(src/uav_simulator/so3_controller) by extensions ['colcon_pkg']
[0.336s] Level 1:colcon.colcon_core.package_identification:_identify(src/uav_simulator/so3_controller) by extension 'colcon_pkg'
[0.336s] Level 1:colcon.colcon_core.package_identification:_identify(src/uav_simulator/so3_controller) by extensions ['colcon_meta']
[0.336s] Level 1:colcon.colcon_core.package_identification:_identify(src/uav_simulator/so3_controller) by extension 'colcon_meta'
[0.336s] Level 1:colcon.colcon_core.package_identification:_identify(src/uav_simulator/so3_controller) by extensions ['ros']
[0.336s] Level 1:colcon.colcon_core.package_identification:_identify(src/uav_simulator/so3_controller) by extension 'ros'
[0.336s] DEBUG:colcon.colcon_core.package_identification:Package 'src/uav_simulator/so3_controller' with type 'ros.catkin' and name 'so3_controller'
[0.336s] Level 1:colcon.colcon_core.package_identification:_identify(src/uav_simulator/so3_quadrotor) by extensions ['ignore', 'ignore_ament_install']
[0.336s] Level 1:colcon.colcon_core.package_identification:_identify(src/uav_simulator/so3_quadrotor) by extension 'ignore'
[0.337s] Level 1:colcon.colcon_core.package_identification:_identify(src/uav_simulator/so3_quadrotor) by extension 'ignore_ament_install'
[0.337s] Level 1:colcon.colcon_core.package_identification:_identify(src/uav_simulator/so3_quadrotor) by extensions ['colcon_pkg']
[0.337s] Level 1:colcon.colcon_core.package_identification:_identify(src/uav_simulator/so3_quadrotor) by extension 'colcon_pkg'
[0.337s] Level 1:colcon.colcon_core.package_identification:_identify(src/uav_simulator/so3_quadrotor) by extensions ['colcon_meta']
[0.337s] Level 1:colcon.colcon_core.package_identification:_identify(src/uav_simulator/so3_quadrotor) by extension 'colcon_meta'
[0.337s] Level 1:colcon.colcon_core.package_identification:_identify(src/uav_simulator/so3_quadrotor) by extensions ['ros']
[0.337s] Level 1:colcon.colcon_core.package_identification:_identify(src/uav_simulator/so3_quadrotor) by extension 'ros'
[0.337s] DEBUG:colcon.colcon_core.package_identification:Package 'src/uav_simulator/so3_quadrotor' with type 'ros.catkin' and name 'so3_quadrotor'
[0.337s] Level 1:colcon.colcon_core.package_identification:_identify(src/uav_simulator/uav_simulator) by extensions ['ignore', 'ignore_ament_install']
[0.338s] Level 1:colcon.colcon_core.package_identification:_identify(src/uav_simulator/uav_simulator) by extension 'ignore'
[0.338s] Level 1:colcon.colcon_core.package_identification:_identify(src/uav_simulator/uav_simulator) by extension 'ignore_ament_install'
[0.338s] Level 1:colcon.colcon_core.package_identification:_identify(src/uav_simulator/uav_simulator) by extensions ['colcon_pkg']
[0.338s] Level 1:colcon.colcon_core.package_identification:_identify(src/uav_simulator/uav_simulator) by extension 'colcon_pkg'
[0.338s] Level 1:colcon.colcon_core.package_identification:_identify(src/uav_simulator/uav_simulator) by extensions ['colcon_meta']
[0.338s] Level 1:colcon.colcon_core.package_identification:_identify(src/uav_simulator/uav_simulator) by extension 'colcon_meta'
[0.338s] Level 1:colcon.colcon_core.package_identification:_identify(src/uav_simulator/uav_simulator) by extensions ['ros']
[0.338s] Level 1:colcon.colcon_core.package_identification:_identify(src/uav_simulator/uav_simulator) by extension 'ros'
[0.338s] DEBUG:colcon.colcon_core.package_identification:Package 'src/uav_simulator/uav_simulator' with type 'ros.catkin' and name 'uav_simulator'
[0.338s] Level 1:colcon.colcon_core.package_identification:_identify(src/uav_simulator/uav_utils) by extensions ['ignore', 'ignore_ament_install']
[0.338s] Level 1:colcon.colcon_core.package_identification:_identify(src/uav_simulator/uav_utils) by extension 'ignore'
[0.338s] Level 1:colcon.colcon_core.package_identification:_identify(src/uav_simulator/uav_utils) by extension 'ignore_ament_install'
[0.338s] Level 1:colcon.colcon_core.package_identification:_identify(src/uav_simulator/uav_utils) by extensions ['colcon_pkg']
[0.338s] Level 1:colcon.colcon_core.package_identification:_identify(src/uav_simulator/uav_utils) by extension 'colcon_pkg'
[0.338s] Level 1:colcon.colcon_core.package_identification:_identify(src/uav_simulator/uav_utils) by extensions ['colcon_meta']
[0.338s] Level 1:colcon.colcon_core.package_identification:_identify(src/uav_simulator/uav_utils) by extension 'colcon_meta'
[0.339s] Level 1:colcon.colcon_core.package_identification:_identify(src/uav_simulator/uav_utils) by extensions ['ros']
[0.339s] Level 1:colcon.colcon_core.package_identification:_identify(src/uav_simulator/uav_utils) by extension 'ros'
[0.339s] Level 1:colcon.colcon_core.package_identification:_identify(src/uav_simulator/uav_utils) by extensions ['cmake', 'python']
[0.339s] Level 1:colcon.colcon_core.package_identification:_identify(src/uav_simulator/uav_utils) by extension 'cmake'
[0.340s] Level 1:colcon.colcon_core.package_identification:_identify(src/uav_simulator/uav_utils) by extension 'python'
[0.340s] DEBUG:colcon.colcon_core.package_identification:Package 'src/uav_simulator/uav_utils' with type 'cmake' and name 'uav_utils'
[0.340s] Level 1:colcon.colcon_core.package_discovery:discover_packages(recursive) using defaults
[0.340s] Level 1:colcon.colcon_core.package_discovery:discover_packages(ignore) discover
[0.340s] Level 1:colcon.colcon_core.package_discovery:discover_packages(ignore) using defaults
[0.340s] Level 1:colcon.colcon_core.package_discovery:discover_packages(path) discover
[0.340s] Level 1:colcon.colcon_core.package_discovery:discover_packages(path) using defaults
[0.358s] INFO:colcon.colcon_core.package_selection:Skipping not selected package 'decomp_basis' in 'src/planning/DecompROS/decomp_basis'
[0.358s] INFO:colcon.colcon_core.package_selection:Skipping not selected package 'decomp_ros_msgs' in 'src/planning/DecompROS/decomp_ros_msgs'
[0.359s] INFO:colcon.colcon_core.package_selection:Skipping not selected package 'local_sensing_node' in 'src/uav_simulator/local_sensing'
[0.359s] INFO:colcon.colcon_core.package_selection:Skipping not selected package 'mockamap' in 'src/uav_simulator/mockamap'
[0.359s] INFO:colcon.colcon_core.package_selection:Skipping not selected package 'object_detection_msgs' in 'src/detection/object_detection_msgs'
[0.359s] INFO:colcon.colcon_core.package_selection:Skipping not selected package 'odom_visualization' in 'src/uav_simulator/odom_vis/odom_visualization'
[0.359s] INFO:colcon.colcon_core.package_selection:Skipping not selected package 'pose_utils' in 'src/uav_simulator/odom_vis/pose_utils'
[0.359s] INFO:colcon.colcon_core.package_selection:Skipping not selected package 'quadrotor_msgs' in 'src/quadrotor_msgs'
[0.359s] INFO:colcon.colcon_core.package_selection:Skipping not selected package 'uav_simulator' in 'src/uav_simulator/uav_simulator'
[0.359s] INFO:colcon.colcon_core.package_selection:Skipping not selected package 'uav_utils' in 'src/uav_simulator/uav_utils'
[0.359s] INFO:colcon.colcon_core.package_selection:Skipping not selected package 'mapping' in 'src/mapping'
[0.359s] INFO:colcon.colcon_core.package_selection:Skipping not selected package 'so3_controller' in 'src/uav_simulator/so3_controller'
[0.359s] INFO:colcon.colcon_core.package_selection:Skipping not selected package 'so3_quadrotor' in 'src/uav_simulator/so3_quadrotor'
[0.359s] INFO:colcon.colcon_core.package_selection:Skipping not selected package 'target_ekf' in 'src/detection/target_ekf'
[0.359s] INFO:colcon.colcon_core.package_selection:Skipping not selected package 'planning' in 'src/planning/planning'
[0.359s] Level 5:colcon.colcon_core.verb:set package 'decomp_geometry' build argument 'cmake_args' from command line to 'None'
[0.359s] Level 5:colcon.colcon_core.verb:set package 'decomp_geometry' build argument 'cmake_target' from command line to 'None'
[0.359s] Level 5:colcon.colcon_core.verb:set package 'decomp_geometry' build argument 'cmake_target_skip_unavailable' from command line to 'False'
[0.359s] Level 5:colcon.colcon_core.verb:set package 'decomp_geometry' build argument 'cmake_clean_cache' from command line to 'False'
[0.359s] Level 5:colcon.colcon_core.verb:set package 'decomp_geometry' build argument 'cmake_clean_first' from command line to 'False'
[0.359s] Level 5:colcon.colcon_core.verb:set package 'decomp_geometry' build argument 'cmake_force_configure' from command line to 'False'
[0.359s] Level 5:colcon.colcon_core.verb:set package 'decomp_geometry' build argument 'ament_cmake_args' from command line to 'None'
[0.359s] Level 5:colcon.colcon_core.verb:set package 'decomp_geometry' build argument 'catkin_cmake_args' from command line to 'None'
[0.359s] Level 5:colcon.colcon_core.verb:set package 'decomp_geometry' build argument 'catkin_skip_building_tests' from command line to 'False'
[0.359s] DEBUG:colcon.colcon_core.verb:Building package 'decomp_geometry' with the following arguments: {'ament_cmake_args': None, 'build_base': '/mpc/new/Elastic-Tracker/build/decomp_geometry', 'catkin_cmake_args': None, 'catkin_skip_building_tests': False, 'cmake_args': None, 'cmake_clean_cache': False, 'cmake_clean_first': False, 'cmake_force_configure': False, 'cmake_target': None, 'cmake_target_skip_unavailable': False, 'install_base': '/mpc/new/Elastic-Tracker/install/decomp_geometry', 'merge_install': False, 'path': '/mpc/new/Elastic-Tracker/src/planning/DecompROS/decomp_geoemtry', 'symlink_install': False, 'test_result_base': None}
[0.360s] INFO:colcon.colcon_core.executor:Executing jobs using 'parallel' executor
[0.361s] DEBUG:colcon.colcon_parallel_executor.executor.parallel:run_until_complete
[0.361s] INFO:colcon.colcon_ros.task.ament_cmake.build:Building ROS package in '/mpc/new/Elastic-Tracker/src/planning/DecompROS/decomp_geoemtry' with build type 'ament_cmake'
[0.361s] INFO:colcon.colcon_cmake.task.cmake.build:Building CMake package in '/mpc/new/Elastic-Tracker/src/planning/DecompROS/decomp_geoemtry'
[0.363s] INFO:colcon.colcon_core.plugin_system:Skipping extension 'colcon_core.shell.bat': Not used on non-Windows systems
[0.363s] INFO:colcon.colcon_core.shell:Skip shell extension 'powershell' for command environment: Not usable outside of PowerShell
[0.363s] DEBUG:colcon.colcon_core.shell:Skip shell extension 'dsv' for command environment
[0.380s] DEBUG:colcon.colcon_core.event_handler.log_command:Invoking command in '/mpc/new/Elastic-Tracker/build/decomp_geometry': CMAKE_PREFIX_PATH=/mpc/new/Elastic-Tracker/install/decomp_basis:/mpc/new/Elastic-Tracker/install/target_ekf:/mpc/new/Elastic-Tracker/install/mapping:/mpc/new/Elastic-Tracker/install/quadrotor_msgs:/mpc/new/Elastic-Tracker/install/object_detection_msgs:/mpc/new/Elastic-Tracker/install/decomp_ros_msgs:/mpc/new/Elastic-Tracker/install/decomp_geometry:/opt/ros/humble /usr/bin/cmake --build /mpc/new/Elastic-Tracker/build/decomp_geometry -- -j12 -l12
[0.411s] DEBUG:colcon.colcon_core.event_handler.log_command:Invoked command in '/mpc/new/Elastic-Tracker/build/decomp_geometry' returned '0': CMAKE_PREFIX_PATH=/mpc/new/Elastic-Tracker/install/decomp_basis:/mpc/new/Elastic-Tracker/install/target_ekf:/mpc/new/Elastic-Tracker/install/mapping:/mpc/new/Elastic-Tracker/install/quadrotor_msgs:/mpc/new/Elastic-Tracker/install/object_detection_msgs:/mpc/new/Elastic-Tracker/install/decomp_ros_msgs:/mpc/new/Elastic-Tracker/install/decomp_geometry:/opt/ros/humble /usr/bin/cmake --build /mpc/new/Elastic-Tracker/build/decomp_geometry -- -j12 -l12
[0.420s] DEBUG:colcon.colcon_core.event_handler.log_command:Invoking command in '/mpc/new/Elastic-Tracker/build/decomp_geometry': CMAKE_PREFIX_PATH=/mpc/new/Elastic-Tracker/install/decomp_basis:/mpc/new/Elastic-Tracker/install/target_ekf:/mpc/new/Elastic-Tracker/install/mapping:/mpc/new/Elastic-Tracker/install/quadrotor_msgs:/mpc/new/Elastic-Tracker/install/object_detection_msgs:/mpc/new/Elastic-Tracker/install/decomp_ros_msgs:/mpc/new/Elastic-Tracker/install/decomp_geometry:/opt/ros/humble /usr/bin/cmake --install /mpc/new/Elastic-Tracker/build/decomp_geometry
[0.428s] Level 1:colcon.colcon_core.environment:create_environment_scripts_only(decomp_geometry)
[0.429s] DEBUG:colcon.colcon_core.event_handler.log_command:Invoked command in '/mpc/new/Elastic-Tracker/build/decomp_geometry' returned '0': CMAKE_PREFIX_PATH=/mpc/new/Elastic-Tracker/install/decomp_basis:/mpc/new/Elastic-Tracker/install/target_ekf:/mpc/new/Elastic-Tracker/install/mapping:/mpc/new/Elastic-Tracker/install/quadrotor_msgs:/mpc/new/Elastic-Tracker/install/object_detection_msgs:/mpc/new/Elastic-Tracker/install/decomp_ros_msgs:/mpc/new/Elastic-Tracker/install/decomp_geometry:/opt/ros/humble /usr/bin/cmake --install /mpc/new/Elastic-Tracker/build/decomp_geometry
[0.432s] Level 1:colcon.colcon_core.environment:checking '/mpc/new/Elastic-Tracker/install/decomp_geometry' for CMake module files
[0.433s] Level 1:colcon.colcon_core.environment:checking '/mpc/new/Elastic-Tracker/install/decomp_geometry' for CMake config files
[0.433s] Level 1:colcon.colcon_core.shell:create_environment_hook('decomp_geometry', 'cmake_prefix_path')
[0.434s] INFO:colcon.colcon_core.shell:Creating environment hook '/mpc/new/Elastic-Tracker/install/decomp_geometry/share/decomp_geometry/hook/cmake_prefix_path.ps1'
[0.434s] INFO:colcon.colcon_core.shell:Creating environment descriptor '/mpc/new/Elastic-Tracker/install/decomp_geometry/share/decomp_geometry/hook/cmake_prefix_path.dsv'
[0.435s] INFO:colcon.colcon_core.shell:Creating environment hook '/mpc/new/Elastic-Tracker/install/decomp_geometry/share/decomp_geometry/hook/cmake_prefix_path.sh'
[0.436s] Level 1:colcon.colcon_core.environment:checking '/mpc/new/Elastic-Tracker/install/decomp_geometry/bin'
[0.436s] Level 1:colcon.colcon_core.environment:checking '/mpc/new/Elastic-Tracker/install/decomp_geometry/lib/pkgconfig/decomp_geometry.pc'
[0.438s] Level 1:colcon.colcon_core.environment:checking '/mpc/new/Elastic-Tracker/install/decomp_geometry/lib/python3.10/site-packages'
[0.438s] Level 1:colcon.colcon_core.environment:checking '/mpc/new/Elastic-Tracker/install/decomp_geometry/bin'
[0.439s] INFO:colcon.colcon_core.shell:Creating package script '/mpc/new/Elastic-Tracker/install/decomp_geometry/share/decomp_geometry/package.ps1'
[0.440s] INFO:colcon.colcon_core.shell:Creating package descriptor '/mpc/new/Elastic-Tracker/install/decomp_geometry/share/decomp_geometry/package.dsv'
[0.440s] INFO:colcon.colcon_core.shell:Creating package script '/mpc/new/Elastic-Tracker/install/decomp_geometry/share/decomp_geometry/package.sh'
[0.441s] INFO:colcon.colcon_core.shell:Creating package script '/mpc/new/Elastic-Tracker/install/decomp_geometry/share/decomp_geometry/package.bash'
[0.442s] INFO:colcon.colcon_core.shell:Creating package script '/mpc/new/Elastic-Tracker/install/decomp_geometry/share/decomp_geometry/package.zsh'
[0.443s] Level 1:colcon.colcon_core.environment:create_file_with_runtime_dependencies(/mpc/new/Elastic-Tracker/install/decomp_geometry/share/colcon-core/packages/decomp_geometry)
[0.444s] Level 1:colcon.colcon_core.environment:create_environment_scripts_only(decomp_geometry)
[0.444s] Level 1:colcon.colcon_core.environment:checking '/mpc/new/Elastic-Tracker/install/decomp_geometry' for CMake module files
[0.445s] Level 1:colcon.colcon_core.environment:checking '/mpc/new/Elastic-Tracker/install/decomp_geometry' for CMake config files
[0.445s] Level 1:colcon.colcon_core.shell:create_environment_hook('decomp_geometry', 'cmake_prefix_path')
[0.445s] INFO:colcon.colcon_core.shell:Creating environment hook '/mpc/new/Elastic-Tracker/install/decomp_geometry/share/decomp_geometry/hook/cmake_prefix_path.ps1'
[0.446s] INFO:colcon.colcon_core.shell:Creating environment descriptor '/mpc/new/Elastic-Tracker/install/decomp_geometry/share/decomp_geometry/hook/cmake_prefix_path.dsv'
[0.446s] INFO:colcon.colcon_core.shell:Creating environment hook '/mpc/new/Elastic-Tracker/install/decomp_geometry/share/decomp_geometry/hook/cmake_prefix_path.sh'
[0.447s] Level 1:colcon.colcon_core.environment:checking '/mpc/new/Elastic-Tracker/install/decomp_geometry/bin'
[0.447s] Level 1:colcon.colcon_core.environment:checking '/mpc/new/Elastic-Tracker/install/decomp_geometry/lib/pkgconfig/decomp_geometry.pc'
[0.447s] Level 1:colcon.colcon_core.environment:checking '/mpc/new/Elastic-Tracker/install/decomp_geometry/lib/python3.10/site-packages'
[0.448s] Level 1:colcon.colcon_core.environment:checking '/mpc/new/Elastic-Tracker/install/decomp_geometry/bin'
[0.448s] INFO:colcon.colcon_core.shell:Creating package script '/mpc/new/Elastic-Tracker/install/decomp_geometry/share/decomp_geometry/package.ps1'
[0.449s] INFO:colcon.colcon_core.shell:Creating package descriptor '/mpc/new/Elastic-Tracker/install/decomp_geometry/share/decomp_geometry/package.dsv'
[0.449s] INFO:colcon.colcon_core.shell:Creating package script '/mpc/new/Elastic-Tracker/install/decomp_geometry/share/decomp_geometry/package.sh'
[0.450s] INFO:colcon.colcon_core.shell:Creating package script '/mpc/new/Elastic-Tracker/install/decomp_geometry/share/decomp_geometry/package.bash'
[0.450s] INFO:colcon.colcon_core.shell:Creating package script '/mpc/new/Elastic-Tracker/install/decomp_geometry/share/decomp_geometry/package.zsh'
[0.451s] Level 1:colcon.colcon_core.environment:create_file_with_runtime_dependencies(/mpc/new/Elastic-Tracker/install/decomp_geometry/share/colcon-core/packages/decomp_geometry)
[0.451s] DEBUG:colcon.colcon_parallel_executor.executor.parallel:closing loop
[0.451s] DEBUG:colcon.colcon_parallel_executor.executor.parallel:loop closed
[0.451s] DEBUG:colcon.colcon_parallel_executor.executor.parallel:run_until_complete finished with '0'
[0.451s] DEBUG:colcon.colcon_core.event_reactor:joining thread
[0.456s] INFO:colcon.colcon_core.plugin_system:Skipping extension 'colcon_notification.desktop_notification.notify_send': Could not find 'notify-send'
[0.456s] INFO:colcon.colcon_core.plugin_system:Skipping extension 'colcon_notification.desktop_notification.terminal_notifier': Not used on non-Darwin systems
[0.456s] INFO:colcon.colcon_core.plugin_system:Skipping extension 'colcon_notification.desktop_notification.win32': Not used on non-Windows systems
[0.456s] INFO:colcon.colcon_notification.desktop_notification:Sending desktop notification using 'notify2'
[0.458s] DEBUG:colcon.colcon_notification.desktop_notification.notify2:Failed to initialize notify2: org.freedesktop.DBus.Error.Spawn.ExecFailed: /usr/bin/dbus-launch terminated abnormally without any error message
[0.458s] DEBUG:colcon.colcon_core.event_reactor:joined thread
[0.459s] INFO:colcon.colcon_core.shell:Creating prefix script '/mpc/new/Elastic-Tracker/install/local_setup.ps1'
[0.460s] INFO:colcon.colcon_core.shell:Creating prefix util module '/mpc/new/Elastic-Tracker/install/_local_setup_util_ps1.py'
[0.462s] INFO:colcon.colcon_core.shell:Creating prefix chain script '/mpc/new/Elastic-Tracker/install/setup.ps1'
[0.464s] INFO:colcon.colcon_core.shell:Creating prefix script '/mpc/new/Elastic-Tracker/install/local_setup.sh'
[0.465s] INFO:colcon.colcon_core.shell:Creating prefix util module '/mpc/new/Elastic-Tracker/install/_local_setup_util_sh.py'
[0.466s] INFO:colcon.colcon_core.shell:Creating prefix chain script '/mpc/new/Elastic-Tracker/install/setup.sh'
[0.468s] INFO:colcon.colcon_core.shell:Creating prefix script '/mpc/new/Elastic-Tracker/install/local_setup.bash'
[0.469s] INFO:colcon.colcon_core.shell:Creating prefix chain script '/mpc/new/Elastic-Tracker/install/setup.bash'
[0.470s] INFO:colcon.colcon_core.shell:Creating prefix script '/mpc/new/Elastic-Tracker/install/local_setup.zsh'
[0.471s] INFO:colcon.colcon_core.shell:Creating prefix chain script '/mpc/new/Elastic-Tracker/install/setup.zsh'
