[0.024s] Invoking command in '/mpc/new/Elastic-Tracker/build/object_detection_msgs': CMAKE_PREFIX_PATH=${CMAKE_PREFIX_PATH}:/opt/ros/humble /usr/bin/cmake --build /mpc/new/Elastic-Tracker/build/object_detection_msgs -- -j12 -l12
[0.095s] [35m[1mConsolidate compiler generated dependencies of target object_detection_msgs__rosidl_generator_c[0m
[0.102s] [  1%] Built target object_detection_msgs__cpp
[0.119s] [ 12%] Built target object_detection_msgs__rosidl_generator_c
[0.131s] [35m[1mConsolidate compiler generated dependencies of target object_detection_msgs__rosidl_typesupport_fastrtps_cpp[0m
[0.138s] [35m[1mConsolidate compiler generated dependencies of target object_detection_msgs__rosidl_typesupport_cpp[0m
[0.142s] [35m[1mConsolidate compiler generated dependencies of target object_detection_msgs__rosidl_typesupport_introspection_cpp[0m
[0.145s] [ 12%] Built target ament_cmake_python_copy_object_detection_msgs
[0.152s] [35m[1mConsolidate compiler generated dependencies of target object_detection_msgs__rosidl_typesupport_fastrtps_c[0m
[0.160s] [35m[1mConsolidate compiler generated dependencies of target object_detection_msgs__rosidl_typesupport_introspection_c[0m
[0.177s] [35m[1mConsolidate compiler generated dependencies of target object_detection_msgs__rosidl_typesupport_c[0m
[0.200s] [ 23%] Built target object_detection_msgs__rosidl_typesupport_fastrtps_cpp
[0.201s] [ 42%] Built target object_detection_msgs__rosidl_typesupport_introspection_c
[0.201s] [ 46%] Built target object_detection_msgs__rosidl_typesupport_cpp
[0.201s] [ 57%] Built target object_detection_msgs__rosidl_typesupport_c
[0.202s] [ 68%] Built target object_detection_msgs__rosidl_typesupport_fastrtps_c
[0.202s] [ 79%] Built target object_detection_msgs__rosidl_typesupport_introspection_cpp
[0.236s] [ 79%] Built target object_detection_msgs
[0.267s] [ 80%] Built target object_detection_msgs__py
[0.306s] [35m[1mConsolidate compiler generated dependencies of target object_detection_msgs__rosidl_generator_py[0m
[0.369s] [ 90%] Built target object_detection_msgs__rosidl_generator_py
[0.386s] [35m[1mConsolidate compiler generated dependencies of target object_detection_msgs__rosidl_typesupport_c__pyext[0m
[0.404s] [35m[1mConsolidate compiler generated dependencies of target object_detection_msgs__rosidl_typesupport_introspection_c__pyext[0m
[0.405s] [35m[1mConsolidate compiler generated dependencies of target object_detection_msgs__rosidl_typesupport_fastrtps_c__pyext[0m
[0.416s] [ 93%] Built target object_detection_msgs__rosidl_typesupport_c__pyext
[0.430s] [ 96%] Built target object_detection_msgs__rosidl_typesupport_introspection_c__pyext
[0.430s] [100%] Built target object_detection_msgs__rosidl_typesupport_fastrtps_c__pyext
[0.649s] running egg_info
[0.650s] writing object_detection_msgs.egg-info/PKG-INFO
[0.650s] writing dependency_links to object_detection_msgs.egg-info/dependency_links.txt
[0.650s] writing top-level names to object_detection_msgs.egg-info/top_level.txt
[0.653s] reading manifest file 'object_detection_msgs.egg-info/SOURCES.txt'
[0.654s] writing manifest file 'object_detection_msgs.egg-info/SOURCES.txt'
[0.686s] [100%] Built target ament_cmake_python_build_object_detection_msgs_egg
[0.714s] Invoked command in '/mpc/new/Elastic-Tracker/build/object_detection_msgs' returned '0': CMAKE_PREFIX_PATH=${CMAKE_PREFIX_PATH}:/opt/ros/humble /usr/bin/cmake --build /mpc/new/Elastic-Tracker/build/object_detection_msgs -- -j12 -l12
[0.715s] Invoking command in '/mpc/new/Elastic-Tracker/build/object_detection_msgs': CMAKE_PREFIX_PATH=${CMAKE_PREFIX_PATH}:/opt/ros/humble /usr/bin/cmake --install /mpc/new/Elastic-Tracker/build/object_detection_msgs
[0.715s] -- Install configuration: ""
[0.715s] -- Up-to-date: /mpc/new/Elastic-Tracker/install/object_detection_msgs/share/ament_index/resource_index/rosidl_interfaces/object_detection_msgs
[0.716s] -- Up-to-date: /mpc/new/Elastic-Tracker/install/object_detection_msgs/include/object_detection_msgs/object_detection_msgs
[0.716s] -- Up-to-date: /mpc/new/Elastic-Tracker/install/object_detection_msgs/include/object_detection_msgs/object_detection_msgs/msg
[0.716s] -- Up-to-date: /mpc/new/Elastic-Tracker/install/object_detection_msgs/include/object_detection_msgs/object_detection_msgs/msg/bounding_box.h
[0.716s] -- Up-to-date: /mpc/new/Elastic-Tracker/install/object_detection_msgs/include/object_detection_msgs/object_detection_msgs/msg/bounding_boxes.h
[0.717s] -- Up-to-date: /mpc/new/Elastic-Tracker/install/object_detection_msgs/include/object_detection_msgs/object_detection_msgs/msg/motor_angle.h
[0.717s] -- Up-to-date: /mpc/new/Elastic-Tracker/install/object_detection_msgs/include/object_detection_msgs/object_detection_msgs/msg/object_count.h
[0.717s] -- Up-to-date: /mpc/new/Elastic-Tracker/install/object_detection_msgs/include/object_detection_msgs/object_detection_msgs/msg/detail
[0.718s] -- Up-to-date: /mpc/new/Elastic-Tracker/install/object_detection_msgs/include/object_detection_msgs/object_detection_msgs/msg/detail/bounding_box__type_support.h
[0.718s] -- Up-to-date: /mpc/new/Elastic-Tracker/install/object_detection_msgs/include/object_detection_msgs/object_detection_msgs/msg/detail/object_count__functions.c
[0.718s] -- Up-to-date: /mpc/new/Elastic-Tracker/install/object_detection_msgs/include/object_detection_msgs/object_detection_msgs/msg/detail/object_count__functions.h
[0.718s] -- Up-to-date: /mpc/new/Elastic-Tracker/install/object_detection_msgs/include/object_detection_msgs/object_detection_msgs/msg/detail/car_position__struct.h
[0.718s] -- Up-to-date: /mpc/new/Elastic-Tracker/install/object_detection_msgs/include/object_detection_msgs/object_detection_msgs/msg/detail/car_position__type_support.h
[0.719s] -- Up-to-date: /mpc/new/Elastic-Tracker/install/object_detection_msgs/include/object_detection_msgs/object_detection_msgs/msg/detail/motor_angle__functions.c
[0.719s] -- Up-to-date: /mpc/new/Elastic-Tracker/install/object_detection_msgs/include/object_detection_msgs/object_detection_msgs/msg/detail/car_position__functions.c
[0.719s] -- Up-to-date: /mpc/new/Elastic-Tracker/install/object_detection_msgs/include/object_detection_msgs/object_detection_msgs/msg/detail/car_position__functions.h
[0.719s] -- Up-to-date: /mpc/new/Elastic-Tracker/install/object_detection_msgs/include/object_detection_msgs/object_detection_msgs/msg/detail/motor_angle__functions.h
[0.719s] -- Up-to-date: /mpc/new/Elastic-Tracker/install/object_detection_msgs/include/object_detection_msgs/object_detection_msgs/msg/detail/object_count__struct.h
[0.719s] -- Up-to-date: /mpc/new/Elastic-Tracker/install/object_detection_msgs/include/object_detection_msgs/object_detection_msgs/msg/detail/bounding_boxes__functions.c
[0.719s] -- Up-to-date: /mpc/new/Elastic-Tracker/install/object_detection_msgs/include/object_detection_msgs/object_detection_msgs/msg/detail/object_count__type_support.h
[0.719s] -- Up-to-date: /mpc/new/Elastic-Tracker/install/object_detection_msgs/include/object_detection_msgs/object_detection_msgs/msg/detail/bounding_boxes__struct.h
[0.719s] -- Up-to-date: /mpc/new/Elastic-Tracker/install/object_detection_msgs/include/object_detection_msgs/object_detection_msgs/msg/detail/motor_angle__struct.h
[0.720s] -- Up-to-date: /mpc/new/Elastic-Tracker/install/object_detection_msgs/include/object_detection_msgs/object_detection_msgs/msg/detail/bounding_boxes__functions.h
[0.720s] -- Up-to-date: /mpc/new/Elastic-Tracker/install/object_detection_msgs/include/object_detection_msgs/object_detection_msgs/msg/detail/bounding_boxes__type_support.h
[0.720s] -- Up-to-date: /mpc/new/Elastic-Tracker/install/object_detection_msgs/include/object_detection_msgs/object_detection_msgs/msg/detail/bounding_box__functions.h
[0.720s] -- Up-to-date: /mpc/new/Elastic-Tracker/install/object_detection_msgs/include/object_detection_msgs/object_detection_msgs/msg/detail/bounding_box__struct.h
[0.720s] -- Up-to-date: /mpc/new/Elastic-Tracker/install/object_detection_msgs/include/object_detection_msgs/object_detection_msgs/msg/detail/bounding_box__functions.c
[0.720s] -- Up-to-date: /mpc/new/Elastic-Tracker/install/object_detection_msgs/include/object_detection_msgs/object_detection_msgs/msg/detail/motor_angle__type_support.h
[0.720s] -- Up-to-date: /mpc/new/Elastic-Tracker/install/object_detection_msgs/include/object_detection_msgs/object_detection_msgs/msg/car_position.h
[0.720s] -- Up-to-date: /mpc/new/Elastic-Tracker/install/object_detection_msgs/include/object_detection_msgs/object_detection_msgs/msg/rosidl_generator_c__visibility_control.h
[0.721s] -- Up-to-date: /mpc/new/Elastic-Tracker/install/object_detection_msgs/share/object_detection_msgs/environment/library_path.sh
[0.721s] -- Up-to-date: /mpc/new/Elastic-Tracker/install/object_detection_msgs/share/object_detection_msgs/environment/library_path.dsv
[0.721s] -- Up-to-date: /mpc/new/Elastic-Tracker/install/object_detection_msgs/lib/libobject_detection_msgs__rosidl_generator_c.so
[0.721s] -- Up-to-date: /mpc/new/Elastic-Tracker/install/object_detection_msgs/include/object_detection_msgs/object_detection_msgs
[0.721s] -- Up-to-date: /mpc/new/Elastic-Tracker/install/object_detection_msgs/include/object_detection_msgs/object_detection_msgs/msg
[0.721s] -- Up-to-date: /mpc/new/Elastic-Tracker/install/object_detection_msgs/include/object_detection_msgs/object_detection_msgs/msg/detail
[0.721s] -- Up-to-date: /mpc/new/Elastic-Tracker/install/object_detection_msgs/include/object_detection_msgs/object_detection_msgs/msg/detail/object_count__rosidl_typesupport_fastrtps_c.h
[0.721s] -- Up-to-date: /mpc/new/Elastic-Tracker/install/object_detection_msgs/include/object_detection_msgs/object_detection_msgs/msg/detail/bounding_boxes__rosidl_typesupport_fastrtps_c.h
[0.722s] -- Up-to-date: /mpc/new/Elastic-Tracker/install/object_detection_msgs/include/object_detection_msgs/object_detection_msgs/msg/detail/car_position__rosidl_typesupport_fastrtps_c.h
[0.722s] -- Up-to-date: /mpc/new/Elastic-Tracker/install/object_detection_msgs/include/object_detection_msgs/object_detection_msgs/msg/detail/motor_angle__rosidl_typesupport_fastrtps_c.h
[0.722s] -- Up-to-date: /mpc/new/Elastic-Tracker/install/object_detection_msgs/include/object_detection_msgs/object_detection_msgs/msg/detail/bounding_box__rosidl_typesupport_fastrtps_c.h
[0.723s] -- Up-to-date: /mpc/new/Elastic-Tracker/install/object_detection_msgs/include/object_detection_msgs/object_detection_msgs/msg/rosidl_typesupport_fastrtps_c__visibility_control.h
[0.723s] -- Up-to-date: /mpc/new/Elastic-Tracker/install/object_detection_msgs/lib/libobject_detection_msgs__rosidl_typesupport_fastrtps_c.so
[0.723s] -- Up-to-date: /mpc/new/Elastic-Tracker/install/object_detection_msgs/include/object_detection_msgs/object_detection_msgs
[0.723s] -- Up-to-date: /mpc/new/Elastic-Tracker/install/object_detection_msgs/include/object_detection_msgs/object_detection_msgs/msg
[0.723s] -- Up-to-date: /mpc/new/Elastic-Tracker/install/object_detection_msgs/include/object_detection_msgs/object_detection_msgs/msg/rosidl_typesupport_introspection_c__visibility_control.h
[0.723s] -- Up-to-date: /mpc/new/Elastic-Tracker/install/object_detection_msgs/include/object_detection_msgs/object_detection_msgs/msg/detail
[0.723s] -- Up-to-date: /mpc/new/Elastic-Tracker/install/object_detection_msgs/include/object_detection_msgs/object_detection_msgs/msg/detail/bounding_box__type_support.c
[0.724s] -- Up-to-date: /mpc/new/Elastic-Tracker/install/object_detection_msgs/include/object_detection_msgs/object_detection_msgs/msg/detail/object_count__type_support.c
[0.724s] -- Up-to-date: /mpc/new/Elastic-Tracker/install/object_detection_msgs/include/object_detection_msgs/object_detection_msgs/msg/detail/car_position__type_support.c
[0.724s] -- Up-to-date: /mpc/new/Elastic-Tracker/install/object_detection_msgs/include/object_detection_msgs/object_detection_msgs/msg/detail/motor_angle__type_support.c
[0.724s] -- Up-to-date: /mpc/new/Elastic-Tracker/install/object_detection_msgs/include/object_detection_msgs/object_detection_msgs/msg/detail/object_count__rosidl_typesupport_introspection_c.h
[0.724s] -- Up-to-date: /mpc/new/Elastic-Tracker/install/object_detection_msgs/include/object_detection_msgs/object_detection_msgs/msg/detail/car_position__rosidl_typesupport_introspection_c.h
[0.724s] -- Up-to-date: /mpc/new/Elastic-Tracker/install/object_detection_msgs/include/object_detection_msgs/object_detection_msgs/msg/detail/bounding_boxes__rosidl_typesupport_introspection_c.h
[0.724s] -- Up-to-date: /mpc/new/Elastic-Tracker/install/object_detection_msgs/include/object_detection_msgs/object_detection_msgs/msg/detail/motor_angle__rosidl_typesupport_introspection_c.h
[0.724s] -- Up-to-date: /mpc/new/Elastic-Tracker/install/object_detection_msgs/include/object_detection_msgs/object_detection_msgs/msg/detail/bounding_boxes__type_support.c
[0.725s] -- Up-to-date: /mpc/new/Elastic-Tracker/install/object_detection_msgs/include/object_detection_msgs/object_detection_msgs/msg/detail/bounding_box__rosidl_typesupport_introspection_c.h
[0.725s] -- Up-to-date: /mpc/new/Elastic-Tracker/install/object_detection_msgs/lib/libobject_detection_msgs__rosidl_typesupport_introspection_c.so
[0.725s] -- Up-to-date: /mpc/new/Elastic-Tracker/install/object_detection_msgs/lib/libobject_detection_msgs__rosidl_typesupport_c.so
[0.725s] -- Up-to-date: /mpc/new/Elastic-Tracker/install/object_detection_msgs/include/object_detection_msgs/object_detection_msgs
[0.725s] -- Up-to-date: /mpc/new/Elastic-Tracker/install/object_detection_msgs/include/object_detection_msgs/object_detection_msgs/msg
[0.725s] -- Up-to-date: /mpc/new/Elastic-Tracker/install/object_detection_msgs/include/object_detection_msgs/object_detection_msgs/msg/object_count.hpp
[0.725s] -- Up-to-date: /mpc/new/Elastic-Tracker/install/object_detection_msgs/include/object_detection_msgs/object_detection_msgs/msg/bounding_boxes.hpp
[0.725s] -- Up-to-date: /mpc/new/Elastic-Tracker/install/object_detection_msgs/include/object_detection_msgs/object_detection_msgs/msg/car_position.hpp
[0.726s] -- Up-to-date: /mpc/new/Elastic-Tracker/install/object_detection_msgs/include/object_detection_msgs/object_detection_msgs/msg/detail
[0.726s] -- Up-to-date: /mpc/new/Elastic-Tracker/install/object_detection_msgs/include/object_detection_msgs/object_detection_msgs/msg/detail/car_position__traits.hpp
[0.726s] -- Up-to-date: /mpc/new/Elastic-Tracker/install/object_detection_msgs/include/object_detection_msgs/object_detection_msgs/msg/detail/motor_angle__struct.hpp
[0.726s] -- Up-to-date: /mpc/new/Elastic-Tracker/install/object_detection_msgs/include/object_detection_msgs/object_detection_msgs/msg/detail/bounding_box__builder.hpp
[0.726s] -- Up-to-date: /mpc/new/Elastic-Tracker/install/object_detection_msgs/include/object_detection_msgs/object_detection_msgs/msg/detail/object_count__type_support.hpp
[0.726s] -- Up-to-date: /mpc/new/Elastic-Tracker/install/object_detection_msgs/include/object_detection_msgs/object_detection_msgs/msg/detail/motor_angle__type_support.hpp
[0.727s] -- Up-to-date: /mpc/new/Elastic-Tracker/install/object_detection_msgs/include/object_detection_msgs/object_detection_msgs/msg/detail/bounding_boxes__type_support.hpp
[0.727s] -- Up-to-date: /mpc/new/Elastic-Tracker/install/object_detection_msgs/include/object_detection_msgs/object_detection_msgs/msg/detail/bounding_box__struct.hpp
[0.727s] -- Up-to-date: /mpc/new/Elastic-Tracker/install/object_detection_msgs/include/object_detection_msgs/object_detection_msgs/msg/detail/motor_angle__builder.hpp
[0.727s] -- Up-to-date: /mpc/new/Elastic-Tracker/install/object_detection_msgs/include/object_detection_msgs/object_detection_msgs/msg/detail/bounding_boxes__traits.hpp
[0.727s] -- Up-to-date: /mpc/new/Elastic-Tracker/install/object_detection_msgs/include/object_detection_msgs/object_detection_msgs/msg/detail/motor_angle__traits.hpp
[0.727s] -- Up-to-date: /mpc/new/Elastic-Tracker/install/object_detection_msgs/include/object_detection_msgs/object_detection_msgs/msg/detail/car_position__struct.hpp
[0.727s] -- Up-to-date: /mpc/new/Elastic-Tracker/install/object_detection_msgs/include/object_detection_msgs/object_detection_msgs/msg/detail/bounding_boxes__builder.hpp
[0.727s] -- Up-to-date: /mpc/new/Elastic-Tracker/install/object_detection_msgs/include/object_detection_msgs/object_detection_msgs/msg/detail/bounding_box__traits.hpp
[0.727s] -- Up-to-date: /mpc/new/Elastic-Tracker/install/object_detection_msgs/include/object_detection_msgs/object_detection_msgs/msg/detail/car_position__builder.hpp
[0.728s] -- Up-to-date: /mpc/new/Elastic-Tracker/install/object_detection_msgs/include/object_detection_msgs/object_detection_msgs/msg/detail/object_count__struct.hpp
[0.728s] -- Up-to-date: /mpc/new/Elastic-Tracker/install/object_detection_msgs/include/object_detection_msgs/object_detection_msgs/msg/detail/bounding_box__type_support.hpp
[0.728s] -- Up-to-date: /mpc/new/Elastic-Tracker/install/object_detection_msgs/include/object_detection_msgs/object_detection_msgs/msg/detail/object_count__builder.hpp
[0.728s] -- Up-to-date: /mpc/new/Elastic-Tracker/install/object_detection_msgs/include/object_detection_msgs/object_detection_msgs/msg/detail/car_position__type_support.hpp
[0.728s] -- Up-to-date: /mpc/new/Elastic-Tracker/install/object_detection_msgs/include/object_detection_msgs/object_detection_msgs/msg/detail/bounding_boxes__struct.hpp
[0.728s] -- Up-to-date: /mpc/new/Elastic-Tracker/install/object_detection_msgs/include/object_detection_msgs/object_detection_msgs/msg/detail/object_count__traits.hpp
[0.728s] -- Up-to-date: /mpc/new/Elastic-Tracker/install/object_detection_msgs/include/object_detection_msgs/object_detection_msgs/msg/motor_angle.hpp
[0.729s] -- Up-to-date: /mpc/new/Elastic-Tracker/install/object_detection_msgs/include/object_detection_msgs/object_detection_msgs/msg/bounding_box.hpp
[0.729s] -- Up-to-date: /mpc/new/Elastic-Tracker/install/object_detection_msgs/include/object_detection_msgs/object_detection_msgs/msg/rosidl_generator_cpp__visibility_control.hpp
[0.729s] -- Up-to-date: /mpc/new/Elastic-Tracker/install/object_detection_msgs/include/object_detection_msgs/object_detection_msgs
[0.729s] -- Up-to-date: /mpc/new/Elastic-Tracker/install/object_detection_msgs/include/object_detection_msgs/object_detection_msgs/msg
[0.729s] -- Up-to-date: /mpc/new/Elastic-Tracker/install/object_detection_msgs/include/object_detection_msgs/object_detection_msgs/msg/detail
[0.729s] -- Up-to-date: /mpc/new/Elastic-Tracker/install/object_detection_msgs/include/object_detection_msgs/object_detection_msgs/msg/detail/motor_angle__rosidl_typesupport_fastrtps_cpp.hpp
[0.729s] -- Up-to-date: /mpc/new/Elastic-Tracker/install/object_detection_msgs/include/object_detection_msgs/object_detection_msgs/msg/detail/bounding_boxes__rosidl_typesupport_fastrtps_cpp.hpp
[0.729s] -- Up-to-date: /mpc/new/Elastic-Tracker/install/object_detection_msgs/include/object_detection_msgs/object_detection_msgs/msg/detail/dds_fastrtps
[0.729s] -- Up-to-date: /mpc/new/Elastic-Tracker/install/object_detection_msgs/include/object_detection_msgs/object_detection_msgs/msg/detail/car_position__rosidl_typesupport_fastrtps_cpp.hpp
[0.730s] -- Up-to-date: /mpc/new/Elastic-Tracker/install/object_detection_msgs/include/object_detection_msgs/object_detection_msgs/msg/detail/object_count__rosidl_typesupport_fastrtps_cpp.hpp
[0.730s] -- Up-to-date: /mpc/new/Elastic-Tracker/install/object_detection_msgs/include/object_detection_msgs/object_detection_msgs/msg/detail/bounding_box__rosidl_typesupport_fastrtps_cpp.hpp
[0.730s] -- Up-to-date: /mpc/new/Elastic-Tracker/install/object_detection_msgs/include/object_detection_msgs/object_detection_msgs/msg/rosidl_typesupport_fastrtps_cpp__visibility_control.h
[0.730s] -- Up-to-date: /mpc/new/Elastic-Tracker/install/object_detection_msgs/lib/libobject_detection_msgs__rosidl_typesupport_fastrtps_cpp.so
[0.730s] -- Up-to-date: /mpc/new/Elastic-Tracker/install/object_detection_msgs/include/object_detection_msgs/object_detection_msgs
[0.730s] -- Up-to-date: /mpc/new/Elastic-Tracker/install/object_detection_msgs/include/object_detection_msgs/object_detection_msgs/msg
[0.731s] -- Up-to-date: /mpc/new/Elastic-Tracker/install/object_detection_msgs/include/object_detection_msgs/object_detection_msgs/msg/detail
[0.731s] -- Up-to-date: /mpc/new/Elastic-Tracker/install/object_detection_msgs/include/object_detection_msgs/object_detection_msgs/msg/detail/motor_angle__rosidl_typesupport_introspection_cpp.hpp
[0.731s] -- Up-to-date: /mpc/new/Elastic-Tracker/install/object_detection_msgs/include/object_detection_msgs/object_detection_msgs/msg/detail/bounding_box__rosidl_typesupport_introspection_cpp.hpp
[0.731s] -- Up-to-date: /mpc/new/Elastic-Tracker/install/object_detection_msgs/include/object_detection_msgs/object_detection_msgs/msg/detail/object_count__rosidl_typesupport_introspection_cpp.hpp
[0.731s] -- Up-to-date: /mpc/new/Elastic-Tracker/install/object_detection_msgs/include/object_detection_msgs/object_detection_msgs/msg/detail/bounding_boxes__rosidl_typesupport_introspection_cpp.hpp
[0.731s] -- Up-to-date: /mpc/new/Elastic-Tracker/install/object_detection_msgs/include/object_detection_msgs/object_detection_msgs/msg/detail/car_position__rosidl_typesupport_introspection_cpp.hpp
[0.731s] -- Up-to-date: /mpc/new/Elastic-Tracker/install/object_detection_msgs/include/object_detection_msgs/object_detection_msgs/msg/detail/car_position__type_support.cpp
[0.732s] -- Up-to-date: /mpc/new/Elastic-Tracker/install/object_detection_msgs/include/object_detection_msgs/object_detection_msgs/msg/detail/bounding_boxes__type_support.cpp
[0.732s] -- Up-to-date: /mpc/new/Elastic-Tracker/install/object_detection_msgs/include/object_detection_msgs/object_detection_msgs/msg/detail/object_count__type_support.cpp
[0.732s] -- Up-to-date: /mpc/new/Elastic-Tracker/install/object_detection_msgs/include/object_detection_msgs/object_detection_msgs/msg/detail/bounding_box__type_support.cpp
[0.732s] -- Up-to-date: /mpc/new/Elastic-Tracker/install/object_detection_msgs/include/object_detection_msgs/object_detection_msgs/msg/detail/motor_angle__type_support.cpp
[0.732s] -- Up-to-date: /mpc/new/Elastic-Tracker/install/object_detection_msgs/lib/libobject_detection_msgs__rosidl_typesupport_introspection_cpp.so
[0.732s] -- Up-to-date: /mpc/new/Elastic-Tracker/install/object_detection_msgs/lib/libobject_detection_msgs__rosidl_typesupport_cpp.so
[0.732s] -- Up-to-date: /mpc/new/Elastic-Tracker/install/object_detection_msgs/share/object_detection_msgs/environment/pythonpath.sh
[0.732s] -- Up-to-date: /mpc/new/Elastic-Tracker/install/object_detection_msgs/share/object_detection_msgs/environment/pythonpath.dsv
[0.733s] -- Up-to-date: /mpc/new/Elastic-Tracker/install/object_detection_msgs/local/lib/python3.10/dist-packages/object_detection_msgs-0.0.0-py3.10.egg-info
[0.733s] -- Installing: /mpc/new/Elastic-Tracker/install/object_detection_msgs/local/lib/python3.10/dist-packages/object_detection_msgs-0.0.0-py3.10.egg-info/dependency_links.txt
[0.733s] -- Installing: /mpc/new/Elastic-Tracker/install/object_detection_msgs/local/lib/python3.10/dist-packages/object_detection_msgs-0.0.0-py3.10.egg-info/top_level.txt
[0.733s] -- Installing: /mpc/new/Elastic-Tracker/install/object_detection_msgs/local/lib/python3.10/dist-packages/object_detection_msgs-0.0.0-py3.10.egg-info/PKG-INFO
[0.733s] -- Installing: /mpc/new/Elastic-Tracker/install/object_detection_msgs/local/lib/python3.10/dist-packages/object_detection_msgs-0.0.0-py3.10.egg-info/SOURCES.txt
[0.733s] -- Up-to-date: /mpc/new/Elastic-Tracker/install/object_detection_msgs/local/lib/python3.10/dist-packages/object_detection_msgs
[0.733s] -- Up-to-date: /mpc/new/Elastic-Tracker/install/object_detection_msgs/local/lib/python3.10/dist-packages/object_detection_msgs/libobject_detection_msgs__rosidl_generator_py.so
[0.733s] -- Up-to-date: /mpc/new/Elastic-Tracker/install/object_detection_msgs/local/lib/python3.10/dist-packages/object_detection_msgs/_object_detection_msgs_s.ep.rosidl_typesupport_introspection_c.c
[0.734s] -- Up-to-date: /mpc/new/Elastic-Tracker/install/object_detection_msgs/local/lib/python3.10/dist-packages/object_detection_msgs/_object_detection_msgs_s.ep.rosidl_typesupport_fastrtps_c.c
[0.734s] -- Up-to-date: /mpc/new/Elastic-Tracker/install/object_detection_msgs/local/lib/python3.10/dist-packages/object_detection_msgs/__init__.py
[0.734s] -- Up-to-date: /mpc/new/Elastic-Tracker/install/object_detection_msgs/local/lib/python3.10/dist-packages/object_detection_msgs/_object_detection_msgs_s.ep.rosidl_typesupport_c.c
[0.734s] -- Up-to-date: /mpc/new/Elastic-Tracker/install/object_detection_msgs/local/lib/python3.10/dist-packages/object_detection_msgs/object_detection_msgs_s__rosidl_typesupport_c.cpython-310-x86_64-linux-gnu.so
[0.734s] -- Up-to-date: /mpc/new/Elastic-Tracker/install/object_detection_msgs/local/lib/python3.10/dist-packages/object_detection_msgs/object_detection_msgs_s__rosidl_typesupport_fastrtps_c.cpython-310-x86_64-linux-gnu.so
[0.734s] -- Up-to-date: /mpc/new/Elastic-Tracker/install/object_detection_msgs/local/lib/python3.10/dist-packages/object_detection_msgs/object_detection_msgs_s__rosidl_typesupport_introspection_c.cpython-310-x86_64-linux-gnu.so
[0.734s] -- Up-to-date: /mpc/new/Elastic-Tracker/install/object_detection_msgs/local/lib/python3.10/dist-packages/object_detection_msgs/msg
[0.734s] -- Up-to-date: /mpc/new/Elastic-Tracker/install/object_detection_msgs/local/lib/python3.10/dist-packages/object_detection_msgs/msg/_bounding_boxes_s.c
[0.735s] -- Up-to-date: /mpc/new/Elastic-Tracker/install/object_detection_msgs/local/lib/python3.10/dist-packages/object_detection_msgs/msg/_bounding_boxes.py
[0.735s] -- Up-to-date: /mpc/new/Elastic-Tracker/install/object_detection_msgs/local/lib/python3.10/dist-packages/object_detection_msgs/msg/_bounding_box.py
[0.735s] -- Up-to-date: /mpc/new/Elastic-Tracker/install/object_detection_msgs/local/lib/python3.10/dist-packages/object_detection_msgs/msg/_object_count.py
[0.735s] -- Up-to-date: /mpc/new/Elastic-Tracker/install/object_detection_msgs/local/lib/python3.10/dist-packages/object_detection_msgs/msg/_object_count_s.c
[0.735s] -- Up-to-date: /mpc/new/Elastic-Tracker/install/object_detection_msgs/local/lib/python3.10/dist-packages/object_detection_msgs/msg/_car_position.py
[0.735s] -- Up-to-date: /mpc/new/Elastic-Tracker/install/object_detection_msgs/local/lib/python3.10/dist-packages/object_detection_msgs/msg/__init__.py
[0.735s] -- Up-to-date: /mpc/new/Elastic-Tracker/install/object_detection_msgs/local/lib/python3.10/dist-packages/object_detection_msgs/msg/_motor_angle.py
[0.735s] -- Up-to-date: /mpc/new/Elastic-Tracker/install/object_detection_msgs/local/lib/python3.10/dist-packages/object_detection_msgs/msg/_bounding_box_s.c
[0.736s] -- Up-to-date: /mpc/new/Elastic-Tracker/install/object_detection_msgs/local/lib/python3.10/dist-packages/object_detection_msgs/msg/_motor_angle_s.c
[0.736s] -- Up-to-date: /mpc/new/Elastic-Tracker/install/object_detection_msgs/local/lib/python3.10/dist-packages/object_detection_msgs/msg/_car_position_s.c
[0.775s] Listing '/mpc/new/Elastic-Tracker/install/object_detection_msgs/local/lib/python3.10/dist-packages/object_detection_msgs'...
[0.775s] Listing '/mpc/new/Elastic-Tracker/install/object_detection_msgs/local/lib/python3.10/dist-packages/object_detection_msgs/msg'...
[0.784s] -- Up-to-date: /mpc/new/Elastic-Tracker/install/object_detection_msgs/local/lib/python3.10/dist-packages/object_detection_msgs/object_detection_msgs_s__rosidl_typesupport_fastrtps_c.cpython-310-x86_64-linux-gnu.so
[0.784s] -- Up-to-date: /mpc/new/Elastic-Tracker/install/object_detection_msgs/local/lib/python3.10/dist-packages/object_detection_msgs/object_detection_msgs_s__rosidl_typesupport_introspection_c.cpython-310-x86_64-linux-gnu.so
[0.784s] -- Up-to-date: /mpc/new/Elastic-Tracker/install/object_detection_msgs/local/lib/python3.10/dist-packages/object_detection_msgs/object_detection_msgs_s__rosidl_typesupport_c.cpython-310-x86_64-linux-gnu.so
[0.784s] -- Up-to-date: /mpc/new/Elastic-Tracker/install/object_detection_msgs/lib/libobject_detection_msgs__rosidl_generator_py.so
[0.784s] -- Up-to-date: /mpc/new/Elastic-Tracker/install/object_detection_msgs/share/object_detection_msgs/msg/BoundingBox.idl
[0.784s] -- Up-to-date: /mpc/new/Elastic-Tracker/install/object_detection_msgs/share/object_detection_msgs/msg/BoundingBoxes.idl
[0.784s] -- Up-to-date: /mpc/new/Elastic-Tracker/install/object_detection_msgs/share/object_detection_msgs/msg/ObjectCount.idl
[0.785s] -- Up-to-date: /mpc/new/Elastic-Tracker/install/object_detection_msgs/share/object_detection_msgs/msg/CarPosition.idl
[0.785s] -- Up-to-date: /mpc/new/Elastic-Tracker/install/object_detection_msgs/share/object_detection_msgs/msg/MotorAngle.idl
[0.785s] -- Up-to-date: /mpc/new/Elastic-Tracker/install/object_detection_msgs/share/object_detection_msgs/msg/BoundingBox.msg
[0.785s] -- Up-to-date: /mpc/new/Elastic-Tracker/install/object_detection_msgs/share/object_detection_msgs/msg/BoundingBoxes.msg
[0.785s] -- Up-to-date: /mpc/new/Elastic-Tracker/install/object_detection_msgs/share/object_detection_msgs/msg/ObjectCount.msg
[0.785s] -- Up-to-date: /mpc/new/Elastic-Tracker/install/object_detection_msgs/share/object_detection_msgs/msg/CarPosition.msg
[0.785s] -- Up-to-date: /mpc/new/Elastic-Tracker/install/object_detection_msgs/share/object_detection_msgs/msg/MotorAngle.msg
[0.785s] -- Up-to-date: /mpc/new/Elastic-Tracker/install/object_detection_msgs/share/object_detection_msgs/msg
[0.786s] -- Up-to-date: /mpc/new/Elastic-Tracker/install/object_detection_msgs/share/object_detection_msgs/msg/ObjectCount.msg
[0.786s] -- Up-to-date: /mpc/new/Elastic-Tracker/install/object_detection_msgs/share/object_detection_msgs/msg/BoundingBox.msg
[0.786s] -- Up-to-date: /mpc/new/Elastic-Tracker/install/object_detection_msgs/share/object_detection_msgs/msg/BoundingBoxes.msg
[0.786s] -- Up-to-date: /mpc/new/Elastic-Tracker/install/object_detection_msgs/share/object_detection_msgs/msg/CarPosition.msg
[0.786s] -- Up-to-date: /mpc/new/Elastic-Tracker/install/object_detection_msgs/share/object_detection_msgs/msg/MotorAngle.msg
[0.786s] -- Up-to-date: /mpc/new/Elastic-Tracker/install/object_detection_msgs/share/ament_index/resource_index/package_run_dependencies/object_detection_msgs
[0.786s] -- Up-to-date: /mpc/new/Elastic-Tracker/install/object_detection_msgs/share/ament_index/resource_index/parent_prefix_path/object_detection_msgs
[0.786s] -- Up-to-date: /mpc/new/Elastic-Tracker/install/object_detection_msgs/share/object_detection_msgs/environment/ament_prefix_path.sh
[0.786s] -- Up-to-date: /mpc/new/Elastic-Tracker/install/object_detection_msgs/share/object_detection_msgs/environment/ament_prefix_path.dsv
[0.786s] -- Up-to-date: /mpc/new/Elastic-Tracker/install/object_detection_msgs/share/object_detection_msgs/environment/path.sh
[0.786s] -- Up-to-date: /mpc/new/Elastic-Tracker/install/object_detection_msgs/share/object_detection_msgs/environment/path.dsv
[0.787s] -- Up-to-date: /mpc/new/Elastic-Tracker/install/object_detection_msgs/share/object_detection_msgs/local_setup.bash
[0.787s] -- Up-to-date: /mpc/new/Elastic-Tracker/install/object_detection_msgs/share/object_detection_msgs/local_setup.sh
[0.787s] -- Up-to-date: /mpc/new/Elastic-Tracker/install/object_detection_msgs/share/object_detection_msgs/local_setup.zsh
[0.787s] -- Up-to-date: /mpc/new/Elastic-Tracker/install/object_detection_msgs/share/object_detection_msgs/local_setup.dsv
[0.787s] -- Installing: /mpc/new/Elastic-Tracker/install/object_detection_msgs/share/object_detection_msgs/package.dsv
[0.787s] -- Up-to-date: /mpc/new/Elastic-Tracker/install/object_detection_msgs/share/ament_index/resource_index/packages/object_detection_msgs
[0.787s] -- Up-to-date: /mpc/new/Elastic-Tracker/install/object_detection_msgs/share/object_detection_msgs/cmake/export_object_detection_msgs__rosidl_generator_cExport.cmake
[0.787s] -- Up-to-date: /mpc/new/Elastic-Tracker/install/object_detection_msgs/share/object_detection_msgs/cmake/export_object_detection_msgs__rosidl_generator_cExport-noconfig.cmake
[0.788s] -- Up-to-date: /mpc/new/Elastic-Tracker/install/object_detection_msgs/share/object_detection_msgs/cmake/export_object_detection_msgs__rosidl_typesupport_fastrtps_cExport.cmake
[0.788s] -- Up-to-date: /mpc/new/Elastic-Tracker/install/object_detection_msgs/share/object_detection_msgs/cmake/export_object_detection_msgs__rosidl_typesupport_fastrtps_cExport-noconfig.cmake
[0.788s] -- Up-to-date: /mpc/new/Elastic-Tracker/install/object_detection_msgs/share/object_detection_msgs/cmake/object_detection_msgs__rosidl_typesupport_introspection_cExport.cmake
[0.788s] -- Up-to-date: /mpc/new/Elastic-Tracker/install/object_detection_msgs/share/object_detection_msgs/cmake/object_detection_msgs__rosidl_typesupport_introspection_cExport-noconfig.cmake
[0.788s] -- Up-to-date: /mpc/new/Elastic-Tracker/install/object_detection_msgs/share/object_detection_msgs/cmake/object_detection_msgs__rosidl_typesupport_cExport.cmake
[0.788s] -- Up-to-date: /mpc/new/Elastic-Tracker/install/object_detection_msgs/share/object_detection_msgs/cmake/object_detection_msgs__rosidl_typesupport_cExport-noconfig.cmake
[0.790s] -- Up-to-date: /mpc/new/Elastic-Tracker/install/object_detection_msgs/share/object_detection_msgs/cmake/export_object_detection_msgs__rosidl_generator_cppExport.cmake
[0.790s] -- Up-to-date: /mpc/new/Elastic-Tracker/install/object_detection_msgs/share/object_detection_msgs/cmake/export_object_detection_msgs__rosidl_typesupport_fastrtps_cppExport.cmake
[0.791s] -- Up-to-date: /mpc/new/Elastic-Tracker/install/object_detection_msgs/share/object_detection_msgs/cmake/export_object_detection_msgs__rosidl_typesupport_fastrtps_cppExport-noconfig.cmake
[0.791s] -- Up-to-date: /mpc/new/Elastic-Tracker/install/object_detection_msgs/share/object_detection_msgs/cmake/object_detection_msgs__rosidl_typesupport_introspection_cppExport.cmake
[0.791s] -- Up-to-date: /mpc/new/Elastic-Tracker/install/object_detection_msgs/share/object_detection_msgs/cmake/object_detection_msgs__rosidl_typesupport_introspection_cppExport-noconfig.cmake
[0.792s] -- Up-to-date: /mpc/new/Elastic-Tracker/install/object_detection_msgs/share/object_detection_msgs/cmake/object_detection_msgs__rosidl_typesupport_cppExport.cmake
[0.792s] -- Up-to-date: /mpc/new/Elastic-Tracker/install/object_detection_msgs/share/object_detection_msgs/cmake/object_detection_msgs__rosidl_typesupport_cppExport-noconfig.cmake
[0.792s] -- Up-to-date: /mpc/new/Elastic-Tracker/install/object_detection_msgs/share/object_detection_msgs/cmake/export_object_detection_msgs__rosidl_generator_pyExport.cmake
[0.792s] -- Up-to-date: /mpc/new/Elastic-Tracker/install/object_detection_msgs/share/object_detection_msgs/cmake/export_object_detection_msgs__rosidl_generator_pyExport-noconfig.cmake
[0.792s] -- Up-to-date: /mpc/new/Elastic-Tracker/install/object_detection_msgs/share/object_detection_msgs/cmake/rosidl_cmake-extras.cmake
[0.793s] -- Up-to-date: /mpc/new/Elastic-Tracker/install/object_detection_msgs/share/object_detection_msgs/cmake/ament_cmake_export_dependencies-extras.cmake
[0.793s] -- Up-to-date: /mpc/new/Elastic-Tracker/install/object_detection_msgs/share/object_detection_msgs/cmake/ament_cmake_export_include_directories-extras.cmake
[0.793s] -- Up-to-date: /mpc/new/Elastic-Tracker/install/object_detection_msgs/share/object_detection_msgs/cmake/ament_cmake_export_libraries-extras.cmake
[0.793s] -- Up-to-date: /mpc/new/Elastic-Tracker/install/object_detection_msgs/share/object_detection_msgs/cmake/ament_cmake_export_targets-extras.cmake
[0.793s] -- Up-to-date: /mpc/new/Elastic-Tracker/install/object_detection_msgs/share/object_detection_msgs/cmake/rosidl_cmake_export_typesupport_targets-extras.cmake
[0.793s] -- Up-to-date: /mpc/new/Elastic-Tracker/install/object_detection_msgs/share/object_detection_msgs/cmake/rosidl_cmake_export_typesupport_libraries-extras.cmake
[0.793s] -- Up-to-date: /mpc/new/Elastic-Tracker/install/object_detection_msgs/share/object_detection_msgs/cmake/object_detection_msgsConfig.cmake
[0.794s] -- Up-to-date: /mpc/new/Elastic-Tracker/install/object_detection_msgs/share/object_detection_msgs/cmake/object_detection_msgsConfig-version.cmake
[0.794s] -- Up-to-date: /mpc/new/Elastic-Tracker/install/object_detection_msgs/share/object_detection_msgs/package.xml
[0.821s] Invoked command in '/mpc/new/Elastic-Tracker/build/object_detection_msgs' returned '0': CMAKE_PREFIX_PATH=${CMAKE_PREFIX_PATH}:/opt/ros/humble /usr/bin/cmake --install /mpc/new/Elastic-Tracker/build/object_detection_msgs
