[35m[1mConsolidate compiler generated dependencies of target target_ekf_sim_node[0m
[ 50%] Built target target_ekf_node
[ 75%] [32mBuilding CXX object CMakeFiles/target_ekf_sim_node.dir/src/target_ekf_sim_node.cpp.o[0m
[100%] [32m[1mLinking CXX executable target_ekf_sim_node[0m
[100%] Built target target_ekf_sim_node
-- Install configuration: ""
-- Up-to-date: /mpc/new/Elastic-Tracker/src/detection/install/target_ekf/lib/target_ekf/target_ekf_node
-- Installing: /mpc/new/Elastic-Tracker/src/detection/install/target_ekf/lib/target_ekf/target_ekf_sim_node
-- Set runtime path of "/mpc/new/Elastic-Tracker/src/detection/install/target_ekf/lib/target_ekf/target_ekf_sim_node" to ""
-- Up-to-date: /mpc/new/Elastic-Tracker/src/detection/install/target_ekf/share/ament_index/resource_index/package_run_dependencies/target_ekf
-- Up-to-date: /mpc/new/Elastic-Tracker/src/detection/install/target_ekf/share/ament_index/resource_index/parent_prefix_path/target_ekf
-- Up-to-date: /mpc/new/Elastic-Tracker/src/detection/install/target_ekf/share/target_ekf/environment/ament_prefix_path.sh
-- Up-to-date: /mpc/new/Elastic-Tracker/src/detection/install/target_ekf/share/target_ekf/environment/ament_prefix_path.dsv
-- Up-to-date: /mpc/new/Elastic-Tracker/src/detection/install/target_ekf/share/target_ekf/environment/path.sh
-- Up-to-date: /mpc/new/Elastic-Tracker/src/detection/install/target_ekf/share/target_ekf/environment/path.dsv
-- Up-to-date: /mpc/new/Elastic-Tracker/src/detection/install/target_ekf/share/target_ekf/local_setup.bash
-- Up-to-date: /mpc/new/Elastic-Tracker/src/detection/install/target_ekf/share/target_ekf/local_setup.sh
-- Up-to-date: /mpc/new/Elastic-Tracker/src/detection/install/target_ekf/share/target_ekf/local_setup.zsh
-- Up-to-date: /mpc/new/Elastic-Tracker/src/detection/install/target_ekf/share/target_ekf/local_setup.dsv
-- Installing: /mpc/new/Elastic-Tracker/src/detection/install/target_ekf/share/target_ekf/package.dsv
-- Up-to-date: /mpc/new/Elastic-Tracker/src/detection/install/target_ekf/share/ament_index/resource_index/packages/target_ekf
-- Up-to-date: /mpc/new/Elastic-Tracker/src/detection/install/target_ekf/share/target_ekf/cmake/target_ekfConfig.cmake
-- Up-to-date: /mpc/new/Elastic-Tracker/src/detection/install/target_ekf/share/target_ekf/cmake/target_ekfConfig-version.cmake
-- Up-to-date: /mpc/new/Elastic-Tracker/src/detection/install/target_ekf/share/target_ekf/package.xml
