[0.012s] Invoking command in '/mpc/new/Elastic-Tracker/src/detection/build/target_ekf': CMAKE_PREFIX_PATH=/mpc/new/Elastic-Tracker/src/detection/install/object_detection_msgs:/mpc/new/Elastic-Tracker/src/detection/install/target_ekf:/opt/ros/humble /usr/bin/cmake --build /mpc/new/Elastic-Tracker/src/detection/build/target_ekf -- -j12 -l12
[0.053s] [35m[1mConsolidate compiler generated dependencies of target target_ekf_sim_node[0m
[0.067s] [ 50%] Built target target_ekf_node
[0.073s] [ 75%] [32mBuilding CXX object CMakeFiles/target_ekf_sim_node.dir/src/target_ekf_sim_node.cpp.o[0m
[22.428s] [100%] [32m[1mLinking CXX executable target_ekf_sim_node[0m
[23.351s] [100%] Built target target_ekf_sim_node
[23.367s] Invoked command in '/mpc/new/Elastic-Tracker/src/detection/build/target_ekf' returned '0': CMAKE_PREFIX_PATH=/mpc/new/Elastic-Tracker/src/detection/install/object_detection_msgs:/mpc/new/Elastic-Tracker/src/detection/install/target_ekf:/opt/ros/humble /usr/bin/cmake --build /mpc/new/Elastic-Tracker/src/detection/build/target_ekf -- -j12 -l12
[23.368s] Invoking command in '/mpc/new/Elastic-Tracker/src/detection/build/target_ekf': CMAKE_PREFIX_PATH=/mpc/new/Elastic-Tracker/src/detection/install/object_detection_msgs:/mpc/new/Elastic-Tracker/src/detection/install/target_ekf:/opt/ros/humble /usr/bin/cmake --install /mpc/new/Elastic-Tracker/src/detection/build/target_ekf
[23.375s] -- Install configuration: ""
[23.375s] -- Up-to-date: /mpc/new/Elastic-Tracker/src/detection/install/target_ekf/lib/target_ekf/target_ekf_node
[23.375s] -- Installing: /mpc/new/Elastic-Tracker/src/detection/install/target_ekf/lib/target_ekf/target_ekf_sim_node
[23.381s] -- Set runtime path of "/mpc/new/Elastic-Tracker/src/detection/install/target_ekf/lib/target_ekf/target_ekf_sim_node" to ""
[23.381s] -- Up-to-date: /mpc/new/Elastic-Tracker/src/detection/install/target_ekf/share/ament_index/resource_index/package_run_dependencies/target_ekf
[23.381s] -- Up-to-date: /mpc/new/Elastic-Tracker/src/detection/install/target_ekf/share/ament_index/resource_index/parent_prefix_path/target_ekf
[23.381s] -- Up-to-date: /mpc/new/Elastic-Tracker/src/detection/install/target_ekf/share/target_ekf/environment/ament_prefix_path.sh
[23.381s] -- Up-to-date: /mpc/new/Elastic-Tracker/src/detection/install/target_ekf/share/target_ekf/environment/ament_prefix_path.dsv
[23.382s] -- Up-to-date: /mpc/new/Elastic-Tracker/src/detection/install/target_ekf/share/target_ekf/environment/path.sh
[23.382s] -- Up-to-date: /mpc/new/Elastic-Tracker/src/detection/install/target_ekf/share/target_ekf/environment/path.dsv
[23.382s] -- Up-to-date: /mpc/new/Elastic-Tracker/src/detection/install/target_ekf/share/target_ekf/local_setup.bash
[23.382s] -- Up-to-date: /mpc/new/Elastic-Tracker/src/detection/install/target_ekf/share/target_ekf/local_setup.sh
[23.382s] -- Up-to-date: /mpc/new/Elastic-Tracker/src/detection/install/target_ekf/share/target_ekf/local_setup.zsh
[23.382s] -- Up-to-date: /mpc/new/Elastic-Tracker/src/detection/install/target_ekf/share/target_ekf/local_setup.dsv
[23.382s] -- Installing: /mpc/new/Elastic-Tracker/src/detection/install/target_ekf/share/target_ekf/package.dsv
[23.382s] -- Up-to-date: /mpc/new/Elastic-Tracker/src/detection/install/target_ekf/share/ament_index/resource_index/packages/target_ekf
[23.382s] -- Up-to-date: /mpc/new/Elastic-Tracker/src/detection/install/target_ekf/share/target_ekf/cmake/target_ekfConfig.cmake
[23.382s] -- Up-to-date: /mpc/new/Elastic-Tracker/src/detection/install/target_ekf/share/target_ekf/cmake/target_ekfConfig-version.cmake
[23.382s] -- Up-to-date: /mpc/new/Elastic-Tracker/src/detection/install/target_ekf/share/target_ekf/package.xml
[23.384s] Invoked command in '/mpc/new/Elastic-Tracker/src/detection/build/target_ekf' returned '0': CMAKE_PREFIX_PATH=/mpc/new/Elastic-Tracker/src/detection/install/object_detection_msgs:/mpc/new/Elastic-Tracker/src/detection/install/target_ekf:/opt/ros/humble /usr/bin/cmake --install /mpc/new/Elastic-Tracker/src/detection/build/target_ekf
