[0.015s] Invoking command in '/mpc/new/Elastic-Tracker/src/detection/build/target_ekf': CMAKE_PREFIX_PATH=/mpc/new/Elastic-Tracker/src/detection/install/object_detection_msgs:/mpc/new/Elastic-Tracker/src/detection/install/target_ekf:/mpc/new/Elastic-Tracker/install/target_ekf:/mpc/new/Elastic-Tracker/install/mapping:/mpc/new/Elastic-Tracker/install/quadrotor_msgs:/mpc/new/Elastic-Tracker/install/object_detection_msgs:/mpc/new/Elastic-Tracker/install/decomp_ros_msgs:/mpc/new/Elastic-Tracker/install/decomp_geometry:/mpc/new/Elastic-Tracker/install/decomp_basis:/opt/ros/humble /usr/bin/cmake --build /mpc/new/Elastic-Tracker/src/detection/build/target_ekf -- -j12 -l12
[0.085s] [35m[1mConsolidate compiler generated dependencies of target target_ekf_sim_node[0m
[0.109s] [ 50%] Built target target_ekf_node
[0.120s] [ 75%] [32mBuilding CXX object CMakeFiles/target_ekf_sim_node.dir/src/target_ekf_sim_node.cpp.o[0m
[4.314s] [01m[K/mpc/new/Elastic-Tracker/src/detection/target_ekf/src/target_ekf_sim_node.cpp:271:2:[m[K [01;31m[Kerror: [m[Kexpected ‘[01m[K}[m[K’ at end of input
[4.314s]   271 | }
[4.314s]       |  [01;31m[K^[m[K
[4.316s] [01m[K/mpc/new/Elastic-Tracker/src/detection/target_ekf/src/target_ekf_sim_node.cpp:16:1:[m[K [01;36m[Knote: [m[Kto match this ‘[01m[K{[m[K’
[4.316s]    16 | [01;36m[K{[m[K
[4.316s]       | [01;36m[K^[m[K
[4.331s] [01m[K/mpc/new/Elastic-Tracker/src/detection/target_ekf/src/target_ekf_sim_node.cpp:[m[K In constructor ‘[01m[KTargetEkfSimNode::TargetEkfSimNode()[m[K’:
[4.331s] [01m[K/mpc/new/Elastic-Tracker/src/detection/target_ekf/src/target_ekf_sim_node.cpp:35:29:[m[K [01;31m[Kerror: [m[K‘[01m[Kfx_[m[K’ was not declared in this scope
[4.331s]    35 |     get_parameter("cam_fx", [01;31m[Kfx_[m[K);
[4.331s]       |                             [01;31m[K^~~[m[K
[4.338s] [01m[K/mpc/new/Elastic-Tracker/src/detection/target_ekf/src/target_ekf_sim_node.cpp:36:29:[m[K [01;31m[Kerror: [m[K‘[01m[Kfy_[m[K’ was not declared in this scope
[4.338s]    36 |     get_parameter("cam_fy", [01;31m[Kfy_[m[K);
[4.338s]       |                             [01;31m[K^~~[m[K
[4.345s] [01m[K/mpc/new/Elastic-Tracker/src/detection/target_ekf/src/target_ekf_sim_node.cpp:37:29:[m[K [01;31m[Kerror: [m[K‘[01m[Kcx_[m[K’ was not declared in this scope
[4.346s]    37 |     get_parameter("cam_cx", [01;31m[Kcx_[m[K);
[4.346s]       |                             [01;31m[K^~~[m[K
[4.353s] [01m[K/mpc/new/Elastic-Tracker/src/detection/target_ekf/src/target_ekf_sim_node.cpp:38:29:[m[K [01;31m[Kerror: [m[K‘[01m[Kcy_[m[K’ was not declared in this scope
[4.354s]    38 |     get_parameter("cam_cy", [01;31m[Kcy_[m[K);
[4.354s]       |                             [01;31m[K^~~[m[K
[4.362s] [01m[K/mpc/new/Elastic-Tracker/src/detection/target_ekf/src/target_ekf_sim_node.cpp:39:32:[m[K [01;31m[Kerror: [m[K‘[01m[Kwidth_[m[K’ was not declared in this scope
[4.362s]    39 |     get_parameter("cam_width", [01;31m[Kwidth_[m[K);
[4.362s]       |                                [01;31m[K^~~~~~[m[K
[4.372s] [01m[K/mpc/new/Elastic-Tracker/src/detection/target_ekf/src/target_ekf_sim_node.cpp:40:33:[m[K [01;31m[Kerror: [m[K‘[01m[Kheight_[m[K’ was not declared in this scope
[4.372s]    40 |     get_parameter("cam_height", [01;31m[Kheight_[m[K);
[4.372s]       |                                 [01;31m[K^~~~~~~[m[K
[4.383s] [01m[K/mpc/new/Elastic-Tracker/src/detection/target_ekf/src/target_ekf_sim_node.cpp:41:32:[m[K [01;31m[Kerror: [m[K‘[01m[Kpitch_thr_[m[K’ was not declared in this scope
[4.383s]    41 |     get_parameter("pitch_thr", [01;31m[Kpitch_thr_[m[K);
[4.383s]       |                                [01;31m[K^~~~~~~~~~[m[K
[4.393s] [01m[K/mpc/new/Elastic-Tracker/src/detection/target_ekf/src/target_ekf_sim_node.cpp:42:32:[m[K [01;31m[Kerror: [m[K‘[01m[Kcheck_fov_[m[K’ was not declared in this scope
[4.393s]    42 |     get_parameter("check_fov", [01;31m[Kcheck_fov_[m[K);
[4.394s]       |                                [01;31m[K^~~~~~~~~~[m[K
[4.404s] [01m[K/mpc/new/Elastic-Tracker/src/detection/target_ekf/src/target_ekf_sim_node.cpp:48:5:[m[K [01;31m[Kerror: [m[K‘[01m[Kcam2body_R_[m[K’ was not declared in this scope
[4.404s]    48 |     [01;31m[Kcam2body_R_[m[K = Eigen::Map<const Eigen::Matrix<double,3,3,Eigen::RowMajor>>(tmp.data());
[4.404s]       |     [01;31m[K^~~~~~~~~~~[m[K
[4.444s] [01m[K/mpc/new/Elastic-Tracker/src/detection/target_ekf/src/target_ekf_sim_node.cpp:50:5:[m[K [01;31m[Kerror: [m[K‘[01m[Kcam2body_p_[m[K’ was not declared in this scope
[4.444s]    50 |     [01;31m[Kcam2body_p_[m[K = Eigen::Map<const Eigen::Vector3d>(tmp.data());
[4.444s]       |     [01;31m[K^~~~~~~~~~~[m[K
[4.475s] [01m[K/mpc/new/Elastic-Tracker/src/detection/target_ekf/src/target_ekf_sim_node.cpp:58:5:[m[K [01;31m[Kerror: [m[K‘[01m[Ktarget_odom_pub_[m[K’ was not declared in this scope
[4.476s]    58 |     [01;31m[Ktarget_odom_pub_[m[K = create_publisher<nav_msgs::msg::Odometry>("target_odom", be_qos);
[4.476s]       |     [01;31m[K^~~~~~~~~~~~~~~~[m[K
[4.501s] [01m[K/mpc/new/Elastic-Tracker/src/detection/target_ekf/src/target_ekf_sim_node.cpp:59:5:[m[K [01;31m[Kerror: [m[K‘[01m[Kyolo_odom_pub_[m[K’ was not declared in this scope
[4.501s]    59 |     [01;31m[Kyolo_odom_pub_[m[K   = create_publisher<nav_msgs::msg::Odometry>("yolo_odom",   be_qos);
[4.501s]       |     [01;31m[K^~~~~~~~~~~~~~[m[K
[4.512s] [01m[K/mpc/new/Elastic-Tracker/src/detection/target_ekf/src/target_ekf_sim_node.cpp:66:5:[m[K [01;31m[Kerror: [m[K‘[01m[Kyolo_sub_[m[K’ was not declared in this scope
[4.512s]    66 |     [01;31m[Kyolo_sub_[m[K.subscribe(this, "target", rmw_qos_profile_sensor_data);
[4.512s]       |     [01;31m[K^~~~~~~~~[m[K
[4.521s] [01m[K/mpc/new/Elastic-Tracker/src/detection/target_ekf/src/target_ekf_sim_node.cpp:67:5:[m[K [01;31m[Kerror: [m[K‘[01m[Kodom_sub_[m[K’ was not declared in this scope
[4.521s]    67 |     [01;31m[Kodom_sub_[m[K.subscribe(this, "odometry",    rmw_qos_profile_sensor_data);
[4.521s]       |     [01;31m[K^~~~~~~~~[m[K
[4.528s] [01m[K/mpc/new/Elastic-Tracker/src/detection/target_ekf/src/target_ekf_sim_node.cpp:70:5:[m[K [01;31m[Kerror: [m[K‘[01m[Ksync_[m[K’ was not declared in this scope; did you mean ‘[01m[Ksync[m[K’?
[4.528s]    70 |     [01;31m[Ksync_[m[K.reset(new message_filters::Synchronizer<Policy>(
[4.528s]       |     [01;31m[K^~~~~[m[K
[4.528s]       |     [32m[Ksync[m[K
[4.655s] [01m[K/mpc/new/Elastic-Tracker/src/detection/target_ekf/src/target_ekf_sim_node.cpp:77:5:[m[K [01;31m[Kerror: [m[K‘[01m[KekfPtr_[m[K’ was not declared in this scope
[4.655s]    77 |     [01;31m[KekfPtr_[m[K = std::make_shared<Ekf>(1.0/ekf_rate);
[4.655s]       |     [01;31m[K^~~~~~~[m[K
[4.676s] [01m[K/mpc/new/Elastic-Tracker/src/detection/target_ekf/src/target_ekf_sim_node.cpp:78:5:[m[K [01;31m[Kerror: [m[K‘[01m[Klast_update_stamp_[m[K’ was not declared in this scope
[4.676s]    78 |     [01;31m[Klast_update_stamp_[m[K = now() - rclcpp::Duration::from_seconds(10.0);
[4.676s]       |     [01;31m[K^~~~~~~~~~~~~~~~~~[m[K
[4.682s] [01m[K/mpc/new/Elastic-Tracker/src/detection/target_ekf/src/target_ekf_sim_node.cpp:79:5:[m[K [01;31m[Kerror: [m[K‘[01m[Ktimer_[m[K’ was not declared in this scope; did you mean ‘[01m[Ktimer_t[m[K’?
[4.682s]    79 |     [01;31m[Ktimer_[m[K = create_wall_timer(
[4.682s]       |     [01;31m[K^~~~~~[m[K
[4.683s]       |     [32m[Ktimer_t[m[K
[4.717s] [01m[K/mpc/new/Elastic-Tracker/src/detection/target_ekf/src/target_ekf_sim_node.cpp:[m[K In member function ‘[01m[Kvoid TargetEkfSimNode::predict_state_callback()[m[K’:
[4.717s] [01m[K/mpc/new/Elastic-Tracker/src/detection/target_ekf/src/target_ekf_sim_node.cpp:90:5:[m[K [01;31m[Kerror: [m[K‘[01m[Klast_update_stamp_[m[K’ was not declared in this scope
[4.717s]    90 |     [01;31m[Klast_update_stamp_[m[K = now();
[4.718s]       |     [01;31m[K^~~~~~~~~~~~~~~~~~[m[K
[4.726s] [01m[K/mpc/new/Elastic-Tracker/src/detection/target_ekf/src/target_ekf_sim_node.cpp:93:7:[m[K [01;31m[Kerror: [m[K‘[01m[KekfPtr_[m[K’ was not declared in this scope
[4.727s]    93 |       [01;31m[KekfPtr_[m[K->predict();
[4.727s]       |       [01;31m[K^~~~~~~[m[K
[4.737s] [01m[K/mpc/new/Elastic-Tracker/src/detection/target_ekf/src/target_ekf_sim_node.cpp:101:32:[m[K [01;31m[Kerror: [m[K‘[01m[KekfPtr_[m[K’ was not declared in this scope
[4.737s]   101 |     msg.pose.pose.position.x = [01;31m[KekfPtr_[m[K->pos().x();
[4.737s]       |                                [01;31m[K^~~~~~~[m[K
[4.756s] [01m[K/mpc/new/Elastic-Tracker/src/detection/target_ekf/src/target_ekf_sim_node.cpp:113:5:[m[K [01;31m[Kerror: [m[K‘[01m[Ktarget_odom_pub_[m[K’ was not declared in this scope
[4.756s]   113 |     [01;31m[Ktarget_odom_pub_[m[K->publish(msg);
[4.756s]       |     [01;31m[K^~~~~~~~~~~~~~~~[m[K
[4.769s] [01m[K/mpc/new/Elastic-Tracker/src/detection/target_ekf/src/target_ekf_sim_node.cpp:[m[K In member function ‘[01m[Kvoid TargetEkfSimNode::update_state_callback(nav_msgs::msg::Odometry_<std::allocator<void> >::ConstSharedPtr, nav_msgs::msg::Odometry_<std::allocator<void> >::ConstSharedPtr)[m[K’:
[4.769s] [01m[K/mpc/new/Elastic-Tracker/src/detection/target_ekf/src/target_ekf_sim_node.cpp:121:5:[m[K [01;31m[Kerror: [m[K‘[01m[Kyolo_odom_pub_[m[K’ was not declared in this scope
[4.769s]   121 |     [01;31m[Kyolo_odom_pub_[m[K->publish(*target_msg);
[4.769s]       |     [01;31m[K^~~~~~~~~~~~~~[m[K
[4.779s] [01m[K/mpc/new/Elastic-Tracker/src/detection/target_ekf/src/target_ekf_sim_node.cpp:137:38:[m[K [01;31m[Kerror: [m[K‘[01m[Kcam2body_p_[m[K’ was not declared in this scope
[4.779s]   137 |     Eigen::Vector3d cam_p = odom_q * [01;31m[Kcam2body_p_[m[K + odom_p;
[4.779s]       |                                      [01;31m[K^~~~~~~~~~~[m[K
[4.788s] [01m[K/mpc/new/Elastic-Tracker/src/detection/target_ekf/src/target_ekf_sim_node.cpp:138:60:[m[K [01;31m[Kerror: [m[K‘[01m[Kcam2body_R_[m[K’ was not declared in this scope
[4.788s]   138 |     Eigen::Quaterniond cam_q = odom_q * Eigen::Quaterniond([01;31m[Kcam2body_R_[m[K);
[4.788s]       |                                                            [01;31m[K^~~~~~~~~~~[m[K
[4.814s] [01m[K/mpc/new/Elastic-Tracker/src/detection/target_ekf/src/target_ekf_sim_node.cpp:168:9:[m[K [01;31m[Kerror: [m[K‘[01m[Kcheck_fov_[m[K’ was not declared in this scope
[4.814s]   168 |     if ([01;31m[Kcheck_fov_[m[K) {
[4.815s]       |         [01;31m[K^~~~~~~~~~[m[K
[4.836s] [01m[K/mpc/new/Elastic-Tracker/src/detection/target_ekf/src/target_ekf_sim_node.cpp:171:30:[m[K [01;31m[Kerror: [m[K‘[01m[Kfx_[m[K’ was not declared in this scope
[4.836s]   171 |       double u = in_body.x()*[01;31m[Kfx_[m[K/in_body.z() + cx_;
[4.837s]       |                              [01;31m[K^~~[m[K
[4.844s] [01m[K/mpc/new/Elastic-Tracker/src/detection/target_ekf/src/target_ekf_sim_node.cpp:171:48:[m[K [01;31m[Kerror: [m[K‘[01m[Kcx_[m[K’ was not declared in this scope
[4.844s]   171 |       double u = in_body.x()*fx_/in_body.z() + [01;31m[Kcx_[m[K;
[4.844s]       |                                                [01;31m[K^~~[m[K
[4.851s] [01m[K/mpc/new/Elastic-Tracker/src/detection/target_ekf/src/target_ekf_sim_node.cpp:172:30:[m[K [01;31m[Kerror: [m[K‘[01m[Kfy_[m[K’ was not declared in this scope
[4.851s]   172 |       double v = in_body.y()*[01;31m[Kfy_[m[K/in_body.z() + cy_;
[4.851s]       |                              [01;31m[K^~~[m[K
[4.858s] [01m[K/mpc/new/Elastic-Tracker/src/detection/target_ekf/src/target_ekf_sim_node.cpp:172:48:[m[K [01;31m[Kerror: [m[K‘[01m[Kcy_[m[K’ was not declared in this scope
[4.858s]   172 |       double v = in_body.y()*fy_/in_body.z() + [01;31m[Kcy_[m[K;
[4.858s]       |                                                [01;31m[K^~~[m[K
[4.865s] [01m[K/mpc/new/Elastic-Tracker/src/detection/target_ekf/src/target_ekf_sim_node.cpp:173:24:[m[K [01;31m[Kerror: [m[K‘[01m[Kwidth_[m[K’ was not declared in this scope
[4.865s]   173 |       if (u < 0 || u > [01;31m[Kwidth_[m[K || v < 0 || v > height_) return;
[4.865s]       |                        [01;31m[K^~~~~~[m[K
[4.876s] [01m[K/mpc/new/Elastic-Tracker/src/detection/target_ekf/src/target_ekf_sim_node.cpp:173:47:[m[K [01;31m[Kerror: [m[K‘[01m[Kheight_[m[K’ was not declared in this scope
[4.876s]   173 |       if (u < 0 || u > width_ || v < 0 || v > [01;31m[Kheight_[m[K) return;
[4.876s]       |                                               [01;31m[K^~~~~~~[m[K
[4.893s] [01m[K/mpc/new/Elastic-Tracker/src/detection/target_ekf/src/target_ekf_sim_node.cpp:177:26:[m[K [01;31m[Kerror: [m[K‘[01m[Klast_update_stamp_[m[K’ was not declared in this scope
[4.893s]   177 |     double dt = (now() - [01;31m[Klast_update_stamp_[m[K).seconds();
[4.893s]       |                          [01;31m[K^~~~~~~~~~~~~~~~~~[m[K
[4.901s] [01m[K/mpc/new/Elastic-Tracker/src/detection/target_ekf/src/target_ekf_sim_node.cpp:179:7:[m[K [01;31m[Kerror: [m[K‘[01m[KekfPtr_[m[K’ was not declared in this scope
[4.901s]   179 |       [01;31m[KekfPtr_[m[K->reset(p_world, rpy);
[4.901s]       |       [01;31m[K^~~~~~~[m[K
[4.908s] [01m[K/mpc/new/Elastic-Tracker/src/detection/target_ekf/src/target_ekf_sim_node.cpp:181:17:[m[K [01;31m[Kerror: [m[K‘[01m[KekfPtr_[m[K’ was not declared in this scope
[4.909s]   181 |     } else if (![01;31m[KekfPtr_[m[K->update(p_world, rpy)) {
[4.909s]       |                 [01;31m[K^~~~~~~[m[K
[4.913s] [01m[K/mpc/new/Elastic-Tracker/src/detection/target_ekf/src/target_ekf_sim_node.cpp:[m[K At global scope:
[4.913s] [01m[K/mpc/new/Elastic-Tracker/src/detection/target_ekf/src/target_ekf_sim_node.cpp:271:2:[m[K [01;31m[Kerror: [m[Kexpected unqualified-id at end of input
[4.913s]   271 | }
[4.913s]       |  [01;31m[K^[m[K
[9.864s] gmake[2]: *** [CMakeFiles/target_ekf_sim_node.dir/build.make:76: CMakeFiles/target_ekf_sim_node.dir/src/target_ekf_sim_node.cpp.o] Error 1
[9.864s] gmake[1]: *** [CMakeFiles/Makefile2:165: CMakeFiles/target_ekf_sim_node.dir/all] Error 2
[9.865s] gmake: *** [Makefile:146: all] Error 2
[9.866s] Invoked command in '/mpc/new/Elastic-Tracker/src/detection/build/target_ekf' returned '2': CMAKE_PREFIX_PATH=/mpc/new/Elastic-Tracker/src/detection/install/object_detection_msgs:/mpc/new/Elastic-Tracker/src/detection/install/target_ekf:/mpc/new/Elastic-Tracker/install/target_ekf:/mpc/new/Elastic-Tracker/install/mapping:/mpc/new/Elastic-Tracker/install/quadrotor_msgs:/mpc/new/Elastic-Tracker/install/object_detection_msgs:/mpc/new/Elastic-Tracker/install/decomp_ros_msgs:/mpc/new/Elastic-Tracker/install/decomp_geometry:/mpc/new/Elastic-Tracker/install/decomp_basis:/opt/ros/humble /usr/bin/cmake --build /mpc/new/Elastic-Tracker/src/detection/build/target_ekf -- -j12 -l12
