In file included from [01m[K/mpc/new/Elastic-Tracker/src/planning/DecompROS/decomp_ros_utils/src/polyhedron_array_display.cpp:5[m[K:
[01m[K/mpc/new/Elastic-Tracker/src/planning/DecompROS/decomp_ros_utils/include/rviz_common/frame_manager.hpp:1:3:[m[K [01;31m[Kerror: [m[Kinvalid preprocessing directive #create
    1 | # [01;31m[Kcreate[m[K and edit:
      |   [01;31m[K^~~~~~[m[K
[01m[K/mpc/new/Elastic-Tracker/src/planning/DecompROS/decomp_ros_utils/include/rviz_common/frame_manager.hpp:2:8:[m[K [01;35m[Kwarning: [m[Kmulti-character character constant [[01;35m[K]8;;https://gcc.gnu.org/onlinedocs/gcc/Warning-Options.html#index-Wmultichar-Wmultichar]8;;[m[K]
    2 | cat << [01;35m[K'EOF'[m[K > include/rviz_common/frame_manager.hpp
      |        [01;35m[K^~~~~[m[K
In file included from [01m[K/mpc/new/Elastic-Tracker/src/planning/DecompROS/decomp_ros_utils/src/ellipsoid_array_display.cpp:10[m[K:
[01m[K/mpc/new/Elastic-Tracker/src/planning/DecompROS/decomp_ros_utils/include/rviz_common/frame_manager.hpp:1:3:[m[K [01;31m[Kerror: [m[Kinvalid preprocessing directive #create
    1 | # [01;31m[Kcreate[m[K and edit:
      |   [01;31m[K^~~~~~[m[K
[01m[K/mpc/new/Elastic-Tracker/src/planning/DecompROS/decomp_ros_utils/include/rviz_common/frame_manager.hpp:2:8:[m[K [01;35m[Kwarning: [m[Kmulti-character character constant [[01;35m[K]8;;https://gcc.gnu.org/onlinedocs/gcc/Warning-Options.html#index-Wmultichar-Wmultichar]8;;[m[K]
    2 | cat << [01;35m[K'EOF'[m[K > include/rviz_common/frame_manager.hpp
      |        [01;35m[K^~~~~[m[K
In file included from [01m[K/mpc/new/Elastic-Tracker/src/planning/DecompROS/decomp_ros_utils/src/mesh_visual.cpp:1[m[K:
[01m[K/mpc/new/Elastic-Tracker/src/planning/DecompROS/decomp_ros_utils/include/decomp_rviz_plugins/mesh_visual.hpp:38:35:[m[K [01;31m[Kerror: [m[K‘[01m[KMeshShape[m[K’ is not a member of ‘[01m[Krviz_rendering[m[K’; did you mean ‘[01m[Krviz_rendering::objects::MeshShape[m[K’?
   38 |   std::unique_ptr<rviz_rendering::[01;31m[KMeshShape[m[K> obj_;
      |                                   [01;31m[K^~~~~~~~~[m[K
In file included from [01m[K/mpc/new/Elastic-Tracker/src/planning/DecompROS/decomp_ros_utils/include/decomp_rviz_plugins/mesh_visual.hpp:10[m[K,
                 from [01m[K/mpc/new/Elastic-Tracker/src/planning/DecompROS/decomp_ros_utils/src/mesh_visual.cpp:1[m[K:
[01m[K/mpc/new/Elastic-Tracker/src/planning/DecompROS/decomp_ros_utils/include/rviz_rendering/objects/mesh_shape.hpp:16:7:[m[K [01;36m[Knote: [m[K‘[01m[Krviz_rendering::objects::MeshShape[m[K’ declared here
   16 | class [01;36m[KMeshShape[m[K
      |       [01;36m[K^~~~~~~~~[m[K
In file included from [01m[K/mpc/new/Elastic-Tracker/src/planning/DecompROS/decomp_ros_utils/src/mesh_visual.cpp:1[m[K:
[01m[K/mpc/new/Elastic-Tracker/src/planning/DecompROS/decomp_ros_utils/include/decomp_rviz_plugins/mesh_visual.hpp:38:44:[m[K [01;31m[Kerror: [m[Ktemplate argument 1 is invalid
   38 |   std::unique_ptr<rviz_rendering::MeshShape[01;31m[K>[m[K obj_;
      |                                            [01;31m[K^[m[K
[01m[K/mpc/new/Elastic-Tracker/src/planning/DecompROS/decomp_ros_utils/include/decomp_rviz_plugins/mesh_visual.hpp:38:44:[m[K [01;31m[Kerror: [m[Ktemplate argument 2 is invalid
[01m[K/mpc/new/Elastic-Tracker/src/planning/DecompROS/decomp_ros_utils/src/mesh_visual.cpp:[m[K In constructor ‘[01m[Kdecomp_rviz_plugins::MeshVisual::MeshVisual(Ogre::SceneManager*, Ogre::SceneNode*)[m[K’:
[01m[K/mpc/new/Elastic-Tracker/src/planning/DecompROS/decomp_ros_utils/src/mesh_visual.cpp:14:8:[m[K [01;31m[Kerror: [m[Krequest for member ‘[01m[Kreset[m[K’ in ‘[01m[K((decomp_rviz_plugins::MeshVisual*)this)->decomp_rviz_plugins::MeshVisual::obj_[m[K’, which is of non-class type ‘[01m[Kint[m[K’
   14 |   obj_.[01;31m[Kreset[m[K(new rviz_rendering::objects::MeshShape(scene_manager_, frame_node_));
      |        [01;31m[K^~~~~[m[K
[01m[K/mpc/new/Elastic-Tracker/src/planning/DecompROS/decomp_ros_utils/src/mesh_visual.cpp:[m[K In member function ‘[01m[Kvoid decomp_rviz_plugins::MeshVisual::setMessage(vec_E<std::vector<Eigen::Matrix<double, 3, 1>, Eigen::aligned_allocator<Eigen::Matrix<double, 3, 1> > > >&)[m[K’:
[01m[K/mpc/new/Elastic-Tracker/src/planning/DecompROS/decomp_ros_utils/src/mesh_visual.cpp:24:7:[m[K [01;31m[Kerror: [m[Kbase operand of ‘[01m[K->[m[K’ is not a pointer
   24 |   obj_[01;31m[K->[m[Kclear();
      |       [01;31m[K^~[m[K
[01m[K/mpc/new/Elastic-Tracker/src/planning/DecompROS/decomp_ros_utils/src/mesh_visual.cpp:30:7:[m[K [01;31m[Kerror: [m[Kbase operand of ‘[01m[K->[m[K’ is not a pointer
   30 |   obj_[01;31m[K->[m[KbeginTriangles();
      |       [01;31m[K^~[m[K
[01m[K/mpc/new/Elastic-Tracker/src/planning/DecompROS/decomp_ros_utils/src/mesh_visual.cpp:56:11:[m[K [01;31m[Kerror: [m[Kbase operand of ‘[01m[K->[m[K’ is not a pointer
   56 |       obj_[01;31m[K->[m[KaddVertex(v, normal);
      |           [01;31m[K^~[m[K
[01m[K/mpc/new/Elastic-Tracker/src/planning/DecompROS/decomp_ros_utils/src/mesh_visual.cpp:60:13:[m[K [01;31m[Kerror: [m[Kbase operand of ‘[01m[K->[m[K’ is not a pointer
   60 |         obj_[01;31m[K->[m[KaddTriangle(start_index, vertex_index - 1, vertex_index);
      |             [01;31m[K^~[m[K
[01m[K/mpc/new/Elastic-Tracker/src/planning/DecompROS/decomp_ros_utils/src/mesh_visual.cpp:65:7:[m[K [01;31m[Kerror: [m[Kbase operand of ‘[01m[K->[m[K’ is not a pointer
   65 |   obj_[01;31m[K->[m[KendTriangles();
      |       [01;31m[K^~[m[K
[01m[K/mpc/new/Elastic-Tracker/src/planning/DecompROS/decomp_ros_utils/src/mesh_visual.cpp:[m[K In member function ‘[01m[Kvoid decomp_rviz_plugins::MeshVisual::setColor(float, float, float, float)[m[K’:
[01m[K/mpc/new/Elastic-Tracker/src/planning/DecompROS/decomp_ros_utils/src/mesh_visual.cpp:80:7:[m[K [01;31m[Kerror: [m[Kbase operand of ‘[01m[K->[m[K’ is not a pointer
   80 |   obj_[01;31m[K->[m[KsetColor(r, g, b, a);
      |       [01;31m[K^~[m[K
gmake[2]: *** [CMakeFiles/decomp_rviz_plugins.dir/build.make:90: CMakeFiles/decomp_rviz_plugins.dir/src/mesh_visual.cpp.o] Error 1
gmake[2]: *** Waiting for unfinished jobs....
[01m[K/mpc/new/Elastic-Tracker/src/planning/DecompROS/decomp_ros_utils/src/objects/mesh_shape.cpp:[m[K In constructor ‘[01m[Krviz_rendering::objects::MeshShape::MeshShape(Ogre::SceneManager*, Ogre::SceneNode*)[m[K’:
[01m[K/mpc/new/Elastic-Tracker/src/planning/DecompROS/decomp_ros_utils/src/objects/mesh_shape.cpp:13:47:[m[K [01;31m[Kerror: [m[Kno matching function for call to ‘[01m[KOgre::ManualObject::ManualObject()[m[K’
   13 |   manual_object_.reset(new Ogre::ManualObject([01;31m[K)[m[K);
      |                                               [01;31m[K^[m[K
In file included from [01m[K/mpc/new/Elastic-Tracker/src/planning/DecompROS/decomp_ros_utils/include/rviz_rendering/objects/mesh_shape.hpp:7[m[K,
                 from [01m[K/mpc/new/Elastic-Tracker/src/planning/DecompROS/decomp_ros_utils/src/objects/mesh_shape.cpp:3[m[K:
[01m[K/usr/include/OGRE/OgreManualObject.h:109:17:[m[K [01;36m[Knote: [m[Kcandidate: ‘[01m[KOgre::ManualObject::ManualObject(const String&)[m[K’
  109 |                 [01;36m[KManualObject[m[K(const String& name);
      |                 [01;36m[K^~~~~~~~~~~~[m[K
[01m[K/usr/include/OGRE/OgreManualObject.h:109:17:[m[K [01;36m[Knote: [m[K  candidate expects 1 argument, 0 provided
[01m[K/usr/include/OGRE/OgreManualObject.h:106:27:[m[K [01;36m[Knote: [m[Kcandidate: ‘[01m[KOgre::ManualObject::ManualObject(const Ogre::ManualObject&)[m[K’
  106 |         class _OgreExport [01;36m[KManualObject[m[K : public MovableObject
      |                           [01;36m[K^~~~~~~~~~~~[m[K
[01m[K/usr/include/OGRE/OgreManualObject.h:106:27:[m[K [01;36m[Knote: [m[K  candidate expects 1 argument, 0 provided
[01m[K/mpc/new/Elastic-Tracker/src/planning/DecompROS/decomp_ros_utils/src/objects/mesh_shape.cpp:16:20:[m[K [01;31m[Kerror: [m[Kinvalid use of incomplete type ‘[01m[Kclass Ogre::SceneManager[m[K’
   16 |     : scene_manager[01;31m[K->[m[KgetRootSceneNode()->createChildSceneNode();
      |                    [01;31m[K^~[m[K
In file included from [01m[K/usr/include/OGRE/OgreSceneNode.h:31[m[K,
                 from [01m[K/mpc/new/Elastic-Tracker/src/planning/DecompROS/decomp_ros_utils/include/rviz_rendering/objects/mesh_shape.hpp:6[m[K,
                 from [01m[K/mpc/new/Elastic-Tracker/src/planning/DecompROS/decomp_ros_utils/src/objects/mesh_shape.cpp:3[m[K:
[01m[K/usr/include/OGRE/OgrePrerequisites.h:254:11:[m[K [01;36m[Knote: [m[Kforward declaration of ‘[01m[Kclass Ogre::SceneManager[m[K’
  254 |     class [01;36m[KSceneManager[m[K;
      |           [01;36m[K^~~~~~~~~~~~[m[K
gmake[2]: *** [CMakeFiles/decomp_rviz_plugins.dir/build.make:160: CMakeFiles/decomp_rviz_plugins.dir/src/objects/mesh_shape.cpp.o] Error 1
In file included from [01m[K/mpc/new/Elastic-Tracker/src/planning/DecompROS/decomp_ros_utils/src/polyhedron_array_display.cpp:1[m[K:
[01m[K/mpc/new/Elastic-Tracker/src/planning/DecompROS/decomp_ros_utils/include/decomp_rviz_plugins/polyhedron_array_display.hpp:14:24:[m[K [01;31m[Kerror: [m[Kusing typedef-name ‘[01m[KOgre::Vector3[m[K’ after ‘[01m[Kclass[m[K’
   14 | namespace Ogre { class [01;31m[KVector3[m[K; class Quaternion; }
      |                        [01;31m[K^~~~~~~[m[K
In file included from [01m[K/opt/ros/humble/opt/rviz_ogre_vendor/include/OGRE/OgreSceneNode.h:36[m[K,
                 from [01m[K/opt/ros/humble/include/rviz_common/rviz_common/ros_topic_display.hpp:39[m[K,
                 from [01m[K/opt/ros/humble/include/rviz_common/rviz_common/message_filter_display.hpp:38[m[K,
                 from [01m[K/mpc/new/Elastic-Tracker/src/planning/DecompROS/decomp_ros_utils/include/decomp_rviz_plugins/polyhedron_array_display.hpp:7[m[K,
                 from [01m[K/mpc/new/Elastic-Tracker/src/planning/DecompROS/decomp_ros_utils/src/polyhedron_array_display.cpp:1[m[K:
[01m[K/opt/ros/humble/opt/rviz_ogre_vendor/include/OGRE/OgrePrerequisites.h:259:29:[m[K [01;36m[Knote: [m[K‘[01m[KOgre::Vector3[m[K’ has a previous declaration here
  259 |     typedef Vector<3, Real> [01;36m[KVector3[m[K;
      |                             [01;36m[K^~~~~~~[m[K
In file included from [01m[K/mpc/new/Elastic-Tracker/src/planning/DecompROS/decomp_ros_utils/src/polyhedron_array_display.cpp:1[m[K:
[01m[K/mpc/new/Elastic-Tracker/src/planning/DecompROS/decomp_ros_utils/include/decomp_rviz_plugins/polyhedron_array_display.hpp:50:19:[m[K [01;31m[Kerror: [m[K‘[01m[KMeshVisual[m[K’ was not declared in this scope
   50 |   std::shared_ptr<[01;31m[KMeshVisual[m[K>   visual_mesh_;
      |                   [01;31m[K^~~~~~~~~~[m[K
[01m[K/mpc/new/Elastic-Tracker/src/planning/DecompROS/decomp_ros_utils/include/decomp_rviz_plugins/polyhedron_array_display.hpp:50:29:[m[K [01;31m[Kerror: [m[Ktemplate argument 1 is invalid
   50 |   std::shared_ptr<MeshVisual[01;31m[K>[m[K   visual_mesh_;
      |                             [01;31m[K^[m[K
[01m[K/mpc/new/Elastic-Tracker/src/planning/DecompROS/decomp_ros_utils/include/decomp_rviz_plugins/polyhedron_array_display.hpp:51:19:[m[K [01;31m[Kerror: [m[K‘[01m[KBoundVisual[m[K’ was not declared in this scope
   51 |   std::shared_ptr<[01;31m[KBoundVisual[m[K>  visual_bound_;
      |                   [01;31m[K^~~~~~~~~~~[m[K
[01m[K/mpc/new/Elastic-Tracker/src/planning/DecompROS/decomp_ros_utils/include/decomp_rviz_plugins/polyhedron_array_display.hpp:51:30:[m[K [01;31m[Kerror: [m[Ktemplate argument 1 is invalid
   51 |   std::shared_ptr<BoundVisual[01;31m[K>[m[K  visual_bound_;
      |                              [01;31m[K^[m[K
[01m[K/mpc/new/Elastic-Tracker/src/planning/DecompROS/decomp_ros_utils/include/decomp_rviz_plugins/polyhedron_array_display.hpp:52:19:[m[K [01;31m[Kerror: [m[K‘[01m[KVectorVisual[m[K’ was not declared in this scope
   52 |   std::shared_ptr<[01;31m[KVectorVisual[m[K> visual_vector_;
      |                   [01;31m[K^~~~~~~~~~~~[m[K
[01m[K/mpc/new/Elastic-Tracker/src/planning/DecompROS/decomp_ros_utils/include/decomp_rviz_plugins/polyhedron_array_display.hpp:52:31:[m[K [01;31m[Kerror: [m[Ktemplate argument 1 is invalid
   52 |   std::shared_ptr<VectorVisual[01;31m[K>[m[K visual_vector_;
      |                               [01;31m[K^[m[K
[01m[K/mpc/new/Elastic-Tracker/src/planning/DecompROS/decomp_ros_utils/include/decomp_rviz_plugins/polyhedron_array_display.hpp:68:3:[m[K [01;31m[Kerror: [m[K‘[01m[Kvec_E[m[K’ does not name a type
   68 |   [01;31m[Kvec_E[m[K<vec_Vec3f> vertices_;
      |   [01;31m[K^~~~~[m[K
[01m[K/mpc/new/Elastic-Tracker/src/planning/DecompROS/decomp_ros_utils/include/decomp_rviz_plugins/polyhedron_array_display.hpp:69:3:[m[K [01;31m[Kerror: [m[K‘[01m[Kvec_E[m[K’ does not name a type
   69 |   [01;31m[Kvec_E[m[K<std::pair<Vec3f, Vec3f>> vs_;
      |   [01;31m[K^~~~~[m[K
In file included from [01m[K/mpc/new/Elastic-Tracker/src/planning/DecompROS/decomp_ros_utils/src/polyhedron_array_display.cpp:2[m[K:
[01m[K/mpc/new/Elastic-Tracker/src/planning/DecompROS/decomp_ros_utils/include/decomp_rviz_plugins/mesh_visual.hpp:38:35:[m[K [01;31m[Kerror: [m[K‘[01m[KMeshShape[m[K’ is not a member of ‘[01m[Krviz_rendering[m[K’; did you mean ‘[01m[Krviz_rendering::objects::MeshShape[m[K’?
   38 |   std::unique_ptr<rviz_rendering::[01;31m[KMeshShape[m[K> obj_;
      |                                   [01;31m[K^~~~~~~~~[m[K
In file included from [01m[K/mpc/new/Elastic-Tracker/src/planning/DecompROS/decomp_ros_utils/include/decomp_rviz_plugins/mesh_visual.hpp:10[m[K,
                 from [01m[K/mpc/new/Elastic-Tracker/src/planning/DecompROS/decomp_ros_utils/src/polyhedron_array_display.cpp:2[m[K:
[01m[K/mpc/new/Elastic-Tracker/src/planning/DecompROS/decomp_ros_utils/include/rviz_rendering/objects/mesh_shape.hpp:16:7:[m[K [01;36m[Knote: [m[K‘[01m[Krviz_rendering::objects::MeshShape[m[K’ declared here
   16 | class [01;36m[KMeshShape[m[K
      |       [01;36m[K^~~~~~~~~[m[K
In file included from [01m[K/mpc/new/Elastic-Tracker/src/planning/DecompROS/decomp_ros_utils/src/polyhedron_array_display.cpp:2[m[K:
[01m[K/mpc/new/Elastic-Tracker/src/planning/DecompROS/decomp_ros_utils/include/decomp_rviz_plugins/mesh_visual.hpp:38:44:[m[K [01;31m[Kerror: [m[Ktemplate argument 1 is invalid
   38 |   std::unique_ptr<rviz_rendering::MeshShape[01;31m[K>[m[K obj_;
      |                                            [01;31m[K^[m[K
[01m[K/mpc/new/Elastic-Tracker/src/planning/DecompROS/decomp_ros_utils/include/decomp_rviz_plugins/mesh_visual.hpp:38:44:[m[K [01;31m[Kerror: [m[Ktemplate argument 2 is invalid
In file included from [01m[K/mpc/new/Elastic-Tracker/src/planning/DecompROS/decomp_ros_utils/src/polyhedron_array_display.cpp:4[m[K:
[01m[K/mpc/new/Elastic-Tracker/src/planning/DecompROS/decomp_ros_utils/include/decomp_rviz_plugins/vector_visual.hpp:14:7:[m[K [01;31m[Kerror: [m[Kconflicting declaration ‘[01m[Kusing Vec3f = Eigen::Vector3f[m[K’
   14 | using [01;31m[KVec3f[m[K = Eigen::Vector3f;
      |       [01;31m[K^~~~~[m[K
In file included from [01m[K/mpc/new/Elastic-Tracker/install/decomp_geometry/include/decomp_geometry/polyhedron.h:9[m[K,
                 from [01m[K/mpc/new/Elastic-Tracker/src/planning/DecompROS/decomp_ros_utils/include/decomp_rviz_plugins/mesh_visual.hpp:12[m[K,
                 from [01m[K/mpc/new/Elastic-Tracker/src/planning/DecompROS/decomp_ros_utils/src/polyhedron_array_display.cpp:2[m[K:
[01m[K/mpc/new/Elastic-Tracker/install/decomp_basis/include/decomp_basis/data_type.h:79:17:[m[K [01;36m[Knote: [m[Kprevious declaration as ‘[01m[Ktypedef Vecf<3> Vec3f[m[K’
   79 | typedef Vecf<3> [01;36m[KVec3f[m[K;
      |                 [01;36m[K^~~~~[m[K
In file included from [01m[K/mpc/new/Elastic-Tracker/src/planning/DecompROS/decomp_ros_utils/src/polyhedron_array_display.cpp:5[m[K:
[01m[K/mpc/new/Elastic-Tracker/src/planning/DecompROS/decomp_ros_utils/include/rviz_common/frame_manager.hpp:2:1:[m[K [01;31m[Kerror: [m[K‘[01m[Kcat[m[K’ does not name a type
    2 | [01;31m[Kcat[m[K << 'EOF' > include/rviz_common/frame_manager.hpp
      | [01;31m[K^~~[m[K
In file included from [01m[K/usr/include/c++/11/cstdio:42[m[K,
                 from [01m[K/usr/include/c++/11/ext/string_conversions.h:43[m[K,
                 from [01m[K/usr/include/c++/11/bits/basic_string.h:6608[m[K,
                 from [01m[K/usr/include/c++/11/string:55[m[K,
                 from [01m[K/usr/include/c++/11/stdexcept:39[m[K,
                 from [01m[K/opt/ros/humble/include/message_filters/message_filters/subscriber.h:38[m[K,
                 from [01m[K/opt/ros/humble/include/rviz_common/rviz_common/message_filter_display.hpp:33[m[K,
                 from [01m[K/mpc/new/Elastic-Tracker/src/planning/DecompROS/decomp_ros_utils/include/decomp_rviz_plugins/polyhedron_array_display.hpp:7[m[K,
                 from [01m[K/mpc/new/Elastic-Tracker/src/planning/DecompROS/decomp_ros_utils/src/polyhedron_array_display.cpp:1[m[K:
[01m[K/mpc/new/Elastic-Tracker/src/planning/DecompROS/decomp_ros_utils/include/rviz_common/frame_manager.hpp:38:1:[m[K [01;31m[Kerror: [m[Kexpected unqualified-id before ‘[01m[K-[m[K’ token
   38 | [01;31m[KEOF[m[K
      | [01;31m[K^~~[m[K
[01m[K/mpc/new/Elastic-Tracker/src/planning/DecompROS/decomp_ros_utils/include/rviz_common/frame_manager.hpp:38:1:[m[K [01;31m[Kerror: [m[Kexpected ‘[01m[K)[m[K’ before ‘[01m[K-[m[K’ token
   38 | [01;31m[KEOF[m[K
      | [01;31m[K^~~[m[K
[01m[K/mpc/new/Elastic-Tracker/src/planning/DecompROS/decomp_ros_utils/include/rviz_common/frame_manager.hpp:2:1:[m[K [01;31m[Kerror: [m[K‘[01m[Kcat[m[K’ does not name a type
    2 | [01;31m[Kcat[m[K << 'EOF' > include/rviz_common/frame_manager.hpp
      | [01;31m[K^~~[m[K
In file included from [01m[K/usr/include/c++/11/cstdio:42[m[K,
                 from [01m[K/usr/include/c++/11/ext/string_conversions.h:43[m[K,
                 from [01m[K/usr/include/c++/11/bits/basic_string.h:6608[m[K,
                 from [01m[K/usr/include/c++/11/string:55[m[K,
                 from [01m[K/usr/include/c++/11/stdexcept:39[m[K,
                 from [01m[K/opt/ros/humble/include/message_filters/message_filters/subscriber.h:38[m[K,
                 from [01m[K/opt/ros/humble/include/rviz_common/rviz_common/message_filter_display.hpp:33[m[K,
                 from [01m[K/mpc/new/Elastic-Tracker/src/planning/DecompROS/decomp_ros_utils/include/decomp_rviz_plugins/ellipsoid_array_display.hpp:6[m[K,
                 from [01m[K/mpc/new/Elastic-Tracker/src/planning/DecompROS/decomp_ros_utils/src/ellipsoid_array_display.cpp:1[m[K:
[01m[K/mpc/new/Elastic-Tracker/src/planning/DecompROS/decomp_ros_utils/include/rviz_common/frame_manager.hpp:38:1:[m[K [01;31m[Kerror: [m[Kexpected unqualified-id before ‘[01m[K-[m[K’ token
   38 | [01;31m[KEOF[m[K
      | [01;31m[K^~~[m[K
[01m[K/mpc/new/Elastic-Tracker/src/planning/DecompROS/decomp_ros_utils/include/rviz_common/frame_manager.hpp:38:1:[m[K [01;31m[Kerror: [m[Kexpected ‘[01m[K)[m[K’ before ‘[01m[K-[m[K’ token
   38 | [01;31m[KEOF[m[K
      | [01;31m[K^~~[m[K
gmake[2]: *** [CMakeFiles/decomp_rviz_plugins.dir/build.make:146: CMakeFiles/decomp_rviz_plugins.dir/src/polyhedron_array_display.cpp.o] Error 1
gmake[2]: *** [CMakeFiles/decomp_rviz_plugins.dir/build.make:132: CMakeFiles/decomp_rviz_plugins.dir/src/ellipsoid_array_display.cpp.o] Error 1
gmake[1]: *** [CMakeFiles/Makefile2:137: CMakeFiles/decomp_rviz_plugins.dir/all] Error 2
gmake: *** [Makefile:146: all] Error 2
