[0.011s] Invoking command in '/mpc/new/Elastic-Tracker/build/decomp_ros_utils': CMAKE_PREFIX_PATH=/mpc/new/Elastic-Tracker/install/decomp_ros_msgs:/mpc/new/Elastic-Tracker/install/target_ekf:/mpc/new/Elastic-Tracker/install/mapping:/mpc/new/Elastic-Tracker/install/quadrotor_msgs:/mpc/new/Elastic-Tracker/install/object_detection_msgs:/mpc/new/Elastic-Tracker/install/decomp_geometry:/mpc/new/Elastic-Tracker/install/decomp_basis:/opt/ros/humble LD_LIBRARY_PATH=/mpc/new/Elastic-Tracker/install/decomp_ros_msgs/lib:/mpc/new/Elastic-Tracker/install/mapping/lib:/mpc/new/Elastic-Tracker/install/quadrotor_msgs/lib:/mpc/new/Elastic-Tracker/install/object_detection_msgs/lib:/opt/ros/humble/opt/rviz_ogre_vendor/lib:/opt/ros/humble/lib/x86_64-linux-gnu:/opt/ros/humble/lib:/usr/lib:/new/px4-offboard_ws/src/acados/lib:/mpc/new/acados/lib /usr/bin/cmake /mpc/new/Elastic-Tracker/src/planning/DecompROS/decomp_ros_utils -DCMAKE_INSTALL_PREFIX=/mpc/new/Elastic-Tracker/install/decomp_ros_utils
[0.057s] -- The C compiler identification is GNU 11.4.0
[0.101s] -- The CXX compiler identification is GNU 11.4.0
[0.107s] -- Detecting C compiler ABI info
[0.164s] -- Detecting C compiler ABI info - done
[0.172s] -- Check for working C compiler: /usr/bin/cc - skipped
[0.172s] -- Detecting C compile features
[0.173s] -- Detecting C compile features - done
[0.176s] -- Detecting CXX compiler ABI info
[0.245s] -- Detecting CXX compiler ABI info - done
[0.253s] -- Check for working CXX compiler: /usr/bin/c++ - skipped
[0.253s] -- Detecting CXX compile features
[0.253s] -- Detecting CXX compile features - done
[0.257s] -- Found ament_cmake: 1.3.11 (/opt/ros/humble/share/ament_cmake/cmake)
[0.430s] -- Found Python3: /usr/bin/python3 (found version "3.10.12") found components: Interpreter 
[0.532s] -- Found rclcpp: 16.0.11 (/opt/ros/humble/share/rclcpp/cmake)
[0.584s] -- Found rosidl_generator_c: 3.1.6 (/opt/ros/humble/share/rosidl_generator_c/cmake)
[0.591s] -- Found rosidl_adapter: 3.1.6 (/opt/ros/humble/share/rosidl_adapter/cmake)
[0.601s] -- Found rosidl_generator_cpp: 3.1.6 (/opt/ros/humble/share/rosidl_generator_cpp/cmake)
[0.616s] -- Using all available rosidl_typesupport_c: rosidl_typesupport_fastrtps_c;rosidl_typesupport_introspection_c
[0.637s] -- Using all available rosidl_typesupport_cpp: rosidl_typesupport_fastrtps_cpp;rosidl_typesupport_introspection_cpp
[0.695s] -- Found rmw_implementation_cmake: 6.1.2 (/opt/ros/humble/share/rmw_implementation_cmake/cmake)
[0.698s] -- Found rmw_cyclonedds_cpp: 1.3.4 (/opt/ros/humble/share/rmw_cyclonedds_cpp/cmake)
[0.726s] -- Using RMW implementation 'rmw_cyclonedds_cpp' as default
[0.738s] -- Looking for pthread.h
[0.800s] -- Looking for pthread.h - found
[0.800s] -- Performing Test CMAKE_HAVE_LIBC_PTHREAD
[0.867s] -- Performing Test CMAKE_HAVE_LIBC_PTHREAD - Success
[0.868s] -- Found Threads: TRUE  
[0.935s] -- Found pluginlib: 5.1.0 (/opt/ros/humble/share/pluginlib/cmake)
[0.975s] -- Found rviz_common: 11.2.14 (/opt/ros/humble/share/rviz_common/cmake)
[0.996s] -- Setting assimp_DIR to: '/opt/ros/humble/share/rviz_assimp_vendor/cmake/../../../opt/rviz_assimp_vendor/lib/cmake/assimp-4.1'
[1.009s] -- Setting OGRE_DIR to: '/opt/ros/humble/share/rviz_ogre_vendor/cmake/../../../opt/rviz_ogre_vendor/lib/OGRE/cmake'
[1.010s] -- Found OGRE
[1.010s] --   static     : OFF
[1.010s] --   components : HLMS;MeshLodGenerator;Overlay;Paging;Property;RTShaderSystem;Terrain;Volume
[1.010s] --   plugins    : Plugin_BSPSceneManager;Plugin_OctreeSceneManager;Plugin_PCZSceneManager;Plugin_ParticleFX;RenderSystem_GL;RenderSystem_GL3Plus;Codec_STBI
[1.010s] --   media      : /opt/ros/humble/opt/rviz_ogre_vendor/share/OGRE/Media
[1.010s] -- OGRE_LIBRARIES: OgreHLMS;OgreMeshLodGenerator;OgreOverlay;OgrePaging;OgreProperty;OgreRTShaderSystem;OgreTerrain;OgreVolume;OgreMain
[1.010s] -- OGRE_LIBRARY_DIRS: /opt/ros/humble/opt/rviz_ogre_vendor/lib
[1.011s] -- OGRE_PLUGINS: Plugin_BSPSceneManager;Plugin_OctreeSceneManager;Plugin_PCZSceneManager;Plugin_ParticleFX;RenderSystem_GL;RenderSystem_GL3Plus;Codec_STBI
[1.011s] -- OGRE_PLUGIN_DIR: /opt/ros/humble/opt/rviz_ogre_vendor/lib/OGRE
[1.011s] -- rviz_ogre_vendor::OgreOverlay for IMPORTED_LOCATION_RELEASE: /opt/ros/humble/opt/rviz_ogre_vendor/lib/libOgreOverlay.so
[1.011s] -- rviz_ogre_vendor::OgreOverlay for IMPORTED_LOCATION_DEBUG: /opt/ros/humble/opt/rviz_ogre_vendor/lib/libOgreOverlay.so
[1.011s] -- rviz_ogre_vendor::OgreMain for IMPORTED_LOCATION_RELEASE: /opt/ros/humble/opt/rviz_ogre_vendor/lib/libOgreMain.so
[1.011s] -- rviz_ogre_vendor::OgreMain for IMPORTED_LOCATION_DEBUG: /opt/ros/humble/opt/rviz_ogre_vendor/lib/libOgreMain.so
[1.030s] -- Found ZLIB: /usr/lib/x86_64-linux-gnu/libz.so (found version "1.2.11") 
[1.034s] -- Found OpenGL: /usr/lib/x86_64-linux-gnu/libOpenGL.so   
[1.101s] -- Found X11: /usr/include   
[1.101s] -- Looking for XOpenDisplay in /usr/lib/x86_64-linux-gnu/libX11.so;/usr/lib/x86_64-linux-gnu/libXext.so
[1.164s] -- Looking for XOpenDisplay in /usr/lib/x86_64-linux-gnu/libX11.so;/usr/lib/x86_64-linux-gnu/libXext.so - found
[1.164s] -- Looking for gethostbyname
[1.223s] -- Looking for gethostbyname - found
[1.223s] -- Looking for connect
[1.284s] -- Looking for connect - found
[1.284s] -- Looking for remove
[1.344s] -- Looking for remove - found
[1.344s] -- Looking for shmat
[1.405s] -- Looking for shmat - found
[1.405s] -- Looking for IceConnectionNumber in ICE
[1.467s] -- Looking for IceConnectionNumber in ICE - found
[1.548s] -- library: /usr/lib/x86_64-linux-gnu/libcurl.so
[1.607s] -- Found Eigen3: TRUE (found version "3.4.0") 
[1.607s] -- Ensuring Eigen3 include directory is part of orocos-kdl CMake target
[1.749s] -- Found decomp_ros_msgs: 0.0.0 (/mpc/new/Elastic-Tracker/install/decomp_ros_msgs/share/decomp_ros_msgs/cmake)
[1.776s] -- Found decomp_basis: 0.0.0 (/mpc/new/Elastic-Tracker/install/decomp_basis/share/decomp_basis/cmake)
[1.778s] -- Found decomp_geometry: 0.0.0 (/mpc/new/Elastic-Tracker/install/decomp_geometry/share/decomp_geometry/cmake)
[1.780s] [31mCMake Error at /opt/ros/humble/share/ament_cmake_target_dependencies/cmake/ament_target_dependencies.cmake:77 (message):
[1.780s]   ament_target_dependencies() the passed package name 'ign_rviz_common' was
[1.780s]   not found before
[1.781s] Call Stack (most recent call first):
[1.781s]   CMakeLists.txt:37 (ament_target_dependencies)
[1.781s] 
[1.781s] [0m
[1.781s] -- Configuring incomplete, errors occurred!
[1.781s] See also "/mpc/new/Elastic-Tracker/build/decomp_ros_utils/CMakeFiles/CMakeOutput.log".
[1.792s] Invoked command in '/mpc/new/Elastic-Tracker/build/decomp_ros_utils' returned '1': CMAKE_PREFIX_PATH=/mpc/new/Elastic-Tracker/install/decomp_ros_msgs:/mpc/new/Elastic-Tracker/install/target_ekf:/mpc/new/Elastic-Tracker/install/mapping:/mpc/new/Elastic-Tracker/install/quadrotor_msgs:/mpc/new/Elastic-Tracker/install/object_detection_msgs:/mpc/new/Elastic-Tracker/install/decomp_geometry:/mpc/new/Elastic-Tracker/install/decomp_basis:/opt/ros/humble LD_LIBRARY_PATH=/mpc/new/Elastic-Tracker/install/decomp_ros_msgs/lib:/mpc/new/Elastic-Tracker/install/mapping/lib:/mpc/new/Elastic-Tracker/install/quadrotor_msgs/lib:/mpc/new/Elastic-Tracker/install/object_detection_msgs/lib:/opt/ros/humble/opt/rviz_ogre_vendor/lib:/opt/ros/humble/lib/x86_64-linux-gnu:/opt/ros/humble/lib:/usr/lib:/new/px4-offboard_ws/src/acados/lib:/mpc/new/acados/lib /usr/bin/cmake /mpc/new/Elastic-Tracker/src/planning/DecompROS/decomp_ros_utils -DCMAKE_INSTALL_PREFIX=/mpc/new/Elastic-Tracker/install/decomp_ros_utils
