-- Found ament_cmake: 1.3.11 (/opt/ros/humble/share/ament_cmake/cmake)
-- Override CMake install command with custom implementation using symlinks instead of copying resources
-- Found rclcpp: 16.0.11 (/opt/ros/humble/share/rclcpp/cmake)
-- Found rosidl_generator_c: 3.1.6 (/opt/ros/humble/share/rosidl_generator_c/cmake)
-- Found rosidl_adapter: 3.1.6 (/opt/ros/humble/share/rosidl_adapter/cmake)
-- Found rosidl_generator_cpp: 3.1.6 (/opt/ros/humble/share/rosidl_generator_cpp/cmake)
-- Using all available rosidl_typesupport_c: rosidl_typesupport_fastrtps_c;rosidl_typesupport_introspection_c
-- Using all available rosidl_typesupport_cpp: rosidl_typesupport_fastrtps_cpp;rosidl_typesupport_introspection_cpp
-- Found rmw_implementation_cmake: 6.1.2 (/opt/ros/humble/share/rmw_implementation_cmake/cmake)
-- Found rmw_cyclonedds_cpp: 1.3.4 (/opt/ros/humble/share/rmw_cyclonedds_cpp/cmake)
-- Using RMW implementation 'rmw_cyclonedds_cpp' as default
-- Found rclcpp_components: 16.0.11 (/opt/ros/humble/share/rclcpp_components/cmake)
-- Found quadrotor_msgs: 0.0.0 (/mpc/new/Elastic-Tracker/install/quadrotor_msgs/share/quadrotor_msgs/cmake)
-- Found object_detection_msgs: 0.0.0 (/mpc/new/Elastic-Tracker/install/object_detection_msgs/share/object_detection_msgs/cmake)
-- Found tf2_ros: 0.25.9 (/opt/ros/humble/share/tf2_ros/cmake)
-- Found cv_bridge: 3.2.1 (/opt/ros/humble/share/cv_bridge/cmake)
-- Eigen found (include: /usr/include/eigen3, version: 3.4.0)
-- OpenNI found (version: 1.5.4.0, include: /usr/include/ni, lib: /usr/lib/libOpenNI.so;libusb::libusb)
-- OpenNI2 found (version: 2.2.0.33, include: /usr/include/openni2, lib: /usr/lib/x86_64-linux-gnu/libOpenNI2.so;libusb::libusb)
-- Eigen found (include: /usr/include/eigen3, version: 3.4.0)
-- looking for PCL_COMMON
-- looking for PCL_OCTREE
-- looking for PCL_IO
-- Found pcl_conversions: 2.4.5 (/opt/ros/humble/share/pcl_conversions/cmake)
-- Found pluginlib: 5.1.0 (/opt/ros/humble/share/pluginlib/cmake)
-- Found visualization_msgs: 4.2.4 (/opt/ros/humble/share/visualization_msgs/cmake)
-- Configuring done
-- Generating done
-- Build files have been written to: /mpc/new/Elastic-Tracker/build/mapping
[35m[1mConsolidate compiler generated dependencies of target mapping_core[0m
[ 25%] Built target mapping_core
[35m[1mConsolidate compiler generated dependencies of target mapping_nodelet[0m
[35m[1mConsolidate compiler generated dependencies of target visualize_history_path[0m
[35m[1mConsolidate compiler generated dependencies of target mapping_vis_node[0m
[ 50%] [32m[1mLinking CXX executable visualize_history_path[0m
[ 50%] [32m[1mLinking CXX executable mapping_vis_node[0m
[ 62%] [32m[1mLinking CXX shared library libmapping_nodelet.so[0m
[ 75%] Built target mapping_vis_node
[ 87%] Built target visualize_history_path
[100%] Built target mapping_nodelet
-- Install configuration: "Release"
-- Execute custom install script
-- Symlinking: /mpc/new/Elastic-Tracker/install/mapping/lib/libmapping_core.a
-- Symlinking: /mpc/new/Elastic-Tracker/install/mapping/lib/libmapping_nodelet.so
-- Symlinking: /mpc/new/Elastic-Tracker/install/mapping/lib/mapping/mapping_vis_node
-- Symlinking: /mpc/new/Elastic-Tracker/install/mapping/lib/mapping/visualize_history_path
-- Symlinking: /mpc/new/Elastic-Tracker/install/mapping/include/mapping/mapping.h
-- Symlinking: /mpc/new/Elastic-Tracker/install/mapping/share/mapping/config/D435.yaml
-- Symlinking: /mpc/new/Elastic-Tracker/install/mapping/share/mapping/config/camera.yaml
-- Symlinking: /mpc/new/Elastic-Tracker/install/mapping/share/mapping/config/rviz_real.rviz
-- Symlinking: /mpc/new/Elastic-Tracker/install/mapping/share/mapping/config/rviz_sim.rviz
-- Symlinking: /mpc/new/Elastic-Tracker/install/mapping/share/mapping/launch/mapping.launch.py
-- Symlinking: /mpc/new/Elastic-Tracker/install/mapping/share/mapping/launch/run.launch.py
-- Symlinking: /mpc/new/Elastic-Tracker/install/mapping/share/mapping/launch/rviz_sim.launch.py
-- Symlinking: /mpc/new/Elastic-Tracker/install/mapping/share/mapping/environment/library_path.sh
-- Symlinking: /mpc/new/Elastic-Tracker/install/mapping/share/mapping/environment/library_path.dsv
-- Symlinking: /mpc/new/Elastic-Tracker/install/mapping/share/ament_index/resource_index/package_run_dependencies/mapping
-- Symlinking: /mpc/new/Elastic-Tracker/install/mapping/share/ament_index/resource_index/parent_prefix_path/mapping
-- Symlinking: /mpc/new/Elastic-Tracker/install/mapping/share/mapping/environment/ament_prefix_path.sh
-- Symlinking: /mpc/new/Elastic-Tracker/install/mapping/share/mapping/environment/ament_prefix_path.dsv
-- Symlinking: /mpc/new/Elastic-Tracker/install/mapping/share/mapping/environment/path.sh
-- Symlinking: /mpc/new/Elastic-Tracker/install/mapping/share/mapping/environment/path.dsv
-- Symlinking: /mpc/new/Elastic-Tracker/install/mapping/share/mapping/local_setup.bash
-- Symlinking: /mpc/new/Elastic-Tracker/install/mapping/share/mapping/local_setup.sh
-- Symlinking: /mpc/new/Elastic-Tracker/install/mapping/share/mapping/local_setup.zsh
-- Symlinking: /mpc/new/Elastic-Tracker/install/mapping/share/mapping/local_setup.dsv
-- Symlinking: /mpc/new/Elastic-Tracker/install/mapping/share/mapping/package.dsv
-- Symlinking: /mpc/new/Elastic-Tracker/install/mapping/share/ament_index/resource_index/packages/mapping
-- Symlinking: /mpc/new/Elastic-Tracker/install/mapping/share/ament_index/resource_index/rclcpp_components/mapping
-- Symlinking: /mpc/new/Elastic-Tracker/install/mapping/share/mapping/cmake/ament_cmake_export_include_directories-extras.cmake
-- Symlinking: /mpc/new/Elastic-Tracker/install/mapping/share/mapping/cmake/ament_cmake_export_libraries-extras.cmake
-- Symlinking: /mpc/new/Elastic-Tracker/install/mapping/share/mapping/cmake/mappingConfig.cmake
-- Symlinking: /mpc/new/Elastic-Tracker/install/mapping/share/mapping/cmake/mappingConfig-version.cmake
-- Symlinking: /mpc/new/Elastic-Tracker/install/mapping/share/mapping/package.xml
