[0.016s] Invoking command in '/mpc/new/Elastic-Tracker/build/decomp_ros_utils': CMAKE_PREFIX_PATH=/mpc/new/Elastic-Tracker/install/decomp_ros_msgs:/mpc/new/Elastic-Tracker/install/target_ekf:/mpc/new/Elastic-Tracker/install/mapping:/mpc/new/Elastic-Tracker/install/quadrotor_msgs:/mpc/new/Elastic-Tracker/install/object_detection_msgs:/mpc/new/Elastic-Tracker/install/decomp_geometry:/mpc/new/Elastic-Tracker/install/decomp_basis:/opt/ros/humble LD_LIBRARY_PATH=/mpc/new/Elastic-Tracker/install/decomp_ros_msgs/lib:/mpc/new/Elastic-Tracker/install/mapping/lib:/mpc/new/Elastic-Tracker/install/quadrotor_msgs/lib:/mpc/new/Elastic-Tracker/install/object_detection_msgs/lib:/opt/ros/humble/opt/rviz_ogre_vendor/lib:/opt/ros/humble/lib/x86_64-linux-gnu:/opt/ros/humble/lib:/usr/lib:/new/px4-offboard_ws/src/acados/lib:/mpc/new/acados/lib /usr/bin/cmake --build /mpc/new/Elastic-Tracker/build/decomp_ros_utils -- -j12 -l12
[0.253s] [35m[1mConsolidate compiler generated dependencies of target decomp_rviz_plugins[0m
[0.356s] [ 12%] [32mBuilding CXX object CMakeFiles/decomp_rviz_plugins.dir/src/mesh_visual.cpp.o[0m
[0.439s] [ 25%] [32mBuilding CXX object CMakeFiles/decomp_rviz_plugins.dir/src/ellipsoid_array_display.cpp.o[0m
[0.440s] [ 37%] [32mBuilding CXX object CMakeFiles/decomp_rviz_plugins.dir/src/polyhedron_array_display.cpp.o[0m
[0.558s] [ 50%] [32mBuilding CXX object CMakeFiles/decomp_rviz_plugins.dir/src/objects/mesh_shape.cpp.o[0m
[1.412s] In file included from [01m[K/mpc/new/Elastic-Tracker/src/planning/DecompROS/decomp_ros_utils/src/polyhedron_array_display.cpp:5[m[K:
[1.412s] [01m[K/mpc/new/Elastic-Tracker/src/planning/DecompROS/decomp_ros_utils/include/rviz_common/frame_manager.hpp:1:3:[m[K [01;31m[Kerror: [m[Kinvalid preprocessing directive #create
[1.412s]     1 | # [01;31m[Kcreate[m[K and edit:
[1.412s]       |   [01;31m[K^~~~~~[m[K
[1.412s] [01m[K/mpc/new/Elastic-Tracker/src/planning/DecompROS/decomp_ros_utils/include/rviz_common/frame_manager.hpp:2:8:[m[K [01;35m[Kwarning: [m[Kmulti-character character constant [[01;35m[K]8;;https://gcc.gnu.org/onlinedocs/gcc/Warning-Options.html#index-Wmultichar-Wmultichar]8;;[m[K]
[1.412s]     2 | cat << [01;35m[K'EOF'[m[K > include/rviz_common/frame_manager.hpp
[1.413s]       |        [01;35m[K^~~~~[m[K
[1.416s] In file included from [01m[K/mpc/new/Elastic-Tracker/src/planning/DecompROS/decomp_ros_utils/src/ellipsoid_array_display.cpp:10[m[K:
[1.416s] [01m[K/mpc/new/Elastic-Tracker/src/planning/DecompROS/decomp_ros_utils/include/rviz_common/frame_manager.hpp:1:3:[m[K [01;31m[Kerror: [m[Kinvalid preprocessing directive #create
[1.416s]     1 | # [01;31m[Kcreate[m[K and edit:
[1.417s]       |   [01;31m[K^~~~~~[m[K
[1.417s] [01m[K/mpc/new/Elastic-Tracker/src/planning/DecompROS/decomp_ros_utils/include/rviz_common/frame_manager.hpp:2:8:[m[K [01;35m[Kwarning: [m[Kmulti-character character constant [[01;35m[K]8;;https://gcc.gnu.org/onlinedocs/gcc/Warning-Options.html#index-Wmultichar-Wmultichar]8;;[m[K]
[1.417s]     2 | cat << [01;35m[K'EOF'[m[K > include/rviz_common/frame_manager.hpp
[1.417s]       |        [01;35m[K^~~~~[m[K
[2.836s] In file included from [01m[K/mpc/new/Elastic-Tracker/src/planning/DecompROS/decomp_ros_utils/src/mesh_visual.cpp:1[m[K:
[2.836s] [01m[K/mpc/new/Elastic-Tracker/src/planning/DecompROS/decomp_ros_utils/include/decomp_rviz_plugins/mesh_visual.hpp:38:35:[m[K [01;31m[Kerror: [m[K‘[01m[KMeshShape[m[K’ is not a member of ‘[01m[Krviz_rendering[m[K’; did you mean ‘[01m[Krviz_rendering::objects::MeshShape[m[K’?
[2.836s]    38 |   std::unique_ptr<rviz_rendering::[01;31m[KMeshShape[m[K> obj_;
[2.836s]       |                                   [01;31m[K^~~~~~~~~[m[K
[2.837s] In file included from [01m[K/mpc/new/Elastic-Tracker/src/planning/DecompROS/decomp_ros_utils/include/decomp_rviz_plugins/mesh_visual.hpp:10[m[K,
[2.837s]                  from [01m[K/mpc/new/Elastic-Tracker/src/planning/DecompROS/decomp_ros_utils/src/mesh_visual.cpp:1[m[K:
[2.837s] [01m[K/mpc/new/Elastic-Tracker/src/planning/DecompROS/decomp_ros_utils/include/rviz_rendering/objects/mesh_shape.hpp:16:7:[m[K [01;36m[Knote: [m[K‘[01m[Krviz_rendering::objects::MeshShape[m[K’ declared here
[2.837s]    16 | class [01;36m[KMeshShape[m[K
[2.837s]       |       [01;36m[K^~~~~~~~~[m[K
[2.837s] In file included from [01m[K/mpc/new/Elastic-Tracker/src/planning/DecompROS/decomp_ros_utils/src/mesh_visual.cpp:1[m[K:
[2.837s] [01m[K/mpc/new/Elastic-Tracker/src/planning/DecompROS/decomp_ros_utils/include/decomp_rviz_plugins/mesh_visual.hpp:38:44:[m[K [01;31m[Kerror: [m[Ktemplate argument 1 is invalid
[2.837s]    38 |   std::unique_ptr<rviz_rendering::MeshShape[01;31m[K>[m[K obj_;
[2.837s]       |                                            [01;31m[K^[m[K
[2.838s] [01m[K/mpc/new/Elastic-Tracker/src/planning/DecompROS/decomp_ros_utils/include/decomp_rviz_plugins/mesh_visual.hpp:38:44:[m[K [01;31m[Kerror: [m[Ktemplate argument 2 is invalid
[2.838s] [01m[K/mpc/new/Elastic-Tracker/src/planning/DecompROS/decomp_ros_utils/src/mesh_visual.cpp:[m[K In constructor ‘[01m[Kdecomp_rviz_plugins::MeshVisual::MeshVisual(Ogre::SceneManager*, Ogre::SceneNode*)[m[K’:
[2.838s] [01m[K/mpc/new/Elastic-Tracker/src/planning/DecompROS/decomp_ros_utils/src/mesh_visual.cpp:14:8:[m[K [01;31m[Kerror: [m[Krequest for member ‘[01m[Kreset[m[K’ in ‘[01m[K((decomp_rviz_plugins::MeshVisual*)this)->decomp_rviz_plugins::MeshVisual::obj_[m[K’, which is of non-class type ‘[01m[Kint[m[K’
[2.838s]    14 |   obj_.[01;31m[Kreset[m[K(new rviz_rendering::objects::MeshShape(scene_manager_, frame_node_));
[2.838s]       |        [01;31m[K^~~~~[m[K
[2.838s] [01m[K/mpc/new/Elastic-Tracker/src/planning/DecompROS/decomp_ros_utils/src/mesh_visual.cpp:[m[K In member function ‘[01m[Kvoid decomp_rviz_plugins::MeshVisual::setMessage(vec_E<std::vector<Eigen::Matrix<double, 3, 1>, Eigen::aligned_allocator<Eigen::Matrix<double, 3, 1> > > >&)[m[K’:
[2.838s] [01m[K/mpc/new/Elastic-Tracker/src/planning/DecompROS/decomp_ros_utils/src/mesh_visual.cpp:24:7:[m[K [01;31m[Kerror: [m[Kbase operand of ‘[01m[K->[m[K’ is not a pointer
[2.838s]    24 |   obj_[01;31m[K->[m[Kclear();
[2.839s]       |       [01;31m[K^~[m[K
[2.841s] [01m[K/mpc/new/Elastic-Tracker/src/planning/DecompROS/decomp_ros_utils/src/mesh_visual.cpp:30:7:[m[K [01;31m[Kerror: [m[Kbase operand of ‘[01m[K->[m[K’ is not a pointer
[2.841s]    30 |   obj_[01;31m[K->[m[KbeginTriangles();
[2.841s]       |       [01;31m[K^~[m[K
[2.868s] [01m[K/mpc/new/Elastic-Tracker/src/planning/DecompROS/decomp_ros_utils/src/mesh_visual.cpp:56:11:[m[K [01;31m[Kerror: [m[Kbase operand of ‘[01m[K->[m[K’ is not a pointer
[2.868s]    56 |       obj_[01;31m[K->[m[KaddVertex(v, normal);
[2.868s]       |           [01;31m[K^~[m[K
[2.868s] [01m[K/mpc/new/Elastic-Tracker/src/planning/DecompROS/decomp_ros_utils/src/mesh_visual.cpp:60:13:[m[K [01;31m[Kerror: [m[Kbase operand of ‘[01m[K->[m[K’ is not a pointer
[2.869s]    60 |         obj_[01;31m[K->[m[KaddTriangle(start_index, vertex_index - 1, vertex_index);
[2.869s]       |             [01;31m[K^~[m[K
[2.869s] [01m[K/mpc/new/Elastic-Tracker/src/planning/DecompROS/decomp_ros_utils/src/mesh_visual.cpp:65:7:[m[K [01;31m[Kerror: [m[Kbase operand of ‘[01m[K->[m[K’ is not a pointer
[2.869s]    65 |   obj_[01;31m[K->[m[KendTriangles();
[2.869s]       |       [01;31m[K^~[m[K
[2.869s] [01m[K/mpc/new/Elastic-Tracker/src/planning/DecompROS/decomp_ros_utils/src/mesh_visual.cpp:[m[K In member function ‘[01m[Kvoid decomp_rviz_plugins::MeshVisual::setColor(float, float, float, float)[m[K’:
[2.869s] [01m[K/mpc/new/Elastic-Tracker/src/planning/DecompROS/decomp_ros_utils/src/mesh_visual.cpp:80:7:[m[K [01;31m[Kerror: [m[Kbase operand of ‘[01m[K->[m[K’ is not a pointer
[2.869s]    80 |   obj_[01;31m[K->[m[KsetColor(r, g, b, a);
[2.869s]       |       [01;31m[K^~[m[K
[3.116s] [01m[K/mpc/new/Elastic-Tracker/src/planning/DecompROS/decomp_ros_utils/src/objects/mesh_shape.cpp:[m[K In constructor ‘[01m[Krviz_rendering::objects::MeshShape::MeshShape(Ogre::SceneManager*, Ogre::SceneNode*)[m[K’:
[3.116s] [01m[K/mpc/new/Elastic-Tracker/src/planning/DecompROS/decomp_ros_utils/src/objects/mesh_shape.cpp:13:47:[m[K [01;31m[Kerror: [m[Kno matching function for call to ‘[01m[KOgre::ManualObject::ManualObject()[m[K’
[3.116s]    13 |   manual_object_.reset(new Ogre::ManualObject([01;31m[K)[m[K);
[3.116s]       |                                               [01;31m[K^[m[K
[3.116s] In file included from [01m[K/mpc/new/Elastic-Tracker/src/planning/DecompROS/decomp_ros_utils/include/rviz_rendering/objects/mesh_shape.hpp:7[m[K,
[3.117s]                  from [01m[K/mpc/new/Elastic-Tracker/src/planning/DecompROS/decomp_ros_utils/src/objects/mesh_shape.cpp:3[m[K:
[3.117s] [01m[K/usr/include/OGRE/OgreManualObject.h:109:17:[m[K [01;36m[Knote: [m[Kcandidate: ‘[01m[KOgre::ManualObject::ManualObject(const String&)[m[K’
[3.117s]   109 |                 [01;36m[KManualObject[m[K(const String& name);
[3.117s]       |                 [01;36m[K^~~~~~~~~~~~[m[K
[3.124s] [01m[K/usr/include/OGRE/OgreManualObject.h:109:17:[m[K [01;36m[Knote: [m[K  candidate expects 1 argument, 0 provided
[3.124s] [01m[K/usr/include/OGRE/OgreManualObject.h:106:27:[m[K [01;36m[Knote: [m[Kcandidate: ‘[01m[KOgre::ManualObject::ManualObject(const Ogre::ManualObject&)[m[K’
[3.125s]   106 |         class _OgreExport [01;36m[KManualObject[m[K : public MovableObject
[3.125s]       |                           [01;36m[K^~~~~~~~~~~~[m[K
[3.125s] [01m[K/usr/include/OGRE/OgreManualObject.h:106:27:[m[K [01;36m[Knote: [m[K  candidate expects 1 argument, 0 provided
[3.125s] [01m[K/mpc/new/Elastic-Tracker/src/planning/DecompROS/decomp_ros_utils/src/objects/mesh_shape.cpp:16:20:[m[K [01;31m[Kerror: [m[Kinvalid use of incomplete type ‘[01m[Kclass Ogre::SceneManager[m[K’
[3.125s]    16 |     : scene_manager[01;31m[K->[m[KgetRootSceneNode()->createChildSceneNode();
[3.125s]       |                    [01;31m[K^~[m[K
[3.125s] In file included from [01m[K/usr/include/OGRE/OgreSceneNode.h:31[m[K,
[3.125s]                  from [01m[K/mpc/new/Elastic-Tracker/src/planning/DecompROS/decomp_ros_utils/include/rviz_rendering/objects/mesh_shape.hpp:6[m[K,
[3.125s]                  from [01m[K/mpc/new/Elastic-Tracker/src/planning/DecompROS/decomp_ros_utils/src/objects/mesh_shape.cpp:3[m[K:
[3.126s] [01m[K/usr/include/OGRE/OgrePrerequisites.h:254:11:[m[K [01;36m[Knote: [m[Kforward declaration of ‘[01m[Kclass Ogre::SceneManager[m[K’
[3.126s]   254 |     class [01;36m[KSceneManager[m[K;
[3.126s]       |           [01;36m[K^~~~~~~~~~~~[m[K
[3.247s] gmake[2]: *** [CMakeFiles/decomp_rviz_plugins.dir/build.make:90: CMakeFiles/decomp_rviz_plugins.dir/src/mesh_visual.cpp.o] Error 1
[3.247s] gmake[2]: *** Waiting for unfinished jobs....
[3.423s] gmake[2]: *** [CMakeFiles/decomp_rviz_plugins.dir/build.make:160: CMakeFiles/decomp_rviz_plugins.dir/src/objects/mesh_shape.cpp.o] Error 1
[5.080s] In file included from [01m[K/mpc/new/Elastic-Tracker/src/planning/DecompROS/decomp_ros_utils/src/polyhedron_array_display.cpp:1[m[K:
[5.080s] [01m[K/mpc/new/Elastic-Tracker/src/planning/DecompROS/decomp_ros_utils/include/decomp_rviz_plugins/polyhedron_array_display.hpp:14:24:[m[K [01;31m[Kerror: [m[Kusing typedef-name ‘[01m[KOgre::Vector3[m[K’ after ‘[01m[Kclass[m[K’
[5.080s]    14 | namespace Ogre { class [01;31m[KVector3[m[K; class Quaternion; }
[5.080s]       |                        [01;31m[K^~~~~~~[m[K
[5.080s] In file included from [01m[K/opt/ros/humble/opt/rviz_ogre_vendor/include/OGRE/OgreSceneNode.h:36[m[K,
[5.080s]                  from [01m[K/opt/ros/humble/include/rviz_common/rviz_common/ros_topic_display.hpp:39[m[K,
[5.080s]                  from [01m[K/opt/ros/humble/include/rviz_common/rviz_common/message_filter_display.hpp:38[m[K,
[5.080s]                  from [01m[K/mpc/new/Elastic-Tracker/src/planning/DecompROS/decomp_ros_utils/include/decomp_rviz_plugins/polyhedron_array_display.hpp:7[m[K,
[5.080s]                  from [01m[K/mpc/new/Elastic-Tracker/src/planning/DecompROS/decomp_ros_utils/src/polyhedron_array_display.cpp:1[m[K:
[5.080s] [01m[K/opt/ros/humble/opt/rviz_ogre_vendor/include/OGRE/OgrePrerequisites.h:259:29:[m[K [01;36m[Knote: [m[K‘[01m[KOgre::Vector3[m[K’ has a previous declaration here
[5.080s]   259 |     typedef Vector<3, Real> [01;36m[KVector3[m[K;
[5.080s]       |                             [01;36m[K^~~~~~~[m[K
[5.101s] In file included from [01m[K/mpc/new/Elastic-Tracker/src/planning/DecompROS/decomp_ros_utils/src/polyhedron_array_display.cpp:1[m[K:
[5.101s] [01m[K/mpc/new/Elastic-Tracker/src/planning/DecompROS/decomp_ros_utils/include/decomp_rviz_plugins/polyhedron_array_display.hpp:50:19:[m[K [01;31m[Kerror: [m[K‘[01m[KMeshVisual[m[K’ was not declared in this scope
[5.101s]    50 |   std::shared_ptr<[01;31m[KMeshVisual[m[K>   visual_mesh_;
[5.101s]       |                   [01;31m[K^~~~~~~~~~[m[K
[5.101s] [01m[K/mpc/new/Elastic-Tracker/src/planning/DecompROS/decomp_ros_utils/include/decomp_rviz_plugins/polyhedron_array_display.hpp:50:29:[m[K [01;31m[Kerror: [m[Ktemplate argument 1 is invalid
[5.101s]    50 |   std::shared_ptr<MeshVisual[01;31m[K>[m[K   visual_mesh_;
[5.101s]       |                             [01;31m[K^[m[K
[5.110s] [01m[K/mpc/new/Elastic-Tracker/src/planning/DecompROS/decomp_ros_utils/include/decomp_rviz_plugins/polyhedron_array_display.hpp:51:19:[m[K [01;31m[Kerror: [m[K‘[01m[KBoundVisual[m[K’ was not declared in this scope
[5.110s]    51 |   std::shared_ptr<[01;31m[KBoundVisual[m[K>  visual_bound_;
[5.110s]       |                   [01;31m[K^~~~~~~~~~~[m[K
[5.110s] [01m[K/mpc/new/Elastic-Tracker/src/planning/DecompROS/decomp_ros_utils/include/decomp_rviz_plugins/polyhedron_array_display.hpp:51:30:[m[K [01;31m[Kerror: [m[Ktemplate argument 1 is invalid
[5.110s]    51 |   std::shared_ptr<BoundVisual[01;31m[K>[m[K  visual_bound_;
[5.110s]       |                              [01;31m[K^[m[K
[5.119s] [01m[K/mpc/new/Elastic-Tracker/src/planning/DecompROS/decomp_ros_utils/include/decomp_rviz_plugins/polyhedron_array_display.hpp:52:19:[m[K [01;31m[Kerror: [m[K‘[01m[KVectorVisual[m[K’ was not declared in this scope
[5.119s]    52 |   std::shared_ptr<[01;31m[KVectorVisual[m[K> visual_vector_;
[5.119s]       |                   [01;31m[K^~~~~~~~~~~~[m[K
[5.119s] [01m[K/mpc/new/Elastic-Tracker/src/planning/DecompROS/decomp_ros_utils/include/decomp_rviz_plugins/polyhedron_array_display.hpp:52:31:[m[K [01;31m[Kerror: [m[Ktemplate argument 1 is invalid
[5.119s]    52 |   std::shared_ptr<VectorVisual[01;31m[K>[m[K visual_vector_;
[5.119s]       |                               [01;31m[K^[m[K
[5.121s] [01m[K/mpc/new/Elastic-Tracker/src/planning/DecompROS/decomp_ros_utils/include/decomp_rviz_plugins/polyhedron_array_display.hpp:68:3:[m[K [01;31m[Kerror: [m[K‘[01m[Kvec_E[m[K’ does not name a type
[5.121s]    68 |   [01;31m[Kvec_E[m[K<vec_Vec3f> vertices_;
[5.121s]       |   [01;31m[K^~~~~[m[K
[5.123s] [01m[K/mpc/new/Elastic-Tracker/src/planning/DecompROS/decomp_ros_utils/include/decomp_rviz_plugins/polyhedron_array_display.hpp:69:3:[m[K [01;31m[Kerror: [m[K‘[01m[Kvec_E[m[K’ does not name a type
[5.123s]    69 |   [01;31m[Kvec_E[m[K<std::pair<Vec3f, Vec3f>> vs_;
[5.123s]       |   [01;31m[K^~~~~[m[K
[5.662s] In file included from [01m[K/mpc/new/Elastic-Tracker/src/planning/DecompROS/decomp_ros_utils/src/polyhedron_array_display.cpp:2[m[K:
[5.662s] [01m[K/mpc/new/Elastic-Tracker/src/planning/DecompROS/decomp_ros_utils/include/decomp_rviz_plugins/mesh_visual.hpp:38:35:[m[K [01;31m[Kerror: [m[K‘[01m[KMeshShape[m[K’ is not a member of ‘[01m[Krviz_rendering[m[K’; did you mean ‘[01m[Krviz_rendering::objects::MeshShape[m[K’?
[5.662s]    38 |   std::unique_ptr<rviz_rendering::[01;31m[KMeshShape[m[K> obj_;
[5.662s]       |                                   [01;31m[K^~~~~~~~~[m[K
[5.662s] In file included from [01m[K/mpc/new/Elastic-Tracker/src/planning/DecompROS/decomp_ros_utils/include/decomp_rviz_plugins/mesh_visual.hpp:10[m[K,
[5.662s]                  from [01m[K/mpc/new/Elastic-Tracker/src/planning/DecompROS/decomp_ros_utils/src/polyhedron_array_display.cpp:2[m[K:
[5.662s] [01m[K/mpc/new/Elastic-Tracker/src/planning/DecompROS/decomp_ros_utils/include/rviz_rendering/objects/mesh_shape.hpp:16:7:[m[K [01;36m[Knote: [m[K‘[01m[Krviz_rendering::objects::MeshShape[m[K’ declared here
[5.662s]    16 | class [01;36m[KMeshShape[m[K
[5.662s]       |       [01;36m[K^~~~~~~~~[m[K
[5.662s] In file included from [01m[K/mpc/new/Elastic-Tracker/src/planning/DecompROS/decomp_ros_utils/src/polyhedron_array_display.cpp:2[m[K:
[5.663s] [01m[K/mpc/new/Elastic-Tracker/src/planning/DecompROS/decomp_ros_utils/include/decomp_rviz_plugins/mesh_visual.hpp:38:44:[m[K [01;31m[Kerror: [m[Ktemplate argument 1 is invalid
[5.663s]    38 |   std::unique_ptr<rviz_rendering::MeshShape[01;31m[K>[m[K obj_;
[5.663s]       |                                            [01;31m[K^[m[K
[5.663s] [01m[K/mpc/new/Elastic-Tracker/src/planning/DecompROS/decomp_ros_utils/include/decomp_rviz_plugins/mesh_visual.hpp:38:44:[m[K [01;31m[Kerror: [m[Ktemplate argument 2 is invalid
[5.685s] In file included from [01m[K/mpc/new/Elastic-Tracker/src/planning/DecompROS/decomp_ros_utils/src/polyhedron_array_display.cpp:4[m[K:
[5.685s] [01m[K/mpc/new/Elastic-Tracker/src/planning/DecompROS/decomp_ros_utils/include/decomp_rviz_plugins/vector_visual.hpp:14:7:[m[K [01;31m[Kerror: [m[Kconflicting declaration ‘[01m[Kusing Vec3f = Eigen::Vector3f[m[K’
[5.685s]    14 | using [01;31m[KVec3f[m[K = Eigen::Vector3f;
[5.685s]       |       [01;31m[K^~~~~[m[K
[5.685s] In file included from [01m[K/mpc/new/Elastic-Tracker/install/decomp_geometry/include/decomp_geometry/polyhedron.h:9[m[K,
[5.685s]                  from [01m[K/mpc/new/Elastic-Tracker/src/planning/DecompROS/decomp_ros_utils/include/decomp_rviz_plugins/mesh_visual.hpp:12[m[K,
[5.685s]                  from [01m[K/mpc/new/Elastic-Tracker/src/planning/DecompROS/decomp_ros_utils/src/polyhedron_array_display.cpp:2[m[K:
[5.685s] [01m[K/mpc/new/Elastic-Tracker/install/decomp_basis/include/decomp_basis/data_type.h:79:17:[m[K [01;36m[Knote: [m[Kprevious declaration as ‘[01m[Ktypedef Vecf<3> Vec3f[m[K’
[5.685s]    79 | typedef Vecf<3> [01;36m[KVec3f[m[K;
[5.685s]       |                 [01;36m[K^~~~~[m[K
[5.690s] In file included from [01m[K/mpc/new/Elastic-Tracker/src/planning/DecompROS/decomp_ros_utils/src/polyhedron_array_display.cpp:5[m[K:
[5.690s] [01m[K/mpc/new/Elastic-Tracker/src/planning/DecompROS/decomp_ros_utils/include/rviz_common/frame_manager.hpp:2:1:[m[K [01;31m[Kerror: [m[K‘[01m[Kcat[m[K’ does not name a type
[5.690s]     2 | [01;31m[Kcat[m[K << 'EOF' > include/rviz_common/frame_manager.hpp
[5.690s]       | [01;31m[K^~~[m[K
[5.691s] In file included from [01m[K/usr/include/c++/11/cstdio:42[m[K,
[5.691s]                  from [01m[K/usr/include/c++/11/ext/string_conversions.h:43[m[K,
[5.691s]                  from [01m[K/usr/include/c++/11/bits/basic_string.h:6608[m[K,
[5.691s]                  from [01m[K/usr/include/c++/11/string:55[m[K,
[5.691s]                  from [01m[K/usr/include/c++/11/stdexcept:39[m[K,
[5.691s]                  from [01m[K/opt/ros/humble/include/message_filters/message_filters/subscriber.h:38[m[K,
[5.691s]                  from [01m[K/opt/ros/humble/include/rviz_common/rviz_common/message_filter_display.hpp:33[m[K,
[5.691s]                  from [01m[K/mpc/new/Elastic-Tracker/src/planning/DecompROS/decomp_ros_utils/include/decomp_rviz_plugins/polyhedron_array_display.hpp:7[m[K,
[5.691s]                  from [01m[K/mpc/new/Elastic-Tracker/src/planning/DecompROS/decomp_ros_utils/src/polyhedron_array_display.cpp:1[m[K:
[5.691s] [01m[K/mpc/new/Elastic-Tracker/src/planning/DecompROS/decomp_ros_utils/include/rviz_common/frame_manager.hpp:38:1:[m[K [01;31m[Kerror: [m[Kexpected unqualified-id before ‘[01m[K-[m[K’ token
[5.691s]    38 | [01;31m[KEOF[m[K
[5.691s]       | [01;31m[K^~~[m[K
[5.691s] [01m[K/mpc/new/Elastic-Tracker/src/planning/DecompROS/decomp_ros_utils/include/rviz_common/frame_manager.hpp:38:1:[m[K [01;31m[Kerror: [m[Kexpected ‘[01m[K)[m[K’ before ‘[01m[K-[m[K’ token
[5.691s]    38 | [01;31m[KEOF[m[K
[5.692s]       | [01;31m[K^~~[m[K
[5.696s] [01m[K/mpc/new/Elastic-Tracker/src/planning/DecompROS/decomp_ros_utils/include/rviz_common/frame_manager.hpp:2:1:[m[K [01;31m[Kerror: [m[K‘[01m[Kcat[m[K’ does not name a type
[5.697s]     2 | [01;31m[Kcat[m[K << 'EOF' > include/rviz_common/frame_manager.hpp
[5.697s]       | [01;31m[K^~~[m[K
[5.697s] In file included from [01m[K/usr/include/c++/11/cstdio:42[m[K,
[5.697s]                  from [01m[K/usr/include/c++/11/ext/string_conversions.h:43[m[K,
[5.697s]                  from [01m[K/usr/include/c++/11/bits/basic_string.h:6608[m[K,
[5.697s]                  from [01m[K/usr/include/c++/11/string:55[m[K,
[5.697s]                  from [01m[K/usr/include/c++/11/stdexcept:39[m[K,
[5.697s]                  from [01m[K/opt/ros/humble/include/message_filters/message_filters/subscriber.h:38[m[K,
[5.697s]                  from [01m[K/opt/ros/humble/include/rviz_common/rviz_common/message_filter_display.hpp:33[m[K,
[5.697s]                  from [01m[K/mpc/new/Elastic-Tracker/src/planning/DecompROS/decomp_ros_utils/include/decomp_rviz_plugins/ellipsoid_array_display.hpp:6[m[K,
[5.697s]                  from [01m[K/mpc/new/Elastic-Tracker/src/planning/DecompROS/decomp_ros_utils/src/ellipsoid_array_display.cpp:1[m[K:
[5.697s] [01m[K/mpc/new/Elastic-Tracker/src/planning/DecompROS/decomp_ros_utils/include/rviz_common/frame_manager.hpp:38:1:[m[K [01;31m[Kerror: [m[Kexpected unqualified-id before ‘[01m[K-[m[K’ token
[5.697s]    38 | [01;31m[KEOF[m[K
[5.698s]       | [01;31m[K^~~[m[K
[5.698s] [01m[K/mpc/new/Elastic-Tracker/src/planning/DecompROS/decomp_ros_utils/include/rviz_common/frame_manager.hpp:38:1:[m[K [01;31m[Kerror: [m[Kexpected ‘[01m[K)[m[K’ before ‘[01m[K-[m[K’ token
[5.698s]    38 | [01;31m[KEOF[m[K
[5.698s]       | [01;31m[K^~~[m[K
[6.469s] gmake[2]: *** [CMakeFiles/decomp_rviz_plugins.dir/build.make:132: CMakeFiles/decomp_rviz_plugins.dir/src/ellipsoid_array_display.cpp.o] Error 1
[6.469s] gmake[2]: *** [CMakeFiles/decomp_rviz_plugins.dir/build.make:146: CMakeFiles/decomp_rviz_plugins.dir/src/polyhedron_array_display.cpp.o] Error 1
[6.469s] gmake[1]: *** [CMakeFiles/Makefile2:137: CMakeFiles/decomp_rviz_plugins.dir/all] Error 2
[6.469s] gmake: *** [Makefile:146: all] Error 2
[6.472s] Invoked command in '/mpc/new/Elastic-Tracker/build/decomp_ros_utils' returned '2': CMAKE_PREFIX_PATH=/mpc/new/Elastic-Tracker/install/decomp_ros_msgs:/mpc/new/Elastic-Tracker/install/target_ekf:/mpc/new/Elastic-Tracker/install/mapping:/mpc/new/Elastic-Tracker/install/quadrotor_msgs:/mpc/new/Elastic-Tracker/install/object_detection_msgs:/mpc/new/Elastic-Tracker/install/decomp_geometry:/mpc/new/Elastic-Tracker/install/decomp_basis:/opt/ros/humble LD_LIBRARY_PATH=/mpc/new/Elastic-Tracker/install/decomp_ros_msgs/lib:/mpc/new/Elastic-Tracker/install/mapping/lib:/mpc/new/Elastic-Tracker/install/quadrotor_msgs/lib:/mpc/new/Elastic-Tracker/install/object_detection_msgs/lib:/opt/ros/humble/opt/rviz_ogre_vendor/lib:/opt/ros/humble/lib/x86_64-linux-gnu:/opt/ros/humble/lib:/usr/lib:/new/px4-offboard_ws/src/acados/lib:/mpc/new/acados/lib /usr/bin/cmake --build /mpc/new/Elastic-Tracker/build/decomp_ros_utils -- -j12 -l12
