[0.021s] Invoking command in '/mpc/new/Elastic-Tracker/build/target_ekf': CMAKE_PREFIX_PATH=/mpc/new/Elastic-Tracker/install/object_detection_msgs:/mpc/new/Elastic-Tracker/src/mapping/install/mapping:/mpc/new/Elastic-Tracker/install/target_ekf:/mpc/new/Elastic-Tracker/install/mapping:/mpc/new/Elastic-Tracker/install/quadrotor_msgs:/mpc/new/Elastic-Tracker/install/decomp_ros_msgs:/mpc/new/Elastic-Tracker/install/decomp_geometry:/mpc/new/Elastic-Tracker/install/decomp_basis:/opt/ros/humble LD_LIBRARY_PATH=/mpc/new/Elastic-Tracker/install/object_detection_msgs/lib:/mpc/new/Elastic-Tracker/src/mapping/install/mapping/lib:/mpc/new/Elastic-Tracker/install/mapping/lib:/mpc/new/Elastic-Tracker/install/quadrotor_msgs/lib:/mpc/new/Elastic-Tracker/install/decomp_ros_msgs/lib:/usr/local/lib:/usr/local/lib:/opt/ros/humble/opt/rviz_ogre_vendor/lib:/opt/ros/humble/lib/x86_64-linux-gnu:/opt/ros/humble/lib:/usr/lib:/new/px4-offboard_ws/src/acados/lib:/mpc/new/acados/lib /usr/bin/cmake --build /mpc/new/Elastic-Tracker/build/target_ekf -- -j12 -l12
[0.075s] [35m[1mConsolidate compiler generated dependencies of target target_ekf_node[0m
[0.075s] [35m[1mConsolidate compiler generated dependencies of target target_ekf_sim_node[0m
[0.103s] [ 50%] Built target target_ekf_node
[0.103s] [ 75%] [32mBuilding CXX object CMakeFiles/target_ekf_sim_node.dir/src/target_ekf_sim_node.cpp.o[0m
[21.613s] [100%] [32m[1mLinking CXX executable target_ekf_sim_node[0m
[22.441s] [100%] Built target target_ekf_sim_node
[22.452s] Invoked command in '/mpc/new/Elastic-Tracker/build/target_ekf' returned '0': CMAKE_PREFIX_PATH=/mpc/new/Elastic-Tracker/install/object_detection_msgs:/mpc/new/Elastic-Tracker/src/mapping/install/mapping:/mpc/new/Elastic-Tracker/install/target_ekf:/mpc/new/Elastic-Tracker/install/mapping:/mpc/new/Elastic-Tracker/install/quadrotor_msgs:/mpc/new/Elastic-Tracker/install/decomp_ros_msgs:/mpc/new/Elastic-Tracker/install/decomp_geometry:/mpc/new/Elastic-Tracker/install/decomp_basis:/opt/ros/humble LD_LIBRARY_PATH=/mpc/new/Elastic-Tracker/install/object_detection_msgs/lib:/mpc/new/Elastic-Tracker/src/mapping/install/mapping/lib:/mpc/new/Elastic-Tracker/install/mapping/lib:/mpc/new/Elastic-Tracker/install/quadrotor_msgs/lib:/mpc/new/Elastic-Tracker/install/decomp_ros_msgs/lib:/usr/local/lib:/usr/local/lib:/opt/ros/humble/opt/rviz_ogre_vendor/lib:/opt/ros/humble/lib/x86_64-linux-gnu:/opt/ros/humble/lib:/usr/lib:/new/px4-offboard_ws/src/acados/lib:/mpc/new/acados/lib /usr/bin/cmake --build /mpc/new/Elastic-Tracker/build/target_ekf -- -j12 -l12
[22.455s] Invoking command in '/mpc/new/Elastic-Tracker/build/target_ekf': CMAKE_PREFIX_PATH=/mpc/new/Elastic-Tracker/install/object_detection_msgs:/mpc/new/Elastic-Tracker/src/mapping/install/mapping:/mpc/new/Elastic-Tracker/install/target_ekf:/mpc/new/Elastic-Tracker/install/mapping:/mpc/new/Elastic-Tracker/install/quadrotor_msgs:/mpc/new/Elastic-Tracker/install/decomp_ros_msgs:/mpc/new/Elastic-Tracker/install/decomp_geometry:/mpc/new/Elastic-Tracker/install/decomp_basis:/opt/ros/humble LD_LIBRARY_PATH=/mpc/new/Elastic-Tracker/install/object_detection_msgs/lib:/mpc/new/Elastic-Tracker/src/mapping/install/mapping/lib:/mpc/new/Elastic-Tracker/install/mapping/lib:/mpc/new/Elastic-Tracker/install/quadrotor_msgs/lib:/mpc/new/Elastic-Tracker/install/decomp_ros_msgs/lib:/usr/local/lib:/usr/local/lib:/opt/ros/humble/opt/rviz_ogre_vendor/lib:/opt/ros/humble/lib/x86_64-linux-gnu:/opt/ros/humble/lib:/usr/lib:/new/px4-offboard_ws/src/acados/lib:/mpc/new/acados/lib /usr/bin/cmake --install /mpc/new/Elastic-Tracker/build/target_ekf
[22.461s] -- Install configuration: ""
[22.462s] -- Up-to-date: /mpc/new/Elastic-Tracker/install/target_ekf/lib/target_ekf/target_ekf_node
[22.463s] -- Installing: /mpc/new/Elastic-Tracker/install/target_ekf/lib/target_ekf/target_ekf_sim_node
[22.468s] -- Set runtime path of "/mpc/new/Elastic-Tracker/install/target_ekf/lib/target_ekf/target_ekf_sim_node" to ""
[22.468s] -- Up-to-date: /mpc/new/Elastic-Tracker/install/target_ekf/share/ament_index/resource_index/package_run_dependencies/target_ekf
[22.468s] -- Up-to-date: /mpc/new/Elastic-Tracker/install/target_ekf/share/ament_index/resource_index/parent_prefix_path/target_ekf
[22.469s] -- Up-to-date: /mpc/new/Elastic-Tracker/install/target_ekf/share/target_ekf/environment/ament_prefix_path.sh
[22.469s] -- Up-to-date: /mpc/new/Elastic-Tracker/install/target_ekf/share/target_ekf/environment/ament_prefix_path.dsv
[22.469s] -- Up-to-date: /mpc/new/Elastic-Tracker/install/target_ekf/share/target_ekf/environment/path.sh
[22.469s] -- Up-to-date: /mpc/new/Elastic-Tracker/install/target_ekf/share/target_ekf/environment/path.dsv
[22.469s] -- Up-to-date: /mpc/new/Elastic-Tracker/install/target_ekf/share/target_ekf/local_setup.bash
[22.469s] -- Up-to-date: /mpc/new/Elastic-Tracker/install/target_ekf/share/target_ekf/local_setup.sh
[22.469s] -- Up-to-date: /mpc/new/Elastic-Tracker/install/target_ekf/share/target_ekf/local_setup.zsh
[22.469s] -- Up-to-date: /mpc/new/Elastic-Tracker/install/target_ekf/share/target_ekf/local_setup.dsv
[22.470s] -- Installing: /mpc/new/Elastic-Tracker/install/target_ekf/share/target_ekf/package.dsv
[22.470s] -- Up-to-date: /mpc/new/Elastic-Tracker/install/target_ekf/share/ament_index/resource_index/packages/target_ekf
[22.470s] -- Up-to-date: /mpc/new/Elastic-Tracker/install/target_ekf/share/target_ekf/cmake/target_ekfConfig.cmake
[22.470s] -- Up-to-date: /mpc/new/Elastic-Tracker/install/target_ekf/share/target_ekf/cmake/target_ekfConfig-version.cmake
[22.470s] -- Up-to-date: /mpc/new/Elastic-Tracker/install/target_ekf/share/target_ekf/package.xml
[22.471s] Invoked command in '/mpc/new/Elastic-Tracker/build/target_ekf' returned '0': CMAKE_PREFIX_PATH=/mpc/new/Elastic-Tracker/install/object_detection_msgs:/mpc/new/Elastic-Tracker/src/mapping/install/mapping:/mpc/new/Elastic-Tracker/install/target_ekf:/mpc/new/Elastic-Tracker/install/mapping:/mpc/new/Elastic-Tracker/install/quadrotor_msgs:/mpc/new/Elastic-Tracker/install/decomp_ros_msgs:/mpc/new/Elastic-Tracker/install/decomp_geometry:/mpc/new/Elastic-Tracker/install/decomp_basis:/opt/ros/humble LD_LIBRARY_PATH=/mpc/new/Elastic-Tracker/install/object_detection_msgs/lib:/mpc/new/Elastic-Tracker/src/mapping/install/mapping/lib:/mpc/new/Elastic-Tracker/install/mapping/lib:/mpc/new/Elastic-Tracker/install/quadrotor_msgs/lib:/mpc/new/Elastic-Tracker/install/decomp_ros_msgs/lib:/usr/local/lib:/usr/local/lib:/opt/ros/humble/opt/rviz_ogre_vendor/lib:/opt/ros/humble/lib/x86_64-linux-gnu:/opt/ros/humble/lib:/usr/lib:/new/px4-offboard_ws/src/acados/lib:/mpc/new/acados/lib /usr/bin/cmake --install /mpc/new/Elastic-Tracker/build/target_ekf
