[0.007s] Invoking command in '/mpc/new/Elastic-Tracker/build/decomp_ros_utils': AMENT_PREFIX_PATH=/mpc/new/Elastic-Tracker/install/decomp_ros_msgs:${AMENT_PREFIX_PATH} CMAKE_PREFIX_PATH=/mpc/new/Elastic-Tracker/install/decomp_ros_msgs:/opt/ros/humble LD_LIBRARY_PATH=/mpc/new/Elastic-Tracker/install/decomp_ros_msgs/lib:${LD_LIBRARY_PATH} PYTHONPATH=/mpc/new/Elastic-Tracker/install/decomp_ros_msgs/local/lib/python3.10/dist-packages:${PYTHONPATH} /usr/bin/cmake /mpc/new/Elastic-Tracker/src/planning/DecompROS/decomp_ros_utils -DCMAKE_INSTALL_PREFIX=/mpc/new/Elastic-Tracker/install/decomp_ros_utils
[0.050s] -- The C compiler identification is GNU 11.4.0
[0.096s] -- The CXX compiler identification is GNU 11.4.0
[0.102s] -- Detecting C compiler ABI info
[0.159s] -- Detecting C compiler ABI info - done
[0.171s] -- Check for working C compiler: /usr/bin/cc - skipped
[0.171s] -- Detecting C compile features
[0.172s] -- Detecting C compile features - done
[0.176s] -- Detecting CXX compiler ABI info
[0.246s] -- Detecting CXX compiler ABI info - done
[0.258s] -- Check for working CXX compiler: /usr/bin/c++ - skipped
[0.258s] -- Detecting CXX compile features
[0.259s] -- Detecting CXX compile features - done
[0.263s] -- Found ament_cmake: 1.3.11 (/opt/ros/humble/share/ament_cmake/cmake)
[0.422s] -- Found Python3: /usr/bin/python3 (found version "3.10.12") found components: Interpreter 
[0.513s] -- Found rclcpp: 16.0.11 (/opt/ros/humble/share/rclcpp/cmake)
[0.560s] -- Found rosidl_generator_c: 3.1.6 (/opt/ros/humble/share/rosidl_generator_c/cmake)
[0.567s] -- Found rosidl_adapter: 3.1.6 (/opt/ros/humble/share/rosidl_adapter/cmake)
[0.576s] -- Found rosidl_generator_cpp: 3.1.6 (/opt/ros/humble/share/rosidl_generator_cpp/cmake)
[0.589s] -- Using all available rosidl_typesupport_c: rosidl_typesupport_fastrtps_c;rosidl_typesupport_introspection_c
[0.606s] -- Using all available rosidl_typesupport_cpp: rosidl_typesupport_fastrtps_cpp;rosidl_typesupport_introspection_cpp
[0.655s] -- Found rmw_implementation_cmake: 6.1.2 (/opt/ros/humble/share/rmw_implementation_cmake/cmake)
[0.658s] -- Found rmw_cyclonedds_cpp: 1.3.4 (/opt/ros/humble/share/rmw_cyclonedds_cpp/cmake)
[0.681s] -- Using RMW implementation 'rmw_cyclonedds_cpp' as default
[0.691s] -- Looking for pthread.h
[0.751s] -- Looking for pthread.h - found
[0.751s] -- Performing Test CMAKE_HAVE_LIBC_PTHREAD
[0.813s] -- Performing Test CMAKE_HAVE_LIBC_PTHREAD - Success
[0.814s] -- Found Threads: TRUE  
[0.878s] -- Found pluginlib: 5.1.0 (/opt/ros/humble/share/pluginlib/cmake)
[0.911s] -- Found rviz_common: 11.2.14 (/opt/ros/humble/share/rviz_common/cmake)
[0.928s] -- Setting assimp_DIR to: '/opt/ros/humble/share/rviz_assimp_vendor/cmake/../../../opt/rviz_assimp_vendor/lib/cmake/assimp-4.1'
[0.939s] -- Setting OGRE_DIR to: '/opt/ros/humble/share/rviz_ogre_vendor/cmake/../../../opt/rviz_ogre_vendor/lib/OGRE/cmake'
[0.940s] -- Found OGRE
[0.940s] --   static     : OFF
[0.940s] --   components : HLMS;MeshLodGenerator;Overlay;Paging;Property;RTShaderSystem;Terrain;Volume
[0.940s] --   plugins    : Plugin_BSPSceneManager;Plugin_OctreeSceneManager;Plugin_PCZSceneManager;Plugin_ParticleFX;RenderSystem_GL;RenderSystem_GL3Plus;Codec_STBI
[0.940s] --   media      : /opt/ros/humble/opt/rviz_ogre_vendor/share/OGRE/Media
[0.940s] -- OGRE_LIBRARIES: OgreHLMS;OgreMeshLodGenerator;OgreOverlay;OgrePaging;OgreProperty;OgreRTShaderSystem;OgreTerrain;OgreVolume;OgreMain
[0.940s] -- OGRE_LIBRARY_DIRS: /opt/ros/humble/opt/rviz_ogre_vendor/lib
[0.941s] -- OGRE_PLUGINS: Plugin_BSPSceneManager;Plugin_OctreeSceneManager;Plugin_PCZSceneManager;Plugin_ParticleFX;RenderSystem_GL;RenderSystem_GL3Plus;Codec_STBI
[0.941s] -- OGRE_PLUGIN_DIR: /opt/ros/humble/opt/rviz_ogre_vendor/lib/OGRE
[0.941s] -- rviz_ogre_vendor::OgreOverlay for IMPORTED_LOCATION_RELEASE: /opt/ros/humble/opt/rviz_ogre_vendor/lib/libOgreOverlay.so
[0.941s] -- rviz_ogre_vendor::OgreOverlay for IMPORTED_LOCATION_DEBUG: /opt/ros/humble/opt/rviz_ogre_vendor/lib/libOgreOverlay.so
[0.941s] -- rviz_ogre_vendor::OgreMain for IMPORTED_LOCATION_RELEASE: /opt/ros/humble/opt/rviz_ogre_vendor/lib/libOgreMain.so
[0.941s] -- rviz_ogre_vendor::OgreMain for IMPORTED_LOCATION_DEBUG: /opt/ros/humble/opt/rviz_ogre_vendor/lib/libOgreMain.so
[0.960s] -- Found ZLIB: /usr/lib/x86_64-linux-gnu/libz.so (found version "1.2.11") 
[0.964s] -- Found OpenGL: /usr/lib/x86_64-linux-gnu/libOpenGL.so   
[1.026s] -- Found X11: /usr/include   
[1.027s] -- Looking for XOpenDisplay in /usr/lib/x86_64-linux-gnu/libX11.so;/usr/lib/x86_64-linux-gnu/libXext.so
[1.088s] -- Looking for XOpenDisplay in /usr/lib/x86_64-linux-gnu/libX11.so;/usr/lib/x86_64-linux-gnu/libXext.so - found
[1.088s] -- Looking for gethostbyname
[1.147s] -- Looking for gethostbyname - found
[1.147s] -- Looking for connect
[1.205s] -- Looking for connect - found
[1.205s] -- Looking for remove
[1.263s] -- Looking for remove - found
[1.263s] -- Looking for shmat
[1.320s] -- Looking for shmat - found
[1.320s] -- Looking for IceConnectionNumber in ICE
[1.380s] -- Looking for IceConnectionNumber in ICE - found
[1.463s] -- library: /usr/lib/x86_64-linux-gnu/libcurl.so
[1.521s] -- Found Eigen3: TRUE (found version "3.4.0") 
[1.521s] -- Ensuring Eigen3 include directory is part of orocos-kdl CMake target
[1.637s] -- Found decomp_ros_msgs: 0.0.0 (/mpc/new/Elastic-Tracker/install/decomp_ros_msgs/share/decomp_ros_msgs/cmake)
[1.667s] [31mCMake Error at CMakeLists.txt:16 (find_package):
[1.667s]   By not providing "Finddecomp_basis.cmake" in CMAKE_MODULE_PATH this project
[1.667s]   has asked CMake to find a package configuration file provided by
[1.667s]   "decomp_basis", but CMake did not find one.
[1.667s] 
[1.667s]   Could not find a package configuration file provided by "decomp_basis" with
[1.667s]   any of the following names:
[1.667s] 
[1.667s]     decomp_basisConfig.cmake
[1.667s]     decomp_basis-config.cmake
[1.667s] 
[1.667s]   Add the installation prefix of "decomp_basis" to CMAKE_PREFIX_PATH or set
[1.667s]   "decomp_basis_DIR" to a directory containing one of the above files.  If
[1.667s]   "decomp_basis" provides a separate development package or SDK, be sure it
[1.667s]   has been installed.
[1.668s] 
[1.668s] [0m
[1.668s] -- Configuring incomplete, errors occurred!
[1.668s] See also "/mpc/new/Elastic-Tracker/build/decomp_ros_utils/CMakeFiles/CMakeOutput.log".
[1.676s] Invoked command in '/mpc/new/Elastic-Tracker/build/decomp_ros_utils' returned '1': AMENT_PREFIX_PATH=/mpc/new/Elastic-Tracker/install/decomp_ros_msgs:${AMENT_PREFIX_PATH} CMAKE_PREFIX_PATH=/mpc/new/Elastic-Tracker/install/decomp_ros_msgs:/opt/ros/humble LD_LIBRARY_PATH=/mpc/new/Elastic-Tracker/install/decomp_ros_msgs/lib:${LD_LIBRARY_PATH} PYTHONPATH=/mpc/new/Elastic-Tracker/install/decomp_ros_msgs/local/lib/python3.10/dist-packages:${PYTHONPATH} /usr/bin/cmake /mpc/new/Elastic-Tracker/src/planning/DecompROS/decomp_ros_utils -DCMAKE_INSTALL_PREFIX=/mpc/new/Elastic-Tracker/install/decomp_ros_utils
