[01m[K/mpc/new/Elastic-Tracker/src/planning/DecompROS/decomp_ros_utils/src/objects/mesh_shape.cpp:[m[K In constructor ‘[01m[Krviz_rendering::objects::MeshShape::MeshShape(Ogre::SceneManager*, Ogre::SceneNode*)[m[K’:
[01m[K/mpc/new/Elastic-Tracker/src/planning/DecompROS/decomp_ros_utils/src/objects/mesh_shape.cpp:13:47:[m[K [01;31m[Kerror: [m[Kno matching function for call to ‘[01m[KOgre::ManualObject::ManualObject()[m[K’
   13 |   manual_object_.reset(new Ogre::ManualObject([01;31m[K)[m[K);
      |                                               [01;31m[K^[m[K
In file included from [01m[K/mpc/new/Elastic-Tracker/src/planning/DecompROS/decomp_ros_utils/include/rviz_rendering/objects/mesh_shape.hpp:7[m[K,
                 from [01m[K/mpc/new/Elastic-Tracker/src/planning/DecompROS/decomp_ros_utils/src/objects/mesh_shape.cpp:3[m[K:
[01m[K/usr/include/OGRE/OgreManualObject.h:109:17:[m[K [01;36m[Knote: [m[Kcandidate: ‘[01m[KOgre::ManualObject::ManualObject(const String&)[m[K’
  109 |                 [01;36m[KManualObject[m[K(const String& name);
      |                 [01;36m[K^~~~~~~~~~~~[m[K
[01m[K/usr/include/OGRE/OgreManualObject.h:109:17:[m[K [01;36m[Knote: [m[K  candidate expects 1 argument, 0 provided
[01m[K/usr/include/OGRE/OgreManualObject.h:106:27:[m[K [01;36m[Knote: [m[Kcandidate: ‘[01m[KOgre::ManualObject::ManualObject(const Ogre::ManualObject&)[m[K’
  106 |         class _OgreExport [01;36m[KManualObject[m[K : public MovableObject
      |                           [01;36m[K^~~~~~~~~~~~[m[K
[01m[K/usr/include/OGRE/OgreManualObject.h:106:27:[m[K [01;36m[Knote: [m[K  candidate expects 1 argument, 0 provided
[01m[K/mpc/new/Elastic-Tracker/src/planning/DecompROS/decomp_ros_utils/src/objects/mesh_shape.cpp:16:20:[m[K [01;31m[Kerror: [m[Kinvalid use of incomplete type ‘[01m[Kclass Ogre::SceneManager[m[K’
   16 |     : scene_manager[01;31m[K->[m[KgetRootSceneNode()->createChildSceneNode();
      |                    [01;31m[K^~[m[K
In file included from [01m[K/usr/include/OGRE/OgreSceneNode.h:31[m[K,
                 from [01m[K/mpc/new/Elastic-Tracker/src/planning/DecompROS/decomp_ros_utils/include/rviz_rendering/objects/mesh_shape.hpp:6[m[K,
                 from [01m[K/mpc/new/Elastic-Tracker/src/planning/DecompROS/decomp_ros_utils/src/objects/mesh_shape.cpp:3[m[K:
[01m[K/usr/include/OGRE/OgrePrerequisites.h:254:11:[m[K [01;36m[Knote: [m[Kforward declaration of ‘[01m[Kclass Ogre::SceneManager[m[K’
  254 |     class [01;36m[KSceneManager[m[K;
      |           [01;36m[K^~~~~~~~~~~~[m[K
gmake[2]: *** [CMakeFiles/decomp_rviz_plugins.dir/build.make:160: CMakeFiles/decomp_rviz_plugins.dir/src/objects/mesh_shape.cpp.o] Error 1
gmake[2]: *** Waiting for unfinished jobs....
In file included from [01m[K/mpc/new/Elastic-Tracker/src/planning/DecompROS/decomp_ros_utils/src/mesh_visual.cpp:1[m[K:
[01m[K/mpc/new/Elastic-Tracker/src/planning/DecompROS/decomp_ros_utils/include/decomp_rviz_plugins/mesh_visual.hpp:77:25:[m[K [01;31m[Kerror: [m[K‘[01m[Kvec_E[m[K’ does not name a type
   77 |   void setMessage(const [01;31m[Kvec_E[m[K<vec_Vec3f>& bds);
      |                         [01;31m[K^~~~~[m[K
[01m[K/mpc/new/Elastic-Tracker/src/planning/DecompROS/decomp_ros_utils/include/decomp_rviz_plugins/mesh_visual.hpp:77:30:[m[K [01;31m[Kerror: [m[Kexpected ‘[01m[K,[m[K’ or ‘[01m[K...[m[K’ before ‘[01m[K<[m[K’ token
   77 |   void setMessage(const vec_E[01;31m[K<[m[Kvec_Vec3f>& bds);
      |                              [01;31m[K^[m[K
[01m[K/mpc/new/Elastic-Tracker/src/planning/DecompROS/decomp_ros_utils/src/mesh_visual.cpp:22:35:[m[K [01;31m[Kerror: [m[K‘[01m[Kvec_E[m[K’ does not name a type
   22 | void MeshVisual::setMessage(const [01;31m[Kvec_E[m[K<vec_Vec3f> & bds)
      |                                   [01;31m[K^~~~~[m[K
[01m[K/mpc/new/Elastic-Tracker/src/planning/DecompROS/decomp_ros_utils/src/mesh_visual.cpp:22:40:[m[K [01;31m[Kerror: [m[Kexpected ‘[01m[K,[m[K’ or ‘[01m[K...[m[K’ before ‘[01m[K<[m[K’ token
   22 | void MeshVisual::setMessage(const vec_E[01;31m[K<[m[Kvec_Vec3f> & bds)
      |                                        [01;31m[K^[m[K
[01m[K/mpc/new/Elastic-Tracker/src/planning/DecompROS/decomp_ros_utils/src/mesh_visual.cpp:[m[K In member function ‘[01m[Kvoid decomp_rviz_plugins::MeshVisual::setMessage(int)[m[K’:
[01m[K/mpc/new/Elastic-Tracker/src/planning/DecompROS/decomp_ros_utils/src/mesh_visual.cpp:26:7:[m[K [01;31m[Kerror: [m[K‘[01m[Kbds[m[K’ was not declared in this scope
   26 |   if ([01;31m[Kbds[m[K.empty()) {
      |       [01;31m[K^~~[m[K
[01m[K/mpc/new/Elastic-Tracker/src/planning/DecompROS/decomp_ros_utils/src/mesh_visual.cpp:33:26:[m[K [01;31m[Kerror: [m[K‘[01m[Kbds[m[K’ was not declared in this scope
   33 |   for (auto const & vs : [01;31m[Kbds[m[K) {
      |                          [01;31m[K^~~[m[K
[01m[K/mpc/new/Elastic-Tracker/src/planning/DecompROS/decomp_ros_utils/src/mesh_visual.cpp:38:5:[m[K [01;31m[Kerror: [m[K‘[01m[KVec3f[m[K’ was not declared in this scope
   38 |     [01;31m[KVec3f[m[K p0 = vs[0], p1 = vs[1], p2 = vs[2];
      |     [01;31m[K^~~~~[m[K
[01m[K/mpc/new/Elastic-Tracker/src/planning/DecompROS/decomp_ros_utils/src/mesh_visual.cpp:39:10:[m[K [01;31m[Kerror: [m[Kexpected ‘[01m[K;[m[K’ before ‘[01m[Kn[m[K’
   39 |     Vec3f[01;31m[K [m[K[32m[Kn[m[K  = (p2 - p0).cross(p1 - p0).normalized();
      |          [01;31m[K^[m[K[32m[K~[m[K
      |          [32m[K;[m[K
[01m[K/mpc/new/Elastic-Tracker/src/planning/DecompROS/decomp_ros_utils/src/mesh_visual.cpp:40:20:[m[K [01;31m[Kerror: [m[K‘[01m[Kn[m[K’ was not declared in this scope; did you mean ‘[01m[Kyn[m[K’?
   40 |     if (std::isnan([01;31m[Kn[m[K(0))) {
      |                    [01;31m[K^[m[K
      |                    [32m[Kyn[m[K
[01m[K/mpc/new/Elastic-Tracker/src/planning/DecompROS/decomp_ros_utils/src/mesh_visual.cpp:44:26:[m[K [01;31m[Kerror: [m[K‘[01m[Kn[m[K’ was not declared in this scope; did you mean ‘[01m[Kyn[m[K’?
   44 |       static_cast<float>([01;31m[Kn[m[K(0)),
      |                          [01;31m[K^[m[K
      |                          [32m[Kyn[m[K
[01m[K/mpc/new/Elastic-Tracker/src/planning/DecompROS/decomp_ros_utils/src/mesh_visual.cpp:51:13:[m[K [01;31m[Kerror: [m[K‘[01m[KVec3f[m[K’ does not name a type
   51 |       const [01;31m[KVec3f[m[K & pt = vs[i];
      |             [01;31m[K^~~~~[m[K
[01m[K/mpc/new/Elastic-Tracker/src/planning/DecompROS/decomp_ros_utils/src/mesh_visual.cpp:53:28:[m[K [01;31m[Kerror: [m[K‘[01m[Kpt[m[K’ was not declared in this scope
   53 |         static_cast<float>([01;31m[Kpt[m[K(0)),
      |                            [01;31m[K^~[m[K
[01m[K/mpc/new/Elastic-Tracker/src/planning/DecompROS/decomp_ros_utils/src/mesh_visual.cpp:[m[K In member function ‘[01m[Kvoid decomp_rviz_plugins::MeshVisual::setColor(float, float, float, float)[m[K’:
[01m[K/mpc/new/Elastic-Tracker/src/planning/DecompROS/decomp_ros_utils/src/mesh_visual.cpp:80:9:[m[K [01;31m[Kerror: [m[K‘[01m[Kclass rviz_rendering::objects::MeshShape[m[K’ has no member named ‘[01m[KsetColor[m[K’
   80 |   obj_->[01;31m[KsetColor[m[K(r, g, b, a);
      |         [01;31m[K^~~~~~~~[m[K
gmake[2]: *** [CMakeFiles/decomp_rviz_plugins.dir/build.make:90: CMakeFiles/decomp_rviz_plugins.dir/src/mesh_visual.cpp.o] Error 1
In file included from [01m[K/mpc/new/Elastic-Tracker/src/planning/DecompROS/decomp_ros_utils/src/polyhedron_array_display.cpp:1[m[K:
[01m[K/mpc/new/Elastic-Tracker/src/planning/DecompROS/decomp_ros_utils/include/decomp_rviz_plugins/polyhedron_array_display.hpp:14:24:[m[K [01;31m[Kerror: [m[Kusing typedef-name ‘[01m[KOgre::Vector3[m[K’ after ‘[01m[Kclass[m[K’
   14 | namespace Ogre { class [01;31m[KVector3[m[K; class Quaternion; }
      |                        [01;31m[K^~~~~~~[m[K
In file included from [01m[K/opt/ros/humble/opt/rviz_ogre_vendor/include/OGRE/OgreSceneNode.h:36[m[K,
                 from [01m[K/opt/ros/humble/include/rviz_common/rviz_common/ros_topic_display.hpp:39[m[K,
                 from [01m[K/opt/ros/humble/include/rviz_common/rviz_common/message_filter_display.hpp:38[m[K,
                 from [01m[K/mpc/new/Elastic-Tracker/src/planning/DecompROS/decomp_ros_utils/include/decomp_rviz_plugins/polyhedron_array_display.hpp:7[m[K,
                 from [01m[K/mpc/new/Elastic-Tracker/src/planning/DecompROS/decomp_ros_utils/src/polyhedron_array_display.cpp:1[m[K:
[01m[K/opt/ros/humble/opt/rviz_ogre_vendor/include/OGRE/OgrePrerequisites.h:259:29:[m[K [01;36m[Knote: [m[K‘[01m[KOgre::Vector3[m[K’ has a previous declaration here
  259 |     typedef Vector<3, Real> [01;36m[KVector3[m[K;
      |                             [01;36m[K^~~~~~~[m[K
In file included from [01m[K/mpc/new/Elastic-Tracker/src/planning/DecompROS/decomp_ros_utils/src/polyhedron_array_display.cpp:1[m[K:
[01m[K/mpc/new/Elastic-Tracker/src/planning/DecompROS/decomp_ros_utils/include/decomp_rviz_plugins/polyhedron_array_display.hpp:50:19:[m[K [01;31m[Kerror: [m[K‘[01m[KMeshVisual[m[K’ was not declared in this scope
   50 |   std::shared_ptr<[01;31m[KMeshVisual[m[K>   visual_mesh_;
      |                   [01;31m[K^~~~~~~~~~[m[K
[01m[K/mpc/new/Elastic-Tracker/src/planning/DecompROS/decomp_ros_utils/include/decomp_rviz_plugins/polyhedron_array_display.hpp:50:29:[m[K [01;31m[Kerror: [m[Ktemplate argument 1 is invalid
   50 |   std::shared_ptr<MeshVisual[01;31m[K>[m[K   visual_mesh_;
      |                             [01;31m[K^[m[K
[01m[K/mpc/new/Elastic-Tracker/src/planning/DecompROS/decomp_ros_utils/include/decomp_rviz_plugins/polyhedron_array_display.hpp:51:19:[m[K [01;31m[Kerror: [m[K‘[01m[KBoundVisual[m[K’ was not declared in this scope
   51 |   std::shared_ptr<[01;31m[KBoundVisual[m[K>  visual_bound_;
      |                   [01;31m[K^~~~~~~~~~~[m[K
[01m[K/mpc/new/Elastic-Tracker/src/planning/DecompROS/decomp_ros_utils/include/decomp_rviz_plugins/polyhedron_array_display.hpp:51:30:[m[K [01;31m[Kerror: [m[Ktemplate argument 1 is invalid
   51 |   std::shared_ptr<BoundVisual[01;31m[K>[m[K  visual_bound_;
      |                              [01;31m[K^[m[K
[01m[K/mpc/new/Elastic-Tracker/src/planning/DecompROS/decomp_ros_utils/include/decomp_rviz_plugins/polyhedron_array_display.hpp:52:19:[m[K [01;31m[Kerror: [m[K‘[01m[KVectorVisual[m[K’ was not declared in this scope
   52 |   std::shared_ptr<[01;31m[KVectorVisual[m[K> visual_vector_;
      |                   [01;31m[K^~~~~~~~~~~~[m[K
[01m[K/mpc/new/Elastic-Tracker/src/planning/DecompROS/decomp_ros_utils/include/decomp_rviz_plugins/polyhedron_array_display.hpp:52:31:[m[K [01;31m[Kerror: [m[Ktemplate argument 1 is invalid
   52 |   std::shared_ptr<VectorVisual[01;31m[K>[m[K visual_vector_;
      |                               [01;31m[K^[m[K
[01m[K/mpc/new/Elastic-Tracker/src/planning/DecompROS/decomp_ros_utils/include/decomp_rviz_plugins/polyhedron_array_display.hpp:68:3:[m[K [01;31m[Kerror: [m[K‘[01m[Kvec_E[m[K’ does not name a type
   68 |   [01;31m[Kvec_E[m[K<vec_Vec3f> vertices_;
      |   [01;31m[K^~~~~[m[K
[01m[K/mpc/new/Elastic-Tracker/src/planning/DecompROS/decomp_ros_utils/include/decomp_rviz_plugins/polyhedron_array_display.hpp:69:3:[m[K [01;31m[Kerror: [m[K‘[01m[Kvec_E[m[K’ does not name a type
   69 |   [01;31m[Kvec_E[m[K<std::pair<Vec3f, Vec3f>> vs_;
      |   [01;31m[K^~~~~[m[K
In file included from [01m[K/mpc/new/Elastic-Tracker/src/planning/DecompROS/decomp_ros_utils/src/polyhedron_array_display.cpp:2[m[K:
[01m[K/mpc/new/Elastic-Tracker/src/planning/DecompROS/decomp_ros_utils/include/decomp_rviz_plugins/mesh_visual.hpp:77:25:[m[K [01;31m[Kerror: [m[K‘[01m[Kvec_E[m[K’ does not name a type
   77 |   void setMessage(const [01;31m[Kvec_E[m[K<vec_Vec3f>& bds);
      |                         [01;31m[K^~~~~[m[K
[01m[K/mpc/new/Elastic-Tracker/src/planning/DecompROS/decomp_ros_utils/include/decomp_rviz_plugins/mesh_visual.hpp:77:30:[m[K [01;31m[Kerror: [m[Kexpected ‘[01m[K,[m[K’ or ‘[01m[K...[m[K’ before ‘[01m[K<[m[K’ token
   77 |   void setMessage(const vec_E[01;31m[K<[m[Kvec_Vec3f>& bds);
      |                              [01;31m[K^[m[K
In file included from [01m[K/mpc/new/Elastic-Tracker/src/planning/DecompROS/decomp_ros_utils/include/rviz_common/frame_manager.hpp:7[m[K,
                 from [01m[K/mpc/new/Elastic-Tracker/src/planning/DecompROS/decomp_ros_utils/src/ellipsoid_array_display.cpp:10[m[K:
[01m[K/usr/include/OGRE/OgreVector3.h:51:23:[m[K [01;31m[Kerror: [m[Kusing typedef-name ‘[01m[KOgre::Vector3[m[K’ after ‘[01m[Kclass[m[K’
   51 |     class _OgreExport [01;31m[KVector3[m[K
      |                       [01;31m[K^~~~~~~[m[K
In file included from [01m[K/opt/ros/humble/opt/rviz_ogre_vendor/include/OGRE/OgreSceneNode.h:36[m[K,
                 from [01m[K/opt/ros/humble/include/rviz_common/rviz_common/ros_topic_display.hpp:39[m[K,
                 from [01m[K/opt/ros/humble/include/rviz_common/rviz_common/message_filter_display.hpp:38[m[K,
                 from [01m[K/mpc/new/Elastic-Tracker/src/planning/DecompROS/decomp_ros_utils/include/decomp_rviz_plugins/ellipsoid_array_display.hpp:6[m[K,
                 from [01m[K/mpc/new/Elastic-Tracker/src/planning/DecompROS/decomp_ros_utils/src/ellipsoid_array_display.cpp:1[m[K:
[01m[K/opt/ros/humble/opt/rviz_ogre_vendor/include/OGRE/OgrePrerequisites.h:259:29:[m[K [01;36m[Knote: [m[K‘[01m[KOgre::Vector3[m[K’ has a previous declaration here
  259 |     typedef Vector<3, Real> [01;36m[KVector3[m[K;
      |                             [01;36m[K^~~~~~~[m[K
[01m[K/mpc/new/Elastic-Tracker/src/planning/DecompROS/decomp_ros_utils/src/ellipsoid_array_display.cpp:[m[K In member function ‘[01m[Kvirtual void decomp_rviz_plugins::EllipsoidArrayDisplay::processMessage(decomp_ros_msgs::msg::EllipsoidArray_<std::allocator<void> >::ConstSharedPtr)[m[K’:
[01m[K/mpc/new/Elastic-Tracker/src/planning/DecompROS/decomp_ros_utils/src/ellipsoid_array_display.cpp:65:28:[m[K [01;31m[Kerror: [m[Kcannot convert ‘[01m[Kconst _ellipsoids_type[m[K’ {aka ‘[01m[Kconst std::vector<decomp_ros_msgs::msg::Ellipsoid_<std::allocator<void> >, std::allocator<decomp_ros_msgs::msg::Ellipsoid_<std::allocator<void> > > >[m[K’} to ‘[01m[Kdecomp_ros_msgs::msg::EllipsoidArray_<std::allocator<void> >::ConstSharedPtr[m[K’ {aka ‘[01m[Kstd::shared_ptr<const decomp_ros_msgs::msg::EllipsoidArray_<std::allocator<void> > >[m[K’}
   65 |   visual_->setMessage([01;31m[Kmsg->ellipsoids[m[K);
      |                       [01;31m[K~~~~~^~~~~~~~~~[m[K
      |                            [01;31m[K|[m[K
      |                            [01;31m[Kconst _ellipsoids_type {aka const std::vector<decomp_ros_msgs::msg::Ellipsoid_<std::allocator<void> >, std::allocator<decomp_ros_msgs::msg::Ellipsoid_<std::allocator<void> > > >}[m[K
In file included from [01m[K/mpc/new/Elastic-Tracker/src/planning/DecompROS/decomp_ros_utils/src/ellipsoid_array_display.cpp:3[m[K:
[01m[K/mpc/new/Elastic-Tracker/src/planning/DecompROS/decomp_ros_utils/include/decomp_rviz_plugins/ellipsoid_array_visual.hpp:28:72:[m[K [01;36m[Knote: [m[K  initializing argument 1 of ‘[01m[Kvoid decomp_rviz_plugins::EllipsoidArrayVisual::setMessage(decomp_ros_msgs::msg::EllipsoidArray_<std::allocator<void> >::ConstSharedPtr)[m[K’
   28 |   void setMessage([01;36m[Kdecomp_ros_msgs::msg::EllipsoidArray::ConstSharedPtr msg[m[K);
      |                   [01;36m[K~~~~~~~~~~~~~~~~~~~~~~~~~~~~~~~~~~~~~~~~~~~~~~~~~~~~~^~~[m[K
In file included from [01m[K/mpc/new/Elastic-Tracker/src/planning/DecompROS/decomp_ros_utils/src/polyhedron_array_display.cpp:4[m[K:
[01m[K/mpc/new/Elastic-Tracker/src/planning/DecompROS/decomp_ros_utils/include/decomp_rviz_plugins/vector_visual.hpp:14:7:[m[K [01;31m[Kerror: [m[Kconflicting declaration ‘[01m[Kusing Vec3f = Eigen::Vector3f[m[K’
   14 | using [01;31m[KVec3f[m[K = Eigen::Vector3f;
      |       [01;31m[K^~~~~[m[K
In file included from [01m[K/mpc/new/Elastic-Tracker/src/planning/DecompROS/decomp_ros_utils/include/decomp_rviz_plugins/bound_visual.hpp:9[m[K,
                 from [01m[K/mpc/new/Elastic-Tracker/src/planning/DecompROS/decomp_ros_utils/src/polyhedron_array_display.cpp:3[m[K:
[01m[K/mpc/new/Elastic-Tracker/install/decomp_basis/include/decomp_basis/data_type.h:79:17:[m[K [01;36m[Knote: [m[Kprevious declaration as ‘[01m[Ktypedef Vecf<3> Vec3f[m[K’
   79 | typedef Vecf<3> [01;36m[KVec3f[m[K;
      |                 [01;36m[K^~~~~[m[K
In file included from [01m[K/mpc/new/Elastic-Tracker/src/planning/DecompROS/decomp_ros_utils/include/rviz_common/frame_manager.hpp:7[m[K,
                 from [01m[K/mpc/new/Elastic-Tracker/src/planning/DecompROS/decomp_ros_utils/src/polyhedron_array_display.cpp:5[m[K:
[01m[K/usr/include/OGRE/OgreVector3.h:51:23:[m[K [01;31m[Kerror: [m[Kusing typedef-name ‘[01m[KOgre::Vector3[m[K’ after ‘[01m[Kclass[m[K’
   51 |     class _OgreExport [01;31m[KVector3[m[K
      |                       [01;31m[K^~~~~~~[m[K
In file included from [01m[K/opt/ros/humble/opt/rviz_ogre_vendor/include/OGRE/OgreSceneNode.h:36[m[K,
                 from [01m[K/opt/ros/humble/include/rviz_common/rviz_common/ros_topic_display.hpp:39[m[K,
                 from [01m[K/opt/ros/humble/include/rviz_common/rviz_common/message_filter_display.hpp:38[m[K,
                 from [01m[K/mpc/new/Elastic-Tracker/src/planning/DecompROS/decomp_ros_utils/include/decomp_rviz_plugins/polyhedron_array_display.hpp:7[m[K,
                 from [01m[K/mpc/new/Elastic-Tracker/src/planning/DecompROS/decomp_ros_utils/src/polyhedron_array_display.cpp:1[m[K:
[01m[K/opt/ros/humble/opt/rviz_ogre_vendor/include/OGRE/OgrePrerequisites.h:259:29:[m[K [01;36m[Knote: [m[K‘[01m[KOgre::Vector3[m[K’ has a previous declaration here
  259 |     typedef Vector<3, Real> [01;36m[KVector3[m[K;
      |                             [01;36m[K^~~~~~~[m[K
[01m[K/mpc/new/Elastic-Tracker/src/planning/DecompROS/decomp_ros_utils/src/polyhedron_array_display.cpp:[m[K In member function ‘[01m[Kvirtual void decomp_rviz_plugins::PolyhedronArrayDisplay::reset()[m[K’:
[01m[K/mpc/new/Elastic-Tracker/src/planning/DecompROS/decomp_ros_utils/src/polyhedron_array_display.cpp:57:16:[m[K [01;31m[Kerror: [m[Krequest for member ‘[01m[Kreset[m[K’ in ‘[01m[K((decomp_rviz_plugins::PolyhedronArrayDisplay*)this)->decomp_rviz_plugins::PolyhedronArrayDisplay::visual_mesh_[m[K’, which is of non-class type ‘[01m[Kint[m[K’
   57 |   visual_mesh_.[01;31m[Kreset[m[K();
      |                [01;31m[K^~~~~[m[K
[01m[K/mpc/new/Elastic-Tracker/src/planning/DecompROS/decomp_ros_utils/src/polyhedron_array_display.cpp:58:17:[m[K [01;31m[Kerror: [m[Krequest for member ‘[01m[Kreset[m[K’ in ‘[01m[K((decomp_rviz_plugins::PolyhedronArrayDisplay*)this)->decomp_rviz_plugins::PolyhedronArrayDisplay::visual_bound_[m[K’, which is of non-class type ‘[01m[Kint[m[K’
   58 |   visual_bound_.[01;31m[Kreset[m[K();
      |                 [01;31m[K^~~~~[m[K
[01m[K/mpc/new/Elastic-Tracker/src/planning/DecompROS/decomp_ros_utils/src/polyhedron_array_display.cpp:59:18:[m[K [01;31m[Kerror: [m[Krequest for member ‘[01m[Kreset[m[K’ in ‘[01m[K((decomp_rviz_plugins::PolyhedronArrayDisplay*)this)->decomp_rviz_plugins::PolyhedronArrayDisplay::visual_vector_[m[K’, which is of non-class type ‘[01m[Kint[m[K’
   59 |   visual_vector_.[01;31m[Kreset[m[K();
      |                  [01;31m[K^~~~~[m[K
[01m[K/mpc/new/Elastic-Tracker/src/planning/DecompROS/decomp_ros_utils/src/polyhedron_array_display.cpp:[m[K In member function ‘[01m[Kvirtual void decomp_rviz_plugins::PolyhedronArrayDisplay::processMessage(decomp_ros_msgs::msg::PolyhedronArray_<std::allocator<void> >::ConstSharedPtr)[m[K’:
[01m[K/mpc/new/Elastic-Tracker/src/planning/DecompROS/decomp_ros_utils/src/polyhedron_array_display.cpp:73:3:[m[K [01;31m[Kerror: [m[K‘[01m[Kvertices_[m[K’ was not declared in this scope
   73 |   [01;31m[Kvertices_[m[K.clear();
      |   [01;31m[K^~~~~~~~~[m[K
[01m[K/mpc/new/Elastic-Tracker/src/planning/DecompROS/decomp_ros_utils/src/polyhedron_array_display.cpp:74:3:[m[K [01;31m[Kerror: [m[K‘[01m[Kvs_[m[K’ was not declared in this scope
   74 |   [01;31m[Kvs_[m[K.clear();
      |   [01;31m[K^~~[m[K
[01m[K/mpc/new/Elastic-Tracker/src/planning/DecompROS/decomp_ros_utils/src/polyhedron_array_display.cpp:76:16:[m[K [01;31m[Kerror: [m[K‘[01m[KDecompROS[m[K’ has not been declared
   76 |   auto polys = [01;31m[KDecompROS[m[K::ros_to_polyhedron_array(*msg);
      |                [01;31m[K^~~~~~~~~[m[K
[01m[K/mpc/new/Elastic-Tracker/src/planning/DecompROS/decomp_ros_utils/src/polyhedron_array_display.cpp:78:16:[m[K [01;31m[Kerror: [m[K‘[01m[Kcal_vertices[m[K’ was not declared in this scope
   78 |     auto bds = [01;31m[Kcal_vertices[m[K(poly);
      |                [01;31m[K^~~~~~~~~~~~[m[K
[01m[K/mpc/new/Elastic-Tracker/src/planning/DecompROS/decomp_ros_utils/src/polyhedron_array_display.cpp:[m[K In member function ‘[01m[Kvoid decomp_rviz_plugins::PolyhedronArrayDisplay::visualizeMesh()[m[K’:
[01m[K/mpc/new/Elastic-Tracker/src/planning/DecompROS/decomp_ros_utils/src/polyhedron_array_display.cpp:90:46:[m[K [01;31m[Kerror: [m[Kcannot convert ‘[01m[Kstd::shared_ptr<decomp_rviz_plugins::MeshVisual>[m[K’ to ‘[01m[Kint[m[K’ in assignment
   90 |   visual_mesh_ = [01;31m[Kstd::make_shared<MeshVisual>([m[K
      |                  [01;31m[K~~~~~~~~~~~~~~~~~~~~~~~~~~~~^[m[K
      |                                              [01;31m[K|[m[K
      |                                              [01;31m[Kstd::shared_ptr<decomp_rviz_plugins::MeshVisual>[m[K
   91 | [01;31m[K    context_->getSceneManager(), scene_node_)[m[K;
      |     [01;31m[K~~~~~~~~~~~~~~~~~~~~~~~~~~~~~~~~~~~~~~~~~[m[K 
[01m[K/mpc/new/Elastic-Tracker/src/planning/DecompROS/decomp_ros_utils/src/polyhedron_array_display.cpp:92:15:[m[K [01;31m[Kerror: [m[Kbase operand of ‘[01m[K->[m[K’ is not a pointer
   92 |   visual_mesh_[01;31m[K->[m[KsetMessage(vertices_);
      |               [01;31m[K^~[m[K
[01m[K/mpc/new/Elastic-Tracker/src/planning/DecompROS/decomp_ros_utils/src/polyhedron_array_display.cpp:92:28:[m[K [01;31m[Kerror: [m[K‘[01m[Kvertices_[m[K’ was not declared in this scope
   92 |   visual_mesh_->setMessage([01;31m[Kvertices_[m[K);
      |                            [01;31m[K^~~~~~~~~[m[K
[01m[K/mpc/new/Elastic-Tracker/src/planning/DecompROS/decomp_ros_utils/src/polyhedron_array_display.cpp:93:15:[m[K [01;31m[Kerror: [m[Kbase operand of ‘[01m[K->[m[K’ is not a pointer
   93 |   visual_mesh_[01;31m[K->[m[KsetFramePosition(position_);
      |               [01;31m[K^~[m[K
[01m[K/mpc/new/Elastic-Tracker/src/planning/DecompROS/decomp_ros_utils/src/polyhedron_array_display.cpp:94:15:[m[K [01;31m[Kerror: [m[Kbase operand of ‘[01m[K->[m[K’ is not a pointer
   94 |   visual_mesh_[01;31m[K->[m[KsetFrameOrientation(orientation_);
      |               [01;31m[K^~[m[K
[01m[K/mpc/new/Elastic-Tracker/src/planning/DecompROS/decomp_ros_utils/src/polyhedron_array_display.cpp:97:15:[m[K [01;31m[Kerror: [m[Kbase operand of ‘[01m[K->[m[K’ is not a pointer
   97 |   visual_mesh_[01;31m[K->[m[KsetColor(c.r, c.g, c.b, alpha);
      |               [01;31m[K^~[m[K
[01m[K/mpc/new/Elastic-Tracker/src/planning/DecompROS/decomp_ros_utils/src/polyhedron_array_display.cpp:[m[K In member function ‘[01m[Kvoid decomp_rviz_plugins::PolyhedronArrayDisplay::visualizeBound()[m[K’:
[01m[K/mpc/new/Elastic-Tracker/src/planning/DecompROS/decomp_ros_utils/src/polyhedron_array_display.cpp:102:48:[m[K [01;31m[Kerror: [m[Kcannot convert ‘[01m[Kstd::shared_ptr<decomp_rviz_plugins::BoundVisual>[m[K’ to ‘[01m[Kint[m[K’ in assignment
  102 |   visual_bound_ = [01;31m[Kstd::make_shared<BoundVisual>([m[K
      |                   [01;31m[K~~~~~~~~~~~~~~~~~~~~~~~~~~~~~^[m[K
      |                                                [01;31m[K|[m[K
      |                                                [01;31m[Kstd::shared_ptr<decomp_rviz_plugins::BoundVisual>[m[K
  103 | [01;31m[K    context_->getSceneManager(), scene_node_)[m[K;
      |     [01;31m[K~~~~~~~~~~~~~~~~~~~~~~~~~~~~~~~~~~~~~~~~~[m[K   
[01m[K/mpc/new/Elastic-Tracker/src/planning/DecompROS/decomp_ros_utils/src/polyhedron_array_display.cpp:104:16:[m[K [01;31m[Kerror: [m[Kbase operand of ‘[01m[K->[m[K’ is not a pointer
  104 |   visual_bound_[01;31m[K->[m[KsetMessage(vertices_);
      |                [01;31m[K^~[m[K
[01m[K/mpc/new/Elastic-Tracker/src/planning/DecompROS/decomp_ros_utils/src/polyhedron_array_display.cpp:104:29:[m[K [01;31m[Kerror: [m[K‘[01m[Kvertices_[m[K’ was not declared in this scope
  104 |   visual_bound_->setMessage([01;31m[Kvertices_[m[K);
      |                             [01;31m[K^~~~~~~~~[m[K
[01m[K/mpc/new/Elastic-Tracker/src/planning/DecompROS/decomp_ros_utils/src/polyhedron_array_display.cpp:105:16:[m[K [01;31m[Kerror: [m[Kbase operand of ‘[01m[K->[m[K’ is not a pointer
  105 |   visual_bound_[01;31m[K->[m[KsetFramePosition(position_);
      |                [01;31m[K^~[m[K
[01m[K/mpc/new/Elastic-Tracker/src/planning/DecompROS/decomp_ros_utils/src/polyhedron_array_display.cpp:106:16:[m[K [01;31m[Kerror: [m[Kbase operand of ‘[01m[K->[m[K’ is not a pointer
  106 |   visual_bound_[01;31m[K->[m[KsetFrameOrientation(orientation_);
      |                [01;31m[K^~[m[K
[01m[K/mpc/new/Elastic-Tracker/src/planning/DecompROS/decomp_ros_utils/src/polyhedron_array_display.cpp:108:16:[m[K [01;31m[Kerror: [m[Kbase operand of ‘[01m[K->[m[K’ is not a pointer
  108 |   visual_bound_[01;31m[K->[m[KsetColor(c.r, c.g, c.b, 1.0f);
      |                [01;31m[K^~[m[K
[01m[K/mpc/new/Elastic-Tracker/src/planning/DecompROS/decomp_ros_utils/src/polyhedron_array_display.cpp:109:16:[m[K [01;31m[Kerror: [m[Kbase operand of ‘[01m[K->[m[K’ is not a pointer
  109 |   visual_bound_[01;31m[K->[m[KsetScale(scale_property_->getFloat());
      |                [01;31m[K^~[m[K
[01m[K/mpc/new/Elastic-Tracker/src/planning/DecompROS/decomp_ros_utils/src/polyhedron_array_display.cpp:[m[K In member function ‘[01m[Kvoid decomp_rviz_plugins::PolyhedronArrayDisplay::visualizeVs()[m[K’:
[01m[K/mpc/new/Elastic-Tracker/src/planning/DecompROS/decomp_ros_utils/src/polyhedron_array_display.cpp:114:50:[m[K [01;31m[Kerror: [m[Kcannot convert ‘[01m[Kstd::shared_ptr<decomp_rviz_plugins::VectorVisual>[m[K’ to ‘[01m[Kint[m[K’ in assignment
  114 |   visual_vector_ = [01;31m[Kstd::make_shared<VectorVisual>([m[K
      |                    [01;31m[K~~~~~~~~~~~~~~~~~~~~~~~~~~~~~~^[m[K
      |                                                  [01;31m[K|[m[K
      |                                                  [01;31m[Kstd::shared_ptr<decomp_rviz_plugins::VectorVisual>[m[K
  115 | [01;31m[K    context_->getSceneManager(), scene_node_)[m[K;
      |     [01;31m[K~~~~~~~~~~~~~~~~~~~~~~~~~~~~~~~~~~~~~~~~~[m[K     
[01m[K/mpc/new/Elastic-Tracker/src/planning/DecompROS/decomp_ros_utils/src/polyhedron_array_display.cpp:116:17:[m[K [01;31m[Kerror: [m[Kbase operand of ‘[01m[K->[m[K’ is not a pointer
  116 |   visual_vector_[01;31m[K->[m[KsetMessage(vs_);
      |                 [01;31m[K^~[m[K
[01m[K/mpc/new/Elastic-Tracker/src/planning/DecompROS/decomp_ros_utils/src/polyhedron_array_display.cpp:116:30:[m[K [01;31m[Kerror: [m[K‘[01m[Kvs_[m[K’ was not declared in this scope
  116 |   visual_vector_->setMessage([01;31m[Kvs_[m[K);
      |                              [01;31m[K^~~[m[K
[01m[K/mpc/new/Elastic-Tracker/src/planning/DecompROS/decomp_ros_utils/src/polyhedron_array_display.cpp:117:17:[m[K [01;31m[Kerror: [m[Kbase operand of ‘[01m[K->[m[K’ is not a pointer
  117 |   visual_vector_[01;31m[K->[m[KsetFramePosition(position_);
      |                 [01;31m[K^~[m[K
[01m[K/mpc/new/Elastic-Tracker/src/planning/DecompROS/decomp_ros_utils/src/polyhedron_array_display.cpp:118:17:[m[K [01;31m[Kerror: [m[Kbase operand of ‘[01m[K->[m[K’ is not a pointer
  118 |   visual_vector_[01;31m[K->[m[KsetFrameOrientation(orientation_);
      |                 [01;31m[K^~[m[K
[01m[K/mpc/new/Elastic-Tracker/src/planning/DecompROS/decomp_ros_utils/src/polyhedron_array_display.cpp:120:17:[m[K [01;31m[Kerror: [m[Kbase operand of ‘[01m[K->[m[K’ is not a pointer
  120 |   visual_vector_[01;31m[K->[m[KsetColor(c.r, c.g, c.b, 1.0f);
      |                 [01;31m[K^~[m[K
[01m[K/mpc/new/Elastic-Tracker/src/planning/DecompROS/decomp_ros_utils/src/polyhedron_array_display.cpp:121:17:[m[K [01;31m[Kerror: [m[Kbase operand of ‘[01m[K->[m[K’ is not a pointer
  121 |   visual_vector_[01;31m[K->[m[KsetScale(vs_scale_property_->getFloat());
      |                 [01;31m[K^~[m[K
[01m[K/mpc/new/Elastic-Tracker/src/planning/DecompROS/decomp_ros_utils/src/polyhedron_array_display.cpp:[m[K In member function ‘[01m[Kvoid decomp_rviz_plugins::PolyhedronArrayDisplay::visualizeMessage(int)[m[K’:
[01m[K/mpc/new/Elastic-Tracker/src/planning/DecompROS/decomp_ros_utils/src/polyhedron_array_display.cpp:127:27:[m[K [01;31m[Kerror: [m[Krequest for member ‘[01m[Kreset[m[K’ in ‘[01m[K((decomp_rviz_plugins::PolyhedronArrayDisplay*)this)->decomp_rviz_plugins::PolyhedronArrayDisplay::visual_bound_[m[K’, which is of non-class type ‘[01m[Kint[m[K’
  127 |     case 0: visual_bound_.[01;31m[Kreset[m[K(); visual_vector_.reset(); visualizeMesh(); break;
      |                           [01;31m[K^~~~~[m[K
[01m[K/mpc/new/Elastic-Tracker/src/planning/DecompROS/decomp_ros_utils/src/polyhedron_array_display.cpp:127:51:[m[K [01;31m[Kerror: [m[Krequest for member ‘[01m[Kreset[m[K’ in ‘[01m[K((decomp_rviz_plugins::PolyhedronArrayDisplay*)this)->decomp_rviz_plugins::PolyhedronArrayDisplay::visual_vector_[m[K’, which is of non-class type ‘[01m[Kint[m[K’
  127 |     case 0: visual_bound_.reset(); visual_vector_.[01;31m[Kreset[m[K(); visualizeMesh(); break;
      |                                                   [01;31m[K^~~~~[m[K
[01m[K/mpc/new/Elastic-Tracker/src/planning/DecompROS/decomp_ros_utils/src/polyhedron_array_display.cpp:128:26:[m[K [01;31m[Kerror: [m[Krequest for member ‘[01m[Kreset[m[K’ in ‘[01m[K((decomp_rviz_plugins::PolyhedronArrayDisplay*)this)->decomp_rviz_plugins::PolyhedronArrayDisplay::visual_mesh_[m[K’, which is of non-class type ‘[01m[Kint[m[K’
  128 |     case 1: visual_mesh_.[01;31m[Kreset[m[K(); visual_vector_.reset(); visualizeBound(); break;
      |                          [01;31m[K^~~~~[m[K
[01m[K/mpc/new/Elastic-Tracker/src/planning/DecompROS/decomp_ros_utils/src/polyhedron_array_display.cpp:128:50:[m[K [01;31m[Kerror: [m[Krequest for member ‘[01m[Kreset[m[K’ in ‘[01m[K((decomp_rviz_plugins::PolyhedronArrayDisplay*)this)->decomp_rviz_plugins::PolyhedronArrayDisplay::visual_vector_[m[K’, which is of non-class type ‘[01m[Kint[m[K’
  128 |     case 1: visual_mesh_.reset(); visual_vector_.[01;31m[Kreset[m[K(); visualizeBound(); break;
      |                                                  [01;31m[K^~~~~[m[K
[01m[K/mpc/new/Elastic-Tracker/src/planning/DecompROS/decomp_ros_utils/src/polyhedron_array_display.cpp:129:28:[m[K [01;31m[Kerror: [m[Krequest for member ‘[01m[Kreset[m[K’ in ‘[01m[K((decomp_rviz_plugins::PolyhedronArrayDisplay*)this)->decomp_rviz_plugins::PolyhedronArrayDisplay::visual_vector_[m[K’, which is of non-class type ‘[01m[Kint[m[K’
  129 |     case 2: visual_vector_.[01;31m[Kreset[m[K(); visualizeMesh(); visualizeBound(); break;
      |                            [01;31m[K^~~~~[m[K
[01m[K/mpc/new/Elastic-Tracker/src/planning/DecompROS/decomp_ros_utils/src/polyhedron_array_display.cpp:[m[K In member function ‘[01m[Kvoid decomp_rviz_plugins::PolyhedronArrayDisplay::updateMeshColorAndAlpha()[m[K’:
[01m[K/mpc/new/Elastic-Tracker/src/planning/DecompROS/decomp_ros_utils/src/polyhedron_array_display.cpp:139:17:[m[K [01;31m[Kerror: [m[Kbase operand of ‘[01m[K->[m[K’ is not a pointer
  139 |     visual_mesh_[01;31m[K->[m[KsetColor(c.r, c.g, c.b, a);
      |                 [01;31m[K^~[m[K
[01m[K/mpc/new/Elastic-Tracker/src/planning/DecompROS/decomp_ros_utils/src/polyhedron_array_display.cpp:[m[K In member function ‘[01m[Kvoid decomp_rviz_plugins::PolyhedronArrayDisplay::updateBoundColorAndAlpha()[m[K’:
[01m[K/mpc/new/Elastic-Tracker/src/planning/DecompROS/decomp_ros_utils/src/polyhedron_array_display.cpp:147:18:[m[K [01;31m[Kerror: [m[Kbase operand of ‘[01m[K->[m[K’ is not a pointer
  147 |     visual_bound_[01;31m[K->[m[KsetColor(c.r, c.g, c.b, 1.0f);
      |                  [01;31m[K^~[m[K
[01m[K/mpc/new/Elastic-Tracker/src/planning/DecompROS/decomp_ros_utils/src/polyhedron_array_display.cpp:[m[K In member function ‘[01m[Kvoid decomp_rviz_plugins::PolyhedronArrayDisplay::updateVsColorAndAlpha()[m[K’:
[01m[K/mpc/new/Elastic-Tracker/src/planning/DecompROS/decomp_ros_utils/src/polyhedron_array_display.cpp:155:19:[m[K [01;31m[Kerror: [m[Kbase operand of ‘[01m[K->[m[K’ is not a pointer
  155 |     visual_vector_[01;31m[K->[m[KsetColor(c.r, c.g, c.b, 1.0f);
      |                   [01;31m[K^~[m[K
[01m[K/mpc/new/Elastic-Tracker/src/planning/DecompROS/decomp_ros_utils/src/polyhedron_array_display.cpp:[m[K In member function ‘[01m[Kvoid decomp_rviz_plugins::PolyhedronArrayDisplay::updateScale()[m[K’:
[01m[K/mpc/new/Elastic-Tracker/src/planning/DecompROS/decomp_ros_utils/src/polyhedron_array_display.cpp:167:35:[m[K [01;31m[Kerror: [m[Kbase operand of ‘[01m[K->[m[K’ is not a pointer
  167 |   if (visual_bound_) visual_bound_[01;31m[K->[m[KsetScale(scale_property_->getFloat());
      |                                   [01;31m[K^~[m[K
[01m[K/mpc/new/Elastic-Tracker/src/planning/DecompROS/decomp_ros_utils/src/polyhedron_array_display.cpp:[m[K In member function ‘[01m[Kvoid decomp_rviz_plugins::PolyhedronArrayDisplay::updateVsScale()[m[K’:
[01m[K/mpc/new/Elastic-Tracker/src/planning/DecompROS/decomp_ros_utils/src/polyhedron_array_display.cpp:172:37:[m[K [01;31m[Kerror: [m[Kbase operand of ‘[01m[K->[m[K’ is not a pointer
  172 |   if (visual_vector_) visual_vector_[01;31m[K->[m[KsetScale(vs_scale_property_->getFloat());
      |                                     [01;31m[K^~[m[K
gmake[2]: *** [CMakeFiles/decomp_rviz_plugins.dir/build.make:132: CMakeFiles/decomp_rviz_plugins.dir/src/ellipsoid_array_display.cpp.o] Error 1
gmake[2]: *** [CMakeFiles/decomp_rviz_plugins.dir/build.make:146: CMakeFiles/decomp_rviz_plugins.dir/src/polyhedron_array_display.cpp.o] Error 1
gmake[1]: *** [CMakeFiles/Makefile2:137: CMakeFiles/decomp_rviz_plugins.dir/all] Error 2
gmake: *** [Makefile:146: all] Error 2
