[0.012s] Invoking command in '/mpc/new/Elastic-Tracker/build/decomp_ros_utils': CMAKE_PREFIX_PATH=/mpc/new/Elastic-Tracker/install/decomp_ros_msgs:/mpc/new/Elastic-Tracker/install/target_ekf:/mpc/new/Elastic-Tracker/install/mapping:/mpc/new/Elastic-Tracker/install/quadrotor_msgs:/mpc/new/Elastic-Tracker/install/object_detection_msgs:/mpc/new/Elastic-Tracker/install/decomp_geometry:/mpc/new/Elastic-Tracker/install/decomp_basis:/opt/ros/humble LD_LIBRARY_PATH=/mpc/new/Elastic-Tracker/install/decomp_ros_msgs/lib:/mpc/new/Elastic-Tracker/install/mapping/lib:/mpc/new/Elastic-Tracker/install/quadrotor_msgs/lib:/mpc/new/Elastic-Tracker/install/object_detection_msgs/lib:/opt/ros/humble/opt/rviz_ogre_vendor/lib:/opt/ros/humble/lib/x86_64-linux-gnu:/opt/ros/humble/lib:/usr/lib:/new/px4-offboard_ws/src/acados/lib:/mpc/new/acados/lib /usr/bin/cmake /mpc/new/Elastic-Tracker/src/planning/DecompROS/decomp_ros_utils -DCMAKE_INSTALL_PREFIX=/mpc/new/Elastic-Tracker/install/decomp_ros_utils
[0.077s] -- The C compiler identification is GNU 11.4.0
[0.141s] -- The CXX compiler identification is GNU 11.4.0
[0.148s] -- Detecting C compiler ABI info
[0.204s] -- Detecting C compiler ABI info - done
[0.212s] -- Check for working C compiler: /usr/bin/cc - skipped
[0.212s] -- Detecting C compile features
[0.213s] -- Detecting C compile features - done
[0.216s] -- Detecting CXX compiler ABI info
[0.284s] -- Detecting CXX compiler ABI info - done
[0.293s] -- Check for working CXX compiler: /usr/bin/c++ - skipped
[0.293s] -- Detecting CXX compile features
[0.294s] -- Detecting CXX compile features - done
[0.298s] -- Found ament_cmake: 1.3.11 (/opt/ros/humble/share/ament_cmake/cmake)
[0.486s] -- Found Python3: /usr/bin/python3 (found version "3.10.12") found components: Interpreter 
[0.591s] -- Found rclcpp: 16.0.11 (/opt/ros/humble/share/rclcpp/cmake)
[0.645s] -- Found rosidl_generator_c: 3.1.6 (/opt/ros/humble/share/rosidl_generator_c/cmake)
[0.652s] -- Found rosidl_adapter: 3.1.6 (/opt/ros/humble/share/rosidl_adapter/cmake)
[0.663s] -- Found rosidl_generator_cpp: 3.1.6 (/opt/ros/humble/share/rosidl_generator_cpp/cmake)
[0.678s] -- Using all available rosidl_typesupport_c: rosidl_typesupport_fastrtps_c;rosidl_typesupport_introspection_c
[0.700s] -- Using all available rosidl_typesupport_cpp: rosidl_typesupport_fastrtps_cpp;rosidl_typesupport_introspection_cpp
[0.759s] -- Found rmw_implementation_cmake: 6.1.2 (/opt/ros/humble/share/rmw_implementation_cmake/cmake)
[0.763s] -- Found rmw_cyclonedds_cpp: 1.3.4 (/opt/ros/humble/share/rmw_cyclonedds_cpp/cmake)
[0.788s] -- Using RMW implementation 'rmw_cyclonedds_cpp' as default
[0.800s] -- Looking for pthread.h
[0.863s] -- Looking for pthread.h - found
[0.863s] -- Performing Test CMAKE_HAVE_LIBC_PTHREAD
[0.927s] -- Performing Test CMAKE_HAVE_LIBC_PTHREAD - Success
[0.928s] -- Found Threads: TRUE  
[0.996s] -- Found pluginlib: 5.1.0 (/opt/ros/humble/share/pluginlib/cmake)
[1.036s] -- Found rviz_common: 11.2.14 (/opt/ros/humble/share/rviz_common/cmake)
[1.056s] -- Setting assimp_DIR to: '/opt/ros/humble/share/rviz_assimp_vendor/cmake/../../../opt/rviz_assimp_vendor/lib/cmake/assimp-4.1'
[1.068s] -- Setting OGRE_DIR to: '/opt/ros/humble/share/rviz_ogre_vendor/cmake/../../../opt/rviz_ogre_vendor/lib/OGRE/cmake'
[1.069s] -- Found OGRE
[1.069s] --   static     : OFF
[1.069s] --   components : HLMS;MeshLodGenerator;Overlay;Paging;Property;RTShaderSystem;Terrain;Volume
[1.069s] --   plugins    : Plugin_BSPSceneManager;Plugin_OctreeSceneManager;Plugin_PCZSceneManager;Plugin_ParticleFX;RenderSystem_GL;RenderSystem_GL3Plus;Codec_STBI
[1.069s] --   media      : /opt/ros/humble/opt/rviz_ogre_vendor/share/OGRE/Media
[1.069s] -- OGRE_LIBRARIES: OgreHLMS;OgreMeshLodGenerator;OgreOverlay;OgrePaging;OgreProperty;OgreRTShaderSystem;OgreTerrain;OgreVolume;OgreMain
[1.070s] -- OGRE_LIBRARY_DIRS: /opt/ros/humble/opt/rviz_ogre_vendor/lib
[1.070s] -- OGRE_PLUGINS: Plugin_BSPSceneManager;Plugin_OctreeSceneManager;Plugin_PCZSceneManager;Plugin_ParticleFX;RenderSystem_GL;RenderSystem_GL3Plus;Codec_STBI
[1.070s] -- OGRE_PLUGIN_DIR: /opt/ros/humble/opt/rviz_ogre_vendor/lib/OGRE
[1.070s] -- rviz_ogre_vendor::OgreOverlay for IMPORTED_LOCATION_RELEASE: /opt/ros/humble/opt/rviz_ogre_vendor/lib/libOgreOverlay.so
[1.070s] -- rviz_ogre_vendor::OgreOverlay for IMPORTED_LOCATION_DEBUG: /opt/ros/humble/opt/rviz_ogre_vendor/lib/libOgreOverlay.so
[1.070s] -- rviz_ogre_vendor::OgreMain for IMPORTED_LOCATION_RELEASE: /opt/ros/humble/opt/rviz_ogre_vendor/lib/libOgreMain.so
[1.070s] -- rviz_ogre_vendor::OgreMain for IMPORTED_LOCATION_DEBUG: /opt/ros/humble/opt/rviz_ogre_vendor/lib/libOgreMain.so
[1.092s] -- Found ZLIB: /usr/lib/x86_64-linux-gnu/libz.so (found version "1.2.11") 
[1.095s] -- Found OpenGL: /usr/lib/x86_64-linux-gnu/libOpenGL.so   
[1.158s] -- Found X11: /usr/include   
[1.159s] -- Looking for XOpenDisplay in /usr/lib/x86_64-linux-gnu/libX11.so;/usr/lib/x86_64-linux-gnu/libXext.so
[1.220s] -- Looking for XOpenDisplay in /usr/lib/x86_64-linux-gnu/libX11.so;/usr/lib/x86_64-linux-gnu/libXext.so - found
[1.220s] -- Looking for gethostbyname
[1.281s] -- Looking for gethostbyname - found
[1.281s] -- Looking for connect
[1.343s] -- Looking for connect - found
[1.343s] -- Looking for remove
[1.401s] -- Looking for remove - found
[1.401s] -- Looking for shmat
[1.462s] -- Looking for shmat - found
[1.462s] -- Looking for IceConnectionNumber in ICE
[1.524s] -- Looking for IceConnectionNumber in ICE - found
[1.612s] -- library: /usr/lib/x86_64-linux-gnu/libcurl.so
[1.677s] -- Found Eigen3: TRUE (found version "3.4.0") 
[1.677s] -- Ensuring Eigen3 include directory is part of orocos-kdl CMake target
[1.799s] -- Found decomp_ros_msgs: 0.0.0 (/mpc/new/Elastic-Tracker/install/decomp_ros_msgs/share/decomp_ros_msgs/cmake)
[1.815s] -- Found decomp_basis: 0.0.0 (/mpc/new/Elastic-Tracker/install/decomp_basis/share/decomp_basis/cmake)
[1.816s] -- Found decomp_geometry: 0.0.0 (/mpc/new/Elastic-Tracker/install/decomp_geometry/share/decomp_geometry/cmake)
[1.896s] -- Configuring done
[1.914s] -- Generating done
[1.918s] -- Build files have been written to: /mpc/new/Elastic-Tracker/build/decomp_ros_utils
[1.930s] Invoked command in '/mpc/new/Elastic-Tracker/build/decomp_ros_utils' returned '0': CMAKE_PREFIX_PATH=/mpc/new/Elastic-Tracker/install/decomp_ros_msgs:/mpc/new/Elastic-Tracker/install/target_ekf:/mpc/new/Elastic-Tracker/install/mapping:/mpc/new/Elastic-Tracker/install/quadrotor_msgs:/mpc/new/Elastic-Tracker/install/object_detection_msgs:/mpc/new/Elastic-Tracker/install/decomp_geometry:/mpc/new/Elastic-Tracker/install/decomp_basis:/opt/ros/humble LD_LIBRARY_PATH=/mpc/new/Elastic-Tracker/install/decomp_ros_msgs/lib:/mpc/new/Elastic-Tracker/install/mapping/lib:/mpc/new/Elastic-Tracker/install/quadrotor_msgs/lib:/mpc/new/Elastic-Tracker/install/object_detection_msgs/lib:/opt/ros/humble/opt/rviz_ogre_vendor/lib:/opt/ros/humble/lib/x86_64-linux-gnu:/opt/ros/humble/lib:/usr/lib:/new/px4-offboard_ws/src/acados/lib:/mpc/new/acados/lib /usr/bin/cmake /mpc/new/Elastic-Tracker/src/planning/DecompROS/decomp_ros_utils -DCMAKE_INSTALL_PREFIX=/mpc/new/Elastic-Tracker/install/decomp_ros_utils
[1.932s] Invoking command in '/mpc/new/Elastic-Tracker/build/decomp_ros_utils': CMAKE_PREFIX_PATH=/mpc/new/Elastic-Tracker/install/decomp_ros_msgs:/mpc/new/Elastic-Tracker/install/target_ekf:/mpc/new/Elastic-Tracker/install/mapping:/mpc/new/Elastic-Tracker/install/quadrotor_msgs:/mpc/new/Elastic-Tracker/install/object_detection_msgs:/mpc/new/Elastic-Tracker/install/decomp_geometry:/mpc/new/Elastic-Tracker/install/decomp_basis:/opt/ros/humble LD_LIBRARY_PATH=/mpc/new/Elastic-Tracker/install/decomp_ros_msgs/lib:/mpc/new/Elastic-Tracker/install/mapping/lib:/mpc/new/Elastic-Tracker/install/quadrotor_msgs/lib:/mpc/new/Elastic-Tracker/install/object_detection_msgs/lib:/opt/ros/humble/opt/rviz_ogre_vendor/lib:/opt/ros/humble/lib/x86_64-linux-gnu:/opt/ros/humble/lib:/usr/lib:/new/px4-offboard_ws/src/acados/lib:/mpc/new/acados/lib /usr/bin/cmake --build /mpc/new/Elastic-Tracker/build/decomp_ros_utils -- -j12 -l12
[1.979s] [ 42%] [32mBuilding CXX object CMakeFiles/decomp_rviz_plugins.dir/src/vector_visual.cpp.o[0m
[1.979s] [ 42%] [32mBuilding CXX object CMakeFiles/decomp_rviz_plugins.dir/src/mesh_visual.cpp.o[0m
[1.979s] [ 42%] [32mBuilding CXX object CMakeFiles/decomp_rviz_plugins.dir/src/ellipsoid_array_visual.cpp.o[0m
[1.980s] [ 57%] [32mBuilding CXX object CMakeFiles/decomp_rviz_plugins.dir/src/polyhedron_array_display.cpp.o[0m
[1.980s] [ 71%] [32mBuilding CXX object CMakeFiles/decomp_rviz_plugins.dir/src/bound_visual.cpp.o[0m
[1.981s] [ 85%] [32mBuilding CXX object CMakeFiles/decomp_rviz_plugins.dir/src/ellipsoid_array_display.cpp.o[0m
[2.222s] In file included from [01m[K/mpc/new/Elastic-Tracker/src/planning/DecompROS/decomp_ros_utils/src/mesh_visual.cpp:1[m[K:
[2.222s] [01m[K/mpc/new/Elastic-Tracker/src/planning/DecompROS/decomp_ros_utils/include/decomp_rviz_plugins/mesh_visual.hpp:10:10:[m[K [01;31m[Kfatal error: [m[Krviz_rendering/objects/mesh_shape.hpp: No such file or directory
[2.223s]    10 | #include [01;31m[K<rviz_rendering/objects/mesh_shape.hpp>[m[K
[2.223s]       |          [01;31m[K^~~~~~~~~~~~~~~~~~~~~~~~~~~~~~~~~~~~~~~[m[K
[2.223s] compilation terminated.
[2.232s] gmake[2]: *** [CMakeFiles/decomp_rviz_plugins.dir/build.make:90: CMakeFiles/decomp_rviz_plugins.dir/src/mesh_visual.cpp.o] Error 1
[2.232s] gmake[2]: *** Waiting for unfinished jobs....
[2.252s] In file included from [01m[K/mpc/new/Elastic-Tracker/src/planning/DecompROS/decomp_ros_utils/src/ellipsoid_array_visual.cpp:1[m[K:
[2.252s] [01m[K/mpc/new/Elastic-Tracker/src/planning/DecompROS/decomp_ros_utils/include/decomp_rviz_plugins/ellipsoid_array_visual.hpp:13:10:[m[K [01;31m[Kfatal error: [m[Kdecomp_geometry/ellipsoid.hpp: No such file or directory
[2.252s]    13 | #include [01;31m[K<decomp_geometry/ellipsoid.hpp>[m[K
[2.252s]       |          [01;31m[K^~~~~~~~~~~~~~~~~~~~~~~~~~~~~~~[m[K
[2.253s] compilation terminated.
[2.255s] gmake[2]: *** [CMakeFiles/decomp_rviz_plugins.dir/build.make:118: CMakeFiles/decomp_rviz_plugins.dir/src/ellipsoid_array_visual.cpp.o] Error 1
[2.415s] In file included from [01m[K/mpc/new/Elastic-Tracker/src/planning/DecompROS/decomp_ros_utils/src/ellipsoid_array_display.cpp:3[m[K:
[2.416s] [01m[K/mpc/new/Elastic-Tracker/src/planning/DecompROS/decomp_ros_utils/include/decomp_rviz_plugins/ellipsoid_array_visual.hpp:13:10:[m[K [01;31m[Kfatal error: [m[Kdecomp_geometry/ellipsoid.hpp: No such file or directory
[2.416s]    13 | #include [01;31m[K<decomp_geometry/ellipsoid.hpp>[m[K
[2.416s]       |          [01;31m[K^~~~~~~~~~~~~~~~~~~~~~~~~~~~~~~[m[K
[2.416s] compilation terminated.
[2.418s] gmake[2]: *** [CMakeFiles/decomp_rviz_plugins.dir/build.make:132: CMakeFiles/decomp_rviz_plugins.dir/src/ellipsoid_array_display.cpp.o] Error 1
[2.433s] In file included from [01m[K/mpc/new/Elastic-Tracker/src/planning/DecompROS/decomp_ros_utils/src/polyhedron_array_display.cpp:2[m[K:
[2.433s] [01m[K/mpc/new/Elastic-Tracker/src/planning/DecompROS/decomp_ros_utils/include/decomp_rviz_plugins/mesh_visual.hpp:10:10:[m[K [01;31m[Kfatal error: [m[Krviz_rendering/objects/mesh_shape.hpp: No such file or directory
[2.433s]    10 | #include [01;31m[K<rviz_rendering/objects/mesh_shape.hpp>[m[K
[2.433s]       |          [01;31m[K^~~~~~~~~~~~~~~~~~~~~~~~~~~~~~~~~~~~~~~[m[K
[2.433s] compilation terminated.
[2.436s] gmake[2]: *** [CMakeFiles/decomp_rviz_plugins.dir/build.make:146: CMakeFiles/decomp_rviz_plugins.dir/src/polyhedron_array_display.cpp.o] Error 1
[4.421s] gmake[1]: *** [CMakeFiles/Makefile2:137: CMakeFiles/decomp_rviz_plugins.dir/all] Error 2
[4.422s] gmake: *** [Makefile:146: all] Error 2
[4.423s] Invoked command in '/mpc/new/Elastic-Tracker/build/decomp_ros_utils' returned '2': CMAKE_PREFIX_PATH=/mpc/new/Elastic-Tracker/install/decomp_ros_msgs:/mpc/new/Elastic-Tracker/install/target_ekf:/mpc/new/Elastic-Tracker/install/mapping:/mpc/new/Elastic-Tracker/install/quadrotor_msgs:/mpc/new/Elastic-Tracker/install/object_detection_msgs:/mpc/new/Elastic-Tracker/install/decomp_geometry:/mpc/new/Elastic-Tracker/install/decomp_basis:/opt/ros/humble LD_LIBRARY_PATH=/mpc/new/Elastic-Tracker/install/decomp_ros_msgs/lib:/mpc/new/Elastic-Tracker/install/mapping/lib:/mpc/new/Elastic-Tracker/install/quadrotor_msgs/lib:/mpc/new/Elastic-Tracker/install/object_detection_msgs/lib:/opt/ros/humble/opt/rviz_ogre_vendor/lib:/opt/ros/humble/lib/x86_64-linux-gnu:/opt/ros/humble/lib:/usr/lib:/new/px4-offboard_ws/src/acados/lib:/mpc/new/acados/lib /usr/bin/cmake --build /mpc/new/Elastic-Tracker/build/decomp_ros_utils -- -j12 -l12
