[0.013s] Invoking command in '/mpc/new/Elastic-Tracker/build/decomp_basis': CMAKE_PREFIX_PATH=${CMAKE_PREFIX_PATH}:/opt/ros/humble /usr/bin/cmake /mpc/new/Elastic-Tracker/src/planning/DecompROS/decomp_basis -DCMAKE_INSTALL_PREFIX=/mpc/new/Elastic-Tracker/install/decomp_basis
[0.060s] -- The C compiler identification is GNU 11.4.0
[0.107s] -- The CXX compiler identification is GNU 11.4.0
[0.114s] -- Detecting C compiler ABI info
[0.172s] -- Detecting C compiler ABI info - done
[0.179s] -- Check for working C compiler: /usr/bin/cc - skipped
[0.180s] -- Detecting C compile features
[0.180s] -- Detecting C compile features - done
[0.183s] -- Detecting CXX compiler ABI info
[0.252s] -- Detecting CXX compiler ABI info - done
[0.261s] -- Check for working CXX compiler: /usr/bin/c++ - skipped
[0.261s] -- Detecting CXX compile features
[0.261s] -- Detecting CXX compile features - done
[0.265s] -- Found ament_cmake: 1.3.11 (/opt/ros/humble/share/ament_cmake/cmake)
[0.452s] -- Found Python3: /usr/bin/python3 (found version "3.10.12") found components: Interpreter 
[0.665s] -- Configuring done
[0.667s] -- Generating done
[0.669s] -- Build files have been written to: /mpc/new/Elastic-Tracker/build/decomp_basis
[0.673s] Invoked command in '/mpc/new/Elastic-Tracker/build/decomp_basis' returned '0': CMAKE_PREFIX_PATH=${CMAKE_PREFIX_PATH}:/opt/ros/humble /usr/bin/cmake /mpc/new/Elastic-Tracker/src/planning/DecompROS/decomp_basis -DCMAKE_INSTALL_PREFIX=/mpc/new/Elastic-Tracker/install/decomp_basis
[0.674s] Invoking command in '/mpc/new/Elastic-Tracker/build/decomp_basis': CMAKE_PREFIX_PATH=${CMAKE_PREFIX_PATH}:/opt/ros/humble /usr/bin/cmake --build /mpc/new/Elastic-Tracker/build/decomp_basis -- -j12 -l12
[0.705s] Invoked command in '/mpc/new/Elastic-Tracker/build/decomp_basis' returned '0': CMAKE_PREFIX_PATH=${CMAKE_PREFIX_PATH}:/opt/ros/humble /usr/bin/cmake --build /mpc/new/Elastic-Tracker/build/decomp_basis -- -j12 -l12
[0.713s] Invoking command in '/mpc/new/Elastic-Tracker/build/decomp_basis': CMAKE_PREFIX_PATH=${CMAKE_PREFIX_PATH}:/opt/ros/humble /usr/bin/cmake --install /mpc/new/Elastic-Tracker/build/decomp_basis
[0.719s] -- Install configuration: ""
[0.719s] -- Installing: /mpc/new/Elastic-Tracker/install/decomp_basis/include
[0.719s] -- Installing: /mpc/new/Elastic-Tracker/install/decomp_basis/include/decomp_basis
[0.719s] -- Installing: /mpc/new/Elastic-Tracker/install/decomp_basis/include/decomp_basis/data_utils.h
[0.719s] -- Installing: /mpc/new/Elastic-Tracker/install/decomp_basis/include/decomp_basis/data_type.h
[0.720s] -- Installing: /mpc/new/Elastic-Tracker/install/decomp_basis/share/ament_index/resource_index/package_run_dependencies/decomp_basis
[0.720s] -- Installing: /mpc/new/Elastic-Tracker/install/decomp_basis/share/ament_index/resource_index/parent_prefix_path/decomp_basis
[0.720s] -- Installing: /mpc/new/Elastic-Tracker/install/decomp_basis/share/decomp_basis/environment/ament_prefix_path.sh
[0.720s] -- Installing: /mpc/new/Elastic-Tracker/install/decomp_basis/share/decomp_basis/environment/ament_prefix_path.dsv
[0.720s] -- Installing: /mpc/new/Elastic-Tracker/install/decomp_basis/share/decomp_basis/environment/path.sh
[0.720s] -- Installing: /mpc/new/Elastic-Tracker/install/decomp_basis/share/decomp_basis/environment/path.dsv
[0.720s] -- Installing: /mpc/new/Elastic-Tracker/install/decomp_basis/share/decomp_basis/local_setup.bash
[0.720s] -- Installing: /mpc/new/Elastic-Tracker/install/decomp_basis/share/decomp_basis/local_setup.sh
[0.721s] -- Installing: /mpc/new/Elastic-Tracker/install/decomp_basis/share/decomp_basis/local_setup.zsh
[0.721s] -- Installing: /mpc/new/Elastic-Tracker/install/decomp_basis/share/decomp_basis/local_setup.dsv
[0.721s] -- Installing: /mpc/new/Elastic-Tracker/install/decomp_basis/share/decomp_basis/package.dsv
[0.721s] -- Installing: /mpc/new/Elastic-Tracker/install/decomp_basis/share/ament_index/resource_index/packages/decomp_basis
[0.721s] -- Installing: /mpc/new/Elastic-Tracker/install/decomp_basis/share/decomp_basis/cmake/ament_cmake_export_include_directories-extras.cmake
[0.721s] -- Installing: /mpc/new/Elastic-Tracker/install/decomp_basis/share/decomp_basis/cmake/decomp_basisConfig.cmake
[0.721s] -- Installing: /mpc/new/Elastic-Tracker/install/decomp_basis/share/decomp_basis/cmake/decomp_basisConfig-version.cmake
[0.721s] -- Installing: /mpc/new/Elastic-Tracker/install/decomp_basis/share/decomp_basis/package.xml
[0.722s] Invoked command in '/mpc/new/Elastic-Tracker/build/decomp_basis' returned '0': CMAKE_PREFIX_PATH=${CMAKE_PREFIX_PATH}:/opt/ros/humble /usr/bin/cmake --install /mpc/new/Elastic-Tracker/build/decomp_basis
