[0.011s] Invoking command in '/mpc/new/Elastic-Tracker/build/quadrotor_msgs': CMAKE_PREFIX_PATH=/opt/ros/humble /usr/bin/cmake /mpc/new/Elastic-Tracker/src/quadrotor_msgs -DCMAKE_INSTALL_PREFIX=/mpc/new/Elastic-Tracker/install/quadrotor_msgs
[0.073s] -- The C compiler identification is GNU 11.4.0
[0.121s] -- The CXX compiler identification is GNU 11.4.0
[0.127s] -- Detecting C compiler ABI info
[0.183s] -- Detecting C compiler ABI info - done
[0.190s] -- Check for working C compiler: /usr/bin/cc - skipped
[0.191s] -- Detecting C compile features
[0.191s] -- Detecting C compile features - done
[0.194s] -- Detecting CXX compiler ABI info
[0.262s] -- Detecting CXX compiler ABI info - done
[0.270s] -- Check for working CXX compiler: /usr/bin/c++ - skipped
[0.271s] -- Detecting CXX compile features
[0.271s] -- Detecting CXX compile features - done
[0.274s] -- Found ament_cmake: 1.3.11 (/opt/ros/humble/share/ament_cmake/cmake)
[0.439s] -- Found Python3: /usr/bin/python3 (found version "3.10.12") found components: Interpreter 
[0.534s] -- Found geometry_msgs: 4.2.4 (/opt/ros/humble/share/geometry_msgs/cmake)
[0.575s] -- Found rosidl_generator_c: 3.1.6 (/opt/ros/humble/share/rosidl_generator_c/cmake)
[0.581s] -- Found rosidl_adapter: 3.1.6 (/opt/ros/humble/share/rosidl_adapter/cmake)
[0.591s] -- Found rosidl_generator_cpp: 3.1.6 (/opt/ros/humble/share/rosidl_generator_cpp/cmake)
[0.603s] -- Using all available rosidl_typesupport_c: rosidl_typesupport_fastrtps_c;rosidl_typesupport_introspection_c
[0.623s] -- Using all available rosidl_typesupport_cpp: rosidl_typesupport_fastrtps_cpp;rosidl_typesupport_introspection_cpp
[0.665s] -- Found nav_msgs: 4.2.4 (/opt/ros/humble/share/nav_msgs/cmake)
[0.684s] -- Found rosidl_default_generators: 1.2.0 (/opt/ros/humble/share/rosidl_default_generators/cmake)
[1.032s] -- Found ament_cmake_ros: 0.10.0 (/opt/ros/humble/share/ament_cmake_ros/cmake)
[1.458s] -- Using all available rosidl_typesupport_c: rosidl_typesupport_fastrtps_c;rosidl_typesupport_introspection_c
[1.635s] -- Using all available rosidl_typesupport_cpp: rosidl_typesupport_fastrtps_cpp;rosidl_typesupport_introspection_cpp
[1.662s] -- Found PythonInterp: /usr/bin/python3 (found suitable version "3.10.12", minimum required is "3.6") 
[1.664s] -- Found python_cmake_module: 0.10.0 (/opt/ros/humble/share/python_cmake_module/cmake)
[1.693s] -- Found PythonLibs: /usr/lib/x86_64-linux-gnu/libpython3.10.so (found suitable version "3.10.12", minimum required is "3.5") 
[1.693s] -- Using PYTHON_EXECUTABLE: /usr/bin/python3
[1.693s] -- Using PYTHON_INCLUDE_DIRS: /usr/include/python3.10
[1.693s] -- Using PYTHON_LIBRARIES: /usr/lib/x86_64-linux-gnu/libpython3.10.so
[1.719s] -- Found PythonExtra: .so  
[1.790s] -- Configuring done
[1.830s] -- Generating done
[1.844s] -- Build files have been written to: /mpc/new/Elastic-Tracker/build/quadrotor_msgs
[1.852s] Invoked command in '/mpc/new/Elastic-Tracker/build/quadrotor_msgs' returned '0': CMAKE_PREFIX_PATH=/opt/ros/humble /usr/bin/cmake /mpc/new/Elastic-Tracker/src/quadrotor_msgs -DCMAKE_INSTALL_PREFIX=/mpc/new/Elastic-Tracker/install/quadrotor_msgs
[1.854s] Invoking command in '/mpc/new/Elastic-Tracker/build/quadrotor_msgs': CMAKE_PREFIX_PATH=/opt/ros/humble /usr/bin/cmake --build /mpc/new/Elastic-Tracker/build/quadrotor_msgs -- -j12 -l12
[1.888s] [  1%] [34m[1mGenerating C code for ROS interfaces[0m
[1.897s] [  2%] [34m[1mGenerating C++ code for ROS interfaces[0m
[1.902s] [  2%] Built target ament_cmake_python_copy_quadrotor_msgs
[2.153s] running egg_info
[2.154s] creating quadrotor_msgs.egg-info
[2.154s] writing quadrotor_msgs.egg-info/PKG-INFO
[2.154s] writing dependency_links to quadrotor_msgs.egg-info/dependency_links.txt
[2.154s] writing top-level names to quadrotor_msgs.egg-info/top_level.txt
[2.154s] writing manifest file 'quadrotor_msgs.egg-info/SOURCES.txt'
[2.156s] reading manifest file 'quadrotor_msgs.egg-info/SOURCES.txt'
[2.156s] writing manifest file 'quadrotor_msgs.egg-info/SOURCES.txt'
[2.177s] [  2%] Built target ament_cmake_python_build_quadrotor_msgs_egg
[2.630s] [  3%] [32mBuilding C object CMakeFiles/quadrotor_msgs__rosidl_generator_c.dir/rosidl_generator_c/quadrotor_msgs/msg/detail/position_command__functions.c.o[0m
[2.630s] [  4%] [32mBuilding C object CMakeFiles/quadrotor_msgs__rosidl_generator_c.dir/rosidl_generator_c/quadrotor_msgs/msg/detail/occ_map3d__functions.c.o[0m
[2.630s] [  5%] [32mBuilding C object CMakeFiles/quadrotor_msgs__rosidl_generator_c.dir/rosidl_generator_c/quadrotor_msgs/msg/detail/replan_state__functions.c.o[0m
[2.630s] [  6%] [32mBuilding C object CMakeFiles/quadrotor_msgs__rosidl_generator_c.dir/rosidl_generator_c/quadrotor_msgs/msg/detail/poly_traj__functions.c.o[0m
[2.632s] [  9%] [32mBuilding C object CMakeFiles/quadrotor_msgs__rosidl_generator_c.dir/rosidl_generator_c/quadrotor_msgs/msg/detail/aux_command__functions.c.o[0m
[2.632s] [  9%] [32mBuilding C object CMakeFiles/quadrotor_msgs__rosidl_generator_c.dir/rosidl_generator_c/quadrotor_msgs/msg/detail/px4ctrl_debug__functions.c.o[0m
[2.633s] [ 10%] [32mBuilding C object CMakeFiles/quadrotor_msgs__rosidl_generator_c.dir/rosidl_generator_c/quadrotor_msgs/msg/detail/so3_command__functions.c.o[0m
[2.633s] [ 11%] [32mBuilding C object CMakeFiles/quadrotor_msgs__rosidl_generator_c.dir/rosidl_generator_c/quadrotor_msgs/msg/detail/takeoff_land__functions.c.o[0m
[2.633s] [ 11%] Built target quadrotor_msgs__cpp
[2.644s] [ 14%] [34m[1mGenerating C++ type support dispatch for ROS interfaces[0m
[2.644s] [ 14%] [34m[1mGenerating C++ type support for eProsima Fast-RTPS[0m
[2.645s] [ 14%] [34m[1mGenerating C++ introspection for ROS interfaces[0m
[2.697s] [ 16%] [32m[1mLinking C shared library libquadrotor_msgs__rosidl_generator_c.so[0m
[2.731s] [ 16%] Built target quadrotor_msgs__rosidl_generator_c
[2.739s] [ 19%] [34m[1mGenerating C type support dispatch for ROS interfaces[0m
[2.739s] [ 19%] [34m[1mGenerating C type support for eProsima Fast-RTPS[0m
[2.739s] [ 19%] [34m[1mGenerating C introspection for ROS interfaces[0m
[3.187s] [ 20%] [32mBuilding CXX object CMakeFiles/quadrotor_msgs__rosidl_typesupport_cpp.dir/rosidl_typesupport_cpp/quadrotor_msgs/msg/replan_state__type_support.cpp.o[0m
[3.189s] [ 22%] [32mBuilding CXX object CMakeFiles/quadrotor_msgs__rosidl_typesupport_cpp.dir/rosidl_typesupport_cpp/quadrotor_msgs/msg/poly_traj__type_support.cpp.o[0m
[3.189s] [ 24%] [32mBuilding CXX object CMakeFiles/quadrotor_msgs__rosidl_typesupport_cpp.dir/rosidl_typesupport_cpp/quadrotor_msgs/msg/position_command__type_support.cpp.o[0m
[3.189s] [ 25%] [32mBuilding CXX object CMakeFiles/quadrotor_msgs__rosidl_typesupport_cpp.dir/rosidl_typesupport_cpp/quadrotor_msgs/msg/so3_command__type_support.cpp.o[0m
[3.189s] [ 26%] [32mBuilding CXX object CMakeFiles/quadrotor_msgs__rosidl_typesupport_cpp.dir/rosidl_typesupport_cpp/quadrotor_msgs/msg/aux_command__type_support.cpp.o[0m
[3.189s] [ 26%] [32mBuilding CXX object CMakeFiles/quadrotor_msgs__rosidl_typesupport_cpp.dir/rosidl_typesupport_cpp/quadrotor_msgs/msg/occ_map3d__type_support.cpp.o[0m
[3.196s] [ 27%] [32mBuilding CXX object CMakeFiles/quadrotor_msgs__rosidl_typesupport_cpp.dir/rosidl_typesupport_cpp/quadrotor_msgs/msg/px4ctrl_debug__type_support.cpp.o[0m
[3.373s] [ 28%] [32mBuilding CXX object CMakeFiles/quadrotor_msgs__rosidl_typesupport_c.dir/rosidl_typesupport_c/quadrotor_msgs/msg/occ_map3d__type_support.cpp.o[0m
[3.419s] [ 29%] [32mBuilding CXX object CMakeFiles/quadrotor_msgs__rosidl_typesupport_c.dir/rosidl_typesupport_c/quadrotor_msgs/msg/poly_traj__type_support.cpp.o[0m
[3.465s] [ 31%] [32mBuilding CXX object CMakeFiles/quadrotor_msgs__rosidl_typesupport_c.dir/rosidl_typesupport_c/quadrotor_msgs/msg/replan_state__type_support.cpp.o[0m
[3.513s] [ 32%] [32mBuilding CXX object CMakeFiles/quadrotor_msgs__rosidl_typesupport_c.dir/rosidl_typesupport_c/quadrotor_msgs/msg/position_command__type_support.cpp.o[0m
[3.516s] [ 33%] [32mBuilding CXX object CMakeFiles/quadrotor_msgs__rosidl_typesupport_introspection_cpp.dir/rosidl_typesupport_introspection_cpp/quadrotor_msgs/msg/detail/occ_map3d__type_support.cpp.o[0m
[3.558s] [ 34%] [32mBuilding CXX object CMakeFiles/quadrotor_msgs__rosidl_typesupport_c.dir/rosidl_typesupport_c/quadrotor_msgs/msg/so3_command__type_support.cpp.o[0m
[3.575s] [ 35%] [32mBuilding CXX object CMakeFiles/quadrotor_msgs__rosidl_typesupport_cpp.dir/rosidl_typesupport_cpp/quadrotor_msgs/msg/takeoff_land__type_support.cpp.o[0m
[3.593s] [ 36%] [32mBuilding CXX object CMakeFiles/quadrotor_msgs__rosidl_typesupport_c.dir/rosidl_typesupport_c/quadrotor_msgs/msg/aux_command__type_support.cpp.o[0m
[3.598s] [ 37%] [32mBuilding CXX object CMakeFiles/quadrotor_msgs__rosidl_typesupport_c.dir/rosidl_typesupport_c/quadrotor_msgs/msg/px4ctrl_debug__type_support.cpp.o[0m
[3.606s] [ 39%] [32mBuilding C object CMakeFiles/quadrotor_msgs__rosidl_typesupport_introspection_c.dir/rosidl_typesupport_introspection_c/quadrotor_msgs/msg/detail/occ_map3d__type_support.c.o[0m
[3.607s] [ 40%] [32mBuilding CXX object CMakeFiles/quadrotor_msgs__rosidl_typesupport_fastrtps_cpp.dir/rosidl_typesupport_fastrtps_cpp/quadrotor_msgs/msg/detail/dds_fastrtps/occ_map3d__type_support.cpp.o[0m
[3.611s] [ 41%] [32mBuilding C object CMakeFiles/quadrotor_msgs__rosidl_typesupport_introspection_c.dir/rosidl_typesupport_introspection_c/quadrotor_msgs/msg/detail/poly_traj__type_support.c.o[0m
[3.613s] [ 42%] [32mBuilding C object CMakeFiles/quadrotor_msgs__rosidl_typesupport_introspection_c.dir/rosidl_typesupport_introspection_c/quadrotor_msgs/msg/detail/replan_state__type_support.c.o[0m
[3.618s] [ 44%] [32mBuilding C object CMakeFiles/quadrotor_msgs__rosidl_typesupport_introspection_c.dir/rosidl_typesupport_introspection_c/quadrotor_msgs/msg/detail/position_command__type_support.c.o[0m
[3.618s] [ 44%] [32mBuilding CXX object CMakeFiles/quadrotor_msgs__rosidl_typesupport_fastrtps_cpp.dir/rosidl_typesupport_fastrtps_cpp/quadrotor_msgs/msg/detail/dds_fastrtps/poly_traj__type_support.cpp.o[0m
[3.634s] [ 45%] [32mBuilding CXX object CMakeFiles/quadrotor_msgs__rosidl_typesupport_introspection_cpp.dir/rosidl_typesupport_introspection_cpp/quadrotor_msgs/msg/detail/poly_traj__type_support.cpp.o[0m
[3.638s] [ 47%] [32mBuilding CXX object CMakeFiles/quadrotor_msgs__rosidl_typesupport_fastrtps_cpp.dir/rosidl_typesupport_fastrtps_cpp/quadrotor_msgs/msg/detail/dds_fastrtps/replan_state__type_support.cpp.o[0m
[3.647s] [ 48%] [32mBuilding CXX object CMakeFiles/quadrotor_msgs__rosidl_typesupport_c.dir/rosidl_typesupport_c/quadrotor_msgs/msg/takeoff_land__type_support.cpp.o[0m
[3.656s] [ 49%] [32mBuilding C object CMakeFiles/quadrotor_msgs__rosidl_typesupport_introspection_c.dir/rosidl_typesupport_introspection_c/quadrotor_msgs/msg/detail/so3_command__type_support.c.o[0m
[3.669s] [ 50%] [32mBuilding C object CMakeFiles/quadrotor_msgs__rosidl_typesupport_introspection_c.dir/rosidl_typesupport_introspection_c/quadrotor_msgs/msg/detail/aux_command__type_support.c.o[0m
[3.673s] [ 51%] [32mBuilding C object CMakeFiles/quadrotor_msgs__rosidl_typesupport_introspection_c.dir/rosidl_typesupport_introspection_c/quadrotor_msgs/msg/detail/px4ctrl_debug__type_support.c.o[0m
[3.674s] [ 52%] [32mBuilding C object CMakeFiles/quadrotor_msgs__rosidl_typesupport_introspection_c.dir/rosidl_typesupport_introspection_c/quadrotor_msgs/msg/detail/takeoff_land__type_support.c.o[0m
[3.687s] [ 54%] [32m[1mLinking CXX shared library libquadrotor_msgs__rosidl_typesupport_c.so[0m
[3.706s] [ 55%] [32mBuilding CXX object CMakeFiles/quadrotor_msgs__rosidl_typesupport_fastrtps_cpp.dir/rosidl_typesupport_fastrtps_cpp/quadrotor_msgs/msg/detail/dds_fastrtps/position_command__type_support.cpp.o[0m
[3.711s] [ 57%] [32mBuilding CXX object CMakeFiles/quadrotor_msgs__rosidl_typesupport_fastrtps_c.dir/rosidl_typesupport_fastrtps_c/quadrotor_msgs/msg/detail/occ_map3d__type_support_c.cpp.o[0m
[3.711s] [ 57%] [32mBuilding CXX object CMakeFiles/quadrotor_msgs__rosidl_typesupport_introspection_cpp.dir/rosidl_typesupport_introspection_cpp/quadrotor_msgs/msg/detail/replan_state__type_support.cpp.o[0m
[3.717s] [ 58%] [32mBuilding CXX object CMakeFiles/quadrotor_msgs__rosidl_typesupport_introspection_cpp.dir/rosidl_typesupport_introspection_cpp/quadrotor_msgs/msg/detail/position_command__type_support.cpp.o[0m
[3.727s] [ 59%] [32m[1mLinking C shared library libquadrotor_msgs__rosidl_typesupport_introspection_c.so[0m
[3.739s] [ 59%] Built target quadrotor_msgs__rosidl_typesupport_c
[3.750s] [ 60%] [32mBuilding CXX object CMakeFiles/quadrotor_msgs__rosidl_typesupport_introspection_cpp.dir/rosidl_typesupport_introspection_cpp/quadrotor_msgs/msg/detail/so3_command__type_support.cpp.o[0m
[3.770s] [ 60%] Built target quadrotor_msgs__rosidl_typesupport_introspection_c
[3.779s] [ 62%] [32mBuilding CXX object CMakeFiles/quadrotor_msgs__rosidl_typesupport_introspection_cpp.dir/rosidl_typesupport_introspection_cpp/quadrotor_msgs/msg/detail/aux_command__type_support.cpp.o[0m
[3.967s] [ 63%] [32m[1mLinking CXX shared library libquadrotor_msgs__rosidl_typesupport_cpp.so[0m
[4.053s] [ 63%] Built target quadrotor_msgs__rosidl_typesupport_cpp
[4.064s] [ 64%] [32mBuilding CXX object CMakeFiles/quadrotor_msgs__rosidl_typesupport_introspection_cpp.dir/rosidl_typesupport_introspection_cpp/quadrotor_msgs/msg/detail/px4ctrl_debug__type_support.cpp.o[0m
[4.129s] [ 65%] [32mBuilding CXX object CMakeFiles/quadrotor_msgs__rosidl_typesupport_introspection_cpp.dir/rosidl_typesupport_introspection_cpp/quadrotor_msgs/msg/detail/takeoff_land__type_support.cpp.o[0m
[4.293s] [ 66%] [32mBuilding CXX object CMakeFiles/quadrotor_msgs__rosidl_typesupport_fastrtps_cpp.dir/rosidl_typesupport_fastrtps_cpp/quadrotor_msgs/msg/detail/dds_fastrtps/so3_command__type_support.cpp.o[0m
[4.299s] [ 67%] [32mBuilding CXX object CMakeFiles/quadrotor_msgs__rosidl_typesupport_fastrtps_c.dir/rosidl_typesupport_fastrtps_c/quadrotor_msgs/msg/detail/poly_traj__type_support_c.cpp.o[0m
[4.329s] [ 68%] [32mBuilding CXX object CMakeFiles/quadrotor_msgs__rosidl_typesupport_fastrtps_c.dir/rosidl_typesupport_fastrtps_c/quadrotor_msgs/msg/detail/replan_state__type_support_c.cpp.o[0m
[4.348s] [ 70%] [32mBuilding CXX object CMakeFiles/quadrotor_msgs__rosidl_typesupport_fastrtps_c.dir/rosidl_typesupport_fastrtps_c/quadrotor_msgs/msg/detail/position_command__type_support_c.cpp.o[0m
[4.361s] [ 71%] [32mBuilding CXX object CMakeFiles/quadrotor_msgs__rosidl_typesupport_fastrtps_cpp.dir/rosidl_typesupport_fastrtps_cpp/quadrotor_msgs/msg/detail/dds_fastrtps/aux_command__type_support.cpp.o[0m
[4.367s] [ 72%] [32mBuilding CXX object CMakeFiles/quadrotor_msgs__rosidl_typesupport_fastrtps_cpp.dir/rosidl_typesupport_fastrtps_cpp/quadrotor_msgs/msg/detail/dds_fastrtps/px4ctrl_debug__type_support.cpp.o[0m
[4.377s] [ 73%] [32mBuilding CXX object CMakeFiles/quadrotor_msgs__rosidl_typesupport_fastrtps_cpp.dir/rosidl_typesupport_fastrtps_cpp/quadrotor_msgs/msg/detail/dds_fastrtps/takeoff_land__type_support.cpp.o[0m
[4.386s] [ 74%] [32mBuilding CXX object CMakeFiles/quadrotor_msgs__rosidl_typesupport_fastrtps_c.dir/rosidl_typesupport_fastrtps_c/quadrotor_msgs/msg/detail/so3_command__type_support_c.cpp.o[0m
[4.391s] [ 75%] [32mBuilding CXX object CMakeFiles/quadrotor_msgs__rosidl_typesupport_fastrtps_c.dir/rosidl_typesupport_fastrtps_c/quadrotor_msgs/msg/detail/aux_command__type_support_c.cpp.o[0m
[4.415s] [ 77%] [32mBuilding CXX object CMakeFiles/quadrotor_msgs__rosidl_typesupport_fastrtps_c.dir/rosidl_typesupport_fastrtps_c/quadrotor_msgs/msg/detail/px4ctrl_debug__type_support_c.cpp.o[0m
[4.641s] [ 78%] [32mBuilding CXX object CMakeFiles/quadrotor_msgs__rosidl_typesupport_fastrtps_c.dir/rosidl_typesupport_fastrtps_c/quadrotor_msgs/msg/detail/takeoff_land__type_support_c.cpp.o[0m
[4.687s] [ 79%] [32m[1mLinking CXX shared library libquadrotor_msgs__rosidl_typesupport_introspection_cpp.so[0m
[4.811s] [ 79%] Built target quadrotor_msgs__rosidl_typesupport_introspection_cpp
[4.980s] [ 80%] [32m[1mLinking CXX shared library libquadrotor_msgs__rosidl_typesupport_fastrtps_cpp.so[0m
[5.045s] [ 80%] Built target quadrotor_msgs__rosidl_typesupport_fastrtps_cpp
[5.058s] [ 81%] [32m[1mLinking CXX shared library libquadrotor_msgs__rosidl_typesupport_fastrtps_c.so[0m
[5.117s] [ 81%] Built target quadrotor_msgs__rosidl_typesupport_fastrtps_c
[5.132s] [ 81%] Built target quadrotor_msgs
[5.148s] [ 82%] [34m[1mGenerating Python code for ROS interfaces[0m
[6.377s] [ 82%] Built target quadrotor_msgs__py
[6.392s] [ 85%] [32mBuilding C object CMakeFiles/quadrotor_msgs__rosidl_generator_py.dir/rosidl_generator_py/quadrotor_msgs/msg/_position_command_s.c.o[0m
[6.392s] [ 85%] [32mBuilding C object CMakeFiles/quadrotor_msgs__rosidl_generator_py.dir/rosidl_generator_py/quadrotor_msgs/msg/_replan_state_s.c.o[0m
[6.392s] [ 86%] [32mBuilding C object CMakeFiles/quadrotor_msgs__rosidl_generator_py.dir/rosidl_generator_py/quadrotor_msgs/msg/_takeoff_land_s.c.o[0m
[6.392s] [ 87%] [32mBuilding C object CMakeFiles/quadrotor_msgs__rosidl_generator_py.dir/rosidl_generator_py/quadrotor_msgs/msg/_occ_map3d_s.c.o[0m
[6.392s] [ 88%] [32mBuilding C object CMakeFiles/quadrotor_msgs__rosidl_generator_py.dir/rosidl_generator_py/quadrotor_msgs/msg/_poly_traj_s.c.o[0m
[6.393s] [ 90%] [32mBuilding C object CMakeFiles/quadrotor_msgs__rosidl_generator_py.dir/rosidl_generator_py/quadrotor_msgs/msg/_aux_command_s.c.o[0m
[6.393s] [ 90%] [32mBuilding C object CMakeFiles/quadrotor_msgs__rosidl_generator_py.dir/rosidl_generator_py/quadrotor_msgs/msg/_so3_command_s.c.o[0m
[6.394s] [ 91%] [32mBuilding C object CMakeFiles/quadrotor_msgs__rosidl_generator_py.dir/rosidl_generator_py/quadrotor_msgs/msg/_px4ctrl_debug_s.c.o[0m
[6.551s] [ 93%] [32m[1mLinking C shared library rosidl_generator_py/quadrotor_msgs/libquadrotor_msgs__rosidl_generator_py.so[0m
[6.587s] [ 93%] Built target quadrotor_msgs__rosidl_generator_py
[6.603s] [ 96%] [32mBuilding C object CMakeFiles/quadrotor_msgs__rosidl_typesupport_c__pyext.dir/rosidl_generator_py/quadrotor_msgs/_quadrotor_msgs_s.ep.rosidl_typesupport_c.c.o[0m
[6.603s] [ 96%] [32mBuilding C object CMakeFiles/quadrotor_msgs__rosidl_typesupport_fastrtps_c__pyext.dir/rosidl_generator_py/quadrotor_msgs/_quadrotor_msgs_s.ep.rosidl_typesupport_fastrtps_c.c.o[0m
[6.603s] [ 96%] [32mBuilding C object CMakeFiles/quadrotor_msgs__rosidl_typesupport_introspection_c__pyext.dir/rosidl_generator_py/quadrotor_msgs/_quadrotor_msgs_s.ep.rosidl_typesupport_introspection_c.c.o[0m
[6.711s] [100%] [32m[1mLinking C shared library rosidl_generator_py/quadrotor_msgs/quadrotor_msgs_s__rosidl_typesupport_fastrtps_c.cpython-310-x86_64-linux-gnu.so[0m
[6.711s] [100%] [32m[1mLinking C shared library rosidl_generator_py/quadrotor_msgs/quadrotor_msgs_s__rosidl_typesupport_introspection_c.cpython-310-x86_64-linux-gnu.so[0m
[6.711s] [100%] [32m[1mLinking C shared library rosidl_generator_py/quadrotor_msgs/quadrotor_msgs_s__rosidl_typesupport_c.cpython-310-x86_64-linux-gnu.so[0m
[6.746s] [100%] Built target quadrotor_msgs__rosidl_typesupport_c__pyext
[6.746s] [100%] Built target quadrotor_msgs__rosidl_typesupport_introspection_c__pyext
[6.747s] [100%] Built target quadrotor_msgs__rosidl_typesupport_fastrtps_c__pyext
[6.756s] Invoked command in '/mpc/new/Elastic-Tracker/build/quadrotor_msgs' returned '0': CMAKE_PREFIX_PATH=/opt/ros/humble /usr/bin/cmake --build /mpc/new/Elastic-Tracker/build/quadrotor_msgs -- -j12 -l12
[6.763s] Invoking command in '/mpc/new/Elastic-Tracker/build/quadrotor_msgs': CMAKE_PREFIX_PATH=/opt/ros/humble /usr/bin/cmake --install /mpc/new/Elastic-Tracker/build/quadrotor_msgs
[6.770s] -- Install configuration: ""
[6.770s] -- Installing: /mpc/new/Elastic-Tracker/install/quadrotor_msgs/share/ament_index/resource_index/rosidl_interfaces/quadrotor_msgs
[6.770s] -- Installing: /mpc/new/Elastic-Tracker/install/quadrotor_msgs/include/quadrotor_msgs/quadrotor_msgs
[6.770s] -- Installing: /mpc/new/Elastic-Tracker/install/quadrotor_msgs/include/quadrotor_msgs/quadrotor_msgs/msg
[6.771s] -- Installing: /mpc/new/Elastic-Tracker/install/quadrotor_msgs/include/quadrotor_msgs/quadrotor_msgs/msg/takeoff_land.h
[6.771s] -- Installing: /mpc/new/Elastic-Tracker/install/quadrotor_msgs/include/quadrotor_msgs/quadrotor_msgs/msg/px4ctrl_debug.h
[6.771s] -- Installing: /mpc/new/Elastic-Tracker/install/quadrotor_msgs/include/quadrotor_msgs/quadrotor_msgs/msg/occ_map3d.h
[6.771s] -- Installing: /mpc/new/Elastic-Tracker/install/quadrotor_msgs/include/quadrotor_msgs/quadrotor_msgs/msg/replan_state.h
[6.771s] -- Installing: /mpc/new/Elastic-Tracker/install/quadrotor_msgs/include/quadrotor_msgs/quadrotor_msgs/msg/aux_command.h
[6.771s] -- Installing: /mpc/new/Elastic-Tracker/install/quadrotor_msgs/include/quadrotor_msgs/quadrotor_msgs/msg/position_command.h
[6.771s] -- Installing: /mpc/new/Elastic-Tracker/install/quadrotor_msgs/include/quadrotor_msgs/quadrotor_msgs/msg/detail
[6.771s] -- Installing: /mpc/new/Elastic-Tracker/install/quadrotor_msgs/include/quadrotor_msgs/quadrotor_msgs/msg/detail/replan_state__functions.c
[6.771s] -- Installing: /mpc/new/Elastic-Tracker/install/quadrotor_msgs/include/quadrotor_msgs/quadrotor_msgs/msg/detail/takeoff_land__type_support.h
[6.771s] -- Installing: /mpc/new/Elastic-Tracker/install/quadrotor_msgs/include/quadrotor_msgs/quadrotor_msgs/msg/detail/poly_traj__functions.c
[6.771s] -- Installing: /mpc/new/Elastic-Tracker/install/quadrotor_msgs/include/quadrotor_msgs/quadrotor_msgs/msg/detail/so3_command__functions.c
[6.772s] -- Installing: /mpc/new/Elastic-Tracker/install/quadrotor_msgs/include/quadrotor_msgs/quadrotor_msgs/msg/detail/px4ctrl_debug__functions.c
[6.772s] -- Installing: /mpc/new/Elastic-Tracker/install/quadrotor_msgs/include/quadrotor_msgs/quadrotor_msgs/msg/detail/so3_command__type_support.h
[6.772s] -- Installing: /mpc/new/Elastic-Tracker/install/quadrotor_msgs/include/quadrotor_msgs/quadrotor_msgs/msg/detail/takeoff_land__struct.h
[6.772s] -- Installing: /mpc/new/Elastic-Tracker/install/quadrotor_msgs/include/quadrotor_msgs/quadrotor_msgs/msg/detail/takeoff_land__functions.c
[6.772s] -- Installing: /mpc/new/Elastic-Tracker/install/quadrotor_msgs/include/quadrotor_msgs/quadrotor_msgs/msg/detail/occ_map3d__functions.h
[6.772s] -- Installing: /mpc/new/Elastic-Tracker/install/quadrotor_msgs/include/quadrotor_msgs/quadrotor_msgs/msg/detail/takeoff_land__functions.h
[6.772s] -- Installing: /mpc/new/Elastic-Tracker/install/quadrotor_msgs/include/quadrotor_msgs/quadrotor_msgs/msg/detail/so3_command__functions.h
[6.772s] -- Installing: /mpc/new/Elastic-Tracker/install/quadrotor_msgs/include/quadrotor_msgs/quadrotor_msgs/msg/detail/position_command__functions.h
[6.772s] -- Installing: /mpc/new/Elastic-Tracker/install/quadrotor_msgs/include/quadrotor_msgs/quadrotor_msgs/msg/detail/aux_command__functions.c
[6.772s] -- Installing: /mpc/new/Elastic-Tracker/install/quadrotor_msgs/include/quadrotor_msgs/quadrotor_msgs/msg/detail/replan_state__struct.h
[6.772s] -- Installing: /mpc/new/Elastic-Tracker/install/quadrotor_msgs/include/quadrotor_msgs/quadrotor_msgs/msg/detail/position_command__type_support.h
[6.773s] -- Installing: /mpc/new/Elastic-Tracker/install/quadrotor_msgs/include/quadrotor_msgs/quadrotor_msgs/msg/detail/poly_traj__struct.h
[6.773s] -- Installing: /mpc/new/Elastic-Tracker/install/quadrotor_msgs/include/quadrotor_msgs/quadrotor_msgs/msg/detail/poly_traj__functions.h
[6.773s] -- Installing: /mpc/new/Elastic-Tracker/install/quadrotor_msgs/include/quadrotor_msgs/quadrotor_msgs/msg/detail/occ_map3d__struct.h
[6.773s] -- Installing: /mpc/new/Elastic-Tracker/install/quadrotor_msgs/include/quadrotor_msgs/quadrotor_msgs/msg/detail/px4ctrl_debug__type_support.h
[6.773s] -- Installing: /mpc/new/Elastic-Tracker/install/quadrotor_msgs/include/quadrotor_msgs/quadrotor_msgs/msg/detail/occ_map3d__type_support.h
[6.773s] -- Installing: /mpc/new/Elastic-Tracker/install/quadrotor_msgs/include/quadrotor_msgs/quadrotor_msgs/msg/detail/aux_command__struct.h
[6.773s] -- Installing: /mpc/new/Elastic-Tracker/install/quadrotor_msgs/include/quadrotor_msgs/quadrotor_msgs/msg/detail/poly_traj__type_support.h
[6.773s] -- Installing: /mpc/new/Elastic-Tracker/install/quadrotor_msgs/include/quadrotor_msgs/quadrotor_msgs/msg/detail/px4ctrl_debug__struct.h
[6.773s] -- Installing: /mpc/new/Elastic-Tracker/install/quadrotor_msgs/include/quadrotor_msgs/quadrotor_msgs/msg/detail/position_command__struct.h
[6.773s] -- Installing: /mpc/new/Elastic-Tracker/install/quadrotor_msgs/include/quadrotor_msgs/quadrotor_msgs/msg/detail/so3_command__struct.h
[6.773s] -- Installing: /mpc/new/Elastic-Tracker/install/quadrotor_msgs/include/quadrotor_msgs/quadrotor_msgs/msg/detail/aux_command__type_support.h
[6.773s] -- Installing: /mpc/new/Elastic-Tracker/install/quadrotor_msgs/include/quadrotor_msgs/quadrotor_msgs/msg/detail/px4ctrl_debug__functions.h
[6.773s] -- Installing: /mpc/new/Elastic-Tracker/install/quadrotor_msgs/include/quadrotor_msgs/quadrotor_msgs/msg/detail/replan_state__functions.h
[6.774s] -- Installing: /mpc/new/Elastic-Tracker/install/quadrotor_msgs/include/quadrotor_msgs/quadrotor_msgs/msg/detail/aux_command__functions.h
[6.774s] -- Installing: /mpc/new/Elastic-Tracker/install/quadrotor_msgs/include/quadrotor_msgs/quadrotor_msgs/msg/detail/position_command__functions.c
[6.774s] -- Installing: /mpc/new/Elastic-Tracker/install/quadrotor_msgs/include/quadrotor_msgs/quadrotor_msgs/msg/detail/replan_state__type_support.h
[6.774s] -- Installing: /mpc/new/Elastic-Tracker/install/quadrotor_msgs/include/quadrotor_msgs/quadrotor_msgs/msg/detail/occ_map3d__functions.c
[6.774s] -- Installing: /mpc/new/Elastic-Tracker/install/quadrotor_msgs/include/quadrotor_msgs/quadrotor_msgs/msg/rosidl_generator_c__visibility_control.h
[6.774s] -- Installing: /mpc/new/Elastic-Tracker/install/quadrotor_msgs/include/quadrotor_msgs/quadrotor_msgs/msg/so3_command.h
[6.774s] -- Installing: /mpc/new/Elastic-Tracker/install/quadrotor_msgs/include/quadrotor_msgs/quadrotor_msgs/msg/poly_traj.h
[6.774s] -- Installing: /mpc/new/Elastic-Tracker/install/quadrotor_msgs/share/quadrotor_msgs/environment/library_path.sh
[6.774s] -- Installing: /mpc/new/Elastic-Tracker/install/quadrotor_msgs/share/quadrotor_msgs/environment/library_path.dsv
[6.774s] -- Installing: /mpc/new/Elastic-Tracker/install/quadrotor_msgs/lib/libquadrotor_msgs__rosidl_generator_c.so
[6.775s] -- Set runtime path of "/mpc/new/Elastic-Tracker/install/quadrotor_msgs/lib/libquadrotor_msgs__rosidl_generator_c.so" to ""
[6.775s] -- Up-to-date: /mpc/new/Elastic-Tracker/install/quadrotor_msgs/include/quadrotor_msgs/quadrotor_msgs
[6.775s] -- Up-to-date: /mpc/new/Elastic-Tracker/install/quadrotor_msgs/include/quadrotor_msgs/quadrotor_msgs/msg
[6.775s] -- Up-to-date: /mpc/new/Elastic-Tracker/install/quadrotor_msgs/include/quadrotor_msgs/quadrotor_msgs/msg/detail
[6.775s] -- Installing: /mpc/new/Elastic-Tracker/install/quadrotor_msgs/include/quadrotor_msgs/quadrotor_msgs/msg/detail/position_command__rosidl_typesupport_fastrtps_c.h
[6.775s] -- Installing: /mpc/new/Elastic-Tracker/install/quadrotor_msgs/include/quadrotor_msgs/quadrotor_msgs/msg/detail/replan_state__rosidl_typesupport_fastrtps_c.h
[6.775s] -- Installing: /mpc/new/Elastic-Tracker/install/quadrotor_msgs/include/quadrotor_msgs/quadrotor_msgs/msg/detail/so3_command__rosidl_typesupport_fastrtps_c.h
[6.775s] -- Installing: /mpc/new/Elastic-Tracker/install/quadrotor_msgs/include/quadrotor_msgs/quadrotor_msgs/msg/detail/occ_map3d__rosidl_typesupport_fastrtps_c.h
[6.775s] -- Installing: /mpc/new/Elastic-Tracker/install/quadrotor_msgs/include/quadrotor_msgs/quadrotor_msgs/msg/detail/px4ctrl_debug__rosidl_typesupport_fastrtps_c.h
[6.775s] -- Installing: /mpc/new/Elastic-Tracker/install/quadrotor_msgs/include/quadrotor_msgs/quadrotor_msgs/msg/detail/takeoff_land__rosidl_typesupport_fastrtps_c.h
[6.776s] -- Installing: /mpc/new/Elastic-Tracker/install/quadrotor_msgs/include/quadrotor_msgs/quadrotor_msgs/msg/detail/aux_command__rosidl_typesupport_fastrtps_c.h
[6.776s] -- Installing: /mpc/new/Elastic-Tracker/install/quadrotor_msgs/include/quadrotor_msgs/quadrotor_msgs/msg/detail/poly_traj__rosidl_typesupport_fastrtps_c.h
[6.776s] -- Installing: /mpc/new/Elastic-Tracker/install/quadrotor_msgs/include/quadrotor_msgs/quadrotor_msgs/msg/rosidl_typesupport_fastrtps_c__visibility_control.h
[6.776s] -- Installing: /mpc/new/Elastic-Tracker/install/quadrotor_msgs/lib/libquadrotor_msgs__rosidl_typesupport_fastrtps_c.so
[6.776s] -- Set runtime path of "/mpc/new/Elastic-Tracker/install/quadrotor_msgs/lib/libquadrotor_msgs__rosidl_typesupport_fastrtps_c.so" to ""
[6.776s] -- Up-to-date: /mpc/new/Elastic-Tracker/install/quadrotor_msgs/include/quadrotor_msgs/quadrotor_msgs
[6.776s] -- Up-to-date: /mpc/new/Elastic-Tracker/install/quadrotor_msgs/include/quadrotor_msgs/quadrotor_msgs/msg
[6.776s] -- Installing: /mpc/new/Elastic-Tracker/install/quadrotor_msgs/include/quadrotor_msgs/quadrotor_msgs/msg/aux_command.hpp
[6.776s] -- Installing: /mpc/new/Elastic-Tracker/install/quadrotor_msgs/include/quadrotor_msgs/quadrotor_msgs/msg/position_command.hpp
[6.776s] -- Installing: /mpc/new/Elastic-Tracker/install/quadrotor_msgs/include/quadrotor_msgs/quadrotor_msgs/msg/px4ctrl_debug.hpp
[6.777s] -- Installing: /mpc/new/Elastic-Tracker/install/quadrotor_msgs/include/quadrotor_msgs/quadrotor_msgs/msg/occ_map3d.hpp
[6.777s] -- Installing: /mpc/new/Elastic-Tracker/install/quadrotor_msgs/include/quadrotor_msgs/quadrotor_msgs/msg/poly_traj.hpp
[6.777s] -- Installing: /mpc/new/Elastic-Tracker/install/quadrotor_msgs/include/quadrotor_msgs/quadrotor_msgs/msg/takeoff_land.hpp
[6.777s] -- Installing: /mpc/new/Elastic-Tracker/install/quadrotor_msgs/include/quadrotor_msgs/quadrotor_msgs/msg/replan_state.hpp
[6.777s] -- Up-to-date: /mpc/new/Elastic-Tracker/install/quadrotor_msgs/include/quadrotor_msgs/quadrotor_msgs/msg/detail
[6.777s] -- Installing: /mpc/new/Elastic-Tracker/install/quadrotor_msgs/include/quadrotor_msgs/quadrotor_msgs/msg/detail/replan_state__builder.hpp
[6.777s] -- Installing: /mpc/new/Elastic-Tracker/install/quadrotor_msgs/include/quadrotor_msgs/quadrotor_msgs/msg/detail/aux_command__traits.hpp
[6.777s] -- Installing: /mpc/new/Elastic-Tracker/install/quadrotor_msgs/include/quadrotor_msgs/quadrotor_msgs/msg/detail/replan_state__traits.hpp
[6.777s] -- Installing: /mpc/new/Elastic-Tracker/install/quadrotor_msgs/include/quadrotor_msgs/quadrotor_msgs/msg/detail/position_command__traits.hpp
[6.777s] -- Installing: /mpc/new/Elastic-Tracker/install/quadrotor_msgs/include/quadrotor_msgs/quadrotor_msgs/msg/detail/occ_map3d__type_support.hpp
[6.777s] -- Installing: /mpc/new/Elastic-Tracker/install/quadrotor_msgs/include/quadrotor_msgs/quadrotor_msgs/msg/detail/position_command__type_support.hpp
[6.777s] -- Installing: /mpc/new/Elastic-Tracker/install/quadrotor_msgs/include/quadrotor_msgs/quadrotor_msgs/msg/detail/px4ctrl_debug__builder.hpp
[6.777s] -- Installing: /mpc/new/Elastic-Tracker/install/quadrotor_msgs/include/quadrotor_msgs/quadrotor_msgs/msg/detail/takeoff_land__type_support.hpp
[6.778s] -- Installing: /mpc/new/Elastic-Tracker/install/quadrotor_msgs/include/quadrotor_msgs/quadrotor_msgs/msg/detail/px4ctrl_debug__type_support.hpp
[6.778s] -- Installing: /mpc/new/Elastic-Tracker/install/quadrotor_msgs/include/quadrotor_msgs/quadrotor_msgs/msg/detail/aux_command__builder.hpp
[6.778s] -- Installing: /mpc/new/Elastic-Tracker/install/quadrotor_msgs/include/quadrotor_msgs/quadrotor_msgs/msg/detail/poly_traj__builder.hpp
[6.778s] -- Installing: /mpc/new/Elastic-Tracker/install/quadrotor_msgs/include/quadrotor_msgs/quadrotor_msgs/msg/detail/poly_traj__traits.hpp
[6.778s] -- Installing: /mpc/new/Elastic-Tracker/install/quadrotor_msgs/include/quadrotor_msgs/quadrotor_msgs/msg/detail/poly_traj__struct.hpp
[6.778s] -- Installing: /mpc/new/Elastic-Tracker/install/quadrotor_msgs/include/quadrotor_msgs/quadrotor_msgs/msg/detail/replan_state__struct.hpp
[6.778s] -- Installing: /mpc/new/Elastic-Tracker/install/quadrotor_msgs/include/quadrotor_msgs/quadrotor_msgs/msg/detail/occ_map3d__struct.hpp
[6.778s] -- Installing: /mpc/new/Elastic-Tracker/install/quadrotor_msgs/include/quadrotor_msgs/quadrotor_msgs/msg/detail/position_command__builder.hpp
[6.778s] -- Installing: /mpc/new/Elastic-Tracker/install/quadrotor_msgs/include/quadrotor_msgs/quadrotor_msgs/msg/detail/takeoff_land__traits.hpp
[6.778s] -- Installing: /mpc/new/Elastic-Tracker/install/quadrotor_msgs/include/quadrotor_msgs/quadrotor_msgs/msg/detail/aux_command__struct.hpp
[6.778s] -- Installing: /mpc/new/Elastic-Tracker/install/quadrotor_msgs/include/quadrotor_msgs/quadrotor_msgs/msg/detail/occ_map3d__builder.hpp
[6.778s] -- Installing: /mpc/new/Elastic-Tracker/install/quadrotor_msgs/include/quadrotor_msgs/quadrotor_msgs/msg/detail/replan_state__type_support.hpp
[6.778s] -- Installing: /mpc/new/Elastic-Tracker/install/quadrotor_msgs/include/quadrotor_msgs/quadrotor_msgs/msg/detail/aux_command__type_support.hpp
[6.779s] -- Installing: /mpc/new/Elastic-Tracker/install/quadrotor_msgs/include/quadrotor_msgs/quadrotor_msgs/msg/detail/so3_command__type_support.hpp
[6.779s] -- Installing: /mpc/new/Elastic-Tracker/install/quadrotor_msgs/include/quadrotor_msgs/quadrotor_msgs/msg/detail/position_command__struct.hpp
[6.779s] -- Installing: /mpc/new/Elastic-Tracker/install/quadrotor_msgs/include/quadrotor_msgs/quadrotor_msgs/msg/detail/so3_command__builder.hpp
[6.779s] -- Installing: /mpc/new/Elastic-Tracker/install/quadrotor_msgs/include/quadrotor_msgs/quadrotor_msgs/msg/detail/takeoff_land__builder.hpp
[6.779s] -- Installing: /mpc/new/Elastic-Tracker/install/quadrotor_msgs/include/quadrotor_msgs/quadrotor_msgs/msg/detail/px4ctrl_debug__traits.hpp
[6.779s] -- Installing: /mpc/new/Elastic-Tracker/install/quadrotor_msgs/include/quadrotor_msgs/quadrotor_msgs/msg/detail/takeoff_land__struct.hpp
[6.779s] -- Installing: /mpc/new/Elastic-Tracker/install/quadrotor_msgs/include/quadrotor_msgs/quadrotor_msgs/msg/detail/so3_command__traits.hpp
[6.779s] -- Installing: /mpc/new/Elastic-Tracker/install/quadrotor_msgs/include/quadrotor_msgs/quadrotor_msgs/msg/detail/px4ctrl_debug__struct.hpp
[6.779s] -- Installing: /mpc/new/Elastic-Tracker/install/quadrotor_msgs/include/quadrotor_msgs/quadrotor_msgs/msg/detail/so3_command__struct.hpp
[6.779s] -- Installing: /mpc/new/Elastic-Tracker/install/quadrotor_msgs/include/quadrotor_msgs/quadrotor_msgs/msg/detail/occ_map3d__traits.hpp
[6.779s] -- Installing: /mpc/new/Elastic-Tracker/install/quadrotor_msgs/include/quadrotor_msgs/quadrotor_msgs/msg/detail/poly_traj__type_support.hpp
[6.779s] -- Installing: /mpc/new/Elastic-Tracker/install/quadrotor_msgs/include/quadrotor_msgs/quadrotor_msgs/msg/so3_command.hpp
[6.779s] -- Installing: /mpc/new/Elastic-Tracker/install/quadrotor_msgs/include/quadrotor_msgs/quadrotor_msgs/msg/rosidl_generator_cpp__visibility_control.hpp
[6.780s] -- Up-to-date: /mpc/new/Elastic-Tracker/install/quadrotor_msgs/include/quadrotor_msgs/quadrotor_msgs
[6.780s] -- Up-to-date: /mpc/new/Elastic-Tracker/install/quadrotor_msgs/include/quadrotor_msgs/quadrotor_msgs/msg
[6.780s] -- Up-to-date: /mpc/new/Elastic-Tracker/install/quadrotor_msgs/include/quadrotor_msgs/quadrotor_msgs/msg/detail
[6.780s] -- Installing: /mpc/new/Elastic-Tracker/install/quadrotor_msgs/include/quadrotor_msgs/quadrotor_msgs/msg/detail/position_command__rosidl_typesupport_fastrtps_cpp.hpp
[6.780s] -- Installing: /mpc/new/Elastic-Tracker/install/quadrotor_msgs/include/quadrotor_msgs/quadrotor_msgs/msg/detail/occ_map3d__rosidl_typesupport_fastrtps_cpp.hpp
[6.780s] -- Installing: /mpc/new/Elastic-Tracker/install/quadrotor_msgs/include/quadrotor_msgs/quadrotor_msgs/msg/detail/replan_state__rosidl_typesupport_fastrtps_cpp.hpp
[6.780s] -- Installing: /mpc/new/Elastic-Tracker/install/quadrotor_msgs/include/quadrotor_msgs/quadrotor_msgs/msg/detail/poly_traj__rosidl_typesupport_fastrtps_cpp.hpp
[6.780s] -- Installing: /mpc/new/Elastic-Tracker/install/quadrotor_msgs/include/quadrotor_msgs/quadrotor_msgs/msg/detail/aux_command__rosidl_typesupport_fastrtps_cpp.hpp
[6.780s] -- Installing: /mpc/new/Elastic-Tracker/install/quadrotor_msgs/include/quadrotor_msgs/quadrotor_msgs/msg/detail/px4ctrl_debug__rosidl_typesupport_fastrtps_cpp.hpp
[6.780s] -- Installing: /mpc/new/Elastic-Tracker/install/quadrotor_msgs/include/quadrotor_msgs/quadrotor_msgs/msg/detail/dds_fastrtps
[6.780s] -- Installing: /mpc/new/Elastic-Tracker/install/quadrotor_msgs/include/quadrotor_msgs/quadrotor_msgs/msg/detail/so3_command__rosidl_typesupport_fastrtps_cpp.hpp
[6.780s] -- Installing: /mpc/new/Elastic-Tracker/install/quadrotor_msgs/include/quadrotor_msgs/quadrotor_msgs/msg/detail/takeoff_land__rosidl_typesupport_fastrtps_cpp.hpp
[6.780s] -- Installing: /mpc/new/Elastic-Tracker/install/quadrotor_msgs/include/quadrotor_msgs/quadrotor_msgs/msg/rosidl_typesupport_fastrtps_cpp__visibility_control.h
[6.781s] -- Installing: /mpc/new/Elastic-Tracker/install/quadrotor_msgs/lib/libquadrotor_msgs__rosidl_typesupport_fastrtps_cpp.so
[6.781s] -- Set runtime path of "/mpc/new/Elastic-Tracker/install/quadrotor_msgs/lib/libquadrotor_msgs__rosidl_typesupport_fastrtps_cpp.so" to ""
[6.781s] -- Up-to-date: /mpc/new/Elastic-Tracker/install/quadrotor_msgs/include/quadrotor_msgs/quadrotor_msgs
[6.781s] -- Up-to-date: /mpc/new/Elastic-Tracker/install/quadrotor_msgs/include/quadrotor_msgs/quadrotor_msgs/msg
[6.781s] -- Installing: /mpc/new/Elastic-Tracker/install/quadrotor_msgs/include/quadrotor_msgs/quadrotor_msgs/msg/rosidl_typesupport_introspection_c__visibility_control.h
[6.781s] -- Up-to-date: /mpc/new/Elastic-Tracker/install/quadrotor_msgs/include/quadrotor_msgs/quadrotor_msgs/msg/detail
[6.781s] -- Installing: /mpc/new/Elastic-Tracker/install/quadrotor_msgs/include/quadrotor_msgs/quadrotor_msgs/msg/detail/occ_map3d__rosidl_typesupport_introspection_c.h
[6.781s] -- Installing: /mpc/new/Elastic-Tracker/install/quadrotor_msgs/include/quadrotor_msgs/quadrotor_msgs/msg/detail/so3_command__rosidl_typesupport_introspection_c.h
[6.781s] -- Installing: /mpc/new/Elastic-Tracker/install/quadrotor_msgs/include/quadrotor_msgs/quadrotor_msgs/msg/detail/position_command__rosidl_typesupport_introspection_c.h
[6.781s] -- Installing: /mpc/new/Elastic-Tracker/install/quadrotor_msgs/include/quadrotor_msgs/quadrotor_msgs/msg/detail/px4ctrl_debug__rosidl_typesupport_introspection_c.h
[6.782s] -- Installing: /mpc/new/Elastic-Tracker/install/quadrotor_msgs/include/quadrotor_msgs/quadrotor_msgs/msg/detail/so3_command__type_support.c
[6.782s] -- Installing: /mpc/new/Elastic-Tracker/install/quadrotor_msgs/include/quadrotor_msgs/quadrotor_msgs/msg/detail/poly_traj__type_support.c
[6.782s] -- Installing: /mpc/new/Elastic-Tracker/install/quadrotor_msgs/include/quadrotor_msgs/quadrotor_msgs/msg/detail/px4ctrl_debug__type_support.c
[6.782s] -- Installing: /mpc/new/Elastic-Tracker/install/quadrotor_msgs/include/quadrotor_msgs/quadrotor_msgs/msg/detail/poly_traj__rosidl_typesupport_introspection_c.h
[6.782s] -- Installing: /mpc/new/Elastic-Tracker/install/quadrotor_msgs/include/quadrotor_msgs/quadrotor_msgs/msg/detail/takeoff_land__type_support.c
[6.782s] -- Installing: /mpc/new/Elastic-Tracker/install/quadrotor_msgs/include/quadrotor_msgs/quadrotor_msgs/msg/detail/aux_command__type_support.c
[6.782s] -- Installing: /mpc/new/Elastic-Tracker/install/quadrotor_msgs/include/quadrotor_msgs/quadrotor_msgs/msg/detail/replan_state__type_support.c
[6.782s] -- Installing: /mpc/new/Elastic-Tracker/install/quadrotor_msgs/include/quadrotor_msgs/quadrotor_msgs/msg/detail/occ_map3d__type_support.c
[6.782s] -- Installing: /mpc/new/Elastic-Tracker/install/quadrotor_msgs/include/quadrotor_msgs/quadrotor_msgs/msg/detail/replan_state__rosidl_typesupport_introspection_c.h
[6.782s] -- Installing: /mpc/new/Elastic-Tracker/install/quadrotor_msgs/include/quadrotor_msgs/quadrotor_msgs/msg/detail/takeoff_land__rosidl_typesupport_introspection_c.h
[6.782s] -- Installing: /mpc/new/Elastic-Tracker/install/quadrotor_msgs/include/quadrotor_msgs/quadrotor_msgs/msg/detail/aux_command__rosidl_typesupport_introspection_c.h
[6.782s] -- Installing: /mpc/new/Elastic-Tracker/install/quadrotor_msgs/include/quadrotor_msgs/quadrotor_msgs/msg/detail/position_command__type_support.c
[6.782s] -- Installing: /mpc/new/Elastic-Tracker/install/quadrotor_msgs/lib/libquadrotor_msgs__rosidl_typesupport_introspection_c.so
[6.783s] -- Set runtime path of "/mpc/new/Elastic-Tracker/install/quadrotor_msgs/lib/libquadrotor_msgs__rosidl_typesupport_introspection_c.so" to ""
[6.783s] -- Installing: /mpc/new/Elastic-Tracker/install/quadrotor_msgs/lib/libquadrotor_msgs__rosidl_typesupport_c.so
[6.783s] -- Set runtime path of "/mpc/new/Elastic-Tracker/install/quadrotor_msgs/lib/libquadrotor_msgs__rosidl_typesupport_c.so" to ""
[6.783s] -- Up-to-date: /mpc/new/Elastic-Tracker/install/quadrotor_msgs/include/quadrotor_msgs/quadrotor_msgs
[6.783s] -- Up-to-date: /mpc/new/Elastic-Tracker/install/quadrotor_msgs/include/quadrotor_msgs/quadrotor_msgs/msg
[6.783s] -- Up-to-date: /mpc/new/Elastic-Tracker/install/quadrotor_msgs/include/quadrotor_msgs/quadrotor_msgs/msg/detail
[6.783s] -- Installing: /mpc/new/Elastic-Tracker/install/quadrotor_msgs/include/quadrotor_msgs/quadrotor_msgs/msg/detail/aux_command__type_support.cpp
[6.783s] -- Installing: /mpc/new/Elastic-Tracker/install/quadrotor_msgs/include/quadrotor_msgs/quadrotor_msgs/msg/detail/so3_command__type_support.cpp
[6.783s] -- Installing: /mpc/new/Elastic-Tracker/install/quadrotor_msgs/include/quadrotor_msgs/quadrotor_msgs/msg/detail/occ_map3d__rosidl_typesupport_introspection_cpp.hpp
[6.784s] -- Installing: /mpc/new/Elastic-Tracker/install/quadrotor_msgs/include/quadrotor_msgs/quadrotor_msgs/msg/detail/replan_state__rosidl_typesupport_introspection_cpp.hpp
[6.784s] -- Installing: /mpc/new/Elastic-Tracker/install/quadrotor_msgs/include/quadrotor_msgs/quadrotor_msgs/msg/detail/position_command__type_support.cpp
[6.784s] -- Installing: /mpc/new/Elastic-Tracker/install/quadrotor_msgs/include/quadrotor_msgs/quadrotor_msgs/msg/detail/occ_map3d__type_support.cpp
[6.784s] -- Installing: /mpc/new/Elastic-Tracker/install/quadrotor_msgs/include/quadrotor_msgs/quadrotor_msgs/msg/detail/px4ctrl_debug__type_support.cpp
[6.784s] -- Installing: /mpc/new/Elastic-Tracker/install/quadrotor_msgs/include/quadrotor_msgs/quadrotor_msgs/msg/detail/so3_command__rosidl_typesupport_introspection_cpp.hpp
[6.784s] -- Installing: /mpc/new/Elastic-Tracker/install/quadrotor_msgs/include/quadrotor_msgs/quadrotor_msgs/msg/detail/px4ctrl_debug__rosidl_typesupport_introspection_cpp.hpp
[6.784s] -- Installing: /mpc/new/Elastic-Tracker/install/quadrotor_msgs/include/quadrotor_msgs/quadrotor_msgs/msg/detail/poly_traj__type_support.cpp
[6.784s] -- Installing: /mpc/new/Elastic-Tracker/install/quadrotor_msgs/include/quadrotor_msgs/quadrotor_msgs/msg/detail/takeoff_land__type_support.cpp
[6.784s] -- Installing: /mpc/new/Elastic-Tracker/install/quadrotor_msgs/include/quadrotor_msgs/quadrotor_msgs/msg/detail/takeoff_land__rosidl_typesupport_introspection_cpp.hpp
[6.784s] -- Installing: /mpc/new/Elastic-Tracker/install/quadrotor_msgs/include/quadrotor_msgs/quadrotor_msgs/msg/detail/position_command__rosidl_typesupport_introspection_cpp.hpp
[6.784s] -- Installing: /mpc/new/Elastic-Tracker/install/quadrotor_msgs/include/quadrotor_msgs/quadrotor_msgs/msg/detail/replan_state__type_support.cpp
[6.784s] -- Installing: /mpc/new/Elastic-Tracker/install/quadrotor_msgs/include/quadrotor_msgs/quadrotor_msgs/msg/detail/poly_traj__rosidl_typesupport_introspection_cpp.hpp
[6.785s] -- Installing: /mpc/new/Elastic-Tracker/install/quadrotor_msgs/include/quadrotor_msgs/quadrotor_msgs/msg/detail/aux_command__rosidl_typesupport_introspection_cpp.hpp
[6.785s] -- Installing: /mpc/new/Elastic-Tracker/install/quadrotor_msgs/lib/libquadrotor_msgs__rosidl_typesupport_introspection_cpp.so
[6.785s] -- Set runtime path of "/mpc/new/Elastic-Tracker/install/quadrotor_msgs/lib/libquadrotor_msgs__rosidl_typesupport_introspection_cpp.so" to ""
[6.785s] -- Installing: /mpc/new/Elastic-Tracker/install/quadrotor_msgs/lib/libquadrotor_msgs__rosidl_typesupport_cpp.so
[6.785s] -- Set runtime path of "/mpc/new/Elastic-Tracker/install/quadrotor_msgs/lib/libquadrotor_msgs__rosidl_typesupport_cpp.so" to ""
[6.785s] -- Installing: /mpc/new/Elastic-Tracker/install/quadrotor_msgs/share/quadrotor_msgs/environment/pythonpath.sh
[6.786s] -- Installing: /mpc/new/Elastic-Tracker/install/quadrotor_msgs/share/quadrotor_msgs/environment/pythonpath.dsv
[6.786s] -- Installing: /mpc/new/Elastic-Tracker/install/quadrotor_msgs/local/lib/python3.10/dist-packages/quadrotor_msgs-0.0.0-py3.10.egg-info
[6.786s] -- Installing: /mpc/new/Elastic-Tracker/install/quadrotor_msgs/local/lib/python3.10/dist-packages/quadrotor_msgs-0.0.0-py3.10.egg-info/dependency_links.txt
[6.786s] -- Installing: /mpc/new/Elastic-Tracker/install/quadrotor_msgs/local/lib/python3.10/dist-packages/quadrotor_msgs-0.0.0-py3.10.egg-info/top_level.txt
[6.786s] -- Installing: /mpc/new/Elastic-Tracker/install/quadrotor_msgs/local/lib/python3.10/dist-packages/quadrotor_msgs-0.0.0-py3.10.egg-info/PKG-INFO
[6.786s] -- Installing: /mpc/new/Elastic-Tracker/install/quadrotor_msgs/local/lib/python3.10/dist-packages/quadrotor_msgs-0.0.0-py3.10.egg-info/SOURCES.txt
[6.786s] -- Installing: /mpc/new/Elastic-Tracker/install/quadrotor_msgs/local/lib/python3.10/dist-packages/quadrotor_msgs
[6.787s] -- Installing: /mpc/new/Elastic-Tracker/install/quadrotor_msgs/local/lib/python3.10/dist-packages/quadrotor_msgs/quadrotor_msgs_s__rosidl_typesupport_introspection_c.cpython-310-x86_64-linux-gnu.so
[6.787s] -- Installing: /mpc/new/Elastic-Tracker/install/quadrotor_msgs/local/lib/python3.10/dist-packages/quadrotor_msgs/_quadrotor_msgs_s.ep.rosidl_typesupport_fastrtps_c.c
[6.787s] -- Installing: /mpc/new/Elastic-Tracker/install/quadrotor_msgs/local/lib/python3.10/dist-packages/quadrotor_msgs/quadrotor_msgs_s__rosidl_typesupport_fastrtps_c.cpython-310-x86_64-linux-gnu.so
[6.787s] -- Installing: /mpc/new/Elastic-Tracker/install/quadrotor_msgs/local/lib/python3.10/dist-packages/quadrotor_msgs/__init__.py
[6.787s] -- Installing: /mpc/new/Elastic-Tracker/install/quadrotor_msgs/local/lib/python3.10/dist-packages/quadrotor_msgs/_quadrotor_msgs_s.ep.rosidl_typesupport_c.c
[6.787s] -- Installing: /mpc/new/Elastic-Tracker/install/quadrotor_msgs/local/lib/python3.10/dist-packages/quadrotor_msgs/_quadrotor_msgs_s.ep.rosidl_typesupport_introspection_c.c
[6.787s] -- Installing: /mpc/new/Elastic-Tracker/install/quadrotor_msgs/local/lib/python3.10/dist-packages/quadrotor_msgs/quadrotor_msgs_s__rosidl_typesupport_c.cpython-310-x86_64-linux-gnu.so
[6.787s] -- Installing: /mpc/new/Elastic-Tracker/install/quadrotor_msgs/local/lib/python3.10/dist-packages/quadrotor_msgs/libquadrotor_msgs__rosidl_generator_py.so
[6.787s] -- Installing: /mpc/new/Elastic-Tracker/install/quadrotor_msgs/local/lib/python3.10/dist-packages/quadrotor_msgs/msg
[6.787s] -- Installing: /mpc/new/Elastic-Tracker/install/quadrotor_msgs/local/lib/python3.10/dist-packages/quadrotor_msgs/msg/_position_command_s.c
[6.787s] -- Installing: /mpc/new/Elastic-Tracker/install/quadrotor_msgs/local/lib/python3.10/dist-packages/quadrotor_msgs/msg/_poly_traj_s.c
[6.787s] -- Installing: /mpc/new/Elastic-Tracker/install/quadrotor_msgs/local/lib/python3.10/dist-packages/quadrotor_msgs/msg/_replan_state_s.c
[6.787s] -- Installing: /mpc/new/Elastic-Tracker/install/quadrotor_msgs/local/lib/python3.10/dist-packages/quadrotor_msgs/msg/_takeoff_land.py
[6.788s] -- Installing: /mpc/new/Elastic-Tracker/install/quadrotor_msgs/local/lib/python3.10/dist-packages/quadrotor_msgs/msg/_aux_command_s.c
[6.788s] -- Installing: /mpc/new/Elastic-Tracker/install/quadrotor_msgs/local/lib/python3.10/dist-packages/quadrotor_msgs/msg/_px4ctrl_debug.py
[6.788s] -- Installing: /mpc/new/Elastic-Tracker/install/quadrotor_msgs/local/lib/python3.10/dist-packages/quadrotor_msgs/msg/_takeoff_land_s.c
[6.788s] -- Installing: /mpc/new/Elastic-Tracker/install/quadrotor_msgs/local/lib/python3.10/dist-packages/quadrotor_msgs/msg/_occ_map3d.py
[6.788s] -- Installing: /mpc/new/Elastic-Tracker/install/quadrotor_msgs/local/lib/python3.10/dist-packages/quadrotor_msgs/msg/__init__.py
[6.788s] -- Installing: /mpc/new/Elastic-Tracker/install/quadrotor_msgs/local/lib/python3.10/dist-packages/quadrotor_msgs/msg/_so3_command.py
[6.788s] -- Installing: /mpc/new/Elastic-Tracker/install/quadrotor_msgs/local/lib/python3.10/dist-packages/quadrotor_msgs/msg/_aux_command.py
[6.788s] -- Installing: /mpc/new/Elastic-Tracker/install/quadrotor_msgs/local/lib/python3.10/dist-packages/quadrotor_msgs/msg/_occ_map3d_s.c
[6.788s] -- Installing: /mpc/new/Elastic-Tracker/install/quadrotor_msgs/local/lib/python3.10/dist-packages/quadrotor_msgs/msg/_poly_traj.py
[6.788s] -- Installing: /mpc/new/Elastic-Tracker/install/quadrotor_msgs/local/lib/python3.10/dist-packages/quadrotor_msgs/msg/_position_command.py
[6.788s] -- Installing: /mpc/new/Elastic-Tracker/install/quadrotor_msgs/local/lib/python3.10/dist-packages/quadrotor_msgs/msg/_replan_state.py
[6.788s] -- Installing: /mpc/new/Elastic-Tracker/install/quadrotor_msgs/local/lib/python3.10/dist-packages/quadrotor_msgs/msg/_px4ctrl_debug_s.c
[6.788s] -- Installing: /mpc/new/Elastic-Tracker/install/quadrotor_msgs/local/lib/python3.10/dist-packages/quadrotor_msgs/msg/_so3_command_s.c
[6.831s] Listing '/mpc/new/Elastic-Tracker/install/quadrotor_msgs/local/lib/python3.10/dist-packages/quadrotor_msgs'...
[6.831s] Compiling '/mpc/new/Elastic-Tracker/install/quadrotor_msgs/local/lib/python3.10/dist-packages/quadrotor_msgs/__init__.py'...
[6.831s] Listing '/mpc/new/Elastic-Tracker/install/quadrotor_msgs/local/lib/python3.10/dist-packages/quadrotor_msgs/msg'...
[6.831s] Compiling '/mpc/new/Elastic-Tracker/install/quadrotor_msgs/local/lib/python3.10/dist-packages/quadrotor_msgs/msg/__init__.py'...
[6.831s] Compiling '/mpc/new/Elastic-Tracker/install/quadrotor_msgs/local/lib/python3.10/dist-packages/quadrotor_msgs/msg/_aux_command.py'...
[6.831s] Compiling '/mpc/new/Elastic-Tracker/install/quadrotor_msgs/local/lib/python3.10/dist-packages/quadrotor_msgs/msg/_occ_map3d.py'...
[6.831s] Compiling '/mpc/new/Elastic-Tracker/install/quadrotor_msgs/local/lib/python3.10/dist-packages/quadrotor_msgs/msg/_poly_traj.py'...
[6.831s] Compiling '/mpc/new/Elastic-Tracker/install/quadrotor_msgs/local/lib/python3.10/dist-packages/quadrotor_msgs/msg/_position_command.py'...
[6.831s] Compiling '/mpc/new/Elastic-Tracker/install/quadrotor_msgs/local/lib/python3.10/dist-packages/quadrotor_msgs/msg/_px4ctrl_debug.py'...
[6.831s] Compiling '/mpc/new/Elastic-Tracker/install/quadrotor_msgs/local/lib/python3.10/dist-packages/quadrotor_msgs/msg/_replan_state.py'...
[6.831s] Compiling '/mpc/new/Elastic-Tracker/install/quadrotor_msgs/local/lib/python3.10/dist-packages/quadrotor_msgs/msg/_so3_command.py'...
[6.831s] Compiling '/mpc/new/Elastic-Tracker/install/quadrotor_msgs/local/lib/python3.10/dist-packages/quadrotor_msgs/msg/_takeoff_land.py'...
[6.835s] -- Installing: /mpc/new/Elastic-Tracker/install/quadrotor_msgs/local/lib/python3.10/dist-packages/quadrotor_msgs/quadrotor_msgs_s__rosidl_typesupport_fastrtps_c.cpython-310-x86_64-linux-gnu.so
[6.835s] -- Set runtime path of "/mpc/new/Elastic-Tracker/install/quadrotor_msgs/local/lib/python3.10/dist-packages/quadrotor_msgs/quadrotor_msgs_s__rosidl_typesupport_fastrtps_c.cpython-310-x86_64-linux-gnu.so" to ""
[6.835s] -- Installing: /mpc/new/Elastic-Tracker/install/quadrotor_msgs/local/lib/python3.10/dist-packages/quadrotor_msgs/quadrotor_msgs_s__rosidl_typesupport_introspection_c.cpython-310-x86_64-linux-gnu.so
[6.835s] -- Set runtime path of "/mpc/new/Elastic-Tracker/install/quadrotor_msgs/local/lib/python3.10/dist-packages/quadrotor_msgs/quadrotor_msgs_s__rosidl_typesupport_introspection_c.cpython-310-x86_64-linux-gnu.so" to ""
[6.835s] -- Installing: /mpc/new/Elastic-Tracker/install/quadrotor_msgs/local/lib/python3.10/dist-packages/quadrotor_msgs/quadrotor_msgs_s__rosidl_typesupport_c.cpython-310-x86_64-linux-gnu.so
[6.836s] -- Set runtime path of "/mpc/new/Elastic-Tracker/install/quadrotor_msgs/local/lib/python3.10/dist-packages/quadrotor_msgs/quadrotor_msgs_s__rosidl_typesupport_c.cpython-310-x86_64-linux-gnu.so" to ""
[6.836s] -- Installing: /mpc/new/Elastic-Tracker/install/quadrotor_msgs/lib/libquadrotor_msgs__rosidl_generator_py.so
[6.836s] -- Set runtime path of "/mpc/new/Elastic-Tracker/install/quadrotor_msgs/lib/libquadrotor_msgs__rosidl_generator_py.so" to ""
[6.836s] -- Installing: /mpc/new/Elastic-Tracker/install/quadrotor_msgs/share/quadrotor_msgs/msg/OccMap3d.idl
[6.836s] -- Installing: /mpc/new/Elastic-Tracker/install/quadrotor_msgs/share/quadrotor_msgs/msg/PolyTraj.idl
[6.836s] -- Installing: /mpc/new/Elastic-Tracker/install/quadrotor_msgs/share/quadrotor_msgs/msg/ReplanState.idl
[6.837s] -- Installing: /mpc/new/Elastic-Tracker/install/quadrotor_msgs/share/quadrotor_msgs/msg/PositionCommand.idl
[6.837s] -- Installing: /mpc/new/Elastic-Tracker/install/quadrotor_msgs/share/quadrotor_msgs/msg/SO3Command.idl
[6.837s] -- Installing: /mpc/new/Elastic-Tracker/install/quadrotor_msgs/share/quadrotor_msgs/msg/AuxCommand.idl
[6.837s] -- Installing: /mpc/new/Elastic-Tracker/install/quadrotor_msgs/share/quadrotor_msgs/msg/Px4ctrlDebug.idl
[6.837s] -- Installing: /mpc/new/Elastic-Tracker/install/quadrotor_msgs/share/quadrotor_msgs/msg/TakeoffLand.idl
[6.837s] -- Installing: /mpc/new/Elastic-Tracker/install/quadrotor_msgs/share/quadrotor_msgs/msg/OccMap3d.msg
[6.837s] -- Installing: /mpc/new/Elastic-Tracker/install/quadrotor_msgs/share/quadrotor_msgs/msg/PolyTraj.msg
[6.837s] -- Installing: /mpc/new/Elastic-Tracker/install/quadrotor_msgs/share/quadrotor_msgs/msg/ReplanState.msg
[6.837s] -- Installing: /mpc/new/Elastic-Tracker/install/quadrotor_msgs/share/quadrotor_msgs/msg/PositionCommand.msg
[6.837s] -- Installing: /mpc/new/Elastic-Tracker/install/quadrotor_msgs/share/quadrotor_msgs/msg/SO3Command.msg
[6.837s] -- Installing: /mpc/new/Elastic-Tracker/install/quadrotor_msgs/share/quadrotor_msgs/msg/AuxCommand.msg
[6.837s] -- Installing: /mpc/new/Elastic-Tracker/install/quadrotor_msgs/share/quadrotor_msgs/msg/Px4ctrlDebug.msg
[6.838s] -- Installing: /mpc/new/Elastic-Tracker/install/quadrotor_msgs/share/quadrotor_msgs/msg/TakeoffLand.msg
[6.838s] -- Up-to-date: /mpc/new/Elastic-Tracker/install/quadrotor_msgs/share/quadrotor_msgs/msg
[6.838s] -- Up-to-date: /mpc/new/Elastic-Tracker/install/quadrotor_msgs/share/quadrotor_msgs/msg/Px4ctrlDebug.msg
[6.838s] -- Up-to-date: /mpc/new/Elastic-Tracker/install/quadrotor_msgs/share/quadrotor_msgs/msg/TakeoffLand.msg
[6.838s] -- Up-to-date: /mpc/new/Elastic-Tracker/install/quadrotor_msgs/share/quadrotor_msgs/msg/PositionCommand.msg
[6.838s] -- Up-to-date: /mpc/new/Elastic-Tracker/install/quadrotor_msgs/share/quadrotor_msgs/msg/ReplanState.msg
[6.838s] -- Up-to-date: /mpc/new/Elastic-Tracker/install/quadrotor_msgs/share/quadrotor_msgs/msg/AuxCommand.msg
[6.838s] -- Up-to-date: /mpc/new/Elastic-Tracker/install/quadrotor_msgs/share/quadrotor_msgs/msg/SO3Command.msg
[6.838s] -- Up-to-date: /mpc/new/Elastic-Tracker/install/quadrotor_msgs/share/quadrotor_msgs/msg/OccMap3d.msg
[6.838s] -- Up-to-date: /mpc/new/Elastic-Tracker/install/quadrotor_msgs/share/quadrotor_msgs/msg/PolyTraj.msg
[6.838s] -- Installing: /mpc/new/Elastic-Tracker/install/quadrotor_msgs/share/ament_index/resource_index/package_run_dependencies/quadrotor_msgs
[6.838s] -- Installing: /mpc/new/Elastic-Tracker/install/quadrotor_msgs/share/ament_index/resource_index/parent_prefix_path/quadrotor_msgs
[6.838s] -- Installing: /mpc/new/Elastic-Tracker/install/quadrotor_msgs/share/quadrotor_msgs/environment/ament_prefix_path.sh
[6.838s] -- Installing: /mpc/new/Elastic-Tracker/install/quadrotor_msgs/share/quadrotor_msgs/environment/ament_prefix_path.dsv
[6.838s] -- Installing: /mpc/new/Elastic-Tracker/install/quadrotor_msgs/share/quadrotor_msgs/environment/path.sh
[6.838s] -- Installing: /mpc/new/Elastic-Tracker/install/quadrotor_msgs/share/quadrotor_msgs/environment/path.dsv
[6.839s] -- Installing: /mpc/new/Elastic-Tracker/install/quadrotor_msgs/share/quadrotor_msgs/local_setup.bash
[6.839s] -- Installing: /mpc/new/Elastic-Tracker/install/quadrotor_msgs/share/quadrotor_msgs/local_setup.sh
[6.839s] -- Installing: /mpc/new/Elastic-Tracker/install/quadrotor_msgs/share/quadrotor_msgs/local_setup.zsh
[6.839s] -- Installing: /mpc/new/Elastic-Tracker/install/quadrotor_msgs/share/quadrotor_msgs/local_setup.dsv
[6.839s] -- Installing: /mpc/new/Elastic-Tracker/install/quadrotor_msgs/share/quadrotor_msgs/package.dsv
[6.839s] -- Installing: /mpc/new/Elastic-Tracker/install/quadrotor_msgs/share/ament_index/resource_index/packages/quadrotor_msgs
[6.839s] -- Installing: /mpc/new/Elastic-Tracker/install/quadrotor_msgs/share/quadrotor_msgs/cmake/export_quadrotor_msgs__rosidl_generator_cExport.cmake
[6.839s] -- Installing: /mpc/new/Elastic-Tracker/install/quadrotor_msgs/share/quadrotor_msgs/cmake/export_quadrotor_msgs__rosidl_generator_cExport-noconfig.cmake
[6.839s] -- Installing: /mpc/new/Elastic-Tracker/install/quadrotor_msgs/share/quadrotor_msgs/cmake/export_quadrotor_msgs__rosidl_typesupport_fastrtps_cExport.cmake
[6.839s] -- Installing: /mpc/new/Elastic-Tracker/install/quadrotor_msgs/share/quadrotor_msgs/cmake/export_quadrotor_msgs__rosidl_typesupport_fastrtps_cExport-noconfig.cmake
[6.839s] -- Installing: /mpc/new/Elastic-Tracker/install/quadrotor_msgs/share/quadrotor_msgs/cmake/export_quadrotor_msgs__rosidl_generator_cppExport.cmake
[6.840s] -- Installing: /mpc/new/Elastic-Tracker/install/quadrotor_msgs/share/quadrotor_msgs/cmake/export_quadrotor_msgs__rosidl_typesupport_fastrtps_cppExport.cmake
[6.840s] -- Installing: /mpc/new/Elastic-Tracker/install/quadrotor_msgs/share/quadrotor_msgs/cmake/export_quadrotor_msgs__rosidl_typesupport_fastrtps_cppExport-noconfig.cmake
[6.840s] -- Installing: /mpc/new/Elastic-Tracker/install/quadrotor_msgs/share/quadrotor_msgs/cmake/quadrotor_msgs__rosidl_typesupport_introspection_cExport.cmake
[6.840s] -- Installing: /mpc/new/Elastic-Tracker/install/quadrotor_msgs/share/quadrotor_msgs/cmake/quadrotor_msgs__rosidl_typesupport_introspection_cExport-noconfig.cmake
[6.840s] -- Installing: /mpc/new/Elastic-Tracker/install/quadrotor_msgs/share/quadrotor_msgs/cmake/quadrotor_msgs__rosidl_typesupport_cExport.cmake
[6.840s] -- Installing: /mpc/new/Elastic-Tracker/install/quadrotor_msgs/share/quadrotor_msgs/cmake/quadrotor_msgs__rosidl_typesupport_cExport-noconfig.cmake
[6.840s] -- Installing: /mpc/new/Elastic-Tracker/install/quadrotor_msgs/share/quadrotor_msgs/cmake/quadrotor_msgs__rosidl_typesupport_introspection_cppExport.cmake
[6.840s] -- Installing: /mpc/new/Elastic-Tracker/install/quadrotor_msgs/share/quadrotor_msgs/cmake/quadrotor_msgs__rosidl_typesupport_introspection_cppExport-noconfig.cmake
[6.840s] -- Installing: /mpc/new/Elastic-Tracker/install/quadrotor_msgs/share/quadrotor_msgs/cmake/quadrotor_msgs__rosidl_typesupport_cppExport.cmake
[6.841s] -- Installing: /mpc/new/Elastic-Tracker/install/quadrotor_msgs/share/quadrotor_msgs/cmake/quadrotor_msgs__rosidl_typesupport_cppExport-noconfig.cmake
[6.841s] -- Installing: /mpc/new/Elastic-Tracker/install/quadrotor_msgs/share/quadrotor_msgs/cmake/export_quadrotor_msgs__rosidl_generator_pyExport.cmake
[6.841s] -- Installing: /mpc/new/Elastic-Tracker/install/quadrotor_msgs/share/quadrotor_msgs/cmake/export_quadrotor_msgs__rosidl_generator_pyExport-noconfig.cmake
[6.841s] -- Installing: /mpc/new/Elastic-Tracker/install/quadrotor_msgs/share/quadrotor_msgs/cmake/rosidl_cmake-extras.cmake
[6.841s] -- Installing: /mpc/new/Elastic-Tracker/install/quadrotor_msgs/share/quadrotor_msgs/cmake/ament_cmake_export_dependencies-extras.cmake
[6.841s] -- Installing: /mpc/new/Elastic-Tracker/install/quadrotor_msgs/share/quadrotor_msgs/cmake/ament_cmake_export_include_directories-extras.cmake
[6.841s] -- Installing: /mpc/new/Elastic-Tracker/install/quadrotor_msgs/share/quadrotor_msgs/cmake/ament_cmake_export_libraries-extras.cmake
[6.841s] -- Installing: /mpc/new/Elastic-Tracker/install/quadrotor_msgs/share/quadrotor_msgs/cmake/ament_cmake_export_targets-extras.cmake
[6.841s] -- Installing: /mpc/new/Elastic-Tracker/install/quadrotor_msgs/share/quadrotor_msgs/cmake/rosidl_cmake_export_typesupport_targets-extras.cmake
[6.841s] -- Installing: /mpc/new/Elastic-Tracker/install/quadrotor_msgs/share/quadrotor_msgs/cmake/rosidl_cmake_export_typesupport_libraries-extras.cmake
[6.842s] -- Installing: /mpc/new/Elastic-Tracker/install/quadrotor_msgs/share/quadrotor_msgs/cmake/quadrotor_msgsConfig.cmake
[6.842s] -- Installing: /mpc/new/Elastic-Tracker/install/quadrotor_msgs/share/quadrotor_msgs/cmake/quadrotor_msgsConfig-version.cmake
[6.842s] -- Installing: /mpc/new/Elastic-Tracker/install/quadrotor_msgs/share/quadrotor_msgs/package.xml
[6.844s] Invoked command in '/mpc/new/Elastic-Tracker/build/quadrotor_msgs' returned '0': CMAKE_PREFIX_PATH=/opt/ros/humble /usr/bin/cmake --install /mpc/new/Elastic-Tracker/build/quadrotor_msgs
