[0.119s] DEBUG:colcon:Command line arguments: ['/usr/bin/colcon', 'build', '--packages-select', 'decomp_ros_utils']
[0.119s] DEBUG:colcon:Parsed command line arguments: Namespace(log_base=None, log_level=None, verb_name='build', build_base='build', install_base='install', merge_install=False, symlink_install=False, test_result_base=None, continue_on_error=False, executor='parallel', parallel_workers=12, event_handlers=None, ignore_user_meta=False, metas=['./colcon.meta'], base_paths=['.'], packages_ignore=None, packages_ignore_regex=None, paths=None, packages_up_to=None, packages_up_to_regex=None, packages_above=None, packages_above_and_dependencies=None, packages_above_depth=None, packages_select_by_dep=None, packages_skip_by_dep=None, packages_skip_up_to=None, packages_select_build_failed=False, packages_skip_build_finished=False, packages_select_test_failures=False, packages_skip_test_passed=False, packages_select=['decomp_ros_utils'], packages_skip=None, packages_select_regex=None, packages_skip_regex=None, packages_start=None, packages_end=None, cmake_args=None, cmake_target=None, cmake_target_skip_unavailable=False, cmake_clean_cache=False, cmake_clean_first=False, cmake_force_configure=False, ament_cmake_args=None, catkin_cmake_args=None, catkin_skip_building_tests=False, mixin_files=None, mixin=None, verb_parser=<colcon_mixin.mixin.mixin_argument.MixinArgumentDecorator object at 0x7fc4d46abaf0>, verb_extension=<colcon_core.verb.build.BuildVerb object at 0x7fc4d46ab460>, main=<bound method BuildVerb.main of <colcon_core.verb.build.BuildVerb object at 0x7fc4d46ab460>>, mixin_verb=('build',))
[0.302s] Level 1:colcon.colcon_core.package_discovery:discover_packages(colcon_meta) check parameters
[0.302s] INFO:colcon.colcon_metadata.package_discovery.colcon_meta:Using configuration from '/root/.colcon/metadata/default/Gazebo.meta'
[0.303s] INFO:colcon.colcon_metadata.package_discovery.colcon_meta:Using configuration from '/root/.colcon/metadata/default/fastrtps.meta'
[0.303s] Level 1:colcon.colcon_core.package_discovery:discover_packages(recursive) check parameters
[0.303s] Level 1:colcon.colcon_core.package_discovery:discover_packages(ignore) check parameters
[0.303s] Level 1:colcon.colcon_core.package_discovery:discover_packages(path) check parameters
[0.303s] Level 1:colcon.colcon_core.package_discovery:discover_packages(colcon_meta) discover
[0.303s] Level 1:colcon.colcon_core.package_discovery:discover_packages(recursive) discover
[0.303s] INFO:colcon.colcon_core.package_discovery:Crawling recursively for packages in '/mpc/new/Elastic-Tracker'
[0.303s] Level 1:colcon.colcon_core.package_identification:_identify(.) by extensions ['ignore', 'ignore_ament_install']
[0.303s] Level 1:colcon.colcon_core.package_identification:_identify(.) by extension 'ignore'
[0.303s] Level 1:colcon.colcon_core.package_identification:_identify(.) by extension 'ignore_ament_install'
[0.303s] Level 1:colcon.colcon_core.package_identification:_identify(.) by extensions ['colcon_pkg']
[0.303s] Level 1:colcon.colcon_core.package_identification:_identify(.) by extension 'colcon_pkg'
[0.304s] Level 1:colcon.colcon_core.package_identification:_identify(.) by extensions ['colcon_meta']
[0.304s] Level 1:colcon.colcon_core.package_identification:_identify(.) by extension 'colcon_meta'
[0.304s] Level 1:colcon.colcon_core.package_identification:_identify(.) by extensions ['ros']
[0.304s] Level 1:colcon.colcon_core.package_identification:_identify(.) by extension 'ros'
[0.333s] Level 1:colcon.colcon_core.package_identification:_identify(.) by extensions ['cmake', 'python']
[0.333s] Level 1:colcon.colcon_core.package_identification:_identify(.) by extension 'cmake'
[0.333s] Level 1:colcon.colcon_core.package_identification:_identify(.) by extension 'python'
[0.333s] Level 1:colcon.colcon_core.package_identification:_identify(.) by extensions ['python_setup_py']
[0.333s] Level 1:colcon.colcon_core.package_identification:_identify(.) by extension 'python_setup_py'
[0.334s] Level 1:colcon.colcon_core.package_identification:_identify(build) by extensions ['ignore', 'ignore_ament_install']
[0.334s] Level 1:colcon.colcon_core.package_identification:_identify(build) by extension 'ignore'
[0.334s] Level 1:colcon.colcon_core.package_identification:_identify(build) ignored
[0.334s] Level 1:colcon.colcon_core.package_identification:_identify(figs) by extensions ['ignore', 'ignore_ament_install']
[0.334s] Level 1:colcon.colcon_core.package_identification:_identify(figs) by extension 'ignore'
[0.334s] Level 1:colcon.colcon_core.package_identification:_identify(figs) by extension 'ignore_ament_install'
[0.334s] Level 1:colcon.colcon_core.package_identification:_identify(figs) by extensions ['colcon_pkg']
[0.334s] Level 1:colcon.colcon_core.package_identification:_identify(figs) by extension 'colcon_pkg'
[0.334s] Level 1:colcon.colcon_core.package_identification:_identify(figs) by extensions ['colcon_meta']
[0.334s] Level 1:colcon.colcon_core.package_identification:_identify(figs) by extension 'colcon_meta'
[0.334s] Level 1:colcon.colcon_core.package_identification:_identify(figs) by extensions ['ros']
[0.334s] Level 1:colcon.colcon_core.package_identification:_identify(figs) by extension 'ros'
[0.334s] Level 1:colcon.colcon_core.package_identification:_identify(figs) by extensions ['cmake', 'python']
[0.334s] Level 1:colcon.colcon_core.package_identification:_identify(figs) by extension 'cmake'
[0.334s] Level 1:colcon.colcon_core.package_identification:_identify(figs) by extension 'python'
[0.335s] Level 1:colcon.colcon_core.package_identification:_identify(figs) by extensions ['python_setup_py']
[0.335s] Level 1:colcon.colcon_core.package_identification:_identify(figs) by extension 'python_setup_py'
[0.335s] Level 1:colcon.colcon_core.package_identification:_identify(install) by extensions ['ignore', 'ignore_ament_install']
[0.335s] Level 1:colcon.colcon_core.package_identification:_identify(install) by extension 'ignore'
[0.335s] Level 1:colcon.colcon_core.package_identification:_identify(install) ignored
[0.335s] Level 1:colcon.colcon_core.package_identification:_identify(log) by extensions ['ignore', 'ignore_ament_install']
[0.335s] Level 1:colcon.colcon_core.package_identification:_identify(log) by extension 'ignore'
[0.335s] Level 1:colcon.colcon_core.package_identification:_identify(log) ignored
[0.335s] Level 1:colcon.colcon_core.package_identification:_identify(sh_utils) by extensions ['ignore', 'ignore_ament_install']
[0.335s] Level 1:colcon.colcon_core.package_identification:_identify(sh_utils) by extension 'ignore'
[0.335s] Level 1:colcon.colcon_core.package_identification:_identify(sh_utils) by extension 'ignore_ament_install'
[0.335s] Level 1:colcon.colcon_core.package_identification:_identify(sh_utils) by extensions ['colcon_pkg']
[0.335s] Level 1:colcon.colcon_core.package_identification:_identify(sh_utils) by extension 'colcon_pkg'
[0.335s] Level 1:colcon.colcon_core.package_identification:_identify(sh_utils) by extensions ['colcon_meta']
[0.335s] Level 1:colcon.colcon_core.package_identification:_identify(sh_utils) by extension 'colcon_meta'
[0.336s] Level 1:colcon.colcon_core.package_identification:_identify(sh_utils) by extensions ['ros']
[0.336s] Level 1:colcon.colcon_core.package_identification:_identify(sh_utils) by extension 'ros'
[0.336s] Level 1:colcon.colcon_core.package_identification:_identify(sh_utils) by extensions ['cmake', 'python']
[0.336s] Level 1:colcon.colcon_core.package_identification:_identify(sh_utils) by extension 'cmake'
[0.336s] Level 1:colcon.colcon_core.package_identification:_identify(sh_utils) by extension 'python'
[0.336s] Level 1:colcon.colcon_core.package_identification:_identify(sh_utils) by extensions ['python_setup_py']
[0.336s] Level 1:colcon.colcon_core.package_identification:_identify(sh_utils) by extension 'python_setup_py'
[0.336s] Level 1:colcon.colcon_core.package_identification:_identify(src) by extensions ['ignore', 'ignore_ament_install']
[0.336s] Level 1:colcon.colcon_core.package_identification:_identify(src) by extension 'ignore'
[0.336s] Level 1:colcon.colcon_core.package_identification:_identify(src) by extension 'ignore_ament_install'
[0.336s] Level 1:colcon.colcon_core.package_identification:_identify(src) by extensions ['colcon_pkg']
[0.336s] Level 1:colcon.colcon_core.package_identification:_identify(src) by extension 'colcon_pkg'
[0.336s] Level 1:colcon.colcon_core.package_identification:_identify(src) by extensions ['colcon_meta']
[0.336s] Level 1:colcon.colcon_core.package_identification:_identify(src) by extension 'colcon_meta'
[0.336s] Level 1:colcon.colcon_core.package_identification:_identify(src) by extensions ['ros']
[0.336s] Level 1:colcon.colcon_core.package_identification:_identify(src) by extension 'ros'
[0.336s] Level 1:colcon.colcon_core.package_identification:_identify(src) by extensions ['cmake', 'python']
[0.336s] Level 1:colcon.colcon_core.package_identification:_identify(src) by extension 'cmake'
[0.336s] Level 1:colcon.colcon_core.package_identification:_identify(src) by extension 'python'
[0.337s] Level 1:colcon.colcon_core.package_identification:_identify(src) by extensions ['python_setup_py']
[0.337s] Level 1:colcon.colcon_core.package_identification:_identify(src) by extension 'python_setup_py'
[0.337s] Level 1:colcon.colcon_core.package_identification:_identify(src/detection) by extensions ['ignore', 'ignore_ament_install']
[0.337s] Level 1:colcon.colcon_core.package_identification:_identify(src/detection) by extension 'ignore'
[0.337s] Level 1:colcon.colcon_core.package_identification:_identify(src/detection) by extension 'ignore_ament_install'
[0.337s] Level 1:colcon.colcon_core.package_identification:_identify(src/detection) by extensions ['colcon_pkg']
[0.337s] Level 1:colcon.colcon_core.package_identification:_identify(src/detection) by extension 'colcon_pkg'
[0.337s] Level 1:colcon.colcon_core.package_identification:_identify(src/detection) by extensions ['colcon_meta']
[0.337s] Level 1:colcon.colcon_core.package_identification:_identify(src/detection) by extension 'colcon_meta'
[0.337s] Level 1:colcon.colcon_core.package_identification:_identify(src/detection) by extensions ['ros']
[0.337s] Level 1:colcon.colcon_core.package_identification:_identify(src/detection) by extension 'ros'
[0.337s] Level 1:colcon.colcon_core.package_identification:_identify(src/detection) by extensions ['cmake', 'python']
[0.337s] Level 1:colcon.colcon_core.package_identification:_identify(src/detection) by extension 'cmake'
[0.337s] Level 1:colcon.colcon_core.package_identification:_identify(src/detection) by extension 'python'
[0.337s] Level 1:colcon.colcon_core.package_identification:_identify(src/detection) by extensions ['python_setup_py']
[0.337s] Level 1:colcon.colcon_core.package_identification:_identify(src/detection) by extension 'python_setup_py'
[0.337s] Level 1:colcon.colcon_core.package_identification:_identify(src/detection/object_detection_msgs) by extensions ['ignore', 'ignore_ament_install']
[0.337s] Level 1:colcon.colcon_core.package_identification:_identify(src/detection/object_detection_msgs) by extension 'ignore'
[0.338s] Level 1:colcon.colcon_core.package_identification:_identify(src/detection/object_detection_msgs) by extension 'ignore_ament_install'
[0.338s] Level 1:colcon.colcon_core.package_identification:_identify(src/detection/object_detection_msgs) by extensions ['colcon_pkg']
[0.338s] Level 1:colcon.colcon_core.package_identification:_identify(src/detection/object_detection_msgs) by extension 'colcon_pkg'
[0.338s] Level 1:colcon.colcon_core.package_identification:_identify(src/detection/object_detection_msgs) by extensions ['colcon_meta']
[0.338s] Level 1:colcon.colcon_core.package_identification:_identify(src/detection/object_detection_msgs) by extension 'colcon_meta'
[0.338s] Level 1:colcon.colcon_core.package_identification:_identify(src/detection/object_detection_msgs) by extensions ['ros']
[0.338s] Level 1:colcon.colcon_core.package_identification:_identify(src/detection/object_detection_msgs) by extension 'ros'
[0.340s] DEBUG:colcon.colcon_core.package_identification:Package 'src/detection/object_detection_msgs' with type 'ros.ament_cmake' and name 'object_detection_msgs'
[0.340s] Level 1:colcon.colcon_core.package_identification:_identify(src/detection/target_ekf) by extensions ['ignore', 'ignore_ament_install']
[0.340s] Level 1:colcon.colcon_core.package_identification:_identify(src/detection/target_ekf) by extension 'ignore'
[0.340s] Level 1:colcon.colcon_core.package_identification:_identify(src/detection/target_ekf) by extension 'ignore_ament_install'
[0.341s] Level 1:colcon.colcon_core.package_identification:_identify(src/detection/target_ekf) by extensions ['colcon_pkg']
[0.341s] Level 1:colcon.colcon_core.package_identification:_identify(src/detection/target_ekf) by extension 'colcon_pkg'
[0.341s] Level 1:colcon.colcon_core.package_identification:_identify(src/detection/target_ekf) by extensions ['colcon_meta']
[0.341s] Level 1:colcon.colcon_core.package_identification:_identify(src/detection/target_ekf) by extension 'colcon_meta'
[0.341s] Level 1:colcon.colcon_core.package_identification:_identify(src/detection/target_ekf) by extensions ['ros']
[0.341s] Level 1:colcon.colcon_core.package_identification:_identify(src/detection/target_ekf) by extension 'ros'
[0.341s] DEBUG:colcon.colcon_core.package_identification:Package 'src/detection/target_ekf' with type 'ros.ament_cmake' and name 'target_ekf'
[0.342s] Level 1:colcon.colcon_core.package_identification:_identify(src/mapping) by extensions ['ignore', 'ignore_ament_install']
[0.342s] Level 1:colcon.colcon_core.package_identification:_identify(src/mapping) by extension 'ignore'
[0.342s] Level 1:colcon.colcon_core.package_identification:_identify(src/mapping) by extension 'ignore_ament_install'
[0.342s] Level 1:colcon.colcon_core.package_identification:_identify(src/mapping) by extensions ['colcon_pkg']
[0.342s] Level 1:colcon.colcon_core.package_identification:_identify(src/mapping) by extension 'colcon_pkg'
[0.342s] Level 1:colcon.colcon_core.package_identification:_identify(src/mapping) by extensions ['colcon_meta']
[0.342s] Level 1:colcon.colcon_core.package_identification:_identify(src/mapping) by extension 'colcon_meta'
[0.342s] Level 1:colcon.colcon_core.package_identification:_identify(src/mapping) by extensions ['ros']
[0.342s] Level 1:colcon.colcon_core.package_identification:_identify(src/mapping) by extension 'ros'
[0.343s] DEBUG:colcon.colcon_core.package_identification:Package 'src/mapping' with type 'ros.ament_cmake' and name 'mapping'
[0.343s] Level 1:colcon.colcon_core.package_identification:_identify(src/planning) by extensions ['ignore', 'ignore_ament_install']
[0.343s] Level 1:colcon.colcon_core.package_identification:_identify(src/planning) by extension 'ignore'
[0.343s] Level 1:colcon.colcon_core.package_identification:_identify(src/planning) by extension 'ignore_ament_install'
[0.343s] Level 1:colcon.colcon_core.package_identification:_identify(src/planning) by extensions ['colcon_pkg']
[0.343s] Level 1:colcon.colcon_core.package_identification:_identify(src/planning) by extension 'colcon_pkg'
[0.343s] Level 1:colcon.colcon_core.package_identification:_identify(src/planning) by extensions ['colcon_meta']
[0.343s] Level 1:colcon.colcon_core.package_identification:_identify(src/planning) by extension 'colcon_meta'
[0.343s] Level 1:colcon.colcon_core.package_identification:_identify(src/planning) by extensions ['ros']
[0.343s] Level 1:colcon.colcon_core.package_identification:_identify(src/planning) by extension 'ros'
[0.343s] Level 1:colcon.colcon_core.package_identification:_identify(src/planning) by extensions ['cmake', 'python']
[0.343s] Level 1:colcon.colcon_core.package_identification:_identify(src/planning) by extension 'cmake'
[0.343s] Level 1:colcon.colcon_core.package_identification:_identify(src/planning) by extension 'python'
[0.343s] Level 1:colcon.colcon_core.package_identification:_identify(src/planning) by extensions ['python_setup_py']
[0.343s] Level 1:colcon.colcon_core.package_identification:_identify(src/planning) by extension 'python_setup_py'
[0.343s] Level 1:colcon.colcon_core.package_identification:_identify(src/planning/DecompROS) by extensions ['ignore', 'ignore_ament_install']
[0.344s] Level 1:colcon.colcon_core.package_identification:_identify(src/planning/DecompROS) by extension 'ignore'
[0.344s] Level 1:colcon.colcon_core.package_identification:_identify(src/planning/DecompROS) by extension 'ignore_ament_install'
[0.344s] Level 1:colcon.colcon_core.package_identification:_identify(src/planning/DecompROS) by extensions ['colcon_pkg']
[0.344s] Level 1:colcon.colcon_core.package_identification:_identify(src/planning/DecompROS) by extension 'colcon_pkg'
[0.344s] Level 1:colcon.colcon_core.package_identification:_identify(src/planning/DecompROS) by extensions ['colcon_meta']
[0.344s] Level 1:colcon.colcon_core.package_identification:_identify(src/planning/DecompROS) by extension 'colcon_meta'
[0.344s] Level 1:colcon.colcon_core.package_identification:_identify(src/planning/DecompROS) by extensions ['ros']
[0.344s] Level 1:colcon.colcon_core.package_identification:_identify(src/planning/DecompROS) by extension 'ros'
[0.344s] Level 1:colcon.colcon_core.package_identification:_identify(src/planning/DecompROS) by extensions ['cmake', 'python']
[0.344s] Level 1:colcon.colcon_core.package_identification:_identify(src/planning/DecompROS) by extension 'cmake'
[0.344s] Level 1:colcon.colcon_core.package_identification:_identify(src/planning/DecompROS) by extension 'python'
[0.344s] Level 1:colcon.colcon_core.package_identification:_identify(src/planning/DecompROS) by extensions ['python_setup_py']
[0.344s] Level 1:colcon.colcon_core.package_identification:_identify(src/planning/DecompROS) by extension 'python_setup_py'
[0.344s] Level 1:colcon.colcon_core.package_identification:_identify(src/planning/DecompROS/catkin_simple) by extensions ['ignore', 'ignore_ament_install']
[0.344s] Level 1:colcon.colcon_core.package_identification:_identify(src/planning/DecompROS/catkin_simple) by extension 'ignore'
[0.344s] Level 1:colcon.colcon_core.package_identification:_identify(src/planning/DecompROS/catkin_simple) ignored
[0.344s] Level 1:colcon.colcon_core.package_identification:_identify(src/planning/DecompROS/decomp_ros_msgs) by extensions ['ignore', 'ignore_ament_install']
[0.344s] Level 1:colcon.colcon_core.package_identification:_identify(src/planning/DecompROS/decomp_ros_msgs) by extension 'ignore'
[0.345s] Level 1:colcon.colcon_core.package_identification:_identify(src/planning/DecompROS/decomp_ros_msgs) by extension 'ignore_ament_install'
[0.345s] Level 1:colcon.colcon_core.package_identification:_identify(src/planning/DecompROS/decomp_ros_msgs) by extensions ['colcon_pkg']
[0.345s] Level 1:colcon.colcon_core.package_identification:_identify(src/planning/DecompROS/decomp_ros_msgs) by extension 'colcon_pkg'
[0.345s] Level 1:colcon.colcon_core.package_identification:_identify(src/planning/DecompROS/decomp_ros_msgs) by extensions ['colcon_meta']
[0.345s] Level 1:colcon.colcon_core.package_identification:_identify(src/planning/DecompROS/decomp_ros_msgs) by extension 'colcon_meta'
[0.345s] Level 1:colcon.colcon_core.package_identification:_identify(src/planning/DecompROS/decomp_ros_msgs) by extensions ['ros']
[0.345s] Level 1:colcon.colcon_core.package_identification:_identify(src/planning/DecompROS/decomp_ros_msgs) by extension 'ros'
[0.345s] DEBUG:colcon.colcon_core.package_identification:Package 'src/planning/DecompROS/decomp_ros_msgs' with type 'ros.ament_cmake' and name 'decomp_ros_msgs'
[0.345s] Level 1:colcon.colcon_core.package_identification:_identify(src/planning/DecompROS/decomp_ros_utils) by extensions ['ignore', 'ignore_ament_install']
[0.345s] Level 1:colcon.colcon_core.package_identification:_identify(src/planning/DecompROS/decomp_ros_utils) by extension 'ignore'
[0.346s] Level 1:colcon.colcon_core.package_identification:_identify(src/planning/DecompROS/decomp_ros_utils) ignored
[0.346s] Level 1:colcon.colcon_core.package_identification:_identify(src/planning/planning) by extensions ['ignore', 'ignore_ament_install']
[0.346s] Level 1:colcon.colcon_core.package_identification:_identify(src/planning/planning) by extension 'ignore'
[0.346s] Level 1:colcon.colcon_core.package_identification:_identify(src/planning/planning) ignored
[0.346s] Level 1:colcon.colcon_core.package_identification:_identify(src/planning/traj_opt) by extensions ['ignore', 'ignore_ament_install']
[0.346s] Level 1:colcon.colcon_core.package_identification:_identify(src/planning/traj_opt) by extension 'ignore'
[0.346s] Level 1:colcon.colcon_core.package_identification:_identify(src/planning/traj_opt) ignored
[0.346s] Level 1:colcon.colcon_core.package_identification:_identify(src/quadrotor_msgs) by extensions ['ignore', 'ignore_ament_install']
[0.346s] Level 1:colcon.colcon_core.package_identification:_identify(src/quadrotor_msgs) by extension 'ignore'
[0.346s] Level 1:colcon.colcon_core.package_identification:_identify(src/quadrotor_msgs) by extension 'ignore_ament_install'
[0.346s] Level 1:colcon.colcon_core.package_identification:_identify(src/quadrotor_msgs) by extensions ['colcon_pkg']
[0.346s] Level 1:colcon.colcon_core.package_identification:_identify(src/quadrotor_msgs) by extension 'colcon_pkg'
[0.346s] Level 1:colcon.colcon_core.package_identification:_identify(src/quadrotor_msgs) by extensions ['colcon_meta']
[0.346s] Level 1:colcon.colcon_core.package_identification:_identify(src/quadrotor_msgs) by extension 'colcon_meta'
[0.346s] Level 1:colcon.colcon_core.package_identification:_identify(src/quadrotor_msgs) by extensions ['ros']
[0.346s] Level 1:colcon.colcon_core.package_identification:_identify(src/quadrotor_msgs) by extension 'ros'
[0.347s] DEBUG:colcon.colcon_core.package_identification:Package 'src/quadrotor_msgs' with type 'ros.ament_cmake' and name 'quadrotor_msgs'
[0.347s] Level 1:colcon.colcon_core.package_identification:_identify(src/uav_simulator) by extensions ['ignore', 'ignore_ament_install']
[0.347s] Level 1:colcon.colcon_core.package_identification:_identify(src/uav_simulator) by extension 'ignore'
[0.347s] Level 1:colcon.colcon_core.package_identification:_identify(src/uav_simulator) ignored
[0.347s] Level 1:colcon.colcon_core.package_discovery:discover_packages(recursive) using defaults
[0.347s] Level 1:colcon.colcon_core.package_discovery:discover_packages(ignore) discover
[0.347s] Level 1:colcon.colcon_core.package_discovery:discover_packages(ignore) using defaults
[0.347s] Level 1:colcon.colcon_core.package_discovery:discover_packages(path) discover
[0.347s] Level 1:colcon.colcon_core.package_discovery:discover_packages(path) using defaults
[0.347s] WARNING:colcon.colcon_core.package_selection:ignoring unknown package 'decomp_ros_utils' in --packages-select
[0.366s] INFO:colcon.colcon_core.package_selection:Skipping not selected package 'decomp_ros_msgs' in 'src/planning/DecompROS/decomp_ros_msgs'
[0.366s] INFO:colcon.colcon_core.package_selection:Skipping not selected package 'object_detection_msgs' in 'src/detection/object_detection_msgs'
[0.366s] INFO:colcon.colcon_core.package_selection:Skipping not selected package 'quadrotor_msgs' in 'src/quadrotor_msgs'
[0.366s] INFO:colcon.colcon_core.package_selection:Skipping not selected package 'mapping' in 'src/mapping'
[0.366s] INFO:colcon.colcon_core.package_selection:Skipping not selected package 'target_ekf' in 'src/detection/target_ekf'
[0.366s] INFO:colcon.colcon_core.executor:Executing jobs using 'parallel' executor
[0.367s] DEBUG:colcon.colcon_parallel_executor.executor.parallel:run_until_complete
[0.367s] DEBUG:colcon.colcon_parallel_executor.executor.parallel:closing loop
[0.367s] DEBUG:colcon.colcon_parallel_executor.executor.parallel:loop closed
[0.367s] DEBUG:colcon.colcon_parallel_executor.executor.parallel:run_until_complete finished with '0'
[0.367s] DEBUG:colcon.colcon_core.event_reactor:joining thread
[0.373s] INFO:colcon.colcon_core.plugin_system:Skipping extension 'colcon_notification.desktop_notification.notify_send': Could not find 'notify-send'
[0.373s] INFO:colcon.colcon_core.plugin_system:Skipping extension 'colcon_notification.desktop_notification.terminal_notifier': Not used on non-Darwin systems
[0.373s] INFO:colcon.colcon_core.plugin_system:Skipping extension 'colcon_notification.desktop_notification.win32': Not used on non-Windows systems
[0.373s] INFO:colcon.colcon_notification.desktop_notification:Sending desktop notification using 'notify2'
[0.375s] DEBUG:colcon.colcon_notification.desktop_notification.notify2:Failed to initialize notify2: org.freedesktop.DBus.Error.Spawn.ExecFailed: /usr/bin/dbus-launch terminated abnormally without any error message
[0.375s] DEBUG:colcon.colcon_core.event_reactor:joined thread
[0.377s] INFO:colcon.colcon_core.plugin_system:Skipping extension 'colcon_core.shell.bat': Not used on non-Windows systems
[0.377s] INFO:colcon.colcon_core.shell:Creating prefix script '/mpc/new/Elastic-Tracker/install/local_setup.ps1'
[0.379s] INFO:colcon.colcon_core.shell:Creating prefix util module '/mpc/new/Elastic-Tracker/install/_local_setup_util_ps1.py'
[0.380s] INFO:colcon.colcon_core.shell:Creating prefix chain script '/mpc/new/Elastic-Tracker/install/setup.ps1'
[0.382s] INFO:colcon.colcon_core.shell:Creating prefix script '/mpc/new/Elastic-Tracker/install/local_setup.sh'
[0.383s] INFO:colcon.colcon_core.shell:Creating prefix util module '/mpc/new/Elastic-Tracker/install/_local_setup_util_sh.py'
[0.383s] INFO:colcon.colcon_core.shell:Creating prefix chain script '/mpc/new/Elastic-Tracker/install/setup.sh'
[0.385s] INFO:colcon.colcon_core.shell:Creating prefix script '/mpc/new/Elastic-Tracker/install/local_setup.bash'
[0.385s] INFO:colcon.colcon_core.shell:Creating prefix chain script '/mpc/new/Elastic-Tracker/install/setup.bash'
[0.386s] INFO:colcon.colcon_core.shell:Creating prefix script '/mpc/new/Elastic-Tracker/install/local_setup.zsh'
[0.387s] INFO:colcon.colcon_core.shell:Creating prefix chain script '/mpc/new/Elastic-Tracker/install/setup.zsh'
