[0.009s] Invoking command in '/mpc/new/Elastic-Tracker/build/decomp_ros_msgs': CMAKE_PREFIX_PATH=/opt/ros/humble /usr/bin/cmake /mpc/new/Elastic-Tracker/src/planning/DecompROS/decomp_ros_msgs -DCMAKE_INSTALL_PREFIX=/mpc/new/Elastic-Tracker/install/decomp_ros_msgs
[0.053s] -- The C compiler identification is GNU 11.4.0
[0.100s] -- The CXX compiler identification is GNU 11.4.0
[0.106s] -- Detecting C compiler ABI info
[0.160s] -- Detecting C compiler ABI info - done
[0.168s] -- Check for working C compiler: /usr/bin/cc - skipped
[0.168s] -- Detecting C compile features
[0.169s] -- Detecting C compile features - done
[0.172s] -- Detecting CXX compiler ABI info
[0.239s] -- Detecting CXX compiler ABI info - done
[0.247s] -- Check for working CXX compiler: /usr/bin/c++ - skipped
[0.247s] -- Detecting CXX compile features
[0.248s] -- Detecting CXX compile features - done
[0.251s] -- Found ament_cmake: 1.3.11 (/opt/ros/humble/share/ament_cmake/cmake)
[0.418s] -- Found Python3: /usr/bin/python3 (found version "3.10.12") found components: Interpreter 
[0.512s] -- Found rosidl_default_generators: 1.2.0 (/opt/ros/humble/share/rosidl_default_generators/cmake)
[0.516s] -- Using all available rosidl_typesupport_c: rosidl_typesupport_fastrtps_c;rosidl_typesupport_introspection_c
[0.524s] -- Found rosidl_adapter: 3.1.6 (/opt/ros/humble/share/rosidl_adapter/cmake)
[0.569s] -- Using all available rosidl_typesupport_cpp: rosidl_typesupport_fastrtps_cpp;rosidl_typesupport_introspection_cpp
[0.606s] -- Found std_msgs: 4.2.4 (/opt/ros/humble/share/std_msgs/cmake)
[0.637s] -- Found geometry_msgs: 4.2.4 (/opt/ros/humble/share/geometry_msgs/cmake)
[0.763s] [31mCMake Error at /opt/ros/humble/share/rosidl_adapter/cmake/rosidl_adapt_interfaces.cmake:59 (message):
[0.763s]   execute_process(/usr/bin/python3 -m rosidl_adapter --package-name
[0.763s]   decomp_ros_msgs --arguments-file
[0.763s]   /mpc/new/Elastic-Tracker/build/decomp_ros_msgs/rosidl_adapter__arguments__decomp_ros_msgs.json
[0.763s]   --output-dir
[0.763s]   /mpc/new/Elastic-Tracker/build/decomp_ros_msgs/rosidl_adapter/decomp_ros_msgs
[0.763s]   --output-file
[0.763s]   /mpc/new/Elastic-Tracker/build/decomp_ros_msgs/rosidl_adapter/decomp_ros_msgs.idls)
[0.763s]   returned error code 1:
[0.763s] 
[0.763s]   Error processing 'float64[9] E' of 'decomp_ros_msgs/Ellipsoid': ''E' is an
[0.764s]   invalid field name.  It should have the pattern
[0.764s]   '^(?!.*__)(?!.*_$)[a-z][a-z0-9_]*$''
[0.764s] 
[0.764s]   Traceback (most recent call last):
[0.764s] 
[0.764s]     File "/usr/lib/python3.10/runpy.py", line 196, in _run_module_as_main
[0.764s]       return _run_code(code, main_globals, None,
[0.764s]     File "/usr/lib/python3.10/runpy.py", line 86, in _run_code
[0.764s]       exec(code, run_globals)
[0.764s]     File "/opt/ros/humble/local/lib/python3.10/dist-packages/rosidl_adapter/__main__.py", line 19, in <module>
[0.764s]       sys.exit(main())
[0.764s]     File "/opt/ros/humble/local/lib/python3.10/dist-packages/rosidl_adapter/main.py", line 53, in main
[0.764s]       abs_idl_file = convert_to_idl(
[0.764s]     File "/opt/ros/humble/local/lib/python3.10/dist-packages/rosidl_adapter/__init__.py", line 19, in convert_to_idl
[0.764s]       return convert_msg_to_idl(
[0.764s]     File "/opt/ros/humble/local/lib/python3.10/dist-packages/rosidl_adapter/msg/__init__.py", line 28, in convert_msg_to_idl
[0.764s]       msg = parse_message_string(package_name, input_file.stem, content)
[0.764s]     File "/opt/ros/humble/local/lib/python3.10/dist-packages/rosidl_adapter/parser.py", line 519, in parse_message_string
[0.765s]       fields.append(Field(
[0.765s]     File "/opt/ros/humble/local/lib/python3.10/dist-packages/rosidl_adapter/parser.py", line 354, in __init__
[0.765s]       raise NameError(
[0.765s] 
[0.765s]   NameError: 'E' is an invalid field name.  It should have the pattern
[0.765s]   '^(?!.*__)(?!.*_$)[a-z][a-z0-9_]*$'
[0.765s] 
[0.765s] Call Stack (most recent call first):
[0.765s]   /opt/ros/humble/share/rosidl_cmake/cmake/rosidl_generate_interfaces.cmake:130 (rosidl_adapt_interfaces)
[0.765s]   CMakeLists.txt:9 (rosidl_generate_interfaces)
[0.765s] 
[0.765s] [0m
[0.765s] -- Configuring incomplete, errors occurred!
[0.765s] See also "/mpc/new/Elastic-Tracker/build/decomp_ros_msgs/CMakeFiles/CMakeOutput.log".
[0.769s] Invoked command in '/mpc/new/Elastic-Tracker/build/decomp_ros_msgs' returned '1': CMAKE_PREFIX_PATH=/opt/ros/humble /usr/bin/cmake /mpc/new/Elastic-Tracker/src/planning/DecompROS/decomp_ros_msgs -DCMAKE_INSTALL_PREFIX=/mpc/new/Elastic-Tracker/install/decomp_ros_msgs
